************************************************************************************************************************
***             WIDEN YOUR WINDOW TO 120 CHARACTERS.  Use 'enscript -r -fCourier9' to print this document            ***
************************************************************************************************************************

---------------------------------------------- PETSc Performance Summary: ----------------------------------------------

petibm-navierstokes on a  named 887377aff801 with 1 processor, by Unknown Fri Sep 30 20:25:11 2022
Using Petsc Release Version 3.12.2, Nov, 22, 2019 

                         Max       Max/Min     Avg       Total 
Time (sec):           3.538e+00     1.000   3.538e+00
Objects:              1.200e+02     1.000   1.200e+02
Flop:                 4.331e+08     1.000   4.331e+08  4.331e+08
Flop/sec:             1.224e+08     1.000   1.224e+08  1.224e+08
MPI Messages:         0.000e+00     0.000   0.000e+00  0.000e+00
MPI Message Lengths:  0.000e+00     0.000   0.000e+00  0.000e+00
MPI Reductions:       0.000e+00     0.000

Flop counting convention: 1 flop = 1 real number operation of type (multiply/divide/add/subtract)
                            e.g., VecAXPY() for real vectors of length N --> 2N flop
                            and VecAXPY() for complex vectors of length N --> 8N flop

Summary of Stages:   ----- Time ------  ----- Flop ------  --- Messages ---  -- Message Lengths --  -- Reductions --
                        Avg     %Total     Avg     %Total    Count   %Total     Avg         %Total    Count   %Total 
 0:      Main Stage: 3.5617e-02   1.0%  0.0000e+00   0.0%  0.000e+00   0.0%  0.000e+00        0.0%  0.000e+00   0.0% 
 1:      initialize: 1.7220e+00  48.7%  5.2114e+04   0.0%  0.000e+00   0.0%  0.000e+00        0.0%  0.000e+00   0.0% 
 2:     rhsVelocity: 1.3873e-01   3.9%  6.9928e+07  16.1%  0.000e+00   0.0%  0.000e+00        0.0%  0.000e+00   0.0% 
 3:   solveVelocity: 1.4346e-01   4.1%  3.4219e+08  79.0%  0.000e+00   0.0%  0.000e+00        0.0%  0.000e+00   0.0% 
 4:      rhsPoisson: 4.0660e-02   1.1%  8.9600e+06   2.1%  0.000e+00   0.0%  0.000e+00        0.0%  0.000e+00   0.0% 
 5:    solvePoisson: 9.0897e-01  25.7%  0.0000e+00   0.0%  0.000e+00   0.0%  0.000e+00        0.0%  0.000e+00   0.0% 
 6:          update: 8.6597e-03   0.2%  1.1968e+07   2.8%  0.000e+00   0.0%  0.000e+00        0.0%  0.000e+00   0.0% 
 7:           write: 5.3524e-01  15.1%  0.0000e+00   0.0%  0.000e+00   0.0%  0.000e+00        0.0%  0.000e+00   0.0% 
 8:         monitor: 5.7850e-05   0.0%  0.0000e+00   0.0%  0.000e+00   0.0%  0.000e+00        0.0%  0.000e+00   0.0% 

------------------------------------------------------------------------------------------------------------------------
See the 'Profiling' chapter of the users' manual for details on interpreting output.
Phase summary info:
   Count: number of times phase was executed
   Time and Flop: Max - maximum over all processors
                  Ratio - ratio of maximum to minimum over all processors
   Mess: number of messages sent
   AvgLen: average message length (bytes)
   Reduct: number of global reductions
   Global: entire computation
   Stage: stages of a computation. Set stages with PetscLogStagePush() and PetscLogStagePop().
      %T - percent time in this phase         %F - percent flop in this phase
      %M - percent messages in this phase     %L - percent message lengths in this phase
      %R - percent reductions in this phase
   Total Mflop/s: 10e-6 * (sum of flop over all processors)/(max time over all processors)
------------------------------------------------------------------------------------------------------------------------
Event                Count      Time (sec)     Flop                              --- Global ---  --- Stage ----  Total
                   Max Ratio  Max     Ratio   Max  Ratio  Mess   AvgLen  Reduct  %T %F %M %L %R  %T %F %M %L %R Mflop/s
------------------------------------------------------------------------------------------------------------------------

--- Event Stage 0: Main Stage


--- Event Stage 1: initialize

MatConvert             2 1.0 1.4562e-04 1.0 0.00e+00 0.0 0.0e+00 0.0e+00 0.0e+00  0  0  0  0  0   0  0  0  0  0     0
MatScale               1 1.0 1.2131e-05 1.0 1.71e+04 1.0 0.0e+00 0.0e+00 0.0e+00  0  0  0  0  0   0 33  0  0  0  1410
MatAssemblyBegin      17 1.0 2.2221e-06 1.0 0.00e+00 0.0 0.0e+00 0.0e+00 0.0e+00  0  0  0  0  0   0  0  0  0  0     0
MatAssemblyEnd        17 1.0 3.1521e-04 1.0 0.00e+00 0.0 0.0e+00 0.0e+00 0.0e+00  0  0  0  0  0   0  0  0  0  0     0
MatGetRowIJ            1 1.0 3.8184e-07 1.0 0.00e+00 0.0 0.0e+00 0.0e+00 0.0e+00  0  0  0  0  0   0  0  0  0  0     0
MatMatMult             2 1.0 2.4937e-04 1.0 3.28e+04 1.0 0.0e+00 0.0e+00 0.0e+00  0  0  0  0  0   0 63  0  0  0   131
MatMatMultSym          2 1.0 2.0337e-04 1.0 0.00e+00 0.0 0.0e+00 0.0e+00 0.0e+00  0  0  0  0  0   0  0  0  0  0     0
MatMatMultNum          2 1.0 3.9656e-05 1.0 3.28e+04 1.0 0.0e+00 0.0e+00 0.0e+00  0  0  0  0  0   0 63  0  0  0   826
DMCreateMat            1 1.0 2.0123e-03 1.0 0.00e+00 0.0 0.0e+00 0.0e+00 0.0e+00  0  0  0  0  0   0  0  0  0  0     0
VecView               15 1.0 8.5024e-01 1.0 0.00e+00 0.0 0.0e+00 0.0e+00 0.0e+00 24  0  0  0  0  49  0  0  0  0     0
VecSet                13 1.0 1.8718e-05 1.0 0.00e+00 0.0 0.0e+00 0.0e+00 0.0e+00  0  0  0  0  0   0  0  0  0  0     0
VecScatterBegin        1 1.0 1.1995e-06 1.0 0.00e+00 0.0 0.0e+00 0.0e+00 0.0e+00  0  0  0  0  0   0  0  0  0  0     0

--- Event Stage 2: rhsVelocity

BuildTwoSidedF      2000 1.0 8.4027e-03 1.0 0.00e+00 0.0 0.0e+00 0.0e+00 0.0e+00  0  0  0  0  0   6  0  0  0  0     0
MatMult             5000 1.0 1.1738e-01 1.0 3.82e+07 1.0 0.0e+00 0.0e+00 0.0e+00  3  9  0  0  0  85 55  0  0  0   325
MatMultAdd          1000 1.0 4.5558e-02 1.0 3.97e+06 1.0 0.0e+00 0.0e+00 0.0e+00  1  1  0  0  0  33  6  0  0  0    87
VecScale            7000 1.0 4.3029e-03 1.0 7.94e+06 1.0 0.0e+00 0.0e+00 0.0e+00  0  2  0  0  0   3 11  0  0  0  1844
VecSet              2000 1.0 1.1397e-03 1.0 0.00e+00 0.0 0.0e+00 0.0e+00 0.0e+00  0  0  0  0  0   1  0  0  0  0     0
VecAXPY             6000 1.0 7.8454e-03 1.0 2.38e+07 1.0 0.0e+00 0.0e+00 0.0e+00  0  5  0  0  0   6 34  0  0  0  3035
VecSwap             1000 1.0 1.6772e-03 1.0 0.00e+00 0.0 0.0e+00 0.0e+00 0.0e+00  0  0  0  0  0   1  0  0  0  0     0
VecAssemblyBegin    2000 1.0 1.3229e-02 1.0 0.00e+00 0.0 0.0e+00 0.0e+00 0.0e+00  0  0  0  0  0  10  0  0  0  0     0
VecAssemblyEnd      2000 1.0 2.3551e-03 1.0 0.00e+00 0.0 0.0e+00 0.0e+00 0.0e+00  0  0  0  0  0   2  0  0  0  0     0
VecScatterBegin     2000 1.0 1.8850e-03 1.0 0.00e+00 0.0 0.0e+00 0.0e+00 0.0e+00  0  0  0  0  0   1  0  0  0  0     0

--- Event Stage 3: solveVelocity

MatMult             6000 1.0 8.6917e-02 1.0 1.93e+08 1.0 0.0e+00 0.0e+00 0.0e+00  2 45  0  0  0  61 57  0  0  0  2225
VecDot              6000 1.0 1.0577e-02 1.0 2.38e+07 1.0 0.0e+00 0.0e+00 0.0e+00  0  5  0  0  0   7  7  0  0  0  2250
VecDotNorm2         3000 1.0 5.4395e-03 1.0 2.38e+07 1.0 0.0e+00 0.0e+00 0.0e+00  0  5  0  0  0   4  7  0  0  0  4377
VecNorm             4000 1.0 7.3412e-03 1.0 1.59e+07 1.0 0.0e+00 0.0e+00 0.0e+00  0  4  0  0  0   5  5  0  0  0  2162
VecCopy             2000 1.0 1.6192e-03 1.0 0.00e+00 0.0 0.0e+00 0.0e+00 0.0e+00  0  0  0  0  0   1  0  0  0  0     0
VecSet              3001 1.0 1.6602e-03 1.0 0.00e+00 0.0 0.0e+00 0.0e+00 0.0e+00  0  0  0  0  0   1  0  0  0  0     0
VecAXPBYCZ          6000 1.0 7.1731e-03 1.0 4.76e+07 1.0 0.0e+00 0.0e+00 0.0e+00  0 11  0  0  0   5 14  0  0  0  6638
VecWAXPY            6000 1.0 6.1527e-03 1.0 2.38e+07 1.0 0.0e+00 0.0e+00 0.0e+00  0  5  0  0  0   4  7  0  0  0  3870
VecPointwiseMult    7000 1.0 8.0903e-03 1.0 1.39e+07 1.0 0.0e+00 0.0e+00 0.0e+00  0  3  0  0  0   6  4  0  0  0  1717
KSPSetUp               1 1.0 9.6906e-05 1.0 0.00e+00 0.0 0.0e+00 0.0e+00 0.0e+00  0  0  0  0  0   0  0  0  0  0     0
KSPSolve            1000 1.0 1.4284e-01 1.0 3.42e+08 1.0 0.0e+00 0.0e+00 0.0e+00  4 79  0  0  0 100100  0  0  0  2396
PCSetUp                1 1.0 8.9779e-07 1.0 0.00e+00 0.0 0.0e+00 0.0e+00 0.0e+00  0  0  0  0  0   0  0  0  0  0     0
PCApply             7000 1.0 9.1178e-03 1.0 1.39e+07 1.0 0.0e+00 0.0e+00 0.0e+00  0  3  0  0  0   6  4  0  0  0  1523

--- Event Stage 4: rhsPoisson

MatMult             2000 1.0 3.8866e-02 1.0 6.91e+06 1.0 0.0e+00 0.0e+00 0.0e+00  1  2  0  0  0  96 77  0  0  0   178
MatMultAdd          1000 1.0 3.5441e-02 1.0 2.05e+06 1.0 0.0e+00 0.0e+00 0.0e+00  1  0  0  0  0  87 23  0  0  0    58
VecScale            1000 1.0 5.7951e-05 1.0 0.00e+00 0.0 0.0e+00 0.0e+00 0.0e+00  0  0  0  0  0   0  0  0  0  0     0
VecSet              1001 1.0 3.2687e-04 1.0 0.00e+00 0.0 0.0e+00 0.0e+00 0.0e+00  0  0  0  0  0   1  0  0  0  0     0
VecAXPY             1000 1.0 7.2920e-04 1.0 2.05e+06 1.0 0.0e+00 0.0e+00 0.0e+00  0  0  0  0  0   2 23  0  0  0  2809
VecAssemblyBegin    2000 1.0 1.0677e-04 1.0 0.00e+00 0.0 0.0e+00 0.0e+00 0.0e+00  0  0  0  0  0   0  0  0  0  0     0
VecAssemblyEnd      2000 1.0 9.7405e-05 1.0 0.00e+00 0.0 0.0e+00 0.0e+00 0.0e+00  0  0  0  0  0   0  0  0  0  0     0

--- Event Stage 5: solvePoisson


--- Event Stage 6: update

MatMult             1000 1.0 5.7521e-03 1.0 5.95e+06 1.0 0.0e+00 0.0e+00 0.0e+00  0  1  0  0  0  66 50  0  0  0  1035
VecAXPY             2000 1.0 2.1529e-03 1.0 6.02e+06 1.0 0.0e+00 0.0e+00 0.0e+00  0  1  0  0  0  25 50  0  0  0  2794

--- Event Stage 7: write

VecView                9 1.0 5.1056e-01 1.0 0.00e+00 0.0 0.0e+00 0.0e+00 0.0e+00 14  0  0  0  0  95  0  0  0  0     0

--- Event Stage 8: monitor

------------------------------------------------------------------------------------------------------------------------

Memory usage is given in bytes:

Object Type          Creations   Destructions     Memory  Descendants' Mem.
Reports information only for process 0.

--- Event Stage 0: Main Stage

    Distributed Mesh     0              4        21176     0.
              Matrix     0              9       679508     0.
           Index Set     0              6        16712     0.
   IS L to G Mapping     0              4        25296     0.
   Star Forest Graph     0              8         7296     0.
     Discrete System     0              4         3808     0.
              Vector     0             24       346048     0.
         Vec Scatter     0              3         2328     0.
   Application Order     0              3        26080     0.
              Viewer     2              2         1696     0.
       Krylov Solver     0              1         1488     0.
      Preconditioner     0              1          864     0.

--- Event Stage 1: initialize

    Distributed Mesh     4              0            0     0.
              Matrix    14              5       814648     0.
           Index Set    15              9        19064     0.
   IS L to G Mapping     6              2        10336     0.
   Star Forest Graph     8              0            0     0.
     Discrete System     4              0            0     0.
              Vector    38             23        54880     0.
         Vec Scatter     4              1          776     0.
   Application Order     3              0            0     0.
              Viewer     6              5         4040     0.
       Krylov Solver     1              0            0     0.
      Preconditioner     1              0            0     0.

--- Event Stage 2: rhsVelocity

              Vector     1              0            0     0.

--- Event Stage 3: solveVelocity

              Vector     7              0            0     0.

--- Event Stage 4: rhsPoisson

              Vector     1              0            0     0.

--- Event Stage 5: solvePoisson


--- Event Stage 6: update


--- Event Stage 7: write

              Viewer     5              5         4040     0.

--- Event Stage 8: monitor

========================================================================================================================
Average time to get PetscTime(): 5.4203e-08
#PETSc Option Table entries:
-log_view ascii:view.log
-options_left
-velocity_ksp_atol 1e-06
-velocity_ksp_max_it 1000
-velocity_ksp_rtol 0.0
-velocity_ksp_type bcgs
-velocity_pc_jacobi_type diagonal
-velocity_pc_type jacobi
#End of PETSc Option Table entries
Compiled without FORTRAN kernels
Compiled with full precision matrices (default)
sizeof(short) 2 sizeof(int) 4 sizeof(long) 8 sizeof(void*) 8 sizeof(PetscScalar) 8 sizeof(PetscInt) 4
Configure options: --prefix=/usr/local/petsc-3.12.2 PETSC_DIR=/opt/petsc/3.12.2 PETSC_ARCH=linux-gnu-openmpi-opt COPTFLAGS=-O3 CXXOPTFLAGS=-O3 --with-fc=0 --with-shared-libraries=1 --with-pic=1 --with-cxx-dialect=C++11 --with-debugging=0 --with-mpi-dir=/usr/local/openmpi-3.1.4 --download-hdf5 --download-f2cblaslapack --download-hypre --download-ptscotch --download-metis --download-parmetis --download-superlu_dist
-----------------------------------------
Libraries compiled on 2019-12-11 22:11:45 on 584a588926bb 
Machine characteristics: Linux-4.4.0-127-generic-x86_64-with-Ubuntu-16.04-xenial
Using PETSc directory: /usr/local/petsc-3.12.2
Using PETSc arch: 
-----------------------------------------

Using C compiler: /usr/local/openmpi-3.1.4/bin/mpicc  -fPIC -Wall -Wwrite-strings -Wno-strict-aliasing -Wno-unknown-pragmas -fstack-protector -fvisibility=hidden -O3  
-----------------------------------------

Using include paths: -I/usr/local/petsc-3.12.2/include -I/usr/local/openmpi-3.1.4/include
-----------------------------------------

Using C linker: /usr/local/openmpi-3.1.4/bin/mpicc
Using libraries: -Wl,-rpath,/usr/local/petsc-3.12.2/lib -L/usr/local/petsc-3.12.2/lib -lpetsc -Wl,-rpath,/usr/local/petsc-3.12.2/lib -L/usr/local/petsc-3.12.2/lib -lHYPRE -lsuperlu_dist -lf2clapack -lf2cblas -lptesmumps -lptscotchparmetis -lptscotch -lptscotcherr -lesmumps -lscotch -lscotcherr -lhdf5_hl -lhdf5 -lparmetis -lmetis -lm -lrt -lquadmath -lstdc++ -ldl
-----------------------------------------

