************************************************************************************************************************
***             WIDEN YOUR WINDOW TO 120 CHARACTERS.  Use 'enscript -r -fCourier9' to print this document            ***
************************************************************************************************************************

---------------------------------------------- PETSc Performance Summary: ----------------------------------------------

petibm-decoupledibpm on a  named phantom with 4 processors, by mesnardo Fri Nov  1 17:36:21 2019
Using Petsc Release Version 3.11.4, Sep, 28, 2019 

                         Max       Max/Min     Avg       Total 
Time (sec):           7.001e+02     1.000   7.001e+02
Objects:              3.660e+02     1.083   3.450e+02
Flop:                 7.526e+10     1.021   7.449e+10  2.980e+11
Flop/sec:             1.075e+08     1.021   1.064e+08  4.256e+08
MPI Messages:         7.516e+04     1.630   5.714e+04  2.285e+05
MPI Message Lengths:  4.523e+10     2.920   4.024e+05  9.197e+10
MPI Reductions:       4.288e+04     1.000

Flop counting convention: 1 flop = 1 real number operation of type (multiply/divide/add/subtract)
                            e.g., VecAXPY() for real vectors of length N --> 2N flop
                            and VecAXPY() for complex vectors of length N --> 8N flop

Summary of Stages:   ----- Time ------  ----- Flop ------  --- Messages ---  -- Message Lengths --  -- Reductions --
                        Avg     %Total     Avg     %Total    Count   %Total     Avg         %Total    Count   %Total 
 0:      Main Stage: 9.2058e+00   1.3%  2.9016e+08   0.1%  1.400e+04   6.1%  2.561e+03        0.0%  4.000e+00   0.0% 
 1:      initialize: 1.1029e+01   1.6%  7.1971e+07   0.0%  5.455e+02   0.2%  1.001e+06        0.6%  4.300e+02   1.0% 
 2:     rhsVelocity: 1.9236e+02  27.5%  2.6043e+11  87.4%  1.180e+05  51.6%  2.153e+04        2.8%  0.000e+00   0.0% 
 3:   solveVelocity: 1.1131e+02  15.9%  0.0000e+00   0.0%  1.800e+04   7.9%  3.670e+06       71.8%  0.000e+00   0.0% 
 4:      rhsPoisson: 3.1670e+02  45.2%  1.5968e+10   5.4%  3.800e+04  16.6%  5.075e+03        0.2%  2.000e+00   0.0% 
 5:    solvePoisson: 3.6083e+01   5.2%  0.0000e+00   0.0%  1.800e+04   7.9%  1.239e+06       24.3%  0.000e+00   0.0% 
 6:          update: 1.7591e+01   2.5%  2.0908e+10   7.0%  8.000e+03   3.5%  2.408e+04        0.2%  0.000e+00   0.0% 
 7:           write: 1.1779e+00   0.2%  0.0000e+00   0.0%  0.000e+00   0.0%  0.000e+00        0.0%  1.200e+01   0.0% 
 8:         monitor: 2.8618e-04   0.0%  0.0000e+00   0.0%  0.000e+00   0.0%  0.000e+00        0.0%  0.000e+00   0.0% 
 9:       rhsForces: 1.5437e+00   0.2%  2.9381e+08   0.1%  1.400e+04   6.1%  6.386e+03        0.1%  0.000e+00   0.0% 
10:     solveForces: 2.7741e+00   0.4%  0.0000e+00   0.0%  0.000e+00   0.0%  0.000e+00        0.0%  6.000e+00   0.0% 
11: integrateForces: 2.1112e-01   0.0%  0.0000e+00   0.0%  0.000e+00   0.0%  0.000e+00        0.0%  2.000e+03   4.7% 

------------------------------------------------------------------------------------------------------------------------
See the 'Profiling' chapter of the users' manual for details on interpreting output.
Phase summary info:
   Count: number of times phase was executed
   Time and Flop: Max - maximum over all processors
                  Ratio - ratio of maximum to minimum over all processors
   Mess: number of messages sent
   AvgLen: average message length (bytes)
   Reduct: number of global reductions
   Global: entire computation
   Stage: stages of a computation. Set stages with PetscLogStagePush() and PetscLogStagePop().
      %T - percent time in this phase         %F - percent flop in this phase
      %M - percent messages in this phase     %L - percent message lengths in this phase
      %R - percent reductions in this phase
   Total Mflop/s: 10e-6 * (sum of flop over all processors)/(max time over all processors)
------------------------------------------------------------------------------------------------------------------------
Event                Count      Time (sec)     Flop                              --- Global ---  --- Stage ----  Total
                   Max Ratio  Max     Ratio   Max  Ratio  Mess   AvgLen  Reduct  %T %F %M %L %R  %T %F %M %L %R Mflop/s
------------------------------------------------------------------------------------------------------------------------

--- Event Stage 0: Main Stage

MatMultAdd          2000 1.0 4.3394e+00 1.0 1.21e+08 4.9 1.4e+04 2.6e+03 0.0e+00  1  0  6  0  0  46100100100  0    67
VecScatterBegin     2000 1.0 1.7436e-02 2.5 0.00e+00 0.0 1.4e+04 2.6e+03 0.0e+00  0  0  6  0  0   0  0100100  0     0
VecScatterEnd       2000 1.0 2.4278e-01 2.3 0.00e+00 0.0 0.0e+00 0.0e+00 0.0e+00  0  0  0  0  0   2  0  0  0  0     0

--- Event Stage 1: initialize

BuildTwoSided          2 1.0 1.0946e-03 9.2 0.00e+00 0.0 5.0e+00 4.0e+00 0.0e+00  0  0  0  0  0   0  0  1  0  0     0
BuildTwoSidedF        26 1.0 1.1577e+0014.3 0.00e+00 0.0 1.0e+01 5.4e+04 0.0e+00  0  0  0  0  0   7  0  2  0  0     0
MatConvert             3 1.0 2.3719e-01 1.2 0.00e+00 0.0 0.0e+00 0.0e+00 0.0e+00  0  0  0  0  0   2  0  0  0  0     0
MatScale               3 1.0 4.5331e-02 1.1 1.23e+07 1.0 1.4e+01 6.4e+03 0.0e+00  0  0  0  0  0   0 68  3  0  0  1072
MatAssemblyBegin      43 1.0 1.1585e+0014.2 0.00e+00 0.0 1.0e+01 5.4e+04 0.0e+00  0  0  0  0  0   8  0  2  0  0     0
MatAssemblyEnd        43 1.0 6.8155e-01 1.3 0.00e+00 0.0 2.6e+02 4.4e+03 1.7e+02  0  0  0  0  0   5  0 48  0 39     0
MatGetRowIJ            2 1.0 1.0360e-06 1.4 0.00e+00 0.0 0.0e+00 0.0e+00 0.0e+00  0  0  0  0  0   0  0  0  0  0     0
MatCreateSubMat        2 1.0 2.0248e+00 1.0 0.00e+00 0.0 3.0e+01 1.6e+07 3.2e+01  0  0  0  1  0  18  0  5 89  7     0
MatTranspose           1 1.0 3.2591e-02 1.0 0.00e+00 0.0 4.2e+01 1.5e+04 1.0e+01  0  0  0  0  0   0  0  8  0  2     0
MatMatMult             4 1.0 3.2171e-01 1.0 5.94e+06 1.0 9.4e+01 1.6e+04 5.0e+01  0  0  0  0  0   3 32 17  0 12    73
MatMatMultSym          4 1.0 2.2784e-01 1.0 0.00e+00 0.0 8.3e+01 1.2e+04 4.8e+01  0  0  0  0  0   2  0 15  0 11     0
MatMatMultNum          4 1.0 8.2918e-02 1.0 5.94e+06 1.0 1.1e+01 4.6e+04 0.0e+00  0  0  0  0  0   1 32  2  0  0   282
MatGetLocalMat        10 1.0 3.9471e-01 4.8 0.00e+00 0.0 0.0e+00 0.0e+00 0.0e+00  0  0  0  0  0   1  0  0  0  0     0
MatGetBrAoCol          8 1.0 4.4028e-03 1.3 0.00e+00 0.0 4.4e+01 3.0e+04 0.0e+00  0  0  0  0  0   0  0  8  0  0     0
MatTranspose_SeqAIJ_FAST       1 1.0 8.6254e-04 1.4 0.00e+00 0.0 0.0e+00 0.0e+00 0.0e+00  0  0  0  0  0   0  0  0  0  0     0
SFSetGraph             2 1.0 1.2280e-06 2.0 0.00e+00 0.0 0.0e+00 0.0e+00 0.0e+00  0  0  0  0  0   0  0  0  0  0     0
SFSetUp                2 1.0 1.1803e-03 5.5 0.00e+00 0.0 1.5e+01 1.5e+03 0.0e+00  0  0  0  0  0   0  0  3  0  0     0
SFReduceBegin          2 1.0 3.4757e-05 1.3 0.00e+00 0.0 1.0e+01 2.2e+03 0.0e+00  0  0  0  0  0   0  0  2  0  0     0
SFReduceEnd            2 1.0 4.1820e-05 1.9 0.00e+00 0.0 0.0e+00 0.0e+00 0.0e+00  0  0  0  0  0   0  0  0  0  0     0
VecView               15 0.0 3.1426e-01 0.0 0.00e+00 0.0 0.0e+00 0.0e+00 0.0e+00  0  0  0  0  0   1  0  0  0  0     0
VecSet                40 1.1 9.0362e-03 1.2 0.00e+00 0.0 0.0e+00 0.0e+00 0.0e+00  0  0  0  0  0   0  0  0  0  0     0
VecScatterBegin        5 1.7 4.1107e-0344.8 0.00e+00 0.0 2.2e+01 1.3e+04 0.0e+00  0  0  0  0  0   0  0  4  0  0     0
VecScatterEnd          3 1.0 1.8194e-04 2.6 0.00e+00 0.0 0.0e+00 0.0e+00 0.0e+00  0  0  0  0  0   0  0  0  0  0     0

--- Event Stage 2: rhsVelocity

BuildTwoSidedF      4000 1.0 1.3697e+00 2.0 0.00e+00 0.0 0.0e+00 0.0e+00 0.0e+00  0  0  0  0  0   1  0  0  0  0     0
MatMult            10000 1.0 1.3873e+02 1.0 5.08e+10 1.0 1.0e+05 2.4e+04 0.0e+00 20 68 46  3  0  72 77 88 99  0  1451
MatMultAdd          4000 1.0 2.4274e+01 1.0 1.98e+09 1.1 1.4e+04 2.6e+03 0.0e+00  3  3  6  0  0  13  3 12  1  0   315
VecScale           14000 1.0 1.0810e+01 1.1 3.71e+09 1.0 0.0e+00 0.0e+00 0.0e+00  1  5  0  0  0   5  6  0  0  0  1362
VecSet              4000 1.0 4.8911e+00 1.0 0.00e+00 0.0 0.0e+00 0.0e+00 0.0e+00  1  0  0  0  0   2  0  0  0  0     0
VecAXPY            12000 1.0 3.0586e+01 1.0 1.11e+10 1.0 0.0e+00 0.0e+00 0.0e+00  4 15  0  0  0  16 17  0  0  0  1444
VecSwap             2000 1.0 5.3991e+00 1.5 0.00e+00 0.0 0.0e+00 0.0e+00 0.0e+00  1  0  0  0  0   2  0  0  0  0     0
VecAssemblyBegin    4000 1.0 1.4446e+00 2.0 0.00e+00 0.0 0.0e+00 0.0e+00 0.0e+00  0  0  0  0  0   1  0  0  0  0     0
VecAssemblyEnd      4000 1.0 1.1808e-02 1.0 0.00e+00 0.0 0.0e+00 0.0e+00 0.0e+00  0  0  0  0  0   0  0  0  0  0     0
VecScatterBegin    12000 1.0 6.4395e+00 1.1 0.00e+00 0.0 1.2e+05 2.2e+04 0.0e+00  1  0 52  3  0   3  0100100  0     0
VecScatterEnd      12000 1.0 8.5966e+00 2.4 0.00e+00 0.0 0.0e+00 0.0e+00 0.0e+00  1  0  0  0  0   3  0  0  0  0     0

--- Event Stage 3: solveVelocity

VecScatterBegin     6000 1.0 1.9528e+01 2.0 0.00e+00 0.0 1.8e+04 3.7e+06 0.0e+00  2  0  8 72  0  11  0100100  0     0
VecScatterEnd       6000 1.0 1.8478e+01 2.1 0.00e+00 0.0 0.0e+00 0.0e+00 0.0e+00  2  0  0  0  0  13  0  0  0  0     0

--- Event Stage 4: rhsPoisson

BuildTwoSidedF      4000 1.0 2.9360e+0256.8 0.00e+00 0.0 3.0e+04 7.2e+00 0.0e+00 11  0 13  0  0  25  0 79  0  0     0
MatMult             4000 1.0 3.1499e+02 1.0 3.40e+09 1.0 2.3e+04 8.4e+03 0.0e+00 45  5 10  0  0  99 84 61100  0    43
MatMultAdd          2000 1.0 3.0793e+02 1.0 6.26e+08 1.0 1.5e+04 7.2e+00 2.0e+00 44  1  7  0  0  97 16 39  0100     8
VecScale            2000 1.0 4.3654e-04 1.4 0.00e+00 0.0 0.0e+00 0.0e+00 0.0e+00  0  0  0  0  0   0  0  0  0  0     0
VecSet              2000 1.0 4.8141e-01 1.1 0.00e+00 0.0 0.0e+00 0.0e+00 0.0e+00  0  0  0  0  0   0  0  0  0  0     0
VecAXPY             2000 1.0 1.6308e+00 1.0 6.26e+08 1.0 0.0e+00 0.0e+00 0.0e+00  0  1  0  0  0   1 16  0  0  0  1524
VecAssemblyBegin    4000 1.0 2.9421e+02 1.0 0.00e+00 0.0 3.0e+04 7.2e+00 0.0e+00 42  0 13  0  0  93  0 79  0  0     0
VecAssemblyEnd      4000 1.0 2.1587e-02 1.1 0.00e+00 0.0 0.0e+00 0.0e+00 0.0e+00  0  0  0  0  0   0  0  0  0  0     0
VecScatterBegin     2000 1.0 2.1594e-0116.2 0.00e+00 0.0 8.0e+03 2.4e+04 0.0e+00  0  0  4  0  0   0  0 21100  0     0
VecScatterEnd       2000 1.0 2.3061e-01 2.1 0.00e+00 0.0 0.0e+00 0.0e+00 0.0e+00  0  0  0  0  0   0  0  0  0  0     0

--- Event Stage 5: solvePoisson

VecScatterBegin     6000 1.0 6.2162e+00 2.0 0.00e+00 0.0 1.8e+04 1.2e+06 0.0e+00  1  0  8 24  0  11  0100100  0     0
VecScatterEnd       6000 1.0 6.3950e+00 3.1 0.00e+00 0.0 0.0e+00 0.0e+00 0.0e+00  1  0  0  0  0  12  0  0  0  0     0

--- Event Stage 6: update

MatMult             2000 1.0 1.2235e+01 1.1 2.79e+09 1.0 8.0e+03 2.4e+04 0.0e+00  2  4  4  0  0  67 53100100  0   903
VecAXPY             6000 1.0 5.9590e+00 1.1 2.49e+09 1.0 0.0e+00 0.0e+00 0.0e+00  1  3  0  0  0  33 47  0  0  0  1655
VecScatterBegin     2000 1.0 3.0077e-0119.5 0.00e+00 0.0 8.0e+03 2.4e+04 0.0e+00  0  0  4  0  0   1  0100100  0     0
VecScatterEnd       2000 1.0 9.8525e-0111.1 0.00e+00 0.0 0.0e+00 0.0e+00 0.0e+00  0  0  0  0  0   2  0  0  0  0     0

--- Event Stage 7: write

VecView               12 1.0 1.0629e+00 1.0 0.00e+00 0.0 0.0e+00 0.0e+00 0.0e+00  0  0  0  0  0  90  0  0  0  0     0

--- Event Stage 8: monitor


--- Event Stage 9: rhsForces

MatMult             2000 1.0 3.9640e+0025.9 7.62e+07 1.2 1.4e+04 6.4e+03 0.0e+00  0  0  6  0  0  99 97100100  0    72
VecScale            2000 1.0 7.8137e-03 2.0 1.99e+06 1.0 0.0e+00 0.0e+00 0.0e+00  0  0  0  0  0   0  3  0  0  0  1018
VecScatterBegin     2000 1.0 8.3955e-02 5.4 0.00e+00 0.0 1.4e+04 6.4e+03 0.0e+00  0  0  6  0  0   4  0100100  0     0
VecScatterEnd       2000 1.0 3.7131e+0057.9 0.00e+00 0.0 0.0e+00 0.0e+00 0.0e+00  0  0  0  0  0  86  0  0  0  0     0

--- Event Stage 10: solveForces

MatSolve            2000 1.0 3.2530e+00 1.5 0.00e+00 0.0 0.0e+00 0.0e+00 0.0e+00  0  0  0  0  0  97  0  0  0  0     0
MatLUFactorSym         1 1.0 1.1722e-04 1.0 0.00e+00 0.0 0.0e+00 0.0e+00 0.0e+00  0  0  0  0  0   0  0  0  0  0     0
MatLUFactorNum         1 1.0 3.7452e-02 1.0 0.00e+00 0.0 0.0e+00 0.0e+00 0.0e+00  0  0  0  0  0   1  0  0  0  0     0
MatGetRowIJ            1 1.0 8.5600e-07 2.9 0.00e+00 0.0 0.0e+00 0.0e+00 0.0e+00  0  0  0  0  0   0  0  0  0  0     0
MatGetOrdering         1 1.0 6.1827e-05 1.9 0.00e+00 0.0 0.0e+00 0.0e+00 0.0e+00  0  0  0  0  0   0  0  0  0  0     0
VecCopy             2000 1.0 3.4347e-03 2.0 0.00e+00 0.0 0.0e+00 0.0e+00 0.0e+00  0  0  0  0  0   0  0  0  0  0     0
VecSet              2000 1.0 7.9379e-03 2.3 0.00e+00 0.0 0.0e+00 0.0e+00 0.0e+00  0  0  0  0  0   0  0  0  0  0     0
KSPSetUp               1 1.0 3.5550e-06 2.0 0.00e+00 0.0 0.0e+00 0.0e+00 0.0e+00  0  0  0  0  0   0  0  0  0  0     0
KSPSolve            2000 1.0 3.3411e+00 1.5 0.00e+00 0.0 0.0e+00 0.0e+00 6.0e+00  0  0  0  0  0 100  0  0  0100     0
PCSetUp                1 1.0 3.9434e-02 1.0 0.00e+00 0.0 0.0e+00 0.0e+00 6.0e+00  0  0  0  0  0   1  0  0  0100     0
PCApply             2000 1.0 3.2592e+00 1.5 0.00e+00 0.0 0.0e+00 0.0e+00 0.0e+00  0  0  0  0  0  97  0  0  0  0     0

--- Event Stage 11: integrateForces

------------------------------------------------------------------------------------------------------------------------

Memory usage is given in bytes:

Object Type          Creations   Destructions     Memory  Descendants' Mem.
Reports information only for process 0.

--- Event Stage 0: Main Stage

    Distributed Mesh     0              7        37976     0.
              Matrix     0             42    480465152     0.
           Index Set     0             10      2499476     0.
   IS L to G Mapping     0              6      4856768     0.
   Star Forest Graph     0             14        11760     0.
     Discrete System     0              7         6440     0.
              Vector     0             39     82960560     0.
         Vec Scatter     0             19     14930608     0.
   Application Order     0              4     19698064     0.
              Viewer     2              3         2544     0.
       Krylov Solver     0              1         1480     0.
      Preconditioner     0              1         1008     0.

--- Event Stage 1: initialize

    Distributed Mesh     7              0            0     0.
              Matrix    83             42   2178596984     0.
           Index Set    72             64     22617520     0.
   IS L to G Mapping     9              3      2077980     0.
   Star Forest Graph    16              2         1808     0.
     Discrete System     7              0            0     0.
              Vector   109             72     58753312     0.
         Vec Scatter    35             16        21376     0.
   Application Order     4              0            0     0.
              Viewer     7              5         4160     0.
       Krylov Solver     1              0            0     0.
      Preconditioner     1              0            0     0.

--- Event Stage 2: rhsVelocity

              Vector     1              0            0     0.

--- Event Stage 3: solveVelocity


--- Event Stage 4: rhsPoisson

              Vector     1              0            0     0.

--- Event Stage 5: solvePoisson


--- Event Stage 6: update


--- Event Stage 7: write

              Viewer     6              6         4992     0.

--- Event Stage 8: monitor


--- Event Stage 9: rhsForces


--- Event Stage 10: solveForces

              Matrix     1              0            0     0.
           Index Set     4              2         9568     0.

--- Event Stage 11: integrateForces

========================================================================================================================
Average time to get PetscTime(): 2.64001e-08
Average time for MPI_Barrier(): 1.6216e-06
Average time for zero size MPI_Send(): 2.853e-06
#PETSc Option Table entries:
-directory /mnt
-forces_ksp_type preonly
-forces_pc_factor_mat_solver_type superlu_dist
-forces_pc_type lu
-log_view ascii:view.log
-options_left
#End of PETSc Option Table entries
Compiled without FORTRAN kernels
Compiled with full precision matrices (default)
sizeof(short) 2 sizeof(int) 4 sizeof(long) 8 sizeof(void*) 8 sizeof(PetscScalar) 8 sizeof(PetscInt) 4
Configure options: --prefix=/usr/local/petsc-3.11.4 PETSC_DIR=/opt/petsc/3.11.4 PETSC_ARCH=linux-gnu-openmpi-opt COPTFLAGS=-O3 CXXFLAGS=-O3 --with-fc=0 --with-shared-libraries=1 --with-pic=1 --with-cxx-dialect=C++11 --with-debugging=0 --download-openmpi=https://download.open-mpi.org/release/open-mpi/v3.1/openmpi-3.1.4.tar.gz --download-hdf5 --download-f2cblaslapack --download-hypre --download-ptscotch --download-metis --download-parmetis --download-superlu_dist
-----------------------------------------
Libraries compiled on 2019-10-18 00:04:50 on abc8e2ed9974 
Machine characteristics: Linux-4.4.0-127-generic-x86_64-with-Ubuntu-16.04-xenial
Using PETSc directory: /usr/local/petsc-3.11.4
Using PETSc arch: 
-----------------------------------------

Using C compiler: /usr/local/petsc-3.11.4/bin/mpicc  -fPIC -Wall -Wwrite-strings -Wno-strict-aliasing -Wno-unknown-pragmas -fstack-protector -fvisibility=hidden -O3  
-----------------------------------------

Using include paths: -I/usr/local/petsc-3.11.4/include
-----------------------------------------

Using C linker: /usr/local/petsc-3.11.4/bin/mpicc
Using libraries: -Wl,-rpath,/usr/local/petsc-3.11.4/lib -L/usr/local/petsc-3.11.4/lib -lpetsc -Wl,-rpath,/usr/local/petsc-3.11.4/lib -L/usr/local/petsc-3.11.4/lib -lHYPRE -lsuperlu_dist -lf2clapack -lf2cblas -lhdf5_hl -lhdf5 -lparmetis -lmetis -lptesmumps -lptscotchparmetis -lptscotch -lptscotcherr -lesmumps -lscotch -lscotcherr -lm -lrt -lm -lpthread -lstdc++ -ldl
-----------------------------------------

