************************************************************************************************************************
***             WIDEN YOUR WINDOW TO 120 CHARACTERS.  Use 'enscript -r -fCourier9' to print this document            ***
************************************************************************************************************************

---------------------------------------------- PETSc Performance Summary: ----------------------------------------------

petibm-decoupledibpm on a  named phantom with 4 processors, by mesnardo Fri Nov  1 19:25:37 2019
Using Petsc Release Version 3.11.4, Sep, 28, 2019 

                         Max       Max/Min     Avg       Total 
Time (sec):           7.262e+02     1.000   7.262e+02
Objects:              3.660e+02     1.083   3.450e+02
Flop:                 7.542e+10     1.023   7.456e+10  2.982e+11
Flop/sec:             1.039e+08     1.023   1.027e+08  4.107e+08
MPI Messages:         7.215e+04     1.674   5.263e+04  2.105e+05
MPI Message Lengths:  4.523e+10     2.919   4.370e+05  9.199e+10
MPI Reductions:       4.288e+04     1.000

Flop counting convention: 1 flop = 1 real number operation of type (multiply/divide/add/subtract)
                            e.g., VecAXPY() for real vectors of length N --> 2N flop
                            and VecAXPY() for complex vectors of length N --> 8N flop

Summary of Stages:   ----- Time ------  ----- Flop ------  --- Messages ---  -- Message Lengths --  -- Reductions --
                        Avg     %Total     Avg     %Total    Count   %Total     Avg         %Total    Count   %Total 
 0:      Main Stage: 9.2695e+00   1.3%  3.7764e+08   0.1%  8.000e+03   3.8%  4.186e+03        0.0%  4.000e+00   0.0% 
 1:      initialize: 1.0551e+01   1.5%  7.2431e+07   0.0%  4.975e+02   0.2%  1.099e+06        0.6%  4.300e+02   1.0% 
 2:     rhsVelocity: 1.9000e+02  26.2%  2.6051e+11  87.4%  1.120e+05  53.2%  2.266e+04        2.8%  0.000e+00   0.0% 
 3:   solveVelocity: 1.4030e+02  19.3%  0.0000e+00   0.0%  1.800e+04   8.6%  3.670e+06       71.8%  0.000e+00   0.0% 
 4:      rhsPoisson: 3.1307e+02  43.1%  1.5968e+10   5.4%  3.800e+04  18.1%  5.075e+03        0.2%  2.000e+00   0.0% 
 5:    solvePoisson: 3.9636e+01   5.5%  0.0000e+00   0.0%  1.800e+04   8.6%  1.239e+06       24.3%  0.000e+00   0.0% 
 6:          update: 1.7419e+01   2.4%  2.0908e+10   7.0%  8.000e+03   3.8%  2.408e+04        0.2%  0.000e+00   0.0% 
 7:           write: 1.0926e+00   0.2%  0.0000e+00   0.0%  0.000e+00   0.0%  0.000e+00        0.0%  1.200e+01   0.0% 
 8:         monitor: 3.0784e-04   0.0%  0.0000e+00   0.0%  0.000e+00   0.0%  0.000e+00        0.0%  0.000e+00   0.0% 
 9:       rhsForces: 1.6156e+00   0.2%  3.8162e+08   0.1%  8.000e+03   3.8%  1.449e+04        0.1%  0.000e+00   0.0% 
10:     solveForces: 2.9399e+00   0.4%  0.0000e+00   0.0%  0.000e+00   0.0%  0.000e+00        0.0%  6.000e+00   0.0% 
11: integrateForces: 1.9494e-01   0.0%  0.0000e+00   0.0%  0.000e+00   0.0%  0.000e+00        0.0%  2.000e+03   4.7% 

------------------------------------------------------------------------------------------------------------------------
See the 'Profiling' chapter of the users' manual for details on interpreting output.
Phase summary info:
   Count: number of times phase was executed
   Time and Flop: Max - maximum over all processors
                  Ratio - ratio of maximum to minimum over all processors
   Mess: number of messages sent
   AvgLen: average message length (bytes)
   Reduct: number of global reductions
   Global: entire computation
   Stage: stages of a computation. Set stages with PetscLogStagePush() and PetscLogStagePop().
      %T - percent time in this phase         %F - percent flop in this phase
      %M - percent messages in this phase     %L - percent message lengths in this phase
      %R - percent reductions in this phase
   Total Mflop/s: 10e-6 * (sum of flop over all processors)/(max time over all processors)
------------------------------------------------------------------------------------------------------------------------
Event                Count      Time (sec)     Flop                              --- Global ---  --- Stage ----  Total
                   Max Ratio  Max     Ratio   Max  Ratio  Mess   AvgLen  Reduct  %T %F %M %L %R  %T %F %M %L %R Mflop/s
------------------------------------------------------------------------------------------------------------------------

--- Event Stage 0: Main Stage

MatMultAdd          2000 1.0 4.5305e+00 1.1 1.89e+08 0.0 8.0e+03 4.2e+03 0.0e+00  1  0  4  0  0  46100100100  0    83
VecScatterBegin     2000 1.0 1.2874e-02 2.1 0.00e+00 0.0 8.0e+03 4.2e+03 0.0e+00  0  0  4  0  0   0  0100100  0     0
VecScatterEnd       2000 1.0 2.0951e-01 3.1 0.00e+00 0.0 0.0e+00 0.0e+00 0.0e+00  0  0  0  0  0   1  0  0  0  0     0

--- Event Stage 1: initialize

BuildTwoSided          2 1.0 8.5641e-04 5.0 0.00e+00 0.0 3.5e+00 4.0e+00 0.0e+00  0  0  0  0  0   0  0  1  0  0     0
BuildTwoSidedF        26 1.0 1.0795e+00 4.5 0.00e+00 0.0 6.0e+00 1.2e+05 0.0e+00  0  0  0  0  0   7  0  1  0  0     0
MatConvert             3 1.0 1.9573e-01 1.0 0.00e+00 0.0 0.0e+00 0.0e+00 0.0e+00  0  0  0  0  0   2  0  0  0  0     0
MatScale               3 1.0 4.3969e-02 1.0 1.23e+07 1.0 8.0e+00 1.4e+04 0.0e+00  0  0  0  0  0   0 67  2  0  0  1107
MatAssemblyBegin      43 1.0 1.0824e+00 4.5 0.00e+00 0.0 6.0e+00 1.2e+05 0.0e+00  0  0  0  0  0   7  0  1  0  0     0
MatAssemblyEnd        43 1.0 6.5951e-01 1.3 0.00e+00 0.0 2.4e+02 4.7e+03 1.7e+02  0  0  0  0  0   5  0 49  0 39     0
MatGetRowIJ            2 1.0 1.2070e-06 1.4 0.00e+00 0.0 0.0e+00 0.0e+00 0.0e+00  0  0  0  0  0   0  0  0  0  0     0
MatCreateSubMat        2 1.0 1.9007e+00 1.0 0.00e+00 0.0 3.0e+01 1.6e+07 3.2e+01  0  0  0  1  0  18  0  6 89  7     0
MatTranspose           1 1.0 3.2670e-02 1.0 0.00e+00 0.0 2.4e+01 3.4e+04 1.0e+01  0  0  0  0  0   0  0  5  0  2     0
MatMatMult             4 1.0 2.6307e-01 1.0 6.08e+06 1.0 7.6e+01 2.3e+04 5.0e+01  0  0  0  0  0   2 33 15  0 12    90
MatMatMultSym          4 1.0 1.9308e-01 1.0 0.00e+00 0.0 6.8e+01 1.7e+04 4.8e+01  0  0  0  0  0   2  0 14  0 11     0
MatMatMultNum          4 1.0 7.0037e-02 1.0 6.08e+06 1.0 8.0e+00 7.5e+04 0.0e+00  0  0  0  0  0   1 33  2  0  0   339
MatGetLocalMat        10 1.0 3.4513e-01 4.3 0.00e+00 0.0 0.0e+00 0.0e+00 0.0e+00  0  0  0  0  0   1  0  0  0  0     0
MatGetBrAoCol          8 1.0 4.0900e-03 1.4 0.00e+00 0.0 3.2e+01 5.0e+04 0.0e+00  0  0  0  0  0   0  0  6  0  0     0
MatTranspose_SeqAIJ_FAST       1 1.0 8.8344e-04 1.4 0.00e+00 0.0 0.0e+00 0.0e+00 0.0e+00  0  0  0  0  0   0  0  0  0  0     0
SFSetGraph             2 1.0 1.4080e-06 1.9 0.00e+00 0.0 0.0e+00 0.0e+00 0.0e+00  0  0  0  0  0   0  0  0  0  0     0
SFSetUp                2 1.0 9.1174e-04 3.8 0.00e+00 0.0 1.0e+01 2.8e+03 0.0e+00  0  0  0  0  0   0  0  2  0  0     0
SFReduceBegin          2 1.0 2.8343e-05 1.3 0.00e+00 0.0 7.0e+00 4.1e+03 0.0e+00  0  0  0  0  0   0  0  1  0  0     0
SFReduceEnd            2 1.0 7.2867e-05 4.5 0.00e+00 0.0 0.0e+00 0.0e+00 0.0e+00  0  0  0  0  0   0  0  0  0  0     0
VecView               15 0.0 3.3423e-01 0.0 0.00e+00 0.0 0.0e+00 0.0e+00 0.0e+00  0  0  0  0  0   1  0  0  0  0     0
VecSet                40 1.1 8.9919e-03 1.2 0.00e+00 0.0 0.0e+00 0.0e+00 0.0e+00  0  0  0  0  0   0  0  0  0  0     0
VecScatterBegin        5 1.7 4.1570e-03102.1 0.00e+00 0.0 1.6e+01 1.9e+04 0.0e+00  0  0  0  0  0   0  0  3  0  0     0
VecScatterEnd          3 1.0 3.0368e-04 7.2 0.00e+00 0.0 0.0e+00 0.0e+00 0.0e+00  0  0  0  0  0   0  0  0  0  0     0

--- Event Stage 2: rhsVelocity

BuildTwoSidedF      4000 1.0 1.1818e+00 2.4 0.00e+00 0.0 0.0e+00 0.0e+00 0.0e+00  0  0  0  0  0   0  0  0  0  0     0
MatMult            10000 1.0 1.3648e+02 1.0 5.08e+10 1.0 1.0e+05 2.4e+04 0.0e+00 19 67 49  3  0  71 77 93 99  0  1474
MatMultAdd          4000 1.0 2.4588e+01 1.0 2.05e+09 1.1 8.0e+03 4.2e+03 0.0e+00  3  3  4  0  0  13  3  7  1  0   315
VecScale           14000 1.0 1.0857e+01 1.1 3.71e+09 1.0 0.0e+00 0.0e+00 0.0e+00  1  5  0  0  0   5  6  0  0  0  1356
VecSet              4000 1.0 4.8855e+00 1.0 0.00e+00 0.0 0.0e+00 0.0e+00 0.0e+00  1  0  0  0  0   3  0  0  0  0     0
VecAXPY            12000 1.0 3.0659e+01 1.0 1.11e+10 1.0 0.0e+00 0.0e+00 0.0e+00  4 15  0  0  0  16 17  0  0  0  1441
VecSwap             2000 1.0 5.3587e+00 1.4 0.00e+00 0.0 0.0e+00 0.0e+00 0.0e+00  1  0  0  0  0   2  0  0  0  0     0
VecAssemblyBegin    4000 1.0 1.2602e+00 2.2 0.00e+00 0.0 0.0e+00 0.0e+00 0.0e+00  0  0  0  0  0   1  0  0  0  0     0
VecAssemblyEnd      4000 1.0 1.1609e-02 1.0 0.00e+00 0.0 0.0e+00 0.0e+00 0.0e+00  0  0  0  0  0   0  0  0  0  0     0
VecScatterBegin    12000 1.0 6.4719e+00 1.1 0.00e+00 0.0 1.1e+05 2.3e+04 0.0e+00  1  0 53  3  0   3  0100100  0     0
VecScatterEnd      12000 1.0 8.5008e+00 2.7 0.00e+00 0.0 0.0e+00 0.0e+00 0.0e+00  1  0  0  0  0   3  0  0  0  0     0

--- Event Stage 3: solveVelocity

VecScatterBegin     6000 1.0 1.9163e+01 2.1 0.00e+00 0.0 1.8e+04 3.7e+06 0.0e+00  2  0  9 72  0   8  0100100  0     0
VecScatterEnd       6000 1.0 1.8855e+01 2.1 0.00e+00 0.0 0.0e+00 0.0e+00 0.0e+00  2  0  0  0  0  10  0  0  0  0     0

--- Event Stage 4: rhsPoisson

BuildTwoSidedF      4000 1.0 2.9002e+0286.3 0.00e+00 0.0 3.0e+04 7.2e+00 0.0e+00 11  0 14  0  0  24  0 79  0  0     0
MatMult             4000 1.0 3.1146e+02 1.0 3.40e+09 1.0 2.3e+04 8.4e+03 0.0e+00 43  5 11  0  0  99 84 61100  0    43
MatMultAdd          2000 1.0 3.0430e+02 1.0 6.26e+08 1.0 1.5e+04 7.2e+00 2.0e+00 42  1  7  0  0  97 16 39  0100     8
VecScale            2000 1.0 4.9590e-04 1.7 0.00e+00 0.0 0.0e+00 0.0e+00 0.0e+00  0  0  0  0  0   0  0  0  0  0     0
VecSet              2000 1.0 4.8535e-01 1.0 0.00e+00 0.0 0.0e+00 0.0e+00 0.0e+00  0  0  0  0  0   0  0  0  0  0     0
VecAXPY             2000 1.0 1.6486e+00 1.0 6.26e+08 1.0 0.0e+00 0.0e+00 0.0e+00  0  1  0  0  0   1 16  0  0  0  1507
VecAssemblyBegin    4000 1.0 2.9071e+02 1.0 0.00e+00 0.0 3.0e+04 7.2e+00 0.0e+00 40  0 14  0  0  93  0 79  0  0     0
VecAssemblyEnd      4000 1.0 2.0982e-02 1.0 0.00e+00 0.0 0.0e+00 0.0e+00 0.0e+00  0  0  0  0  0   0  0  0  0  0     0
VecScatterBegin     2000 1.0 2.2215e-0113.0 0.00e+00 0.0 8.0e+03 2.4e+04 0.0e+00  0  0  4  0  0   0  0 21100  0     0
VecScatterEnd       2000 1.0 2.0066e-01 2.2 0.00e+00 0.0 0.0e+00 0.0e+00 0.0e+00  0  0  0  0  0   0  0  0  0  0     0

--- Event Stage 5: solvePoisson

VecScatterBegin     6000 1.0 6.2351e+00 2.0 0.00e+00 0.0 1.8e+04 1.2e+06 0.0e+00  1  0  9 24  0  10  0100100  0     0
VecScatterEnd       6000 1.0 6.4097e+00 3.3 0.00e+00 0.0 0.0e+00 0.0e+00 0.0e+00  1  0  0  0  0  11  0  0  0  0     0

--- Event Stage 6: update

MatMult             2000 1.0 1.2045e+01 1.1 2.79e+09 1.0 8.0e+03 2.4e+04 0.0e+00  2  4  4  0  0  67 53100100  0   917
VecAXPY             6000 1.0 5.8619e+00 1.1 2.49e+09 1.0 0.0e+00 0.0e+00 0.0e+00  1  3  0  0  0  33 47  0  0  0  1683
VecScatterBegin     2000 1.0 3.0726e-0122.8 0.00e+00 0.0 8.0e+03 2.4e+04 0.0e+00  0  0  4  0  0   1  0100100  0     0
VecScatterEnd       2000 1.0 7.5133e-01 8.8 0.00e+00 0.0 0.0e+00 0.0e+00 0.0e+00  0  0  0  0  0   2  0  0  0  0     0

--- Event Stage 7: write

VecView               12 1.0 9.9090e-01 1.0 0.00e+00 0.0 0.0e+00 0.0e+00 0.0e+00  0  0  0  0  0  91  0  0  0  0     0

--- Event Stage 8: monitor


--- Event Stage 9: rhsForces

MatMult             2000 1.0 4.0440e+0030.6 9.88e+07 1.1 8.0e+03 1.4e+04 0.0e+00  0  0  4  0  0  99 98100100  0    92
VecScale            2000 1.0 9.5482e-03 2.4 1.99e+06 1.0 0.0e+00 0.0e+00 0.0e+00  0  0  0  0  0   0  2  0  0  0   833
VecScatterBegin     2000 1.0 1.2491e-0119.5 0.00e+00 0.0 8.0e+03 1.4e+04 0.0e+00  0  0  4  0  0   4  0100100  0     0
VecScatterEnd       2000 1.0 3.7867e+0093.8 0.00e+00 0.0 0.0e+00 0.0e+00 0.0e+00  0  0  0  0  0  78  0  0  0  0     0

--- Event Stage 10: solveForces

MatSolve            2000 1.0 3.3418e+00 1.4 0.00e+00 0.0 0.0e+00 0.0e+00 0.0e+00  0  0  0  0  0  96  0  0  0  0     0
MatLUFactorSym         1 1.0 1.9753e-04 1.0 0.00e+00 0.0 0.0e+00 0.0e+00 0.0e+00  0  0  0  0  0   0  0  0  0  0     0
MatLUFactorNum         1 1.0 5.6792e-02 1.0 0.00e+00 0.0 0.0e+00 0.0e+00 0.0e+00  0  0  0  0  0   2  0  0  0  0     0
MatGetRowIJ            1 1.0 5.7199e-07 1.6 0.00e+00 0.0 0.0e+00 0.0e+00 0.0e+00  0  0  0  0  0   0  0  0  0  0     0
MatGetOrdering         1 1.0 6.1734e-05 1.7 0.00e+00 0.0 0.0e+00 0.0e+00 0.0e+00  0  0  0  0  0   0  0  0  0  0     0
VecCopy             2000 1.0 3.9689e-03 2.4 0.00e+00 0.0 0.0e+00 0.0e+00 0.0e+00  0  0  0  0  0   0  0  0  0  0     0
VecSet              2000 1.0 6.8964e-03 1.8 0.00e+00 0.0 0.0e+00 0.0e+00 0.0e+00  0  0  0  0  0   0  0  0  0  0     0
KSPSetUp               1 1.0 3.1490e-06 1.8 0.00e+00 0.0 0.0e+00 0.0e+00 0.0e+00  0  0  0  0  0   0  0  0  0  0     0
KSPSolve            2000 1.0 3.4483e+00 1.4 0.00e+00 0.0 0.0e+00 0.0e+00 6.0e+00  0  0  0  0  0 100  0  0  0100     0
PCSetUp                1 1.0 5.9516e-02 1.0 0.00e+00 0.0 0.0e+00 0.0e+00 6.0e+00  0  0  0  0  0   2  0  0  0100     0
PCApply             2000 1.0 3.3481e+00 1.4 0.00e+00 0.0 0.0e+00 0.0e+00 0.0e+00  0  0  0  0  0  97  0  0  0  0     0

--- Event Stage 11: integrateForces

------------------------------------------------------------------------------------------------------------------------

Memory usage is given in bytes:

Object Type          Creations   Destructions     Memory  Descendants' Mem.
Reports information only for process 0.

--- Event Stage 0: Main Stage

    Distributed Mesh     0              7        37976     0.
              Matrix     0             42    480880052     0.
           Index Set     0             10      2499476     0.
   IS L to G Mapping     0              6      4856768     0.
   Star Forest Graph     0             14        11760     0.
     Discrete System     0              7         6440     0.
              Vector     0             39     82958920     0.
         Vec Scatter     0             19     14930608     0.
   Application Order     0              4     19698064     0.
              Viewer     2              3         2544     0.
       Krylov Solver     0              1         1480     0.
      Preconditioner     0              1         1008     0.

--- Event Stage 1: initialize

    Distributed Mesh     7              0            0     0.
              Matrix    83             42   2178596984     0.
           Index Set    72             64     22616700     0.
   IS L to G Mapping     9              3      2077980     0.
   Star Forest Graph    16              2         1808     0.
     Discrete System     7              0            0     0.
              Vector   109             72     58753312     0.
         Vec Scatter    35             16        21376     0.
   Application Order     4              0            0     0.
              Viewer     7              5         4160     0.
       Krylov Solver     1              0            0     0.
      Preconditioner     1              0            0     0.

--- Event Stage 2: rhsVelocity

              Vector     1              0            0     0.

--- Event Stage 3: solveVelocity


--- Event Stage 4: rhsPoisson

              Vector     1              0            0     0.

--- Event Stage 5: solvePoisson


--- Event Stage 6: update


--- Event Stage 7: write

              Viewer     6              6         4992     0.

--- Event Stage 8: monitor


--- Event Stage 9: rhsForces


--- Event Stage 10: solveForces

              Matrix     1              0            0     0.
           Index Set     4              2         9568     0.

--- Event Stage 11: integrateForces

========================================================================================================================
Average time to get PetscTime(): 2.68992e-08
Average time for MPI_Barrier(): 1.6882e-06
Average time for zero size MPI_Send(): 2.59325e-06
#PETSc Option Table entries:
-directory /mnt
-forces_ksp_type preonly
-forces_pc_factor_mat_solver_type superlu_dist
-forces_pc_type lu
-log_view ascii:view.log
-options_left
#End of PETSc Option Table entries
Compiled without FORTRAN kernels
Compiled with full precision matrices (default)
sizeof(short) 2 sizeof(int) 4 sizeof(long) 8 sizeof(void*) 8 sizeof(PetscScalar) 8 sizeof(PetscInt) 4
Configure options: --prefix=/usr/local/petsc-3.11.4 PETSC_DIR=/opt/petsc/3.11.4 PETSC_ARCH=linux-gnu-openmpi-opt COPTFLAGS=-O3 CXXFLAGS=-O3 --with-fc=0 --with-shared-libraries=1 --with-pic=1 --with-cxx-dialect=C++11 --with-debugging=0 --download-openmpi=https://download.open-mpi.org/release/open-mpi/v3.1/openmpi-3.1.4.tar.gz --download-hdf5 --download-f2cblaslapack --download-hypre --download-ptscotch --download-metis --download-parmetis --download-superlu_dist
-----------------------------------------
Libraries compiled on 2019-10-18 00:04:50 on abc8e2ed9974 
Machine characteristics: Linux-4.4.0-127-generic-x86_64-with-Ubuntu-16.04-xenial
Using PETSc directory: /usr/local/petsc-3.11.4
Using PETSc arch: 
-----------------------------------------

Using C compiler: /usr/local/petsc-3.11.4/bin/mpicc  -fPIC -Wall -Wwrite-strings -Wno-strict-aliasing -Wno-unknown-pragmas -fstack-protector -fvisibility=hidden -O3  
-----------------------------------------

Using include paths: -I/usr/local/petsc-3.11.4/include
-----------------------------------------

Using C linker: /usr/local/petsc-3.11.4/bin/mpicc
Using libraries: -Wl,-rpath,/usr/local/petsc-3.11.4/lib -L/usr/local/petsc-3.11.4/lib -lpetsc -Wl,-rpath,/usr/local/petsc-3.11.4/lib -L/usr/local/petsc-3.11.4/lib -lHYPRE -lsuperlu_dist -lf2clapack -lf2cblas -lhdf5_hl -lhdf5 -lparmetis -lmetis -lptesmumps -lptscotchparmetis -lptscotch -lptscotcherr -lesmumps -lscotch -lscotcherr -lm -lrt -lm -lpthread -lstdc++ -ldl
-----------------------------------------

