************************************************************************************************************************
***             WIDEN YOUR WINDOW TO 120 CHARACTERS.  Use 'enscript -r -fCourier9' to print this document            ***
************************************************************************************************************************

---------------------------------------------- PETSc Performance Summary: ----------------------------------------------

petibm-ibpm on a  named 75ff101292a2 with 4 processors, by Unknown Fri Sep 30 22:33:56 2022
Using Petsc Release Version 3.12.2, Nov, 22, 2019 

                         Max       Max/Min     Avg       Total 
Time (sec):           2.702e+03     1.000   2.702e+03
Objects:              6.344e+03     1.004   6.326e+03
Flop:                 3.258e+11     1.002   3.254e+11  1.302e+12
Flop/sec:             1.206e+08     1.002   1.205e+08  4.818e+08
MPI Messages:         1.486e+05     1.303   1.239e+05  4.954e+05
MPI Message Lengths:  2.680e+10     2.901   1.100e+05  5.452e+10
MPI Reductions:       9.163e+04     1.000

Flop counting convention: 1 flop = 1 real number operation of type (multiply/divide/add/subtract)
                            e.g., VecAXPY() for real vectors of length N --> 2N flop
                            and VecAXPY() for complex vectors of length N --> 8N flop

Summary of Stages:   ----- Time ------  ----- Flop ------  --- Messages ---  -- Message Lengths --  -- Reductions --
                        Avg     %Total     Avg     %Total    Count   %Total     Avg         %Total    Count   %Total 
 0:      Main Stage: 9.8627e-01   0.0%  0.0000e+00   0.0%  0.000e+00   0.0%  0.000e+00        0.0%  2.300e+01   0.0% 
 1:      initialize: 4.9165e+00   0.2%  4.2984e+07   0.0%  4.430e+02   0.1%  1.643e+05        0.1%  2.700e+02   0.3% 
 2:     rhsVelocity: 1.8064e+02   6.7%  2.0972e+11  16.1%  1.410e+05  28.5%  3.293e+03        0.9%  0.000e+00   0.0% 
 3:   solveVelocity: 5.5204e+02  20.4%  1.0306e+12  79.2%  2.160e+05  43.6%  5.261e+03        2.1%  3.900e+04  42.6% 
 4:      rhsPoisson: 2.3861e+01   0.9%  2.6310e+10   2.0%  7.800e+04  15.7%  2.318e+03        0.3%  6.000e+03   6.5% 
 5:    solvePoisson: 1.9082e+03  70.6%  0.0000e+00   0.0%  2.700e+04   5.4%  1.948e+06       96.4%  0.000e+00   0.0% 
 6:          update: 2.9044e+01   1.1%  3.5064e+10   2.7%  3.300e+04   6.7%  2.591e+03        0.2%  0.000e+00   0.0% 
 7:           write: 1.5434e+00   0.1%  0.0000e+00   0.0%  0.000e+00   0.0%  0.000e+00        0.0%  1.000e+01   0.0% 
 8:         monitor: 3.8293e-04   0.0%  0.0000e+00   0.0%  0.000e+00   0.0%  0.000e+00        0.0%  0.000e+00   0.0% 
 9: integrateForces: 2.8676e-01   0.0%  0.0000e+00   0.0%  0.000e+00   0.0%  0.000e+00        0.0%  9.003e+03   9.8% 

------------------------------------------------------------------------------------------------------------------------
See the 'Profiling' chapter of the users' manual for details on interpreting output.
Phase summary info:
   Count: number of times phase was executed
   Time and Flop: Max - maximum over all processors
                  Ratio - ratio of maximum to minimum over all processors
   Mess: number of messages sent
   AvgLen: average message length (bytes)
   Reduct: number of global reductions
   Global: entire computation
   Stage: stages of a computation. Set stages with PetscLogStagePush() and PetscLogStagePop().
      %T - percent time in this phase         %F - percent flop in this phase
      %M - percent messages in this phase     %L - percent message lengths in this phase
      %R - percent reductions in this phase
   Total Mflop/s: 10e-6 * (sum of flop over all processors)/(max time over all processors)
------------------------------------------------------------------------------------------------------------------------
Event                Count      Time (sec)     Flop                              --- Global ---  --- Stage ----  Total
                   Max Ratio  Max     Ratio   Max  Ratio  Mess   AvgLen  Reduct  %T %F %M %L %R  %T %F %M %L %R Mflop/s
------------------------------------------------------------------------------------------------------------------------

--- Event Stage 0: Main Stage

BuildTwoSided          1 1.0 2.4011e-05 1.0 0.00e+00 0.0 0.0e+00 0.0e+00 0.0e+00  0  0  0  0  0   0  0  0  0  0     0
SFSetGraph             1 1.0 1.2387e-06 1.8 0.00e+00 0.0 0.0e+00 0.0e+00 0.0e+00  0  0  0  0  0   0  0  0  0  0     0
SFSetUp                1 1.0 4.8632e-05 1.0 0.00e+00 0.0 0.0e+00 0.0e+00 0.0e+00  0  0  0  0  0   0  0  0  0  0     0
VecView                1 1.0 5.6872e-02 1.0 0.00e+00 0.0 0.0e+00 0.0e+00 0.0e+00  0  0  0  0  0   6  0  0  0  0     0
VecSet                 1 1.0 5.8860e-06 5.2 0.00e+00 0.0 0.0e+00 0.0e+00 0.0e+00  0  0  0  0  0   0  0  0  0  0     0

--- Event Stage 1: initialize

BuildTwoSided         30 1.0 6.6860e-02 6.3 0.00e+00 0.0 1.1e+02 4.0e+00 0.0e+00  0  0  0  0  0   1  0 24  0  0     0
BuildTwoSidedF        20 1.0 1.4114e-01 7.7 0.00e+00 0.0 1.5e+01 1.5e+04 0.0e+00  0  0  0  0  0   2  0  3  0  0     0
MatConvert             4 1.0 3.8838e-01 1.0 0.00e+00 0.0 6.9e+01 1.6e+03 2.4e+01  0  0  0  0  0   8  0 16  0  9     0
MatScale               4 1.0 1.6103e-02 1.0 4.38e+06 1.0 2.0e+01 4.4e+03 0.0e+00  0  0  0  0  0   0 41  5  0  0  1087
MatAssemblyBegin      30 1.0 1.4172e-01 7.5 0.00e+00 0.0 1.5e+01 1.5e+04 0.0e+00  0  0  0  0  0   2  0  3  0  0     0
MatAssemblyEnd        30 1.0 3.9767e-01 1.1 0.00e+00 0.0 2.0e+02 1.2e+03 6.9e+01  0  0  0  0  0   7  0 45  0 26     0
MatGetRowIJ            1 1.0 7.4506e-07 3.6 0.00e+00 0.0 0.0e+00 0.0e+00 0.0e+00  0  0  0  0  0   0  0  0  0  0     0
MatCreateSubMat        1 1.0 3.6070e-01 1.0 0.00e+00 0.0 1.5e+01 3.3e+06 1.2e+01  0  0  0  0  0   7  0  3 69  4     0
MatTranspose           1 1.0 3.1651e-02 1.0 0.00e+00 0.0 5.5e+01 5.0e+03 6.0e+00  0  0  0  0  0   1  0 12  0  2     0
MatMatMult             2 1.0 1.9022e-01 1.0 5.89e+06 1.0 7.8e+01 8.5e+03 1.8e+01  0  0  0  0  0   4 55 18  1  7   124
MatMatMultSym          2 1.0 1.5009e-01 1.0 0.00e+00 0.0 6.8e+01 6.4e+03 1.6e+01  0  0  0  0  0   3  0 15  1  6     0
MatMatMultNum          2 1.0 3.8092e-02 1.0 5.89e+06 1.0 1.1e+01 2.1e+04 0.0e+00  0  0  0  0  0   1 55  2  0  0   618
MatGetLocalMat         5 1.0 1.0810e-01 1.8 0.00e+00 0.0 0.0e+00 0.0e+00 0.0e+00  0  0  0  0  0   1  0  0  0  0     0
MatGetBrAoCol          4 1.0 1.8699e-03 1.0 0.00e+00 0.0 4.4e+01 1.4e+04 0.0e+00  0  0  0  0  0   0  0 10  1  0     0
DMCreateMat            1 1.0 6.7972e-01 1.0 0.00e+00 0.0 9.0e+01 1.1e+03 3.2e+01  0  0  0  0  0  14  0 20  0 12     0
SFSetGraph            30 1.0 1.4590e-03 2.6 0.00e+00 0.0 0.0e+00 0.0e+00 0.0e+00  0  0  0  0  0   0  0  0  0  0     0
SFSetUp               30 1.0 1.0835e-01 1.4 0.00e+00 0.0 3.2e+02 2.0e+04 0.0e+00  0  0  0  0  0   2  0 72  9  0     0
SFBcastOpBegin         3 1.0 8.1589e-05 1.4 0.00e+00 0.0 3.2e+01 5.0e+03 0.0e+00  0  0  0  0  0   0  0  7  0  0     0
SFBcastOpEnd           3 1.0 1.6360e-04 3.1 0.00e+00 0.0 0.0e+00 0.0e+00 0.0e+00  0  0  0  0  0   0  0  0  0  0     0
SFReduceBegin         10 1.0 5.3400e-03 1.1 0.00e+00 0.0 1.3e+01 1.7e+03 0.0e+00  0  0  0  0  0   0  0  3  0  0     0
SFReduceEnd           10 1.0 5.4156e-03 1.0 0.00e+00 0.0 0.0e+00 0.0e+00 0.0e+00  0  0  0  0  0   0  0  0  0  0     0
VecView               15 0.0 9.9892e-01 0.0 0.00e+00 0.0 0.0e+00 0.0e+00 0.0e+00  0  0  0  0  0   5  0  0  0  0     0
VecSet                28 1.0 6.2897e-03 1.2 0.00e+00 0.0 0.0e+00 0.0e+00 0.0e+00  0  0  0  0  0   0  0  0  0  0     0
VecScatterBegin        4 1.3 1.4846e-0323.8 0.00e+00 0.0 3.2e+01 5.0e+03 0.0e+00  0  0  0  0  0   0  0  7  0  0     0
VecScatterEnd          3 1.0 1.6599e-04 2.9 0.00e+00 0.0 0.0e+00 0.0e+00 0.0e+00  0  0  0  0  0   0  0  0  0  0     0

--- Event Stage 2: rhsVelocity

BuildTwoSidedF      6000 1.0 4.3346e-01 1.2 0.00e+00 0.0 0.0e+00 0.0e+00 0.0e+00  0  0  0  0  0   0  0  0  0  0     0
MatMult            15000 1.0 1.0258e+02 1.0 2.92e+10 1.0 1.4e+05 3.3e+03 0.0e+00  4  9 28  1  0  56 56100100  0  1136
MatMultAdd          3000 1.0 1.3783e+01 1.0 2.92e+09 1.0 0.0e+00 0.0e+00 0.0e+00  1  1  0  0  0   8  6  0  0  0   846
SFBcastOpBegin     12000 1.0 8.5194e+00 1.1 0.00e+00 0.0 1.4e+05 3.3e+03 0.0e+00  0  0 28  1  0   5  0100100  0     0
SFBcastOpEnd       12000 1.0 1.2635e+01 1.3 0.00e+00 0.0 0.0e+00 0.0e+00 0.0e+00  0  0  0  0  0   6  0  0  0  0     0
VecScale           21000 1.0 1.8025e+01 1.0 5.83e+09 1.0 0.0e+00 0.0e+00 0.0e+00  1  2  0  0  0  10 11  0  0  0  1293
VecSet              6000 1.0 8.2726e+00 1.0 0.00e+00 0.0 0.0e+00 0.0e+00 0.0e+00  0  0  0  0  0   5  0  0  0  0     0
VecAXPY            18000 1.0 5.0586e+01 1.0 1.75e+10 1.0 0.0e+00 0.0e+00 0.0e+00  2  5  0  0  0  28 33  0  0  0  1382
VecSwap             3000 1.0 1.0711e+01 1.1 0.00e+00 0.0 0.0e+00 0.0e+00 0.0e+00  0  0  0  0  0   6  0  0  0  0     0
VecAssemblyBegin    6000 1.0 5.0657e-01 1.2 0.00e+00 0.0 0.0e+00 0.0e+00 0.0e+00  0  0  0  0  0   0  0  0  0  0     0
VecAssemblyEnd      6000 1.0 1.6643e-02 1.2 0.00e+00 0.0 0.0e+00 0.0e+00 0.0e+00  0  0  0  0  0   0  0  0  0  0     0
VecScatterBegin    12000 1.0 8.5709e+00 1.1 0.00e+00 0.0 1.4e+05 3.3e+03 0.0e+00  0  0 28  1  0   5  0100100  0     0
VecScatterEnd      12000 1.0 1.2671e+01 1.3 0.00e+00 0.0 0.0e+00 0.0e+00 0.0e+00  0  0  0  0  0   6  0  0  0  0     0

--- Event Stage 3: solveVelocity

MatMult            18000 1.0 2.6772e+02 1.0 1.49e+11 1.0 2.2e+05 5.3e+03 0.0e+00 10 46 44  2  0  48 58100100  0  2217
SFBcastOpBegin     18000 1.0 1.0128e+00 1.2 0.00e+00 0.0 2.2e+05 5.3e+03 0.0e+00  0  0 44  2  0   0  0100100  0     0
SFBcastOpEnd       18000 1.0 1.7642e+01 3.7 0.00e+00 0.0 0.0e+00 0.0e+00 0.0e+00  0  0  0  0  0   2  0  0  0  0     0
VecDot             18000 1.0 3.3411e+01 1.0 1.75e+10 1.0 0.0e+00 0.0e+00 1.8e+04  1  5  0  0 20   6  7  0  0 46  2093
VecDotNorm2         9000 1.0 1.6896e+01 1.0 1.75e+10 1.0 0.0e+00 0.0e+00 9.0e+03  1  5  0  0 10   3  7  0  0 23  4139
VecNorm            12000 1.0 1.3921e+01 1.1 1.17e+10 1.0 0.0e+00 0.0e+00 1.2e+04  0  4  0  0 13   2  5  0  0 31  3349
VecCopy             6000 1.0 1.5797e+01 1.0 0.00e+00 0.0 0.0e+00 0.0e+00 0.0e+00  1  0  0  0  0   3  0  0  0  0     0
VecSet              9000 1.0 1.4478e+01 1.0 0.00e+00 0.0 0.0e+00 0.0e+00 0.0e+00  1  0  0  0  0   3  0  0  0  0     0
VecAXPBYCZ         18000 1.0 6.0712e+01 1.0 3.50e+10 1.0 0.0e+00 0.0e+00 0.0e+00  2 11  0  0  0  11 14  0  0  0  2304
VecWAXPY           18000 1.0 6.0161e+01 1.0 1.75e+10 1.0 0.0e+00 0.0e+00 0.0e+00  2  5  0  0  0  11  7  0  0  0  1162
VecPointwiseMult   21000 1.0 7.0758e+01 1.0 1.02e+10 1.0 0.0e+00 0.0e+00 0.0e+00  3  3  0  0  0  13  4  0  0  0   576
VecScatterBegin    18000 1.0 1.0957e+00 1.2 0.00e+00 0.0 2.2e+05 5.3e+03 0.0e+00  0  0 44  2  0   0  0100100  0     0
VecScatterEnd      18000 1.0 1.7714e+01 3.7 0.00e+00 0.0 0.0e+00 0.0e+00 0.0e+00  0  0  0  0  0   2  0  0  0  0     0
KSPSetUp               1 1.0 1.2284e-02 1.7 0.00e+00 0.0 0.0e+00 0.0e+00 0.0e+00  0  0  0  0  0   0  0  0  0  0     0
KSPSolve            3000 1.0 5.5205e+02 1.0 2.58e+11 1.0 2.2e+05 5.3e+03 3.9e+04 20 79 44  2 43 100100100100100  1867
PCSetUp                1 1.0 1.2722e-06 1.7 0.00e+00 0.0 0.0e+00 0.0e+00 0.0e+00  0  0  0  0  0   0  0  0  0  0     0
PCApply            21000 1.0 7.0840e+01 1.0 1.02e+10 1.0 0.0e+00 0.0e+00 2.0e+00  3  3  0  0  0  13  4  0  0  0   576

--- Event Stage 4: rhsPoisson

BuildTwoSidedF      6000 1.0 4.4824e-01 1.2 0.00e+00 0.0 4.5e+04 7.2e+00 0.0e+00  0  0  9  0  0   2  0 58  0  0     0
MatMult             6000 1.0 1.7800e+01 1.0 5.12e+09 1.0 5.6e+04 3.3e+03 0.0e+00  1  2 11  0  0  74 78 71100  0  1150
MatMultAdd          3000 1.0 7.8673e+00 1.0 1.46e+09 1.0 2.2e+04 7.2e+00 0.0e+00  0  0  5  0  0  33 22 29  0  0   741
SFBcastOpBegin      3000 1.0 9.6027e-02 1.5 0.00e+00 0.0 3.3e+04 5.5e+03 0.0e+00  0  0  7  0  0   0  0 42100  0     0
SFBcastOpEnd        3000 1.0 5.9770e-01 1.6 0.00e+00 0.0 0.0e+00 0.0e+00 0.0e+00  0  0  0  0  0   2  0  0  0  0     0
VecScale            3000 1.0 4.7554e-04 1.3 0.00e+00 0.0 0.0e+00 0.0e+00 0.0e+00  0  0  0  0  0   0  0  0  0  0     0
VecSet              3000 1.0 2.3516e+00 1.0 0.00e+00 0.0 0.0e+00 0.0e+00 0.0e+00  0  0  0  0  0  10  0  0  0  0     0
VecAXPY             3000 1.0 4.1396e+00 1.0 1.46e+09 1.0 0.0e+00 0.0e+00 0.0e+00  0  0  0  0  0  17 22  0  0  0  1409
VecAssemblyBegin    6000 1.0 5.0988e-01 1.1 0.00e+00 0.0 4.5e+04 7.2e+00 0.0e+00  0  0  9  0  0   2  0 58  0  0     0
VecAssemblyEnd      6000 1.0 2.3023e-02 1.3 0.00e+00 0.0 0.0e+00 0.0e+00 0.0e+00  0  0  0  0  0   0  0  0  0  0     0
VecScatterBegin     3000 1.0 1.0037e-01 1.5 0.00e+00 0.0 3.3e+04 5.5e+03 0.0e+00  0  0  7  0  0   0  0 42100  0     0
VecScatterEnd       3000 1.0 6.0699e-01 1.6 0.00e+00 0.0 0.0e+00 0.0e+00 0.0e+00  0  0  0  0  0   2  0  0  0  0     0

--- Event Stage 5: solvePoisson

SFBcastOpBegin      6000 1.0 7.8800e+00 1.0 0.00e+00 0.0 1.8e+04 1.9e+06 0.0e+00  0  0  4 64  0   0  0 67 67  0     0
SFBcastOpEnd        6000 1.0 1.4371e+01 2.4 0.00e+00 0.0 0.0e+00 0.0e+00 0.0e+00  0  0  0  0  0   0  0  0  0  0     0
SFReduceBegin       3000 1.0 3.5455e+00275.3 0.00e+00 0.0 9.0e+03 1.9e+06 0.0e+00  0  0  2 32  0   0  0 33 33  0     0
SFReduceEnd         3000 1.0 1.0219e+01 1.5 0.00e+00 0.0 0.0e+00 0.0e+00 0.0e+00  0  0  0  0  0   0  0  0  0  0     0
VecScatterBegin     9000 1.0 1.1181e+01 1.5 0.00e+00 0.0 2.7e+04 1.9e+06 0.0e+00  0  0  5 96  0   0  0100100  0     0
VecScatterEnd       9000 1.0 2.1250e+01 1.3 0.00e+00 0.0 0.0e+00 0.0e+00 0.0e+00  1  0  0  0  0   1  0  0  0  0     0

--- Event Stage 6: update

MatMult             3000 1.0 1.8155e+01 1.0 4.40e+09 1.0 3.3e+04 2.6e+03 0.0e+00  1  1  7  0  0  62 50100100  0   968
SFBcastOpBegin      3000 1.0 1.4108e-01 2.6 0.00e+00 0.0 3.3e+04 2.6e+03 0.0e+00  0  0  7  0  0   0  0100100  0     0
SFBcastOpEnd        3000 1.0 1.0875e+00 3.2 0.00e+00 0.0 0.0e+00 0.0e+00 0.0e+00  0  0  0  0  0   2  0  0  0  0     0
VecAXPY             6000 1.0 1.1276e+01 1.0 4.38e+09 1.0 0.0e+00 0.0e+00 0.0e+00  0  1  0  0  0  38 50  0  0  0  1552
VecScatterBegin     3000 1.0 1.6009e-01 2.6 0.00e+00 0.0 3.3e+04 2.6e+03 0.0e+00  0  0  7  0  0   0  0100100  0     0
VecScatterEnd       3000 1.0 1.0981e+00 3.1 0.00e+00 0.0 0.0e+00 0.0e+00 0.0e+00  0  0  0  0  0   2  0  0  0  0     0

--- Event Stage 7: write

VecView                9 1.0 1.4647e+00 1.0 0.00e+00 0.0 0.0e+00 0.0e+00 0.0e+00  0  0  0  0  0  95  0  0  0  0     0

--- Event Stage 8: monitor


--- Event Stage 9: integrateForces

------------------------------------------------------------------------------------------------------------------------

Memory usage is given in bytes:

Object Type          Creations   Destructions     Memory  Descendants' Mem.
Reports information only for process 0.

--- Event Stage 0: Main Stage

    Distributed Mesh     2              6        32292     0.
              Matrix     0             25    252058256     0.
           Index Set     4             12      2926728     0.
   IS L to G Mapping     1              5      4904688     0.
   Star Forest Graph     5             24        22944     0.
     Discrete System     2              6         5712     0.
              Vector     7             40     91643136     0.
         Vec Scatter     1             12         9696     0.
   Application Order     0              3     23318944     0.
              Viewer     3              4         3352     0.
       Krylov Solver     0              1         1488     0.
      Preconditioner     0              1          864     0.

--- Event Stage 1: initialize

    Distributed Mesh     4              0            0     0.
              Matrix    66             41    556303228     0.
           Index Set    66             58     34153908     0.
   IS L to G Mapping     6              2      1961560     0.
   Star Forest Graph    38             19        19000     0.
     Discrete System     4              0            0     0.
              Vector    84             60     31332160     0.
         Vec Scatter    25             14        11280     0.
   Application Order     3              0            0     0.
              Viewer     7              5         4040     0.
       Krylov Solver     1              0            0     0.
      Preconditioner     1              0            0     0.

--- Event Stage 2: rhsVelocity

              Vector     1              0            0     0.

--- Event Stage 3: solveVelocity

              Vector     7              0            0     0.

--- Event Stage 4: rhsPoisson

              Vector  3001           3000   5838264000     0.

--- Event Stage 5: solvePoisson


--- Event Stage 6: update


--- Event Stage 7: write

              Viewer     5              5         4040     0.

--- Event Stage 8: monitor


--- Event Stage 9: integrateForces

              Vector  3000           3000     14544000     0.
========================================================================================================================
Average time to get PetscTime(): 3.85568e-08
Average time for MPI_Barrier(): 1.50427e-06
Average time for zero size MPI_Send(): 1.59768e-06
#PETSc Option Table entries:
-log_view ascii:view.log
-options_left
-velocity_ksp_atol 1e-6
-velocity_ksp_max_it 1000
-velocity_ksp_rtol 0.0
-velocity_ksp_type bcgs
-velocity_pc_jacobi_type diagonal
-velocity_pc_type jacobi
#End of PETSc Option Table entries
Compiled without FORTRAN kernels
Compiled with full precision matrices (default)
sizeof(short) 2 sizeof(int) 4 sizeof(long) 8 sizeof(void*) 8 sizeof(PetscScalar) 8 sizeof(PetscInt) 4
Configure options: --prefix=/usr/local/petsc-3.12.2 PETSC_DIR=/opt/petsc/3.12.2 PETSC_ARCH=linux-gnu-openmpi-opt COPTFLAGS=-O3 CXXOPTFLAGS=-O3 --with-fc=0 --with-shared-libraries=1 --with-pic=1 --with-cxx-dialect=C++11 --with-debugging=0 --with-mpi-dir=/usr/local/openmpi-3.1.4 --download-hdf5 --download-f2cblaslapack --download-hypre --download-ptscotch --download-metis --download-parmetis --download-superlu_dist
-----------------------------------------
Libraries compiled on 2019-12-11 22:11:45 on 584a588926bb 
Machine characteristics: Linux-4.4.0-127-generic-x86_64-with-Ubuntu-16.04-xenial
Using PETSc directory: /usr/local/petsc-3.12.2
Using PETSc arch: 
-----------------------------------------

Using C compiler: /usr/local/openmpi-3.1.4/bin/mpicc  -fPIC -Wall -Wwrite-strings -Wno-strict-aliasing -Wno-unknown-pragmas -fstack-protector -fvisibility=hidden -O3  
-----------------------------------------

Using include paths: -I/usr/local/petsc-3.12.2/include -I/usr/local/openmpi-3.1.4/include
-----------------------------------------

Using C linker: /usr/local/openmpi-3.1.4/bin/mpicc
Using libraries: -Wl,-rpath,/usr/local/petsc-3.12.2/lib -L/usr/local/petsc-3.12.2/lib -lpetsc -Wl,-rpath,/usr/local/petsc-3.12.2/lib -L/usr/local/petsc-3.12.2/lib -lHYPRE -lsuperlu_dist -lf2clapack -lf2cblas -lptesmumps -lptscotchparmetis -lptscotch -lptscotcherr -lesmumps -lscotch -lscotcherr -lhdf5_hl -lhdf5 -lparmetis -lmetis -lm -lrt -lquadmath -lstdc++ -ldl
-----------------------------------------

