************************************************************************************************************************
***             WIDEN YOUR WINDOW TO 120 CHARACTERS.  Use 'enscript -r -fCourier9' to print this document            ***
************************************************************************************************************************

---------------------------------------------- PETSc Performance Summary: ----------------------------------------------

petibm-decoupledibpm on a  named 7823aa02a8d3 with 4 processors, by Unknown Sat Oct  1 23:34:38 2022
Using Petsc Release Version 3.12.2, Nov, 22, 2019 

                         Max       Max/Min     Avg       Total 
Time (sec):           3.354e+03     1.000   3.354e+03
Objects:              4.040e+02     1.063   3.860e+02
Flop:                 1.597e+12     1.010   1.590e+12  6.362e+12
Flop/sec:             4.761e+08     1.010   4.742e+08  1.897e+09
MPI Messages:         7.759e+04     1.879   6.382e+04  2.553e+05
MPI Message Lengths:  4.475e+10     2.595   4.055e+05  1.035e+11
MPI Reductions:       2.592e+05     1.000

Flop counting convention: 1 flop = 1 real number operation of type (multiply/divide/add/subtract)
                            e.g., VecAXPY() for real vectors of length N --> 2N flop
                            and VecAXPY() for complex vectors of length N --> 8N flop

Summary of Stages:   ----- Time ------  ----- Flop ------  --- Messages ---  -- Message Lengths --  -- Reductions --
                        Avg     %Total     Avg     %Total    Count   %Total     Avg         %Total    Count   %Total 
 0:      Main Stage: 3.0723e+01   0.9%  9.1197e+08   0.0%  7.500e+03   2.9%  1.351e+04        0.1%  1.200e+01   0.0% 
 1:      initialize: 1.5728e+01   0.5%  2.1938e+08   0.0%  2.565e+02   0.1%  6.902e+05        0.2%  3.090e+02   0.1% 
 2:     rhsVelocity: 7.2219e+02  21.5%  9.6559e+11  15.2%  7.500e+04  29.4%  7.076e+04        5.1%  0.000e+00   0.0% 
 3:   solveVelocity: 2.2673e+03  67.6%  5.2581e+12  82.7%  9.000e+04  35.3%  1.601e+05       13.9%  3.250e+04  12.5% 
 4:      rhsPoisson: 8.2406e+01   2.5%  5.8927e+10   0.9%  4.500e+04  17.6%  8.971e+03        0.4%  2.000e+00   0.0% 
 5:    solvePoisson: 1.4446e+02   4.3%  0.0000e+00   0.0%  2.250e+04   8.8%  3.658e+06       79.5%  0.000e+00   0.0% 
 6:          update: 6.4572e+01   1.9%  7.7122e+10   1.2%  7.500e+03   2.9%  5.379e+04        0.4%  0.000e+00   0.0% 
 7:           write: 1.8183e+01   0.5%  0.0000e+00   0.0%  0.000e+00   0.0%  0.000e+00        0.0%  4.400e+01   0.0% 
 8:         monitor: 2.9224e-04   0.0%  0.0000e+00   0.0%  0.000e+00   0.0%  0.000e+00        0.0%  0.000e+00   0.0% 
 9:       rhsForces: 9.3557e-01   0.0%  9.2464e+08   0.0%  7.500e+03   2.9%  5.677e+04        0.4%  0.000e+00   0.0% 
10:     solveForces: 6.7715e+00   0.2%  0.0000e+00   0.0%  0.000e+00   0.0%  0.000e+00        0.0%  6.000e+00   0.0% 
11: integrateForces: 2.3923e-01   0.0%  0.0000e+00   0.0%  0.000e+00   0.0%  0.000e+00        0.0%  2.500e+03   1.0% 

------------------------------------------------------------------------------------------------------------------------
See the 'Profiling' chapter of the users' manual for details on interpreting output.
Phase summary info:
   Count: number of times phase was executed
   Time and Flop: Max - maximum over all processors
                  Ratio - ratio of maximum to minimum over all processors
   Mess: number of messages sent
   AvgLen: average message length (bytes)
   Reduct: number of global reductions
   Global: entire computation
   Stage: stages of a computation. Set stages with PetscLogStagePush() and PetscLogStagePop().
      %T - percent time in this phase         %F - percent flop in this phase
      %M - percent messages in this phase     %L - percent message lengths in this phase
      %R - percent reductions in this phase
   Total Mflop/s: 10e-6 * (sum of flop over all processors)/(max time over all processors)
------------------------------------------------------------------------------------------------------------------------
Event                Count      Time (sec)     Flop                              --- Global ---  --- Stage ----  Total
                   Max Ratio  Max     Ratio   Max  Ratio  Mess   AvgLen  Reduct  %T %F %M %L %R  %T %F %M %L %R Mflop/s
------------------------------------------------------------------------------------------------------------------------

--- Event Stage 0: Main Stage

MatMultAdd          2500 1.0 1.8373e+01 1.2 9.12e+08 0.0 7.5e+03 1.4e+04 0.0e+00  0  0  3  0  0  53100100100  0    50
SFBcastOpBegin      2500 1.0 1.5590e-02 1.5 0.00e+00 0.0 7.5e+03 1.4e+04 0.0e+00  0  0  3  0  0   0  0100100  0     0
SFBcastOpEnd        2500 1.0 7.3921e-01 3.1 0.00e+00 0.0 0.0e+00 0.0e+00 0.0e+00  0  0  0  0  0   2  0  0  0  0     0
VecScatterBegin     2500 1.0 2.0647e-02 1.4 0.00e+00 0.0 7.5e+03 1.4e+04 0.0e+00  0  0  3  0  0   0  0100100  0     0
VecScatterEnd       2500 1.0 7.4545e-01 3.0 0.00e+00 0.0 0.0e+00 0.0e+00 0.0e+00  0  0  0  0  0   2  0  0  0  0     0

--- Event Stage 1: initialize

BuildTwoSided         32 1.0 1.4512e-01 2.6 0.00e+00 0.0 6.3e+01 4.0e+00 0.0e+00  0  0  0  0  0   1  0 25  0  0     0
BuildTwoSidedF        25 1.0 7.8538e-01 9.2 0.00e+00 0.0 4.5e+00 4.9e+05 0.0e+00  0  0  0  0  0   3  0  2  1  0     0
MatConvert             3 1.0 6.9787e-01 1.2 0.00e+00 0.0 2.7e+01 5.3e+04 0.0e+00  0  0  0  0  0   4  0 11  1  0     0
MatScale               3 1.0 1.3629e-01 1.4 3.62e+07 1.0 6.0e+00 5.7e+04 0.0e+00  0  0  0  0  0   1 66  2  0  0  1059
MatAssemblyBegin      40 1.0 7.9005e-01 8.5 0.00e+00 0.0 4.5e+00 4.9e+05 0.0e+00  0  0  0  0  0   3  0  2  1  0     0
MatAssemblyEnd        40 1.0 1.3345e+00 1.1 0.00e+00 0.0 1.1e+02 1.8e+04 8.1e+01  0  0  0  0  0   8  0 42  1 26     0
MatGetRowIJ            1 1.0 6.2957e-07 3.2 0.00e+00 0.0 0.0e+00 0.0e+00 0.0e+00  0  0  0  0  0   0  0  0  0  0     0
MatCreateSubMat        1 1.0 8.4797e-01 1.0 0.00e+00 0.0 1.5e+01 8.4e+06 1.2e+01  0  0  0  0  0   5  0  6 71  4     0
MatTranspose           1 1.0 1.0591e-01 1.0 0.00e+00 0.0 1.6e+01 1.4e+05 6.0e+00  0  0  0  0  0   1  0  6  1  2     0
MatMatMult             4 1.0 6.9815e-01 1.0 1.76e+07 1.0 5.1e+01 9.2e+04 3.4e+01  0  0  0  0  0   4 32 20  3 11    99
MatMatMultSym          4 1.0 5.6500e-01 1.0 0.00e+00 0.0 4.5e+01 6.6e+04 3.2e+01  0  0  0  0  0   4  0 18  2 10     0
MatMatMultNum          4 1.0 1.3082e-01 1.0 1.76e+07 1.0 6.0e+00 2.8e+05 0.0e+00  0  0  0  0  0   1 32  2  1  0   529
MatGetLocalMat         9 1.0 3.3939e-01 1.4 0.00e+00 0.0 0.0e+00 0.0e+00 0.0e+00  0  0  0  0  0   2  0  0  0  0     0
MatGetBrAoCol          8 1.0 1.0290e-02 1.0 0.00e+00 0.0 2.4e+01 1.8e+05 0.0e+00  0  0  0  0  0   0  0  9  2  0     0
DMCreateMat            1 1.0 5.9610e+00 1.0 0.00e+00 0.0 6.3e+01 2.3e+04 4.4e+01  0  0  0  0  0  38  0 25  1 14     0
SFSetGraph            32 1.0 3.4519e-03 2.3 0.00e+00 0.0 0.0e+00 0.0e+00 0.0e+00  0  0  0  0  0   0  0  0  0  0     0
SFSetUp               32 1.0 1.9543e-01 1.2 0.00e+00 0.0 1.9e+02 8.0e+04 0.0e+00  0  0  0  0  0   1  0 74  9  0     0
SFBcastOpBegin         3 1.0 4.9238e-04 4.8 0.00e+00 0.0 1.2e+01 5.5e+04 0.0e+00  0  0  0  0  0   0  0  5  0  0     0
SFBcastOpEnd           3 1.0 7.3939e-04 2.6 0.00e+00 0.0 0.0e+00 0.0e+00 0.0e+00  0  0  0  0  0   0  0  0  0  0     0
SFReduceBegin          2 1.0 5.2346e-05 1.6 0.00e+00 0.0 6.0e+00 1.4e+04 0.0e+00  0  0  0  0  0   0  0  2  0  0     0
SFReduceEnd            2 1.0 7.3824e-05 4.9 0.00e+00 0.0 0.0e+00 0.0e+00 0.0e+00  0  0  0  0  0   0  0  0  0  0     0
VecView               15 0.0 8.1628e-01 0.0 0.00e+00 0.0 0.0e+00 0.0e+00 0.0e+00  0  0  0  0  0   1  0  0  0  0     0
VecSet                36 1.0 1.7031e-02 1.1 0.00e+00 0.0 0.0e+00 0.0e+00 0.0e+00  0  0  0  0  0   0  0  0  0  0     0
VecScatterBegin        4 1.3 2.8234e-0321.4 0.00e+00 0.0 1.2e+01 5.5e+04 0.0e+00  0  0  0  0  0   0  0  5  0  0     0
VecScatterEnd          3 1.0 7.4490e-04 2.6 0.00e+00 0.0 0.0e+00 0.0e+00 0.0e+00  0  0  0  0  0   0  0  0  0  0     0

--- Event Stage 2: rhsVelocity

BuildTwoSidedF      5000 1.0 2.4919e+01 5.0 0.00e+00 0.0 0.0e+00 0.0e+00 0.0e+00  0  0  0  0  0   2  0  0  0  0     0
MatMult            12500 1.0 5.1574e+02 1.0 1.87e+11 1.0 6.8e+04 7.7e+04 0.0e+00 15 12 26  5  0  71 77 90 98  0  1449
MatMultAdd          5000 1.0 8.9313e+01 1.1 7.71e+09 1.1 7.5e+03 1.4e+04 0.0e+00  3  0  3  0  0  12  3 10  2  0   315
SFBcastOpBegin     15000 1.0 2.1424e+01 1.1 0.00e+00 0.0 7.5e+04 7.1e+04 0.0e+00  1  0 29  5  0   3  0100100  0     0
SFBcastOpEnd       15000 1.0 3.6807e+01 1.1 0.00e+00 0.0 0.0e+00 0.0e+00 0.0e+00  1  0  0  0  0   5  0  0  0  0     0
VecScale           17500 1.0 4.6879e+01 1.1 1.36e+10 1.0 0.0e+00 0.0e+00 0.0e+00  1  1  0  0  0   6  6  0  0  0  1159
VecSet              5000 1.0 1.7657e+01 1.0 0.00e+00 0.0 0.0e+00 0.0e+00 0.0e+00  1  0  0  0  0   2  0  0  0  0     0
VecAXPY            15000 1.0 1.1101e+02 1.0 4.08e+10 1.0 0.0e+00 0.0e+00 0.0e+00  3  3  0  0  0  15 17  0  0  0  1469
VecSwap             2500 1.0 2.3879e+01 1.0 0.00e+00 0.0 0.0e+00 0.0e+00 0.0e+00  1  0  0  0  0   3  0  0  0  0     0
VecAssemblyBegin    5000 1.0 2.5007e+01 5.0 0.00e+00 0.0 0.0e+00 0.0e+00 0.0e+00  0  0  0  0  0   2  0  0  0  0     0
VecAssemblyEnd      5000 1.0 1.3599e-02 1.1 0.00e+00 0.0 0.0e+00 0.0e+00 0.0e+00  0  0  0  0  0   0  0  0  0  0     0
VecScatterBegin    15000 1.0 2.1502e+01 1.1 0.00e+00 0.0 7.5e+04 7.1e+04 0.0e+00  1  0 29  5  0   3  0100100  0     0
VecScatterEnd      15000 1.0 3.6858e+01 1.1 0.00e+00 0.0 0.0e+00 0.0e+00 0.0e+00  1  0  0  0  0   5  0  0  0  0     0

--- Event Stage 3: solveVelocity

MatMult            15000 1.0 1.6353e+03 1.0 1.06e+12 1.0 9.0e+04 1.6e+05 0.0e+00 48 67 35 14  0  71 81100100  0  2592
SFBcastOpBegin     15000 1.0 1.3612e+01 1.9 0.00e+00 0.0 9.0e+04 1.6e+05 0.0e+00  0  0 35 14  0   0  0100100  0     0
SFBcastOpEnd       15000 1.0 4.0532e+01 1.4 0.00e+00 0.0 0.0e+00 0.0e+00 0.0e+00  1  0  0  0  0   2  0  0  0  0     0
VecDot             15000 1.0 9.5659e+01 1.5 4.08e+10 1.0 0.0e+00 0.0e+00 1.5e+04  2  3  0  0  6   4  3  0  0 46  1705
VecDotNorm2         7500 1.0 5.8967e+01 2.0 4.08e+10 1.0 0.0e+00 0.0e+00 7.5e+03  1  3  0  0  3   2  3  0  0 23  2765
VecNorm            10000 1.0 3.1638e+01 1.2 2.72e+10 1.0 0.0e+00 0.0e+00 1.0e+04  1  2  0  0  4   1  2  0  0 31  3436
VecCopy             5000 1.0 3.7017e+01 1.0 0.00e+00 0.0 0.0e+00 0.0e+00 0.0e+00  1  0  0  0  0   2  0  0  0  0     0
VecSet              7500 1.0 3.6059e+01 1.0 0.00e+00 0.0 0.0e+00 0.0e+00 0.0e+00  1  0  0  0  0   2  0  0  0  0     0
VecAXPBYCZ         15000 1.0 1.4636e+02 1.0 8.16e+10 1.0 0.0e+00 0.0e+00 0.0e+00  4  5  0  0  0   6  6  0  0  0  2228
VecWAXPY           15000 1.0 1.4244e+02 1.0 4.08e+10 1.0 0.0e+00 0.0e+00 0.0e+00  4  3  0  0  0   6  3  0  0  0  1145
VecPointwiseMult   17500 1.0 1.4974e+02 1.1 2.38e+10 1.0 0.0e+00 0.0e+00 0.0e+00  4  1  0  0  0   6  2  0  0  0   635
VecScatterBegin    15000 1.0 1.3673e+01 1.9 0.00e+00 0.0 9.0e+04 1.6e+05 0.0e+00  0  0 35 14  0   0  0100100  0     0
VecScatterEnd      15000 1.0 4.0577e+01 1.4 0.00e+00 0.0 0.0e+00 0.0e+00 0.0e+00  1  0  0  0  0   2  0  0  0  0     0
KSPSetUp               1 1.0 2.9908e-02 1.0 0.00e+00 0.0 0.0e+00 0.0e+00 0.0e+00  0  0  0  0  0   0  0  0  0  0     0
KSPSolve            2500 1.0 2.2684e+03 1.0 1.32e+12 1.0 9.0e+04 1.6e+05 3.3e+04 68 83 35 14 13 100100100100100  2318
PCSetUp                1 1.0 1.8571e-06 2.9 0.00e+00 0.0 0.0e+00 0.0e+00 0.0e+00  0  0  0  0  0   0  0  0  0  0     0
PCApply            17500 1.0 1.4989e+02 1.1 2.38e+10 1.0 0.0e+00 0.0e+00 2.0e+00  4  1  0  0  0   6  2  0  0  0   635

--- Event Stage 4: rhsPoisson

BuildTwoSidedF      5000 1.0 1.1358e+01 6.0 0.00e+00 0.0 3.8e+04 7.2e+00 0.0e+00  0  0 15  0  0   9  0 83  0  0     0
MatMult             5000 1.0 7.7205e+01 1.0 1.25e+10 1.0 2.6e+04 1.5e+04 0.0e+00  2  1 10  0  0  93 84 58100  0   645
MatMultAdd          2500 1.0 5.1834e+01 1.0 2.29e+09 1.0 1.9e+04 7.2e+00 2.0e+00  2  0  7  0  0  62 16 42  0100   176
SFBcastOpBegin      2500 1.0 5.6975e-0137.6 0.00e+00 0.0 7.5e+03 5.4e+04 0.0e+00  0  0  3  0  0   0  0 17100  0     0
SFBcastOpEnd        2500 1.0 2.1426e+00 2.7 0.00e+00 0.0 0.0e+00 0.0e+00 0.0e+00  0  0  0  0  0   2  0  0  0  0     0
VecScale            2500 1.0 3.9622e-04 1.2 0.00e+00 0.0 0.0e+00 0.0e+00 0.0e+00  0  0  0  0  0   0  0  0  0  0     0
VecSet              2500 1.0 2.5598e+00 1.6 0.00e+00 0.0 0.0e+00 0.0e+00 0.0e+00  0  0  0  0  0   3  0  0  0  0     0
VecAXPY             2500 1.0 5.7501e+00 1.1 2.29e+09 1.0 0.0e+00 0.0e+00 0.0e+00  0  0  0  0  0   7 16  0  0  0  1590
VecAssemblyBegin    5000 1.0 1.3515e+01 2.9 0.00e+00 0.0 3.8e+04 7.2e+00 0.0e+00  0  0 15  0  0  11  0 83  0  0     0
VecAssemblyEnd      5000 1.0 2.3196e-02 1.2 0.00e+00 0.0 0.0e+00 0.0e+00 0.0e+00  0  0  0  0  0   0  0  0  0  0     0
VecScatterBegin     2500 1.0 5.7444e-0129.5 0.00e+00 0.0 7.5e+03 5.4e+04 0.0e+00  0  0  3  0  0   0  0 17100  0     0
VecScatterEnd       2500 1.0 2.1496e+00 2.7 0.00e+00 0.0 0.0e+00 0.0e+00 0.0e+00  0  0  0  0  0   2  0  0  0  0     0

--- Event Stage 5: solvePoisson

SFBcastOpBegin      5000 1.0 1.2251e+01 1.0 0.00e+00 0.0 1.5e+04 3.7e+06 0.0e+00  0  0  6 53  0   8  0 67 67  0     0
SFBcastOpEnd        5000 1.0 2.2376e+01 2.4 0.00e+00 0.0 0.0e+00 0.0e+00 0.0e+00  0  0  0  0  0   9  0  0  0  0     0
SFReduceBegin       2500 1.0 5.7537e+00604.8 0.00e+00 0.0 7.5e+03 3.7e+06 0.0e+00  0  0  3 26  0   1  0 33 33  0     0
SFReduceEnd         2500 1.0 1.6647e+01 1.5 0.00e+00 0.0 0.0e+00 0.0e+00 0.0e+00  0  0  0  0  0  10  0  0  0  0     0
VecScatterBegin     7500 1.0 1.7605e+01 1.5 0.00e+00 0.0 2.2e+04 3.7e+06 0.0e+00  0  0  9 79  0   9  0100100  0     0
VecScatterEnd       7500 1.0 3.3277e+01 1.3 0.00e+00 0.0 0.0e+00 0.0e+00 0.0e+00  1  0  0  0  0  19  0  0  0  0     0

--- Event Stage 6: update

MatMult             2500 1.0 4.2694e+01 1.1 1.02e+10 1.0 7.5e+03 5.4e+04 0.0e+00  1  1  3  0  0  65 53100100  0   955
SFBcastOpBegin      2500 1.0 4.2159e-0123.4 0.00e+00 0.0 7.5e+03 5.4e+04 0.0e+00  0  0  3  0  0   0  0100100  0     0
SFBcastOpEnd        2500 1.0 2.2283e+00 2.8 0.00e+00 0.0 0.0e+00 0.0e+00 0.0e+00  0  0  0  0  0   2  0  0  0  0     0
VecAXPY             7500 1.0 2.3448e+01 1.1 9.10e+09 1.0 0.0e+00 0.0e+00 0.0e+00  1  1  0  0  0  35 47  0  0  0  1550
VecScatterBegin     2500 1.0 4.3479e-0116.5 0.00e+00 0.0 7.5e+03 5.4e+04 0.0e+00  0  0  3  0  0   0  0100100  0     0
VecScatterEnd       2500 1.0 2.2358e+00 2.8 0.00e+00 0.0 0.0e+00 0.0e+00 0.0e+00  0  0  0  0  0   2  0  0  0  0     0

--- Event Stage 7: write

VecView               44 1.0 1.8051e+01 1.0 0.00e+00 0.0 0.0e+00 0.0e+00 0.0e+00  1  0  0  0  0  99  0  0  0  0     0

--- Event Stage 8: monitor


--- Event Stage 9: rhsForces

MatMult             2500 1.0 1.0426e+00 1.5 2.28e+08 1.0 7.5e+03 5.7e+04 0.0e+00  0  0  3  0  0  98 98100100  0   871
SFBcastOpBegin      2500 1.0 2.2255e-0126.7 0.00e+00 0.0 7.5e+03 5.7e+04 0.0e+00  0  0  3  0  0   7  0100100  0     0
SFBcastOpEnd        2500 1.0 6.7407e-01 5.5 0.00e+00 0.0 0.0e+00 0.0e+00 0.0e+00  0  0  0  0  0  54  0  0  0  0     0
VecScale            2500 1.0 1.9773e-02 3.5 4.22e+06 1.0 0.0e+00 0.0e+00 0.0e+00  0  0  0  0  0   1  2  0  0  0   854
VecScatterBegin     2500 1.0 2.2769e-0117.5 0.00e+00 0.0 7.5e+03 5.7e+04 0.0e+00  0  0  3  0  0   7  0100100  0     0
VecScatterEnd       2500 1.0 6.7726e-01 5.4 0.00e+00 0.0 0.0e+00 0.0e+00 0.0e+00  0  0  0  0  0  54  0  0  0  0     0

--- Event Stage 10: solveForces

MatSolve            2500 1.0 6.8152e+00 1.0 0.00e+00 0.0 0.0e+00 0.0e+00 0.0e+00  0  0  0  0  0  98  0  0  0  0     0
MatLUFactorSym         1 1.0 1.0271e-04 1.0 0.00e+00 0.0 0.0e+00 0.0e+00 0.0e+00  0  0  0  0  0   0  0  0  0  0     0
MatLUFactorNum         1 1.0 1.2592e-01 1.0 0.00e+00 0.0 0.0e+00 0.0e+00 0.0e+00  0  0  0  0  0   2  0  0  0  0     0
MatGetRowIJ            1 1.0 8.4192e-07 5.3 0.00e+00 0.0 0.0e+00 0.0e+00 0.0e+00  0  0  0  0  0   0  0  0  0  0     0
MatGetOrdering         1 1.0 7.6475e-05 3.1 0.00e+00 0.0 0.0e+00 0.0e+00 0.0e+00  0  0  0  0  0   0  0  0  0  0     0
VecCopy             2500 1.0 1.1181e-02 4.2 0.00e+00 0.0 0.0e+00 0.0e+00 0.0e+00  0  0  0  0  0   0  0  0  0  0     0
VecSet              2500 1.0 1.0921e-02 2.3 0.00e+00 0.0 0.0e+00 0.0e+00 0.0e+00  0  0  0  0  0   0  0  0  0  0     0
KSPSetUp               1 1.0 7.4133e-07 2.8 0.00e+00 0.0 0.0e+00 0.0e+00 0.0e+00  0  0  0  0  0   0  0  0  0  0     0
KSPSolve            2500 1.0 6.9886e+00 1.1 0.00e+00 0.0 0.0e+00 0.0e+00 6.0e+00  0  0  0  0  0 100  0  0  0100     0
PCSetUp                1 1.0 1.2631e-01 1.0 0.00e+00 0.0 0.0e+00 0.0e+00 6.0e+00  0  0  0  0  0   2  0  0  0100     0
PCApply             2500 1.0 6.8227e+00 1.0 0.00e+00 0.0 0.0e+00 0.0e+00 0.0e+00  0  0  0  0  0  98  0  0  0  0     0

--- Event Stage 11: integrateForces

------------------------------------------------------------------------------------------------------------------------

Memory usage is given in bytes:

Object Type          Creations   Destructions     Memory  Descendants' Mem.
Reports information only for process 0.

--- Event Stage 0: Main Stage

    Distributed Mesh     0              7        39180     0.
              Matrix     0             42   1407572352     0.
           Index Set     0             10      7292424     0.
   IS L to G Mapping     0              6     13742012     0.
   Star Forest Graph     0             31        29768     0.
     Discrete System     0              7         6664     0.
              Vector     0             44    231360840     0.
         Vec Scatter     0             17        13736     0.
   Application Order     0              4     58117728     0.
              Viewer     6              7         5936     0.
       Krylov Solver     0              2         2968     0.
      Preconditioner     0              2         1872     0.

--- Event Stage 1: initialize

    Distributed Mesh     7              0            0     0.
              Matrix    78             37   2638172144     0.
           Index Set    66             58     22407652     0.
   IS L to G Mapping     9              3      5882040     0.
   Star Forest Graph    46             15        15000     0.
     Discrete System     7              0            0     0.
              Vector   103             68     62811936     0.
         Vec Scatter    31             14        11280     0.
   Application Order     4              0            0     0.
              Viewer     7              5         4040     0.
       Krylov Solver     2              0            0     0.
      Preconditioner     2              0            0     0.

--- Event Stage 2: rhsVelocity

              Vector     1              0            0     0.

--- Event Stage 3: solveVelocity

              Vector     7              0            0     0.

--- Event Stage 4: rhsPoisson

              Vector     1              0            0     0.

--- Event Stage 5: solvePoisson


--- Event Stage 6: update


--- Event Stage 7: write

              Viewer    22             22        17776     0.

--- Event Stage 8: monitor


--- Event Stage 9: rhsForces


--- Event Stage 10: solveForces

              Matrix     1              0            0     0.
           Index Set     4              2        15080     0.

--- Event Stage 11: integrateForces

========================================================================================================================
Average time to get PetscTime(): 2.79397e-08
Average time for MPI_Barrier(): 1.85221e-06
Average time for zero size MPI_Send(): 1.42399e-06
#PETSc Option Table entries:
-forces_ksp_type preonly
-forces_pc_factor_mat_solver_type superlu_dist
-forces_pc_type lu
-log_view ascii:view.log
-options_left
-velocity_ksp_atol 1e-6
-velocity_ksp_max_it 1000
-velocity_ksp_rtol 0.0
-velocity_ksp_type bcgs
-velocity_pc_jacobi_type diagonal
-velocity_pc_type jacobi
#End of PETSc Option Table entries
Compiled without FORTRAN kernels
Compiled with full precision matrices (default)
sizeof(short) 2 sizeof(int) 4 sizeof(long) 8 sizeof(void*) 8 sizeof(PetscScalar) 8 sizeof(PetscInt) 4
Configure options: --prefix=/usr/local/petsc-3.12.2 PETSC_DIR=/opt/petsc/3.12.2 PETSC_ARCH=linux-gnu-openmpi-opt COPTFLAGS=-O3 CXXOPTFLAGS=-O3 --with-fc=0 --with-shared-libraries=1 --with-pic=1 --with-cxx-dialect=C++11 --with-debugging=0 --with-mpi-dir=/usr/local/openmpi-3.1.4 --download-hdf5 --download-f2cblaslapack --download-hypre --download-ptscotch --download-metis --download-parmetis --download-superlu_dist
-----------------------------------------
Libraries compiled on 2019-12-11 22:11:45 on 584a588926bb 
Machine characteristics: Linux-4.4.0-127-generic-x86_64-with-Ubuntu-16.04-xenial
Using PETSc directory: /usr/local/petsc-3.12.2
Using PETSc arch: 
-----------------------------------------

Using C compiler: /usr/local/openmpi-3.1.4/bin/mpicc  -fPIC -Wall -Wwrite-strings -Wno-strict-aliasing -Wno-unknown-pragmas -fstack-protector -fvisibility=hidden -O3  
-----------------------------------------

Using include paths: -I/usr/local/petsc-3.12.2/include -I/usr/local/openmpi-3.1.4/include
-----------------------------------------

Using C linker: /usr/local/openmpi-3.1.4/bin/mpicc
Using libraries: -Wl,-rpath,/usr/local/petsc-3.12.2/lib -L/usr/local/petsc-3.12.2/lib -lpetsc -Wl,-rpath,/usr/local/petsc-3.12.2/lib -L/usr/local/petsc-3.12.2/lib -lHYPRE -lsuperlu_dist -lf2clapack -lf2cblas -lptesmumps -lptscotchparmetis -lptscotch -lptscotcherr -lesmumps -lscotch -lscotcherr -lhdf5_hl -lhdf5 -lparmetis -lmetis -lm -lrt -lquadmath -lstdc++ -ldl
-----------------------------------------

