************************************************************************************************************************
***             WIDEN YOUR WINDOW TO 120 CHARACTERS.  Use 'enscript -r -fCourier9' to print this document            ***
************************************************************************************************************************

---------------------------------------------- PETSc Performance Summary: ----------------------------------------------

petibm-flapping on a  named ee5e3b7352fe with 2 processors, by Unknown Sat Oct  1 01:05:21 2022
Using Petsc Release Version 3.12.2, Nov, 22, 2019 

                         Max       Max/Min     Avg       Total 
Time (sec):           3.028e+02     1.000   3.028e+02
Objects:              2.565e+05     1.000   2.565e+05
Flop:                 1.004e+11     1.003   1.002e+11  2.004e+11
Flop/sec:             3.315e+08     1.003   3.309e+08  6.619e+08
MPI Messages:         1.061e+05     1.031   1.045e+05  2.091e+05
MPI Message Lengths:  1.961e+09     1.001   1.875e+04  3.921e+09
MPI Reductions:       1.815e+06     1.000

Flop counting convention: 1 flop = 1 real number operation of type (multiply/divide/add/subtract)
                            e.g., VecAXPY() for real vectors of length N --> 2N flop
                            and VecAXPY() for complex vectors of length N --> 8N flop

Summary of Stages:   ----- Time ------  ----- Flop ------  --- Messages ---  -- Message Lengths --  -- Reductions --
                        Avg     %Total     Avg     %Total    Count   %Total     Avg         %Total    Count   %Total 
 0:      Main Stage: 8.4344e-01   0.3%  9.3312e+06   0.0%  3.720e+03   1.8%  5.566e+02        0.1%  6.800e+01   0.0% 
 1:      initialize: 2.0739e+00   0.7%  3.8398e+06   0.0%  9.500e+01   0.0%  5.058e+04        0.1%  2.650e+02   0.0% 
 2:     rhsVelocity: 1.5139e+01   5.0%  2.0015e+10  10.0%  2.612e+04  12.5%  2.677e+03        1.8%  0.000e+00   0.0% 
 3:   solveVelocity: 8.2820e+01  27.3%  1.7450e+11  87.1%  7.022e+04  33.6%  4.712e+03        8.4%  7.023e+04   3.9% 
 4:      rhsPoisson: 2.5383e+00   0.8%  2.5073e+09   1.3%  1.920e+04   9.2%  3.993e+02        0.2%  2.000e+00   0.0% 
 5:    solvePoisson: 4.6894e+01  15.5%  0.0000e+00   0.0%  9.600e+03   4.6%  3.493e+05       85.5%  0.000e+00   0.0% 
 6:          update: 2.3738e+00   0.8%  3.3447e+09   1.7%  3.200e+03   1.5%  2.360e+03        0.2%  0.000e+00   0.0% 
 7:           write: 1.0445e+01   3.4%  0.0000e+00   0.0%  0.000e+00   0.0%  0.000e+00        0.0%  2.120e+02   0.0% 
 8:         monitor: 3.5879e-04   0.0%  0.0000e+00   0.0%  0.000e+00   0.0%  0.000e+00        0.0%  0.000e+00   0.0% 
 9:       rhsForces: 5.4790e-02   0.0%  1.0621e+07   0.0%  3.720e+03   1.8%  2.023e+03        0.2%  0.000e+00   0.0% 
10:     solveForces: 3.0734e+00   1.0%  0.0000e+00   0.0%  0.000e+00   0.0%  0.000e+00        0.0%  1.920e+04   1.1% 
11: integrateForces: 1.2156e-01   0.0%  0.0000e+00   0.0%  0.000e+00   0.0%  0.000e+00        0.0%  3.200e+03   0.2% 
12:          moveIB: 1.3447e+02  44.4%  4.7698e+07   0.0%  7.314e+04  35.0%  1.878e+03        3.5%  1.696e+05   9.3% 

------------------------------------------------------------------------------------------------------------------------
See the 'Profiling' chapter of the users' manual for details on interpreting output.
Phase summary info:
   Count: number of times phase was executed
   Time and Flop: Max - maximum over all processors
                  Ratio - ratio of maximum to minimum over all processors
   Mess: number of messages sent
   AvgLen: average message length (bytes)
   Reduct: number of global reductions
   Global: entire computation
   Stage: stages of a computation. Set stages with PetscLogStagePush() and PetscLogStagePop().
      %T - percent time in this phase         %F - percent flop in this phase
      %M - percent messages in this phase     %L - percent message lengths in this phase
      %R - percent reductions in this phase
   Total Mflop/s: 10e-6 * (sum of flop over all processors)/(max time over all processors)
------------------------------------------------------------------------------------------------------------------------
Event                Count      Time (sec)     Flop                              --- Global ---  --- Stage ----  Total
                   Max Ratio  Max     Ratio   Max  Ratio  Mess   AvgLen  Reduct  %T %F %M %L %R  %T %F %M %L %R Mflop/s
------------------------------------------------------------------------------------------------------------------------

--- Event Stage 0: Main Stage

MatMultAdd          3200 1.0 5.7482e-01 1.0 4.68e+06 1.0 3.7e+03 5.6e+02 0.0e+00  0  0  2  0  0  68100100100  0    16
SFBcastOpBegin      3200 1.0 1.9453e-02 1.0 0.00e+00 0.0 3.7e+03 5.6e+02 0.0e+00  0  0  2  0  0   2  0100100  0     0
SFBcastOpEnd        3200 1.0 1.2778e-02 1.1 0.00e+00 0.0 0.0e+00 0.0e+00 0.0e+00  0  0  0  0  0   1  0  0  0  0     0
VecScatterBegin     3200 1.0 2.2298e-02 1.0 0.00e+00 0.0 3.7e+03 5.6e+02 0.0e+00  0  0  2  0  0   3  0100100  0     0
VecScatterEnd       3200 1.0 1.5140e-02 1.1 0.00e+00 0.0 0.0e+00 0.0e+00 0.0e+00  0  0  0  0  0   2  0  0  0  0     0

--- Event Stage 1: initialize

BuildTwoSided         29 1.0 5.3929e-03 7.5 0.00e+00 0.0 2.0e+01 4.0e+00 0.0e+00  0  0  0  0  0   0  0 21  0  0     0
BuildTwoSidedF        23 1.0 1.3486e-02 2.6 0.00e+00 0.0 3.0e+00 4.0e+03 0.0e+00  0  0  0  0  0   0  0  3  0  0     0
MatConvert             3 1.0 1.0968e-02 1.1 0.00e+00 0.0 9.0e+00 1.6e+03 0.0e+00  0  0  0  0  0   1  0  9  0  0     0
MatScale               3 1.0 1.1850e-03 1.1 7.82e+05 1.0 4.0e+00 1.1e+03 0.0e+00  0  0  0  0  0   0 41  4  0  0  1318
MatAssemblyBegin      38 1.0 1.3772e-02 2.5 0.00e+00 0.0 3.0e+00 4.0e+03 0.0e+00  0  0  0  0  0   0  0  3  0  0     0
MatAssemblyEnd        38 1.0 4.7322e-02 1.1 0.00e+00 0.0 3.4e+01 6.4e+02 7.3e+01  0  0  0  0  0   2  0 36  0 28     0
MatGetRowIJ            1 1.0 4.7497e-07 1.9 0.00e+00 0.0 0.0e+00 0.0e+00 0.0e+00  0  0  0  0  0   0  0  0  0  0     0
MatCreateSubMat        1 1.0 3.1391e-02 1.0 0.00e+00 0.0 5.0e+00 5.9e+05 1.2e+01  0  0  0  0  0   2  0  5 62  5     0
MatTranspose           1 1.0 3.4154e-03 1.0 0.00e+00 0.0 1.1e+01 1.3e+03 6.0e+00  0  0  0  0  0   0  0 12  0  2     0
MatMatMult             4 1.0 3.1655e-02 1.0 1.05e+06 1.0 2.2e+01 1.5e+03 3.2e+01  0  0  0  0  0   2 55 24  1 12    66
MatMatMultSym          4 1.0 2.5793e-02 1.0 0.00e+00 0.0 2.0e+01 1.2e+03 3.2e+01  0  0  0  0  0   1  0 21  0 12     0
MatMatMultNum          4 1.0 5.8267e-03 1.0 1.05e+06 1.0 3.0e+00 3.8e+03 0.0e+00  0  0  0  0  0   0 55  3  0  0   361
MatGetLocalMat         9 1.0 1.4412e-02 1.3 0.00e+00 0.0 0.0e+00 0.0e+00 0.0e+00  0  0  0  0  0   1  0  0  0  0     0
MatGetBrAoCol          8 1.0 5.3425e-04 1.0 0.00e+00 0.0 1.2e+01 2.5e+03 0.0e+00  0  0  0  0  0   0  0 13  1  0     0
DMCreateMat            1 1.0 1.0280e-01 1.0 0.00e+00 0.0 1.5e+01 9.4e+02 3.2e+01  0  0  0  0  0   5  0 16  0 12     0
SFSetGraph            29 1.0 1.5345e-04 2.0 0.00e+00 0.0 0.0e+00 0.0e+00 0.0e+00  0  0  0  0  0   0  0  0  0  0     0
SFSetUp               29 1.0 8.3753e-03 1.3 0.00e+00 0.0 6.0e+01 6.6e+03 0.0e+00  0  0  0  0  0   0  0 63  8  0     0
SFBcastOpBegin         3 1.0 1.9351e-05 1.1 0.00e+00 0.0 6.0e+00 1.5e+03 0.0e+00  0  0  0  0  0   0  0  6  0  0     0
SFBcastOpEnd           3 1.0 1.2062e-05 1.1 0.00e+00 0.0 0.0e+00 0.0e+00 0.0e+00  0  0  0  0  0   0  0  0  0  0     0
SFReduceBegin          2 1.0 2.6440e-05 1.0 0.00e+00 0.0 3.0e+00 3.6e+02 0.0e+00  0  0  0  0  0   0  0  3  0  0     0
SFReduceEnd            2 1.0 8.8196e-06 1.2 0.00e+00 0.0 0.0e+00 0.0e+00 0.0e+00  0  0  0  0  0   0  0  0  0  0     0
VecView               15 0.0 8.6620e-01 0.0 0.00e+00 0.0 0.0e+00 0.0e+00 0.0e+00  0  0  0  0  0  21  0  0  0  0     0
VecSet                32 1.0 2.9218e-04 1.4 0.00e+00 0.0 0.0e+00 0.0e+00 0.0e+00  0  0  0  0  0   0  0  0  0  0     0
VecScatterBegin        4 1.3 6.5340e-05 3.2 0.00e+00 0.0 6.0e+00 1.5e+03 0.0e+00  0  0  0  0  0   0  0  6  0  0     0
VecScatterEnd          3 1.0 1.3944e-05 1.1 0.00e+00 0.0 0.0e+00 0.0e+00 0.0e+00  0  0  0  0  0   0  0  0  0  0     0

--- Event Stage 2: rhsVelocity

BuildTwoSidedF      6400 1.0 9.9012e-02 1.1 0.00e+00 0.0 0.0e+00 0.0e+00 0.0e+00  0  0  0  0  0   1  0  0  0  0     0
MatMult            16000 1.0 1.1887e+01 1.0 5.56e+09 1.0 2.2e+04 3.0e+03 0.0e+00  4  6 11  2  0  78 55 86 97  0   933
MatMultAdd          6400 1.0 1.6224e+00 1.0 5.63e+08 1.0 3.7e+03 5.6e+02 0.0e+00  1  1  2  0  0  11  6 14  3  0   692
SFBcastOpBegin     16000 1.0 5.6179e-01 1.0 0.00e+00 0.0 2.6e+04 2.7e+03 0.0e+00  0  0 12  2  0   4  0100100  0     0
SFBcastOpEnd       16000 1.0 1.1309e+00 1.6 0.00e+00 0.0 0.0e+00 0.0e+00 0.0e+00  0  0  0  0  0   6  0  0  0  0     0
VecScale           22400 1.0 6.2172e-01 1.1 1.12e+09 1.0 0.0e+00 0.0e+00 0.0e+00  0  1  0  0  0   4 11  0  0  0  3583
VecSet              6400 1.0 5.5335e-01 1.0 0.00e+00 0.0 0.0e+00 0.0e+00 0.0e+00  0  0  0  0  0   4  0  0  0  0     0
VecAXPY            19200 1.0 1.6071e+00 1.0 3.35e+09 1.0 0.0e+00 0.0e+00 0.0e+00  1  3  0  0  0  11 33  0  0  0  4159
VecSwap             3200 1.0 5.7603e-01 1.0 0.00e+00 0.0 0.0e+00 0.0e+00 0.0e+00  0  0  0  0  0   4  0  0  0  0     0
VecAssemblyBegin    6400 1.0 1.5972e-01 1.1 0.00e+00 0.0 0.0e+00 0.0e+00 0.0e+00  0  0  0  0  0   1  0  0  0  0     0
VecAssemblyEnd      6400 1.0 9.9264e-03 1.0 0.00e+00 0.0 0.0e+00 0.0e+00 0.0e+00  0  0  0  0  0   0  0  0  0  0     0
VecScatterBegin    16000 1.0 5.7798e-01 1.0 0.00e+00 0.0 2.6e+04 2.7e+03 0.0e+00  0  0 12  2  0   4  0100100  0     0
VecScatterEnd      16000 1.0 1.1458e+00 1.6 0.00e+00 0.0 0.0e+00 0.0e+00 0.0e+00  0  0  0  0  0   6  0  0  0  0     0

--- Event Stage 3: solveVelocity

MatMult            35112 1.0 5.4702e+01 1.0 5.18e+10 1.0 7.0e+04 4.7e+03 0.0e+00 18 52 34  8  0  66 59100100  0  1890
SFBcastOpBegin     35112 1.0 2.5679e-01 1.2 0.00e+00 0.0 7.0e+04 4.7e+03 0.0e+00  0  0 34  8  0   0  0100100  0     0
SFBcastOpEnd       35112 1.0 3.4012e+00 2.0 0.00e+00 0.0 0.0e+00 0.0e+00 0.0e+00  1  0  0  0  0   3  0  0  0  0     0
VecDot             31912 1.0 3.5815e+00 1.1 5.56e+09 1.0 0.0e+00 0.0e+00 3.2e+04  1  6  0  0  2   4  6  0  0 45  3102
VecDotNorm2        15956 1.0 1.9230e+00 1.0 5.56e+09 1.0 0.0e+00 0.0e+00 1.6e+04  1  6  0  0  1   2  6  0  0 23  5777
VecNorm            22356 1.0 1.8262e+00 1.1 3.90e+09 1.0 0.0e+00 0.0e+00 2.2e+04  1  4  0  0  1   2  4  0  0 32  4261
VecCopy             6399 1.0 1.0286e+00 1.0 0.00e+00 0.0 0.0e+00 0.0e+00 0.0e+00  0  0  0  0  0   1  0  0  0  0     0
VecSet              6398 1.0 7.0289e-01 1.0 0.00e+00 0.0 0.0e+00 0.0e+00 0.0e+00  0  0  0  0  0   1  0  0  0  0     0
VecAXPY             3200 1.0 3.1810e-01 1.0 5.58e+08 1.0 0.0e+00 0.0e+00 0.0e+00  0  1  0  0  0   0  1  0  0  0  3502
VecAXPBYCZ         31912 1.0 5.2450e+00 1.0 1.11e+10 1.0 0.0e+00 0.0e+00 0.0e+00  2 11  0  0  0   6 13  0  0  0  4236
VecWAXPY           31912 1.0 4.1250e+00 1.0 5.56e+09 1.0 0.0e+00 0.0e+00 0.0e+00  1  6  0  0  0   5  6  0  0  0  2693
VecPointwiseMult   38312 1.0 9.0689e+00 1.0 3.34e+09 1.0 0.0e+00 0.0e+00 0.0e+00  3  3  0  0  0  11  4  0  0  0   735
VecScatterBegin    35112 1.0 3.0779e-01 1.2 0.00e+00 0.0 7.0e+04 4.7e+03 0.0e+00  0  0 34  8  0   0  0100100  0     0
VecScatterEnd      35112 1.0 3.5026e+00 2.0 0.00e+00 0.0 0.0e+00 0.0e+00 0.0e+00  1  0  0  0  0   3  0  0  0  0     0
KSPSetUp               1 1.0 7.9821e-04 1.0 0.00e+00 0.0 0.0e+00 0.0e+00 0.0e+00  0  0  0  0  0   0  0  0  0  0     0
KSPSolve            3200 1.0 8.2812e+01 1.0 8.74e+10 1.0 7.0e+04 4.7e+03 7.0e+04 27 87 34  8  4 100100100100100  2107
PCSetUp                1 1.0 7.6927e-07 1.8 0.00e+00 0.0 0.0e+00 0.0e+00 0.0e+00  0  0  0  0  0   0  0  0  0  0     0
PCApply            38312 1.0 9.1140e+00 1.0 3.34e+09 1.0 0.0e+00 0.0e+00 2.0e+00  3  3  0  0  0  11  4  0  0  0   732

--- Event Stage 4: rhsPoisson

BuildTwoSidedF      6400 1.0 1.2200e-01 1.3 0.00e+00 0.0 1.6e+04 7.2e+00 0.0e+00  0  0  8  0  0   4  0 83  2  0     0
MatMult             6400 1.0 2.3719e+00 1.0 9.74e+08 1.0 1.1e+04 6.8e+02 0.0e+00  1  1  5  0  0  93 78 58 99  0   821
MatMultAdd          3200 1.0 1.0249e+00 1.0 2.79e+08 1.0 8.0e+03 7.2e+00 2.0e+00  0  0  4  0  0  40 22 42  1100   545
SFBcastOpBegin      3200 1.0 8.0861e-03 2.4 0.00e+00 0.0 3.2e+03 2.4e+03 0.0e+00  0  0  2  0  0   0  0 17 98  0     0
SFBcastOpEnd        3200 1.0 7.2506e-02 6.4 0.00e+00 0.0 0.0e+00 0.0e+00 0.0e+00  0  0  0  0  0   2  0  0  0  0     0
VecScale            3200 1.0 2.9962e-04 1.0 0.00e+00 0.0 0.0e+00 0.0e+00 0.0e+00  0  0  0  0  0   0  0  0  0  0     0
VecSet              3200 1.0 1.5034e-01 1.0 0.00e+00 0.0 0.0e+00 0.0e+00 0.0e+00  0  0  0  0  0   6  0  0  0  0     0
VecAXPY             3200 1.0 1.0956e-01 1.0 2.79e+08 1.0 0.0e+00 0.0e+00 0.0e+00  0  0  0  0  0   4 22  0  0  0  5101
VecAssemblyBegin    6400 1.0 1.6613e-01 1.1 0.00e+00 0.0 1.6e+04 7.2e+00 0.0e+00  0  0  8  0  0   6  0 83  2  0     0
VecAssemblyEnd      6400 1.0 1.3297e-02 1.1 0.00e+00 0.0 0.0e+00 0.0e+00 0.0e+00  0  0  0  0  0   1  0  0  0  0     0
VecScatterBegin     3200 1.0 9.5663e-03 2.0 0.00e+00 0.0 3.2e+03 2.4e+03 0.0e+00  0  0  2  0  0   0  0 17 98  0     0
VecScatterEnd       3200 1.0 7.5079e-02 5.6 0.00e+00 0.0 0.0e+00 0.0e+00 0.0e+00  0  0  0  0  0   2  0  0  0  0     0

--- Event Stage 5: solvePoisson

SFBcastOpBegin      6400 1.0 4.4547e-01 1.0 0.00e+00 0.0 6.4e+03 3.5e+05 0.0e+00  0  0  3 57  0   1  0 67 67  0     0
SFBcastOpEnd        6400 1.0 1.1645e+00 2.1 0.00e+00 0.0 0.0e+00 0.0e+00 0.0e+00  0  0  0  0  0   2  0  0  0  0     0
SFReduceBegin       3200 1.0 2.3873e-0134.1 0.00e+00 0.0 3.2e+03 3.5e+05 0.0e+00  0  0  2 29  0   0  0 33 33  0     0
SFReduceEnd         3200 1.0 7.3697e-01 1.5 0.00e+00 0.0 0.0e+00 0.0e+00 0.0e+00  0  0  0  0  0   1  0  0  0  0     0
VecScatterBegin     9600 1.0 6.7960e-01 1.5 0.00e+00 0.0 9.6e+03 3.5e+05 0.0e+00  0  0  5 86  0   1  0100100  0     0
VecScatterEnd       9600 1.0 1.6732e+00 1.3 0.00e+00 0.0 0.0e+00 0.0e+00 0.0e+00  0  0  0  0  0   3  0  0  0  0     0

--- Event Stage 6: update

MatMult             3200 1.0 1.7807e+00 1.0 8.37e+08 1.0 3.2e+03 2.4e+03 0.0e+00  1  1  2  0  0  75 50100100  0   938
SFBcastOpBegin      3200 1.0 1.3467e-02 2.1 0.00e+00 0.0 3.2e+03 2.4e+03 0.0e+00  0  0  2  0  0   0  0100100  0     0
SFBcastOpEnd        3200 1.0 4.6721e-02 2.0 0.00e+00 0.0 0.0e+00 0.0e+00 0.0e+00  0  0  0  0  0   1  0  0  0  0     0
VecAXPY             9600 1.0 5.8613e-01 1.0 8.38e+08 1.0 0.0e+00 0.0e+00 0.0e+00  0  1  0  0  0  25 50  0  0  0  2856
VecScatterBegin     3200 1.0 1.7031e-02 1.7 0.00e+00 0.0 3.2e+03 2.4e+03 0.0e+00  0  0  2  0  0   1  0100100  0     0
VecScatterEnd       3200 1.0 5.2872e-02 2.0 0.00e+00 0.0 0.0e+00 0.0e+00 0.0e+00  0  0  0  0  0   2  0  0  0  0     0

--- Event Stage 7: write

VecView              115 1.0 1.0100e+01 1.0 0.00e+00 0.0 0.0e+00 0.0e+00 0.0e+00  3  0  0  0  0  97  0  0  0  0     0

--- Event Stage 8: monitor


--- Event Stage 9: rhsForces

MatMult             3200 1.0 4.2254e-02 1.0 4.59e+06 1.0 3.7e+03 2.0e+03 0.0e+00  0  0  2  0  0  77 85100100  0   215
SFBcastOpBegin      3200 1.0 1.3504e-02 1.0 0.00e+00 0.0 3.7e+03 2.0e+03 0.0e+00  0  0  2  0  0  24  0100100  0     0
SFBcastOpEnd        3200 1.0 9.7722e-03 1.1 0.00e+00 0.0 0.0e+00 0.0e+00 0.0e+00  0  0  0  0  0  17  0  0  0  0     0
VecScale            3200 1.0 3.1231e-03 1.1 2.62e+05 1.0 0.0e+00 0.0e+00 0.0e+00  0  0  0  0  0   6  5  0  0  0   166
VecAYPX             3200 1.0 3.4032e-03 1.1 5.25e+05 1.0 0.0e+00 0.0e+00 0.0e+00  0  0  0  0  0   6 10  0  0  0   305
VecScatterBegin     3200 1.0 1.7704e-02 1.0 0.00e+00 0.0 3.7e+03 2.0e+03 0.0e+00  0  0  2  0  0  32  0100100  0     0
VecScatterEnd       3200 1.0 1.1265e-02 1.0 0.00e+00 0.0 0.0e+00 0.0e+00 0.0e+00  0  0  0  0  0  20  0  0  0  0     0

--- Event Stage 10: solveForces

MatSolve            3200 1.0 2.3447e-01 1.0 0.00e+00 0.0 0.0e+00 0.0e+00 0.0e+00  0  0  0  0  0   8  0  0  0  0     0
MatLUFactorSym      3200 1.0 2.3181e-01 1.0 0.00e+00 0.0 0.0e+00 0.0e+00 0.0e+00  0  0  0  0  0   8  0  0  0  0     0
MatLUFactorNum      3200 1.0 2.2057e+00 1.0 0.00e+00 0.0 0.0e+00 0.0e+00 0.0e+00  1  0  0  0  0  72  0  0  0  0     0
MatGetRowIJ         3200 1.0 9.1817e-04 1.1 0.00e+00 0.0 0.0e+00 0.0e+00 0.0e+00  0  0  0  0  0   0  0  0  0  0     0
MatGetOrdering      3200 1.0 7.3153e-02 1.0 0.00e+00 0.0 0.0e+00 0.0e+00 0.0e+00  0  0  0  0  0   2  0  0  0  0     0
VecCopy             3200 1.0 1.9688e-03 1.0 0.00e+00 0.0 0.0e+00 0.0e+00 0.0e+00  0  0  0  0  0   0  0  0  0  0     0
VecSet              3200 1.0 2.6245e-03 1.0 0.00e+00 0.0 0.0e+00 0.0e+00 0.0e+00  0  0  0  0  0   0  0  0  0  0     0
KSPSetUp            3200 1.0 9.0336e-04 1.0 0.00e+00 0.0 0.0e+00 0.0e+00 0.0e+00  0  0  0  0  0   0  0  0  0  0     0
KSPSolve            3200 1.0 3.0671e+00 1.0 0.00e+00 0.0 0.0e+00 0.0e+00 1.9e+04  1  0  0  0  1 100  0  0  0100     0
PCSetUp             3200 1.0 2.8066e+00 1.0 0.00e+00 0.0 0.0e+00 0.0e+00 1.9e+04  1  0  0  0  1  91  0  0  0100     0
PCApply             3200 1.0 2.3716e-01 1.0 0.00e+00 0.0 0.0e+00 0.0e+00 0.0e+00  0  0  0  0  0   8  0  0  0  0     0

--- Event Stage 11: integrateForces


--- Event Stage 12: moveIB

BuildTwoSided      28800 1.0 3.2212e-01 1.0 0.00e+00 0.0 1.4e+04 4.0e+00 0.0e+00  0  0  7  0  0   0  0 19  0  0     0
BuildTwoSidedF     22400 1.0 5.8136e-01 1.0 0.00e+00 0.0 5.6e+03 6.6e+03 0.0e+00  0  0  3  1  0   0  0  8 27  0     0
MatConvert          3200 1.0 1.1183e+01 1.0 0.00e+00 0.0 9.6e+03 1.6e+03 0.0e+00  4  0  5  0  0   8  0 13 11  0     0
MatScale            6400 1.0 6.6719e-02 1.0 4.72e+06 1.0 7.4e+03 2.0e+03 0.0e+00  0  0  4  0  0   0 20 10 11  0   140
MatAssemblyBegin   44800 1.0 8.5064e-01 1.0 0.00e+00 0.0 5.6e+03 6.6e+03 0.0e+00  0  0  3  1  0   1  0  8 27  0     0
MatAssemblyEnd     44800 1.0 4.3008e+01 1.0 0.00e+00 0.0 2.6e+04 2.5e+02 9.3e+04 14  0 13  0  5  32  0 36  5 55     0
MatTranspose        3200 1.0 9.7040e+00 1.0 0.00e+00 0.0 2.0e+04 2.2e+03 1.9e+04  3  0 10  1  1   7  0 28 33 11     0
MatMatMult          6400 1.0 2.5501e+01 1.0 1.94e+07 1.0 3.0e+04 1.9e+03 5.1e+04  8  0 14  1  3  19 80 41 42 30     2
MatMatMultSym       6400 1.0 2.2112e+01 1.0 0.00e+00 0.0 2.6e+04 1.4e+03 5.1e+04  7  0 13  1  3  16  0 36 27 30     0
MatMatMultNum       6400 1.0 3.3514e+00 1.0 1.94e+07 1.0 3.7e+03 5.6e+03 0.0e+00  1  0  2  1  0   2 80  5 15  0    11
MatGetLocalMat     12800 1.0 1.0488e+01 1.0 0.00e+00 0.0 0.0e+00 0.0e+00 0.0e+00  3  0  0  0  0   8  0  0  0  0     0
MatGetBrAoCol      12800 1.0 7.6429e-01 1.0 0.00e+00 0.0 1.5e+04 3.8e+03 0.0e+00  0  0  7  1  0   1  0 20 41  0     0
SFSetGraph         28800 1.0 1.6995e-02 1.0 0.00e+00 0.0 0.0e+00 0.0e+00 0.0e+00  0  0  0  0  0   0  0  0  0  0     0
SFSetUp            28800 1.0 5.7741e-01 1.0 0.00e+00 0.0 4.2e+04 6.2e+02 0.0e+00  0  0 20  1  0   0  0 57 19  0     0
SFBcastOpBegin      6400 1.0 2.6668e-02 1.0 0.00e+00 0.0 7.4e+03 2.0e+03 0.0e+00  0  0  4  0  0   0  0 10 11  0     0
SFBcastOpEnd        6400 1.0 1.3267e-02 1.0 0.00e+00 0.0 0.0e+00 0.0e+00 0.0e+00  0  0  0  0  0   0  0  0  0  0     0
SFReduceBegin       3200 1.0 1.8864e-02 1.0 0.00e+00 0.0 3.7e+03 1.0e+03 0.0e+00  0  0  2  0  0   0  0  5  3  0     0
SFReduceEnd         3200 1.0 6.2400e-03 1.1 0.00e+00 0.0 0.0e+00 0.0e+00 0.0e+00  0  0  0  0  0   0  0  0  0  0     0
VecSet             25600 1.0 1.4975e-02 1.1 0.00e+00 0.0 0.0e+00 0.0e+00 0.0e+00  0  0  0  0  0   0  0  0  0  0     0
VecScatterBegin     6400 1.0 3.1874e-02 1.0 0.00e+00 0.0 7.4e+03 2.0e+03 0.0e+00  0  0  4  0  0   0  0 10 11  0     0
VecScatterEnd       6400 1.0 1.5928e-02 1.0 0.00e+00 0.0 0.0e+00 0.0e+00 0.0e+00  0  0  0  0  0   0  0  0  0  0     0
------------------------------------------------------------------------------------------------------------------------

Memory usage is given in bytes:

Object Type          Creations   Destructions     Memory  Descendants' Mem.
Reports information only for process 0.

--- Event Stage 0: Main Stage

    Distributed Mesh     0              6        31668     0.
              Matrix     0             42     55532056     0.
           Index Set     0              8       530232     0.
   IS L to G Mapping     0              5       893364     0.
   Star Forest Graph     0             28        26944     0.
     Discrete System     0              6         5712     0.
              Vector     0             42     14770104     0.
         Vec Scatter     0             16        12928     0.
   Application Order     0              3      2092968     0.
              Viewer    34             35        29680     0.
       Krylov Solver     0              2         2968     0.
      Preconditioner     0              2         1872     0.

--- Event Stage 1: initialize

    Distributed Mesh     6              0            0     0.
              Matrix    72             31     85016936     0.
           Index Set    58             52      1277760     0.
   IS L to G Mapping     7              2       357160     0.
   Star Forest Graph    41             13        13000     0.
     Discrete System     6              0            0     0.
              Vector    95             62      3963896     0.
         Vec Scatter    28             12         9664     0.
   Application Order     3              0            0     0.
              Viewer     7              5         4040     0.
       Krylov Solver     2              0            0     0.
      Preconditioner     2              0            0     0.

--- Event Stage 2: rhsVelocity

              Vector     1              0            0     0.

--- Event Stage 3: solveVelocity

              Vector  3207           3200   2237030400     0.

--- Event Stage 4: rhsPoisson

              Vector     1              0            0     0.

--- Event Stage 5: solvePoisson


--- Event Stage 6: update


--- Event Stage 7: write

              Viewer   106            106        86928     0.

--- Event Stage 8: monitor


--- Event Stage 9: rhsForces


--- Event Stage 10: solveForces

              Matrix  3200              0            0     0.
           Index Set 12800           6400      7116800     0.

--- Event Stage 11: integrateForces


--- Event Stage 12: moveIB

              Matrix 83200          86399  108514740072     0.
           Index Set 44800          51198     45380800     0.
   Star Forest Graph 28800          28800     28800000     0.
              Vector 54400          54400   4573914536     0.
         Vec Scatter 25600          25600     20684800     0.
========================================================================================================================
Average time to get PetscTime(): 4.26546e-08
Average time for MPI_Barrier(): 9.59262e-07
Average time for zero size MPI_Send(): 1.32993e-06
#PETSc Option Table entries:
-forces_ksp_type preonly
-forces_pc_factor_mat_solver_type superlu_dist
-forces_pc_type lu
-log_view ascii:view.log
-options_left
-velocity_ksp_atol 1e-6
-velocity_ksp_initial_guess_nonzero true
-velocity_ksp_max_it 1000
-velocity_ksp_rtol 0.0
-velocity_ksp_type bcgs
-velocity_pc_jacobi_type diagonal
-velocity_pc_type jacobi
#End of PETSc Option Table entries
Compiled without FORTRAN kernels
Compiled with full precision matrices (default)
sizeof(short) 2 sizeof(int) 4 sizeof(long) 8 sizeof(void*) 8 sizeof(PetscScalar) 8 sizeof(PetscInt) 4
Configure options: --prefix=/usr/local/petsc-3.12.2 PETSC_DIR=/opt/petsc/3.12.2 PETSC_ARCH=linux-gnu-openmpi-opt COPTFLAGS=-O3 CXXOPTFLAGS=-O3 --with-fc=0 --with-shared-libraries=1 --with-pic=1 --with-cxx-dialect=C++11 --with-debugging=0 --with-mpi-dir=/usr/local/openmpi-3.1.4 --download-hdf5 --download-f2cblaslapack --download-hypre --download-ptscotch --download-metis --download-parmetis --download-superlu_dist
-----------------------------------------
Libraries compiled on 2019-12-11 22:11:45 on 584a588926bb 
Machine characteristics: Linux-4.4.0-127-generic-x86_64-with-Ubuntu-16.04-xenial
Using PETSc directory: /usr/local/petsc-3.12.2
Using PETSc arch: 
-----------------------------------------

Using C compiler: /usr/local/openmpi-3.1.4/bin/mpicc  -fPIC -Wall -Wwrite-strings -Wno-strict-aliasing -Wno-unknown-pragmas -fstack-protector -fvisibility=hidden -O3  
-----------------------------------------

Using include paths: -I/usr/local/petsc-3.12.2/include -I/usr/local/openmpi-3.1.4/include
-----------------------------------------

Using C linker: /usr/local/openmpi-3.1.4/bin/mpicc
Using libraries: -Wl,-rpath,/usr/local/petsc-3.12.2/lib -L/usr/local/petsc-3.12.2/lib -lpetsc -Wl,-rpath,/usr/local/petsc-3.12.2/lib -L/usr/local/petsc-3.12.2/lib -lHYPRE -lsuperlu_dist -lf2clapack -lf2cblas -lptesmumps -lptscotchparmetis -lptscotch -lptscotcherr -lesmumps -lscotch -lscotcherr -lhdf5_hl -lhdf5 -lparmetis -lmetis -lm -lrt -lquadmath -lstdc++ -ldl
-----------------------------------------

