************************************************************************************************************************
***             WIDEN YOUR WINDOW TO 120 CHARACTERS.  Use 'enscript -r -fCourier9' to print this document            ***
************************************************************************************************************************

---------------------------------------------- PETSc Performance Summary: ----------------------------------------------

petibm-navierstokes on a  named phantom with 4 processors, by mesnardo Thu Jan  2 14:17:37 2020
Using Petsc Release Version 3.12.2, Nov, 22, 2019 

                         Max       Max/Min     Avg       Total 
Time (sec):           1.163e+03     1.000   1.163e+03
Objects:              6.810e+02     1.032   6.652e+02
Flop:                 8.041e+11     1.007   8.012e+11  3.205e+12
Flop/sec:             6.916e+08     1.007   6.891e+08  2.756e+09
MPI Messages:         2.166e+07     1.280   1.924e+07  7.696e+07
MPI Message Lengths:  7.700e+09     1.048   3.911e+02  3.010e+10
MPI Reductions:       1.459e+07     1.000

Flop counting convention: 1 flop = 1 real number operation of type (multiply/divide/add/subtract)
                            e.g., VecAXPY() for real vectors of length N --> 2N flop
                            and VecAXPY() for complex vectors of length N --> 8N flop

Summary of Stages:   ----- Time ------  ----- Flop ------  --- Messages ---  -- Message Lengths --  -- Reductions --
                        Avg     %Total     Avg     %Total    Count   %Total     Avg         %Total    Count   %Total 
 0:      Main Stage: 2.3872e+00   0.2%  0.0000e+00   0.0%  0.000e+00   0.0%  0.000e+00        0.0%  4.000e+00   0.0% 
 1:      initialize: 4.3898e-01   0.0%  1.6106e+06   0.0%  2.260e+02   0.0%  2.872e+02        0.0%  1.570e+02   0.0% 
 2:     rhsVelocity: 1.0496e+02   9.0%  1.5787e+11   4.9%  2.400e+06   3.1%  6.928e+02        5.5%  0.000e+00   0.0% 
 3:   solveVelocity: 2.1757e+02  18.7%  5.2147e+11  16.3%  2.880e+06   3.7%  1.027e+03        9.8%  5.400e+05   3.7% 
 4:      rhsPoisson: 1.8686e+01   1.6%  1.9814e+10   0.6%  6.900e+05   0.9%  2.718e+02        0.6%  2.000e+00   0.0% 
 5:    solvePoisson: 7.9844e+02  68.7%  2.4790e+12  77.4%  7.075e+07  91.9%  3.549e+02       83.4%  1.401e+07  96.1% 
 6:          update: 1.7917e+01   1.5%  2.6427e+10   0.8%  2.400e+05   0.3%  7.680e+02        0.6%  0.000e+00   0.0% 
 7:           write: 2.0024e+00   0.2%  0.0000e+00   0.0%  0.000e+00   0.0%  0.000e+00        0.0%  1.000e+01   0.0% 
 8:         monitor: 9.6464e-03   0.0%  0.0000e+00   0.0%  0.000e+00   0.0%  0.000e+00        0.0%  0.000e+00   0.0% 

------------------------------------------------------------------------------------------------------------------------
See the 'Profiling' chapter of the users' manual for details on interpreting output.
Phase summary info:
   Count: number of times phase was executed
   Time and Flop: Max - maximum over all processors
                  Ratio - ratio of maximum to minimum over all processors
   Mess: number of messages sent
   AvgLen: average message length (bytes)
   Reduct: number of global reductions
   Global: entire computation
   Stage: stages of a computation. Set stages with PetscLogStagePush() and PetscLogStagePop().
      %T - percent time in this phase         %F - percent flop in this phase
      %M - percent messages in this phase     %L - percent message lengths in this phase
      %R - percent reductions in this phase
   Total Mflop/s: 10e-6 * (sum of flop over all processors)/(max time over all processors)
------------------------------------------------------------------------------------------------------------------------
Event                Count      Time (sec)     Flop                              --- Global ---  --- Stage ----  Total
                   Max Ratio  Max     Ratio   Max  Ratio  Mess   AvgLen  Reduct  %T %F %M %L %R  %T %F %M %L %R Mflop/s
------------------------------------------------------------------------------------------------------------------------

--- Event Stage 0: Main Stage


--- Event Stage 1: initialize

BuildTwoSided         15 1.0 2.3337e-03 4.3 0.00e+00 0.0 7.0e+01 4.0e+00 0.0e+00  0  0  0  0  0   0  0 31  0  0     0
BuildTwoSidedF        15 1.0 2.9544e-0253.4 0.00e+00 0.0 0.0e+00 0.0e+00 0.0e+00  0  0  0  0  0   3  0  0  0  0     0
MatConvert             2 1.0 3.6324e-03 1.2 0.00e+00 0.0 3.6e+01 3.4e+02 0.0e+00  0  0  0  0  0   1  0 16 19  0     0
MatScale               1 1.0 2.6762e-04 1.1 1.65e+05 1.0 0.0e+00 0.0e+00 0.0e+00  0  0  0  0  0   0 41  0  0  0  2449
MatAssemblyBegin      21 1.0 2.9738e-0238.7 0.00e+00 0.0 0.0e+00 0.0e+00 0.0e+00  0  0  0  0  0   3  0  0  0  0     0
MatAssemblyEnd        21 1.0 9.5436e-03 1.0 0.00e+00 0.0 1.2e+02 2.2e+02 4.0e+01  0  0  0  0  0   2  0 53 41 25     0
MatMatMult             2 1.0 9.8302e-03 1.1 2.20e+05 1.0 3.4e+01 6.3e+02 1.6e+01  0  0  0  0  0   2 55 15 33 10    90
MatMatMultSym          2 1.0 7.7195e-03 1.1 0.00e+00 0.0 3.0e+01 5.1e+02 1.6e+01  0  0  0  0  0   2  0 13 24 10     0
MatMatMultNum          2 1.0 2.0948e-03 1.0 2.20e+05 1.0 4.0e+00 1.5e+03 0.0e+00  0  0  0  0  0   0 55  2  9  0   420
MatGetLocalMat         4 1.0 2.5625e-03 1.4 0.00e+00 0.0 0.0e+00 0.0e+00 0.0e+00  0  0  0  0  0   0  0  0  0  0     0
MatGetBrAoCol          4 1.0 1.8412e-04 1.2 0.00e+00 0.0 1.6e+01 1.1e+03 0.0e+00  0  0  0  0  0   0  0  7 26  0     0
DMCreateMat            1 1.0 4.3318e-02 1.0 0.00e+00 0.0 9.0e+01 2.1e+02 3.2e+01  0  0  0  0  0  10  0 40 29 20     0
SFSetGraph            15 1.0 3.2673e-05 1.4 0.00e+00 0.0 0.0e+00 0.0e+00 0.0e+00  0  0  0  0  0   0  0  0  0  0     0
SFSetUp               15 1.0 3.1239e-03 2.0 0.00e+00 0.0 2.1e+02 2.3e+02 0.0e+00  0  0  0  0  0   1  0 93 74  0     0
VecView               15 0.0 2.3676e-01 0.0 0.00e+00 0.0 0.0e+00 0.0e+00 0.0e+00  0  0  0  0  0  13  0  0  0  0     0
VecSet                19 1.0 2.5772e-04 4.3 0.00e+00 0.0 0.0e+00 0.0e+00 0.0e+00  0  0  0  0  0   0  0  0  0  0     0

--- Event Stage 2: rhsVelocity

BuildTwoSidedF    120000 1.0 4.3904e+00 1.0 0.00e+00 0.0 0.0e+00 0.0e+00 0.0e+00  0  0  0  0  0   4  0  0  0  0     0
MatMult           300000 1.0 9.1968e+01 1.1 2.20e+10 1.0 2.4e+06 6.9e+02 0.0e+00  8  3  3  6  0  85 55100100  0   951
MatMultAdd         60000 1.0 1.2485e+01 1.0 2.21e+09 1.0 0.0e+00 0.0e+00 0.0e+00  1  0  0  0  0  12  6  0  0  0   705
SFBcastOpBegin    240000 1.0 3.3281e+00 1.1 0.00e+00 0.0 2.4e+06 6.9e+02 0.0e+00  0  0  3  6  0   3  0100100  0     0
SFBcastOpEnd      240000 1.0 1.6073e+01 1.8 0.00e+00 0.0 0.0e+00 0.0e+00 0.0e+00  1  0  0  0  0  13  0  0  0  0     0
VecScale          420000 1.0 2.6369e+00 1.0 4.42e+09 1.0 0.0e+00 0.0e+00 0.0e+00  0  1  0  0  0   2 11  0  0  0  6675
VecSet            120000 1.0 4.3841e+00 1.0 0.00e+00 0.0 0.0e+00 0.0e+00 0.0e+00  0  0  0  0  0   4  0  0  0  0     0
VecAXPY           360000 1.0 7.2174e+00 1.0 1.33e+10 1.0 0.0e+00 0.0e+00 0.0e+00  1  2  0  0  0   7 33  0  0  0  7317
VecSwap            60000 1.0 3.9451e+00 1.6 0.00e+00 0.0 0.0e+00 0.0e+00 0.0e+00  0  0  0  0  0   3  0  0  0  0     0
VecAssemblyBegin  120000 1.0 5.4190e+00 1.0 0.00e+00 0.0 0.0e+00 0.0e+00 0.0e+00  0  0  0  0  0   5  0  0  0  0     0
VecAssemblyEnd    120000 1.0 2.6001e-01 1.0 0.00e+00 0.0 0.0e+00 0.0e+00 0.0e+00  0  0  0  0  0   0  0  0  0  0     0
VecScatterBegin   240000 1.0 3.5292e+00 1.1 0.00e+00 0.0 2.4e+06 6.9e+02 0.0e+00  0  0  3  6  0   3  0100100  0     0
VecScatterEnd     240000 1.0 1.6327e+01 1.8 0.00e+00 0.0 0.0e+00 0.0e+00 0.0e+00  1  0  0  0  0  13  0  0  0  0     0

--- Event Stage 3: solveVelocity

MatMult           240000 1.0 1.4335e+02 1.0 7.47e+10 1.0 2.9e+06 1.0e+03 0.0e+00 12  9  4 10  0  66 57100100  0  2072
SFBcastOpBegin    240000 1.0 1.9958e+00 1.2 0.00e+00 0.0 2.9e+06 1.0e+03 0.0e+00  0  0  4 10  0   1  0100100  0     0
SFBcastOpEnd      240000 1.0 1.2095e+01 2.1 0.00e+00 0.0 0.0e+00 0.0e+00 0.0e+00  1  0  0  0  0   4  0  0  0  0     0
VecDot            240000 1.0 1.0358e+01 1.1 8.85e+09 1.0 0.0e+00 0.0e+00 2.4e+05  1  1  0  0  2   5  7  0  0 44  3399
VecDotNorm2       120000 1.0 4.5167e+00 1.0 8.85e+09 1.0 0.0e+00 0.0e+00 1.2e+05  0  1  0  0  1   2  7  0  0 22  7794
VecNorm           180000 1.0 6.0013e+00 1.1 6.64e+09 1.0 0.0e+00 0.0e+00 1.8e+05  0  1  0  0  1   3  5  0  0 33  4400
VecCopy           120000 1.0 4.7298e+00 1.0 0.00e+00 0.0 0.0e+00 0.0e+00 0.0e+00  0  0  0  0  0   2  0  0  0  0     0
VecSet            180000 1.0 6.8130e+00 1.0 0.00e+00 0.0 0.0e+00 0.0e+00 0.0e+00  1  0  0  0  0   3  0  0  0  0     0
VecAXPBYCZ        240000 1.0 1.1561e+01 1.1 1.77e+10 1.0 0.0e+00 0.0e+00 0.0e+00  1  2  0  0  0   5 14  0  0  0  6091
VecWAXPY          240000 1.0 7.7858e+00 1.1 8.85e+09 1.0 0.0e+00 0.0e+00 0.0e+00  1  1  0  0  0   3  7  0  0  0  4522
VecPointwiseMult  300000 1.0 2.0826e+01 1.0 5.53e+09 1.0 0.0e+00 0.0e+00 0.0e+00  2  1  0  0  0   9  4  0  0  0  1057
VecScatterBegin   240000 1.0 2.3565e+00 1.1 0.00e+00 0.0 2.9e+06 1.0e+03 0.0e+00  0  0  4 10  0   1  0100100  0     0
VecScatterEnd     240000 1.0 1.2636e+01 2.0 0.00e+00 0.0 0.0e+00 0.0e+00 0.0e+00  1  0  0  0  0   4  0  0  0  0     0
KSPSetUp               1 1.0 3.1768e-04 1.7 0.00e+00 0.0 0.0e+00 0.0e+00 0.0e+00  0  0  0  0  0   0  0  0  0  0     0
KSPSolve           60000 1.0 2.1738e+02 1.0 1.31e+11 1.0 2.9e+06 1.0e+03 5.4e+05 19 16  4 10  4 100100100100100  2399
PCSetUp                1 1.0 7.3499e-07 1.3 0.00e+00 0.0 0.0e+00 0.0e+00 0.0e+00  0  0  0  0  0   0  0  0  0  0     0
PCApply           300000 1.0 2.1207e+01 1.0 5.53e+09 1.0 0.0e+00 0.0e+00 2.0e+00  2  1  0  0  0  10  4  0  0  0  1038

--- Event Stage 4: rhsPoisson

BuildTwoSidedF     60000 1.0 2.8429e+00 1.1 0.00e+00 0.0 4.5e+05 7.2e+00 0.0e+00  0  0  1  0  0  14  0 65  2  0     0
MatMult           120000 1.0 1.8022e+01 1.0 3.85e+09 1.0 6.9e+05 2.7e+02 0.0e+00  2  0  1  1  0  96 78100100  0   854
MatMultAdd         60000 1.0 9.8093e+00 1.0 1.11e+09 1.0 4.5e+05 7.2e+00 2.0e+00  1  0  1  0  0  51 22 65  2100   451
SFBcastOpBegin     60000 1.0 3.2688e-01 1.9 0.00e+00 0.0 2.4e+05 7.7e+02 0.0e+00  0  0  0  1  0   1  0 35 98  0     0
SFBcastOpEnd       60000 1.0 4.7652e-01 1.8 0.00e+00 0.0 0.0e+00 0.0e+00 0.0e+00  0  0  0  0  0   2  0  0  0  0     0
VecScale           60000 1.0 1.5200e-02 1.3 0.00e+00 0.0 0.0e+00 0.0e+00 0.0e+00  0  0  0  0  0   0  0  0  0  0     0
VecSet             60000 1.0 7.8268e-01 1.1 0.00e+00 0.0 0.0e+00 0.0e+00 0.0e+00  0  0  0  0  0   4  0  0  0  0     0
VecAXPY            60000 1.0 5.5025e-01 1.1 1.11e+09 1.0 0.0e+00 0.0e+00 0.0e+00  0  0  0  0  0   3 22  0  0  0  8039
VecAssemblyBegin   60000 1.0 3.4596e+00 1.1 0.00e+00 0.0 4.5e+05 7.2e+00 0.0e+00  0  0  1  0  0  18  0 65  2  0     0
VecAssemblyEnd     60000 1.0 2.6792e-01 1.6 0.00e+00 0.0 0.0e+00 0.0e+00 0.0e+00  0  0  0  0  0   1  0  0  0  0     0
VecScatterBegin    60000 1.0 4.1376e-01 1.6 0.00e+00 0.0 2.4e+05 7.7e+02 0.0e+00  0  0  0  1  0   2  0 35 98  0     0
VecScatterEnd      60000 1.0 5.0893e-01 1.7 0.00e+00 0.0 0.0e+00 0.0e+00 0.0e+00  0  0  0  0  0   2  0  0  0  0     0

--- Event Stage 5: solvePoisson

BuildTwoSided         31 1.0 7.4863e-04 1.4 0.00e+00 0.0 1.0e+02 4.0e+00 0.0e+00  0  0  0  0  0   0  0  0  0  0     0
BuildTwoSidedF        37 1.0 3.2275e-03 5.1 0.00e+00 0.0 8.6e+01 1.6e+03 0.0e+00  0  0  0  0  0   0  0  0  0  0     0
MatMult          7006690 1.0 2.0322e+02 1.0 2.21e+11 1.0 5.6e+07 4.1e+02 0.0e+00 17 27 73 76  0  25 35 79 91  0  4326
MatMultAdd       1130664 1.0 2.9839e+01 1.1 1.58e+10 1.0 7.3e+06 1.5e+02 0.0e+00  2  2 10  4  0   4  3 10  4  0  2109
MatMultTranspose 1130664 1.0 4.1137e+01 1.0 1.58e+10 1.0 7.3e+06 1.5e+02 0.0e+00  3  2 10  4  0   5  3 10  4  0  1530
MatSolve          282666 0.0 8.7469e-01 0.0 3.39e+07 0.0 0.0e+00 0.0e+00 0.0e+00  0  0  0  0  0   0  0  0  0  0    39
MatSOR           6783984 1.0 3.4041e+02 1.2 2.17e+11 1.0 0.0e+00 0.0e+00 0.0e+00 25 27  0  0  0  37 35  0  0  0  2542
MatLUFactorSym         1 1.0 1.1130e-05 1.3 0.00e+00 0.0 0.0e+00 0.0e+00 0.0e+00  0  0  0  0  0   0  0  0  0  0     0
MatLUFactorNum         1 1.0 3.7050e-06 3.3 3.14e+02 0.0 0.0e+00 0.0e+00 0.0e+00  0  0  0  0  0   0  0  0  0  0    85
MatConvert             4 1.0 1.0596e-03 1.3 0.00e+00 0.0 4.8e+01 1.3e+02 0.0e+00  0  0  0  0  0   0  0  0  0  0     0
MatScale              12 1.0 5.1545e-04 1.2 1.86e+05 1.0 3.2e+01 4.0e+02 0.0e+00  0  0  0  0  0   0  0  0  0  0  1437
MatResidual      1130664 1.0 3.1236e+01 1.0 3.68e+10 1.0 9.0e+06 4.0e+02 0.0e+00  3  5 12 12  0   4  6 13 14  0  4687
MatAssemblyBegin      84 1.0 3.3243e-03 3.9 0.00e+00 0.0 8.6e+01 1.6e+03 0.0e+00  0  0  0  0  0   0  0  0  0  0     0
MatAssemblyEnd        84 1.0 1.0149e-02 1.5 1.84e+03 1.1 2.1e+02 9.4e+01 8.4e+01  0  0  0  0  0   0  0  0  0  0     1
MatGetRowIJ            1 0.0 2.6650e-06 0.0 0.00e+00 0.0 0.0e+00 0.0e+00 0.0e+00  0  0  0  0  0   0  0  0  0  0     0
MatCreateSubMat        4 1.0 1.1310e-03 1.0 0.00e+00 0.0 2.8e+01 4.5e+02 4.8e+01  0  0  0  0  0   0  0  0  0  0     0
MatGetOrdering         1 0.0 4.0395e-05 0.0 0.00e+00 0.0 0.0e+00 0.0e+00 0.0e+00  0  0  0  0  0   0  0  0  0  0     0
MatCoarsen             4 1.0 8.2902e-04 1.1 0.00e+00 0.0 2.1e+02 2.6e+02 8.0e+00  0  0  0  0  0   0  0  0  0  0     0
MatZeroEntries         5 1.0 3.4788e-04 1.4 0.00e+00 0.0 0.0e+00 0.0e+00 0.0e+00  0  0  0  0  0   0  0  0  0  0     0
MatAXPY                4 1.0 1.9139e-03 1.0 1.08e+04 1.0 0.0e+00 0.0e+00 0.0e+00  0  0  0  0  0   0  0  0  0  0    22
MatTranspose           8 1.0 4.3360e-04 1.7 0.00e+00 0.0 0.0e+00 0.0e+00 0.0e+00  0  0  0  0  0   0  0  0  0  0     0
MatMatMult             4 1.0 5.4745e-03 1.3 1.30e+05 1.0 1.8e+02 2.3e+02 3.2e+01  0  0  0  0  0   0  0  0  0  0    95
MatMatMultSym          4 1.0 4.7011e-03 1.4 0.00e+00 0.0 1.4e+02 1.9e+02 3.2e+01  0  0  0  0  0   0  0  0  0  0     0
MatMatMultNum          4 1.0 7.5470e-04 1.0 1.30e+05 1.0 3.2e+01 4.0e+02 0.0e+00  0  0  0  0  0   0  0  0  0  0   686
MatPtAP                4 1.0 9.9347e-03 1.0 7.00e+05 1.0 2.9e+02 5.7e+02 4.4e+01  0  0  0  0  0   0  0  0  0  0   279
MatPtAPSymbolic        4 1.0 7.2111e-03 1.0 0.00e+00 0.0 1.9e+02 4.9e+02 2.8e+01  0  0  0  0  0   0  0  0  0  0     0
MatPtAPNumeric         4 1.0 2.7067e-03 1.0 7.00e+05 1.0 1.0e+02 7.2e+02 1.6e+01  0  0  0  0  0   0  0  0  0  0  1022
MatTrnMatMult          1 1.0 1.2261e-02 1.0 5.78e+05 1.0 5.4e+01 1.7e+03 1.1e+01  0  0  0  0  0   0  0  0  0  0   188
MatTrnMatMultSym       1 1.0 7.2076e-03 1.0 0.00e+00 0.0 2.4e+01 9.0e+02 7.0e+00  0  0  0  0  0   0  0  0  0  0     0
MatTrnMatMultNum       1 1.0 5.0667e-03 1.0 5.78e+05 1.0 3.0e+01 2.3e+03 4.0e+00  0  0  0  0  0   0  0  0  0  0   456
MatGetLocalMat        13 1.0 1.8026e-03 1.5 0.00e+00 0.0 0.0e+00 0.0e+00 0.0e+00  0  0  0  0  0   0  0  0  0  0     0
MatGetBrAoCol         12 1.0 2.2127e-03 3.3 0.00e+00 0.0 2.2e+02 4.9e+02 0.0e+00  0  0  0  0  0   0  0  0  0  0     0
SFSetGraph            31 1.0 1.6499e-05 1.5 0.00e+00 0.0 0.0e+00 0.0e+00 0.0e+00  0  0  0  0  0   0  0  0  0  0     0
SFSetUp               31 1.0 1.0494e-03 1.2 0.00e+00 0.0 3.1e+02 1.1e+02 0.0e+00  0  0  0  0  0   0  0  0  0  0     0
SFBcastOpBegin   8137389 1.0 1.3147e+01 1.1 0.00e+00 0.0 6.3e+07 3.8e+02 0.0e+00  1  0 82 80  0   2  0 90 96  0     0
SFBcastOpEnd     8137389 1.0 3.4067e+01 1.2 0.00e+00 0.0 0.0e+00 0.0e+00 0.0e+00  3  0  0  0  0   4  0  0  0  0     0
SFReduceBegin    1130664 1.0 2.5256e+00 1.1 0.00e+00 0.0 7.3e+06 1.5e+02 0.0e+00  0  0 10  4  0   0  0 10  4  0     0
SFReduceEnd      1130664 1.0 5.3299e+00 1.2 0.00e+00 0.0 0.0e+00 0.0e+00 0.0e+00  0  0  0  0  0   1  0  0  0  0     0
VecMDot               40 1.0 4.4377e-04 1.1 1.18e+06 1.0 0.0e+00 0.0e+00 4.0e+01  0  0  0  0  0   0  0  0  0  0 10649
VecTDot          11751972 1.0 8.4712e+01 1.2 6.90e+10 1.0 0.0e+00 0.0e+00 1.2e+07  7  9  0  0 81  10 11  0  0 84  3255
VecNorm           282710 1.0 3.0825e+00 1.0 5.21e+09 1.0 0.0e+00 0.0e+00 2.8e+05  0  1  0  0  2   0  1  0  0  2  6761
VecScale              44 1.0 7.0975e-05 1.2 1.18e+05 1.0 0.0e+00 0.0e+00 0.0e+00  0  0  0  0  0   0  0  0  0  0  6660
VecCopy          3511996 1.0 1.2804e+01 1.1 0.00e+00 0.0 0.0e+00 0.0e+00 0.0e+00  1  0  0  0  0   2  0  0  0  0     0
VecSet           4300028 1.0 4.5676e+00 1.0 0.00e+00 0.0 0.0e+00 0.0e+00 0.0e+00  0  0  0  0  0   1  0  0  0  0     0
VecAXPY          9490648 1.0 2.4522e+01 1.1 5.69e+10 1.0 0.0e+00 0.0e+00 0.0e+00  2  7  0  0  0   3  9  0  0  0  9264
VecAYPX          4685322 1.0 1.1925e+01 1.0 2.12e+10 1.0 0.0e+00 0.0e+00 0.0e+00  1  3  0  0  0   1  3  0  0  0  7117
VecMAXPY              44 1.0 2.5344e-04 1.1 1.40e+06 1.0 0.0e+00 0.0e+00 0.0e+00  0  0  0  0  0   0  0  0  0  0 22041
VecAssemblyBegin      14 1.0 2.1424e-04 1.4 0.00e+00 0.0 0.0e+00 0.0e+00 0.0e+00  0  0  0  0  0   0  0  0  0  0     0
VecAssemblyEnd        14 1.0 1.6171e-05 1.3 0.00e+00 0.0 0.0e+00 0.0e+00 0.0e+00  0  0  0  0  0   0  0  0  0  0     0
VecPointwiseMult      44 1.0 1.6546e-04 1.1 1.18e+05 1.0 0.0e+00 0.0e+00 0.0e+00  0  0  0  0  0   0  0  0  0  0  2857
VecScatterBegin  9268037 1.0 1.8950e+01 1.1 0.00e+00 0.0 7.1e+07 3.5e+02 0.0e+00  2  0 92 83  0   2  0100100  0     0
VecScatterEnd    9268037 1.0 4.1704e+01 1.1 0.00e+00 0.0 0.0e+00 0.0e+00 0.0e+00  3  0  0  0  0   5  0  0  0  0     0
VecSetRandom           4 1.0 2.8748e-04 1.2 0.00e+00 0.0 0.0e+00 0.0e+00 0.0e+00  0  0  0  0  0   0  0  0  0  0     0
VecNormalize          44 1.0 4.2832e-04 1.1 3.55e+05 1.0 0.0e+00 0.0e+00 4.4e+01  0  0  0  0  0   0  0  0  0  0  3311
KSPSetUp              11 1.0 4.8274e-04 1.1 0.00e+00 0.0 0.0e+00 0.0e+00 1.4e+01  0  0  0  0  0   0  0  0  0  0     0
KSPSolve           60000 1.0 7.9826e+02 1.0 6.22e+11 1.0 7.1e+07 3.5e+02 1.4e+07 69 77 92 83 96 100100100100100  3106
KSPGMRESOrthog        40 1.0 6.6909e-04 1.0 2.37e+06 1.0 0.0e+00 0.0e+00 4.0e+01  0  0  0  0  0   0  0  0  0  0 14127
PCGAMGGraph_AGG        4 1.0 1.2194e-02 1.0 1.30e+05 1.0 1.3e+02 2.0e+02 3.2e+01  0  0  0  0  0   0  0  0  0  0    42
PCGAMGCoarse_AGG       4 1.0 1.4754e-02 1.0 5.78e+05 1.0 3.2e+02 6.2e+02 2.3e+01  0  0  0  0  0   0  0  0  0  0   157
PCGAMGProl_AGG         4 1.0 4.0695e-03 1.0 0.00e+00 0.0 1.2e+02 3.6e+02 4.8e+01  0  0  0  0  0   0  0  0  0  0     0
PCGAMGPOpt_AGG         4 1.0 1.6304e-02 1.0 4.47e+06 1.0 5.0e+02 3.4e+02 1.6e+02  0  0  0  0  0   0  0  0  0  0  1093
GAMG: createProl       4 1.0 4.8762e-02 1.0 5.17e+06 1.0 1.1e+03 4.1e+02 2.6e+02  0  0  0  0  0   0  0  0  0  0   424
  Graph                8 1.0 1.2064e-02 1.0 1.30e+05 1.0 1.3e+02 2.0e+02 3.2e+01  0  0  0  0  0   0  0  0  0  0    43
  MIS/Agg              4 1.0 8.5745e-04 1.1 0.00e+00 0.0 2.1e+02 2.6e+02 8.0e+00  0  0  0  0  0   0  0  0  0  0     0
  SA: col data         4 1.0 8.7375e-04 1.1 0.00e+00 0.0 7.2e+01 5.2e+02 1.6e+01  0  0  0  0  0   0  0  0  0  0     0
  SA: frmProl0         4 1.0 2.8734e-03 1.0 0.00e+00 0.0 5.1e+01 1.3e+02 1.6e+01  0  0  0  0  0   0  0  0  0  0     0
  SA: smooth           4 1.0 7.8412e-03 1.2 1.97e+05 1.0 1.8e+02 2.3e+02 4.0e+01  0  0  0  0  0   0  0  0  0  0   100
GAMG: partLevel        4 1.0 1.1712e-02 1.0 7.00e+05 1.0 3.5e+02 5.2e+02 1.4e+02  0  0  0  0  0   0  0  0  0  0   236
  repartition          2 1.0 8.0185e-05 1.0 0.00e+00 0.0 0.0e+00 0.0e+00 1.4e+01  0  0  0  0  0   0  0  0  0  0     0
  Invert-Sort          2 1.0 9.8121e-05 1.0 0.00e+00 0.0 0.0e+00 0.0e+00 8.0e+00  0  0  0  0  0   0  0  0  0  0     0
  Move A               2 1.0 6.2471e-04 1.1 0.00e+00 0.0 1.8e+01 7.0e+02 2.6e+01  0  0  0  0  0   0  0  0  0  0     0
  Move P               2 1.0 7.4957e-04 1.1 0.00e+00 0.0 1.0e+01 3.4e+01 2.8e+01  0  0  0  0  0   0  0  0  0  0     0
PCSetUp                2 1.0 6.3331e-02 1.0 5.87e+06 1.0 1.4e+03 4.4e+02 4.2e+02  0  0  0  0  0   0  0  0  0  0   370
PCSetUpOnBlocks   282666 1.0 1.6712e-01 1.1 3.14e+02 0.0 0.0e+00 0.0e+00 0.0e+00  0  0  0  0  0   0  0  0  0  0     0
PCApply           282666 1.0 7.5886e+02 1.0 5.79e+11 1.0 6.9e+07 3.4e+02 1.3e+07 65 72 90 79 89  95 93 97 95 93  3040

--- Event Stage 6: update

MatMult            60000 1.0 1.3560e+01 1.0 3.32e+09 1.0 2.4e+05 7.7e+02 0.0e+00  1  0  0  1  0  75 50100100  0   974
SFBcastOpBegin     60000 1.0 2.4052e-01 2.1 0.00e+00 0.0 2.4e+05 7.7e+02 0.0e+00  0  0  0  1  0   1  0100100  0     0
SFBcastOpEnd       60000 1.0 7.9860e-01 2.5 0.00e+00 0.0 0.0e+00 0.0e+00 0.0e+00  0  0  0  0  0   3  0  0  0  0     0
VecAXPY           120000 1.0 4.3680e+00 1.0 3.32e+09 1.0 0.0e+00 0.0e+00 0.0e+00  0  0  0  0  0  24 50  0  0  0  3028
VecScatterBegin    60000 1.0 2.8864e-01 1.9 0.00e+00 0.0 2.4e+05 7.7e+02 0.0e+00  0  0  0  1  0   1  0100100  0     0
VecScatterEnd      60000 1.0 8.6340e-01 2.4 0.00e+00 0.0 0.0e+00 0.0e+00 0.0e+00  0  0  0  0  0   4  0  0  0  0     0

--- Event Stage 7: write

VecView                9 1.0 2.4442e-01 1.0 0.00e+00 0.0 0.0e+00 0.0e+00 0.0e+00  0  0  0  0  0  12  0  0  0  0     0

--- Event Stage 8: monitor

------------------------------------------------------------------------------------------------------------------------

Memory usage is given in bytes:

Object Type          Creations   Destructions     Memory  Descendants' Mem.
Reports information only for process 0.

--- Event Stage 0: Main Stage

    Distributed Mesh     0              4        21176     0.
              Matrix     0             72     11796604     0.
   Matrix Null Space     0              1          608     0.
           Index Set     0             16       124184     0.
   IS L to G Mapping     0              4       194800     0.
   Star Forest Graph     0             25        24296     0.
     Discrete System     0              4         3808     0.
              Vector     0             67      3528496     0.
         Vec Scatter     0             17        13736     0.
   Application Order     0              3       883680     0.
              Viewer     2              2         1696     0.
       Krylov Solver     0              8        12152     0.
      Preconditioner     0              8         8376     0.

--- Event Stage 1: initialize

    Distributed Mesh     4              0            0     0.
              Matrix    41             16      9082616     0.
   Matrix Null Space     1              0            0     0.
           Index Set    32             26       140148     0.
   IS L to G Mapping     6              2        78192     0.
   Star Forest Graph    23              6         6000     0.
     Discrete System     4              0            0     0.
              Vector    58             37        70864     0.
         Vec Scatter    15              6         4848     0.
   Application Order     3              0            0     0.
              Viewer     6              5         4040     0.
       Krylov Solver     2              0            0     0.
      Preconditioner     2              0            0     0.

--- Event Stage 2: rhsVelocity

              Vector     1              0            0     0.

--- Event Stage 3: solveVelocity

              Vector     7              0            0     0.

--- Event Stage 4: rhsPoisson

              Vector     1              0            0     0.

--- Event Stage 5: solvePoisson

              Matrix   121             74      5987636     0.
      Matrix Coarsen     4              4         2576     0.
           Index Set    74             64        56028     0.
   Star Forest Graph    31             23        23000     0.
              Vector   183            146      2477064     0.
         Vec Scatter    27             19        15352     0.
       Krylov Solver    10              4       121920     0.
      Preconditioner    10              4         3456     0.
         PetscRandom     8              8         5232     0.

--- Event Stage 6: update


--- Event Stage 7: write

              Viewer     5              5         4040     0.

--- Event Stage 8: monitor

========================================================================================================================
Average time to get PetscTime(): 2.66009e-08
Average time for MPI_Barrier(): 1.85079e-06
Average time for zero size MPI_Send(): 2.25651e-06
#PETSc Option Table entries:
-directory /mnt
-log_view ascii:view.log
-options_left
-poisson_ksp_atol 1.0E-06
-poisson_ksp_max_it 1000
-poisson_ksp_rtol 0.0
-poisson_ksp_type cg
-poisson_mg_levels_ksp_type cg
-poisson_pc_gamg_agg_nsmooths 1
-poisson_pc_gamg_type agg
-poisson_pc_type gamg
-velocity_ksp_atol 1.0E-06
-velocity_ksp_max_it 1000
-velocity_ksp_rtol 0.0
-velocity_ksp_type bcgs
-velocity_pc_jacobi_type diagonal
-velocity_pc_type jacobi
#End of PETSc Option Table entries
Compiled without FORTRAN kernels
Compiled with full precision matrices (default)
sizeof(short) 2 sizeof(int) 4 sizeof(long) 8 sizeof(void*) 8 sizeof(PetscScalar) 8 sizeof(PetscInt) 4
Configure options: --prefix=/usr/local/petsc-3.12.2 PETSC_DIR=/opt/petsc/3.12.2 PETSC_ARCH=linux-gnu-openmpi-opt COPTFLAGS=-O3 CXXOPTFLAGS=-O3 --with-fc=0 --with-shared-libraries=1 --with-pic=1 --with-cxx-dialect=C++11 --with-debugging=0 --with-mpi-dir=/usr/local/openmpi-3.1.4 --download-hdf5 --download-f2cblaslapack --download-hypre --download-ptscotch --download-metis --download-parmetis --download-superlu_dist
-----------------------------------------
Libraries compiled on 2019-12-11 22:11:45 on 584a588926bb 
Machine characteristics: Linux-4.4.0-127-generic-x86_64-with-Ubuntu-16.04-xenial
Using PETSc directory: /usr/local/petsc-3.12.2
Using PETSc arch: 
-----------------------------------------

Using C compiler: /usr/local/openmpi-3.1.4/bin/mpicc  -fPIC -Wall -Wwrite-strings -Wno-strict-aliasing -Wno-unknown-pragmas -fstack-protector -fvisibility=hidden -O3  
-----------------------------------------

Using include paths: -I/usr/local/petsc-3.12.2/include -I/usr/local/openmpi-3.1.4/include
-----------------------------------------

Using C linker: /usr/local/openmpi-3.1.4/bin/mpicc
Using libraries: -Wl,-rpath,/usr/local/petsc-3.12.2/lib -L/usr/local/petsc-3.12.2/lib -lpetsc -Wl,-rpath,/usr/local/petsc-3.12.2/lib -L/usr/local/petsc-3.12.2/lib -lHYPRE -lsuperlu_dist -lf2clapack -lf2cblas -lptesmumps -lptscotchparmetis -lptscotch -lptscotcherr -lesmumps -lscotch -lscotcherr -lhdf5_hl -lhdf5 -lparmetis -lmetis -lm -lrt -lquadmath -lstdc++ -ldl
-----------------------------------------

