************************************************************************************************************************
***             WIDEN YOUR WINDOW TO 120 CHARACTERS.  Use 'enscript -r -fCourier9' to print this document            ***
************************************************************************************************************************

---------------------------------------------- PETSc Performance Summary: ----------------------------------------------

petibm-oscillating on a linux-gnu-openmpi-opt named phantom with 2 processors, by mesnardo Mon Nov  4 14:52:42 2019
Using Petsc Release Version 3.11.4, Sep, 28, 2019 

                         Max       Max/Min     Avg       Total 
Time (sec):           2.999e+03     1.000   2.999e+03
Objects:              7.108e+05     1.000   7.108e+05
Flop:                 1.041e+12     1.002   1.040e+12  2.080e+12
Flop/sec:             3.472e+08     1.002   3.468e+08  6.937e+08
MPI Messages:         4.204e+05     1.024   4.154e+05  8.307e+05
MPI Message Lengths:  1.793e+10     1.000   4.316e+04  3.585e+10
MPI Reductions:       5.510e+06     1.000

Flop counting convention: 1 flop = 1 real number operation of type (multiply/divide/add/subtract)
                            e.g., VecAXPY() for real vectors of length N --> 2N flop
                            and VecAXPY() for complex vectors of length N --> 8N flop

Summary of Stages:   ----- Time ------  ----- Flop ------  --- Messages ---  -- Message Lengths --  -- Reductions --
                        Avg     %Total     Avg     %Total    Count   %Total     Avg         %Total    Count   %Total 
 0:      Main Stage: 7.8816e+00   0.3%  7.2660e+07   0.0%  2.000e+04   2.4%  1.616e+03        0.1%  2.040e+02   0.0% 
 1:      initialize: 2.5300e+00   0.1%  1.1012e+07   0.0%  1.035e+02   0.0%  1.391e+05        0.0%  3.690e+02   0.0% 
 2:     rhsVelocity: 1.4710e+02   4.9%  1.8820e+11   9.0%  9.000e+04  10.8%  4.452e+03        1.1%  0.000e+00   0.0% 
 3:   solveVelocity: 9.5348e+02  31.8%  1.8364e+12  88.3%  2.404e+05  28.9%  8.184e+03        5.5%  2.504e+05   4.5% 
 4:      rhsPoisson: 2.5108e+01   0.8%  2.3552e+10   1.1%  6.000e+04   7.2%  6.887e+02        0.1%  2.000e+00   0.0% 
 5:    solvePoisson: 4.8853e+02  16.3%  0.0000e+00   0.0%  3.000e+04   3.6%  1.049e+06       87.7%  0.000e+00   0.0% 
 6:          update: 2.5909e+01   0.9%  3.1414e+10   1.5%  1.000e+04   1.2%  4.096e+03        0.1%  0.000e+00   0.0% 
 7:           write: 5.4206e+01   1.8%  0.0000e+00   0.0%  0.000e+00   0.0%  0.000e+00        0.0%  6.120e+02   0.0% 
 8:         monitor: 2.3565e-01   0.0%  0.0000e+00   0.0%  4.800e+01   0.0%  7.411e+04        0.0%  6.000e+01   0.0% 
 9:       rhsForces: 4.0743e-01   0.0%  8.4680e+07   0.0%  2.000e+04   2.4%  5.615e+03        0.3%  0.000e+00   0.0% 
10:     solveForces: 2.0556e+01   0.7%  0.0000e+00   0.0%  0.000e+00   0.0%  0.000e+00        0.0%  6.000e+04   1.1% 
11: integrateForces: 8.6071e-01   0.0%  0.0000e+00   0.0%  0.000e+00   0.0%  0.000e+00        0.0%  1.000e+04   0.2% 
12:          moveIB: 1.2667e+03  42.2%  3.5740e+08   0.0%  3.600e+05  43.3%  4.958e+03        5.0%  8.100e+05  14.7% 

------------------------------------------------------------------------------------------------------------------------
See the 'Profiling' chapter of the users' manual for details on interpreting output.
Phase summary info:
   Count: number of times phase was executed
   Time and Flop: Max - maximum over all processors
                  Ratio - ratio of maximum to minimum over all processors
   Mess: number of messages sent
   AvgLen: average message length (bytes)
   Reduct: number of global reductions
   Global: entire computation
   Stage: stages of a computation. Set stages with PetscLogStagePush() and PetscLogStagePop().
      %T - percent time in this phase         %F - percent flop in this phase
      %M - percent messages in this phase     %L - percent message lengths in this phase
      %R - percent reductions in this phase
   Total Mflop/s: 10e-6 * (sum of flop over all processors)/(max time over all processors)
------------------------------------------------------------------------------------------------------------------------
Event                Count      Time (sec)     Flop                              --- Global ---  --- Stage ----  Total
                   Max Ratio  Max     Ratio   Max  Ratio  Mess   AvgLen  Reduct  %T %F %M %L %R  %T %F %M %L %R Mflop/s
------------------------------------------------------------------------------------------------------------------------

--- Event Stage 0: Main Stage

MatMultAdd         10000 1.0 6.1261e+00 1.0 3.65e+07 1.0 2.0e+04 1.6e+03 0.0e+00  0  0  2  0  0  78100100100  0    12
VecScatterBegin    10000 1.0 2.6073e-02 1.0 0.00e+00 0.0 2.0e+04 1.6e+03 0.0e+00  0  0  2  0  0   0  0100100  0     0
VecScatterEnd      10000 1.0 1.7373e-01 1.3 0.00e+00 0.0 0.0e+00 0.0e+00 0.0e+00  0  0  0  0  0   2  0  0  0  0     0

--- Event Stage 1: initialize

BuildTwoSided          2 1.0 3.8482e-04 4.9 0.00e+00 0.0 1.5e+00 4.0e+00 0.0e+00  0  0  0  0  0   0  0  1  0  0     0
BuildTwoSidedF        23 1.0 2.7162e-02 4.3 0.00e+00 0.0 3.0e+00 1.9e+04 0.0e+00  0  0  0  0  0   1  0  3  0  0     0
MatConvert             3 1.0 3.1900e-02 1.1 0.00e+00 0.0 0.0e+00 0.0e+00 0.0e+00  0  0  0  0  0   1  0  0  0  0     0
MatScale               3 1.0 3.9633e-03 1.0 2.35e+06 1.0 4.0e+00 5.6e+03 0.0e+00  0  0  0  0  0   0 43  4  0  0  1187
MatAssemblyBegin      38 1.0 2.7566e-02 4.1 0.00e+00 0.0 3.0e+00 1.9e+04 0.0e+00  0  0  0  0  0   1  0  3  0  0     0
MatAssemblyEnd        38 1.0 1.4818e-01 1.1 0.00e+00 0.0 4.6e+01 9.5e+02 1.4e+02  0  0  0  0  0   6  0 44  0 39     0
MatGetRowIJ            1 1.0 3.7096e-07 1.2 0.00e+00 0.0 0.0e+00 0.0e+00 0.0e+00  0  0  0  0  0   0  0  0  0  0     0
MatCreateSubMat        1 1.0 6.5459e-02 1.0 0.00e+00 0.0 5.0e+00 1.8e+06 1.6e+01  0  0  0  0  0   3  0  5 62  4     0
MatTranspose           1 1.0 1.1058e-02 1.0 0.00e+00 0.0 1.2e+01 5.9e+03 1.0e+01  0  0  0  0  0   0  0 12  0  3     0
MatMatMult             4 1.0 1.0869e-01 1.0 3.15e+06 1.0 2.6e+01 4.2e+03 5.0e+01  0  0  0  0  0   4 57 25  1 14    58
MatMatMultSym          4 1.0 7.8468e-02 1.0 0.00e+00 0.0 2.3e+01 3.1e+03 4.8e+01  0  0  0  0  0   3  0 22  0 13     0
MatMatMultNum          4 1.0 2.3167e-02 1.0 3.15e+06 1.0 3.0e+00 1.2e+04 0.0e+00  0  0  0  0  0   1 57  3  0  0   272
MatGetLocalMat         9 1.0 4.3982e-02 1.3 0.00e+00 0.0 0.0e+00 0.0e+00 0.0e+00  0  0  0  0  0   2  0  0  0  0     0
MatGetBrAoCol          8 1.0 7.7357e-04 1.0 0.00e+00 0.0 1.2e+01 8.4e+03 0.0e+00  0  0  0  0  0   0  0 12  1  0     0
MatTranspose_SeqAIJ_FAST       1 1.0 1.4395e-04 1.3 0.00e+00 0.0 0.0e+00 0.0e+00 0.0e+00  0  0  0  0  0   0  0  0  0  0     0
SFSetGraph             2 1.0 5.2492e-07 2.6 0.00e+00 0.0 0.0e+00 0.0e+00 0.0e+00  0  0  0  0  0   0  0  0  0  0     0
SFSetUp                2 1.0 4.2748e-04 3.6 0.00e+00 0.0 4.5e+00 1.3e+03 0.0e+00  0  0  0  0  0   0  0  4  0  0     0
SFReduceBegin          2 1.0 2.0856e-05 1.2 0.00e+00 0.0 3.0e+00 1.9e+03 0.0e+00  0  0  0  0  0   0  0  3  0  0     0
SFReduceEnd            2 1.0 8.2750e-06 1.6 0.00e+00 0.0 0.0e+00 0.0e+00 0.0e+00  0  0  0  0  0   0  0  0  0  0     0
VecView               27 0.0 4.8289e-01 0.0 0.00e+00 0.0 0.0e+00 0.0e+00 0.0e+00  0  0  0  0  0  10  0  0  0  0     0
VecSet                34 1.0 1.3143e-03 1.1 0.00e+00 0.0 0.0e+00 0.0e+00 0.0e+00  0  0  0  0  0   0  0  0  0  0     0
VecScatterBegin        4 1.3 1.5840e-04 6.4 0.00e+00 0.0 6.0e+00 5.1e+03 0.0e+00  0  0  0  0  0   0  0  6  0  0     0
VecScatterEnd          3 1.0 4.4762e-05 1.0 0.00e+00 0.0 0.0e+00 0.0e+00 0.0e+00  0  0  0  0  0   0  0  0  0  0     0

--- Event Stage 2: rhsVelocity

BuildTwoSidedF     20000 1.0 5.2951e-01 1.3 0.00e+00 0.0 0.0e+00 0.0e+00 0.0e+00  0  0  0  0  0   0  0  0  0  0     0
MatMult            50000 1.0 9.4610e+01 1.0 5.23e+10 1.0 7.0e+04 5.3e+03 0.0e+00  3  5  8  1  0  64 55 78 92  0  1104
MatMultAdd         20000 1.0 1.6350e+01 1.0 5.27e+09 1.0 2.0e+04 1.6e+03 0.0e+00  1  1  2  0  0  11  6 22  8  0   645
VecScale           70000 1.0 8.6260e+00 1.0 1.05e+10 1.0 0.0e+00 0.0e+00 0.0e+00  0  1  0  0  0   6 11  0  0  0  2426
VecSet             20000 1.0 6.8066e+00 1.0 0.00e+00 0.0 0.0e+00 0.0e+00 0.0e+00  0  0  0  0  0   5  0  0  0  0     0
VecAXPY            60000 1.0 3.0466e+01 1.0 3.14e+10 1.0 0.0e+00 0.0e+00 0.0e+00  1  3  0  0  0  20 33  0  0  0  2061
VecSwap            10000 1.0 7.3616e+00 1.0 0.00e+00 0.0 0.0e+00 0.0e+00 0.0e+00  0  0  0  0  0   5  0  0  0  0     0
VecAssemblyBegin   20000 1.0 8.6476e-01 1.2 0.00e+00 0.0 0.0e+00 0.0e+00 0.0e+00  0  0  0  0  0   1  0  0  0  0     0
VecAssemblyEnd     20000 1.0 4.4219e-02 1.0 0.00e+00 0.0 0.0e+00 0.0e+00 0.0e+00  0  0  0  0  0   0  0  0  0  0     0
VecScatterBegin    50000 1.0 9.5928e+00 1.0 0.00e+00 0.0 9.0e+04 4.5e+03 0.0e+00  0  0 11  1  0   6  0100100  0     0
VecScatterEnd      50000 1.0 2.8157e+00 1.3 0.00e+00 0.0 0.0e+00 0.0e+00 0.0e+00  0  0  0  0  0   2  0  0  0  0     0

--- Event Stage 3: solveVelocity

MatMult           120180 1.0 5.1897e+02 1.0 5.34e+11 1.0 2.4e+05 8.2e+03 0.0e+00 17 51 29  5  0  54 58100100  0  2054
VecDot            120180 1.0 5.5778e+01 1.0 6.29e+10 1.0 0.0e+00 0.0e+00 1.2e+05  2  6  0  0  2   6  7  0  0 48  2255
VecDotNorm2        60090 1.0 3.2413e+01 1.0 6.29e+10 1.0 0.0e+00 0.0e+00 6.0e+04  1  6  0  0  1   3  7  0  0 24  3880
VecNorm            70090 1.0 1.9942e+01 1.1 3.67e+10 1.0 0.0e+00 0.0e+00 7.0e+04  1  4  0  0  1   2  4  0  0 28  3678
VecCopy            19999 1.0 1.1351e+01 1.0 0.00e+00 0.0 0.0e+00 0.0e+00 0.0e+00  0  0  0  0  0   1  0  0  0  0     0
VecSet             29999 1.0 1.2045e+01 1.0 0.00e+00 0.0 0.0e+00 0.0e+00 0.0e+00  0  0  0  0  0   1  0  0  0  0     0
VecAXPBYCZ        120180 1.0 9.4623e+01 1.0 1.26e+11 1.0 0.0e+00 0.0e+00 0.0e+00  3 12  0  0  0  10 14  0  0  0  2658
VecWAXPY          120180 1.0 1.0202e+02 1.0 6.29e+10 1.0 0.0e+00 0.0e+00 0.0e+00  3  6  0  0  0  11  7  0  0  0  1233
VecPointwiseMult  130180 1.0 1.0973e+02 1.0 3.41e+10 1.0 0.0e+00 0.0e+00 0.0e+00  4  3  0  0  0  11  4  0  0  0   621
VecScatterBegin   120180 1.0 1.3401e+00 1.0 0.00e+00 0.0 2.4e+05 8.2e+03 0.0e+00  0  0 29  5  0   0  0100100  0     0
VecScatterEnd     120180 1.0 1.1168e+01 2.3 0.00e+00 0.0 0.0e+00 0.0e+00 0.0e+00  0  0  0  0  0   1  0  0  0  0     0
KSPSetUp               1 1.0 2.6703e-03 1.0 0.00e+00 0.0 0.0e+00 0.0e+00 0.0e+00  0  0  0  0  0   0  0  0  0  0     0
KSPSolve           10000 1.0 9.5344e+02 1.0 9.19e+11 1.0 2.4e+05 8.2e+03 2.5e+05 32 88 29  5  5 100100100100100  1926
PCSetUp                1 1.0 1.5140e-06 3.3 0.00e+00 0.0 0.0e+00 0.0e+00 0.0e+00  0  0  0  0  0   0  0  0  0  0     0
PCApply           130180 1.0 1.0991e+02 1.0 3.41e+10 1.0 0.0e+00 0.0e+00 2.0e+00  4  3  0  0  0  11  4  0  0  0   620

--- Event Stage 4: rhsPoisson

BuildTwoSidedF     20000 1.0 3.4118e+0010.8 0.00e+00 0.0 5.0e+04 7.2e+00 0.0e+00  0  0  6  0  0   7  0 83  1  0     0
MatMult            20000 1.0 2.3278e+01 1.0 9.15e+09 1.0 3.5e+04 1.2e+03 0.0e+00  1  1  4  0  0  93 78 58100  0   787
MatMultAdd         10000 1.0 9.7836e+00 1.0 2.62e+09 1.0 2.5e+04 7.2e+00 2.0e+00  0  0  3  0  0  39 22 42  0100   536
VecScale           10000 1.0 1.3727e-03 1.0 0.00e+00 0.0 0.0e+00 0.0e+00 0.0e+00  0  0  0  0  0   0  0  0  0  0     0
VecSet             10000 1.0 1.3183e+00 1.0 0.00e+00 0.0 0.0e+00 0.0e+00 0.0e+00  0  0  0  0  0   5  0  0  0  0     0
VecAXPY            10000 1.0 1.5922e+00 1.0 2.62e+09 1.0 0.0e+00 0.0e+00 0.0e+00  0  0  0  0  0   6 22  0  0  0  3293
VecAssemblyBegin   20000 1.0 3.6182e+00 1.0 0.00e+00 0.0 5.0e+04 7.2e+00 0.0e+00  0  0  6  0  0  14  0 83  1  0     0
VecAssemblyEnd     20000 1.0 4.4787e-02 1.0 0.00e+00 0.0 0.0e+00 0.0e+00 0.0e+00  0  0  0  0  0   0  0  0  0  0     0
VecScatterBegin    10000 1.0 2.4322e-02 2.3 0.00e+00 0.0 1.0e+04 4.1e+03 0.0e+00  0  0  1  0  0   0  0 17 99  0     0
VecScatterEnd      10000 1.0 6.0847e-01 2.2 0.00e+00 0.0 0.0e+00 0.0e+00 0.0e+00  0  0  0  0  0   2  0  0  0  0     0

--- Event Stage 5: solvePoisson

VecScatterBegin    30000 1.0 8.7718e+00 1.7 0.00e+00 0.0 3.0e+04 1.0e+06 0.0e+00  0  0  4 88  0   1  0100100  0     0
VecScatterEnd      30000 1.0 7.5515e+00 1.4 0.00e+00 0.0 0.0e+00 0.0e+00 0.0e+00  0  0  0  0  0   1  0  0  0  0     0

--- Event Stage 6: update

MatMult            10000 1.0 1.7349e+01 1.0 7.86e+09 1.0 1.0e+04 4.1e+03 0.0e+00  1  1  1  0  0  66 50100100  0   905
VecAXPY            30000 1.0 9.1391e+00 1.1 7.86e+09 1.0 0.0e+00 0.0e+00 0.0e+00  0  1  0  0  0  34 50  0  0  0  1720
VecScatterBegin    10000 1.0 4.3506e-02 3.0 0.00e+00 0.0 1.0e+04 4.1e+03 0.0e+00  0  0  1  0  0   0  0100100  0     0
VecScatterEnd      10000 1.0 4.3080e-01 1.4 0.00e+00 0.0 0.0e+00 0.0e+00 0.0e+00  0  0  0  0  0   1  0  0  0  0     0

--- Event Stage 7: write

VecView              311 1.0 5.2798e+01 1.0 0.00e+00 0.0 0.0e+00 0.0e+00 0.0e+00  2  0  0  0  0  97  0  0  0  0     0

--- Event Stage 8: monitor

VecView               12 1.0 2.1983e-01 1.0 0.00e+00 0.0 0.0e+00 0.0e+00 0.0e+00  0  0  0  0  0  93  0  0  0  0     0
VecScatterBegin       12 1.0 4.7131e-04 1.1 0.00e+00 0.0 0.0e+00 0.0e+00 0.0e+00  0  0  0  0  0   0  0  0  0  0     0
VecScatterEnd         12 1.0 6.1970e-06 1.1 0.00e+00 0.0 0.0e+00 0.0e+00 0.0e+00  0  0  0  0  0   0  0  0  0  0     0

--- Event Stage 9: rhsForces

MatMult            10000 1.0 3.6381e-01 1.0 3.63e+07 1.0 2.0e+04 5.6e+03 0.0e+00  0  0  2  0  0  89 86100100  0   199
VecScale           10000 1.0 1.2155e-02 1.0 2.02e+06 1.0 0.0e+00 0.0e+00 0.0e+00  0  0  0  0  0   3  5  0  0  0   332
VecAYPX            10000 1.0 1.1102e-02 1.0 4.04e+06 1.0 0.0e+00 0.0e+00 0.0e+00  0  0  0  0  0   3 10  0  0  0   728
VecScatterBegin    10000 1.0 8.9986e-02 1.0 0.00e+00 0.0 2.0e+04 5.6e+03 0.0e+00  0  0  2  0  0  22  0100100  0     0
VecScatterEnd      10000 1.0 2.0100e-01 1.0 0.00e+00 0.0 0.0e+00 0.0e+00 0.0e+00  0  0  0  0  0  49  0  0  0  0     0

--- Event Stage 10: solveForces

MatSolve           10000 1.0 1.5193e+00 1.0 0.00e+00 0.0 0.0e+00 0.0e+00 0.0e+00  0  0  0  0  0   7  0  0  0  0     0
MatLUFactorSym     10000 1.0 7.9496e-01 1.0 0.00e+00 0.0 0.0e+00 0.0e+00 0.0e+00  0  0  0  0  0   4  0  0  0  0     0
MatLUFactorNum     10000 1.0 1.6912e+01 1.0 0.00e+00 0.0 0.0e+00 0.0e+00 0.0e+00  1  0  0  0  0  82  0  0  0  0     0
MatGetRowIJ        10000 1.0 2.7579e-03 1.0 0.00e+00 0.0 0.0e+00 0.0e+00 0.0e+00  0  0  0  0  0   0  0  0  0  0     0
MatGetOrdering     10000 1.0 2.2305e-01 1.0 0.00e+00 0.0 0.0e+00 0.0e+00 0.0e+00  0  0  0  0  0   1  0  0  0  0     0
VecCopy            10000 1.0 7.4150e-03 1.1 0.00e+00 0.0 0.0e+00 0.0e+00 0.0e+00  0  0  0  0  0   0  0  0  0  0     0
VecSet             10000 1.0 8.4155e-03 1.0 0.00e+00 0.0 0.0e+00 0.0e+00 0.0e+00  0  0  0  0  0   0  0  0  0  0     0
KSPSetUp           10000 1.0 3.1247e-03 1.4 0.00e+00 0.0 0.0e+00 0.0e+00 0.0e+00  0  0  0  0  0   0  0  0  0  0     0
KSPSolve           10000 1.0 2.0534e+01 1.0 0.00e+00 0.0 0.0e+00 0.0e+00 6.0e+04  1  0  0  0  1 100  0  0  0100     0
PCSetUp            10000 1.0 1.8921e+01 1.0 0.00e+00 0.0 0.0e+00 0.0e+00 6.0e+04  1  0  0  0  1  92  0  0  0100     0
PCApply            10000 1.0 1.5278e+00 1.0 0.00e+00 0.0 0.0e+00 0.0e+00 0.0e+00  0  0  0  0  0   7  0  0  0  0     0

--- Event Stage 11: integrateForces


--- Event Stage 12: moveIB

BuildTwoSided      10000 1.0 1.6587e-01 1.1 0.00e+00 0.0 1.0e+04 4.0e+00 0.0e+00  0  0  1  0  0   0  0  3  0  0     0
BuildTwoSidedF     70000 1.0 5.0713e+00 2.0 0.00e+00 0.0 3.0e+04 1.9e+04 0.0e+00  0  0  4  2  0   0  0  8 32  0     0
MatConvert         10000 1.0 1.0636e+02 1.0 0.00e+00 0.0 0.0e+00 0.0e+00 0.0e+00  4  0  0  0  0   8  0  0  0  0     0
MatScale           20000 1.0 5.5425e-01 1.0 3.64e+07 1.0 4.0e+04 5.6e+03 0.0e+00  0  0  5  1  0   0 20 11 13  0   131
MatAssemblyBegin  140000 1.0 7.3385e+00 1.5 0.00e+00 0.0 3.0e+04 1.9e+04 0.0e+00  0  0  4  2  0   0  0  8 32  0     0
MatAssemblyEnd    140000 1.0 4.4653e+02 1.0 0.00e+00 0.0 1.6e+05 5.6e+02 5.7e+05 15  0 19  0 10  35  0 44  5 70     0
MatTranspose       10000 1.0 1.0242e+02 1.0 0.00e+00 0.0 1.2e+05 5.9e+03 1.0e+05  3  0 14  2  2   8  0 33 39 12     0
MatMatMult         20000 1.0 2.7837e+02 1.0 1.42e+08 1.0 1.6e+05 5.0e+03 2.4e+05  9  0 19  2  4  22 80 44 45 30     1
MatMatMultSym      20000 1.0 2.2185e+02 1.0 0.00e+00 0.0 1.4e+05 3.6e+03 2.4e+05  7  0 17  1  4  17  0 39 29 30     0
MatMatMultNum      20000 1.0 5.6767e+01 1.0 1.42e+08 1.0 2.0e+04 1.5e+04 0.0e+00  2  0  2  1  0   4 80  6 16  0     5
MatGetLocalMat     40000 1.0 1.0118e+02 1.0 0.00e+00 0.0 0.0e+00 0.0e+00 0.0e+00  3  0  0  0  0   8  0  0  0  0     0
MatGetBrAoCol      40000 1.0 5.2422e+00 1.1 0.00e+00 0.0 8.0e+04 9.8e+03 0.0e+00  0  0 10  2  0   0  0 22 44  0     0
MatTranspose_SeqAIJ_FAST   10000 1.0 2.3818e+00 1.0 0.00e+00 0.0 0.0e+00 0.0e+00 0.0e+00  0  0  0  0  0   0  0  0  0  0     0
SFSetGraph         10000 1.0 2.1682e-03 1.0 0.00e+00 0.0 0.0e+00 0.0e+00 0.0e+00  0  0  0  0  0   0  0  0  0  0     0
SFSetUp            10000 1.0 4.1178e-01 1.0 0.00e+00 0.0 3.0e+04 1.9e+03 0.0e+00  0  0  4  0  0   0  0  8  3  0     0
SFReduceBegin      10000 1.0 7.2994e-02 1.0 0.00e+00 0.0 2.0e+04 2.8e+03 0.0e+00  0  0  2  0  0   0  0  6  3  0     0
SFReduceEnd        10000 1.0 3.6886e-02 1.1 0.00e+00 0.0 0.0e+00 0.0e+00 0.0e+00  0  0  0  0  0   0  0  0  0  0     0
VecSet            100000 1.0 2.1990e+00 1.0 0.00e+00 0.0 0.0e+00 0.0e+00 0.0e+00  0  0  0  0  0   0  0  0  0  0     0
VecScatterBegin    20000 1.0 1.8157e-01 1.0 0.00e+00 0.0 4.0e+04 5.6e+03 0.0e+00  0  0  5  1  0   0  0 11 13  0     0
VecScatterEnd      20000 1.0 2.6569e-01 1.0 0.00e+00 0.0 0.0e+00 0.0e+00 0.0e+00  0  0  0  0  0   0  0  0  0  0     0
------------------------------------------------------------------------------------------------------------------------

Memory usage is given in bytes:

Object Type          Creations   Destructions     Memory  Descendants' Mem.
Reports information only for process 0.

--- Event Stage 0: Main Stage

    Distributed Mesh     0              6        31668     0.
              Matrix     0             42    166681796     0.
           Index Set     0             14      2030480     0.
   IS L to G Mapping     0              5      2653980     0.
   Star Forest Graph     0             12        10080     0.
     Discrete System     0              6         5520     0.
              Vector     0             42     44170192     0.
         Vec Scatter     0             16      5264296     0.
   Application Order     0              3      6285280     0.
              Viewer   102            109        92336     0.
       Krylov Solver     0              2         2968     0.
      Preconditioner     0              2         1872     0.

--- Event Stage 1: initialize

    Distributed Mesh     6              0            0     0.
              Matrix    72             31    255420584     0.
           Index Set    62             50      3738008     0.
   IS L to G Mapping     7              2      1061224     0.
   Star Forest Graph    14              2         1808     0.
     Discrete System     6              0            0     0.
              Vector   105             72     11683744     0.
         Vec Scatter    28             12        16352     0.
   Application Order     3              0            0     0.
              Viewer    19             11         9152     0.
       Krylov Solver     2              0            0     0.
      Preconditioner     2              0            0     0.

--- Event Stage 2: rhsVelocity

              Vector     1              0            0     0.

--- Event Stage 3: solveVelocity

              Vector     7              0            0     0.

--- Event Stage 4: rhsPoisson

              Vector     1              0            0     0.

--- Event Stage 5: solvePoisson


--- Event Stage 6: update


--- Event Stage 7: write

              Viewer   306            306       256192     0.

--- Event Stage 8: monitor

           Index Set    12             12         9600     0.
              Vector    12             12      1803360     0.
         Vec Scatter    12             12      1800288     0.

--- Event Stage 9: rhsForces


--- Event Stage 10: solveForces

              Matrix 10000              0            0     0.
           Index Set 40000          20000     32160000     0.

--- Event Stage 11: integrateForces


--- Event Stage 12: moveIB

              Matrix 260000          269999  1017337240192     0.
           Index Set 140000          159998    188633136     0.
   Star Forest Graph 10000          10000      9040000     0.
              Vector 170000          170000  42346872704     0.
         Vec Scatter 80000          80000    113280000     0.
========================================================================================================================
Average time to get PetscTime(): 3.5495e-08
Average time for MPI_Barrier(): 7.22799e-07
Average time for zero size MPI_Send(): 1.60449e-06
#PETSc Option Table entries:
-forces_ksp_type preonly
-forces_pc_factor_mat_solver_type superlu_dist
-forces_pc_type lu
-log_view ascii:view.log
-options_left
-probes probes.yaml
-velocity_ksp_atol 1e-12
-velocity_ksp_max_it 1000
-velocity_ksp_rtol 0.0
-velocity_ksp_type bcgs
-velocity_pc_jacobi_type diagonal
-velocity_pc_type jacobi
#End of PETSc Option Table entries
Compiled without FORTRAN kernels
Compiled with full precision matrices (default)
sizeof(short) 2 sizeof(int) 4 sizeof(long) 8 sizeof(void*) 8 sizeof(PetscScalar) 8 sizeof(PetscInt) 4
Configure options: PETSC_DIR=/home/mesnardo/software/petsc/3.11.4 PETSC_ARCH=linux-gnu-openmpi-opt COPTFLAGS=-O3 CXXOPTFLAGS=-O3 --with-fc=0 --with-debugging=0 --with-cxx-dialect=C++11 --with-shared-libraries=1 --with-pic=1 --with-mpi-dir=/home/mesnardo/software/openmpi/3.1.4/linux-gnu-opt --download-hdf5 --download-f2cblaslapack --download-hypre --download-ptscotch --download-metis --download-parmetis --download-superlu_dist
-----------------------------------------
Libraries compiled on 2019-10-31 21:42:07 on phantom 
Machine characteristics: Linux-4.4.0-127-generic-x86_64-with-debian-stretch-sid
Using PETSc directory: /home/mesnardo/software/petsc/3.11.4
Using PETSc arch: linux-gnu-openmpi-opt
-----------------------------------------

Using C compiler: /home/mesnardo/software/openmpi/3.1.4/linux-gnu-opt/bin/mpicc  -fPIC -Wall -Wwrite-strings -Wno-strict-aliasing -Wno-unknown-pragmas -fstack-protector -fvisibility=hidden -O3  
-----------------------------------------

Using include paths: -I/home/mesnardo/software/petsc/3.11.4/include -I/home/mesnardo/software/petsc/3.11.4/linux-gnu-openmpi-opt/include -I/home/mesnardo/software/openmpi/3.1.4/linux-gnu-opt/include
-----------------------------------------

Using C linker: /home/mesnardo/software/openmpi/3.1.4/linux-gnu-opt/bin/mpicc
Using libraries: -Wl,-rpath,/home/mesnardo/software/petsc/3.11.4/linux-gnu-openmpi-opt/lib -L/home/mesnardo/software/petsc/3.11.4/linux-gnu-openmpi-opt/lib -lpetsc -Wl,-rpath,/home/mesnardo/software/petsc/3.11.4/linux-gnu-openmpi-opt/lib -L/home/mesnardo/software/petsc/3.11.4/linux-gnu-openmpi-opt/lib -lHYPRE -lsuperlu_dist -lf2clapack -lf2cblas -lhdf5_hl -lhdf5 -lparmetis -lmetis -lptesmumps -lptscotchparmetis -lptscotch -lptscotcherr -lesmumps -lscotch -lscotcherr -lm -lX11 -lrt -lm -lpthread -lz -lstdc++ -ldl
-----------------------------------------

