************************************************************************************************************************
***             WIDEN YOUR WINDOW TO 120 CHARACTERS.  Use 'enscript -r -fCourier9' to print this document            ***
************************************************************************************************************************

---------------------------------------------- PETSc Performance Summary: ----------------------------------------------

petibm-ibpm on a  named phantom with 2 processors, by mesnardo Tue Jan  7 19:16:52 2020
Using Petsc Release Version 3.12.2, Nov, 22, 2019 

                         Max       Max/Min     Avg       Total 
Time (sec):           1.774e+02     1.000   1.774e+02
Objects:              4.813e+03     1.004   4.802e+03
Flop:                 2.193e+11     1.007   2.185e+11  4.370e+11
Flop/sec:             1.236e+09     1.007   1.232e+09  2.463e+09
MPI Messages:         1.449e+06     1.001   1.449e+06  2.897e+06
MPI Message Lengths:  2.115e+09     1.000   1.460e+03  4.229e+09
MPI Reductions:       5.713e+05     1.000

Flop counting convention: 1 flop = 1 real number operation of type (multiply/divide/add/subtract)
                            e.g., VecAXPY() for real vectors of length N --> 2N flop
                            and VecAXPY() for complex vectors of length N --> 8N flop

Summary of Stages:   ----- Time ------  ----- Flop ------  --- Messages ---  -- Message Lengths --  -- Reductions --
                        Avg     %Total     Avg     %Total    Count   %Total     Avg         %Total    Count   %Total 
 0:      Main Stage: 1.9715e-01   0.1%  0.0000e+00   0.0%  0.000e+00   0.0%  0.000e+00        0.0%  2.300e+01   0.0% 
 1:      initialize: 4.8362e-01   0.3%  1.5537e+06   0.0%  7.100e+01   0.0%  2.620e+03        0.0%  2.400e+02   0.0% 
 2:     rhsVelocity: 4.2592e+00   2.4%  4.9463e+09   1.1%  1.600e+04   0.6%  1.922e+03        0.7%  0.000e+00   0.0% 
 3:   solveVelocity: 1.7656e+01  10.0%  5.6042e+10  12.8%  5.600e+04   1.9%  2.968e+03        3.9%  5.800e+04  10.2% 
 4:      rhsPoisson: 9.6171e-01   0.5%  6.2878e+08   0.1%  9.000e+03   0.3%  1.878e+03        0.4%  4.000e+03   0.7% 
 5:    solvePoisson: 1.5268e+02  86.1%  3.7459e+11  85.7%  2.812e+06  97.1%  1.425e+03       94.8%  4.657e+05  81.5% 
 6:          update: 6.3335e-01   0.4%  8.3664e+08   0.2%  4.000e+03   0.1%  1.752e+03        0.2%  0.000e+00   0.0% 
 7:           write: 3.6544e-01   0.2%  0.0000e+00   0.0%  0.000e+00   0.0%  0.000e+00        0.0%  1.000e+01   0.0% 
 8:         monitor: 2.9119e-04   0.0%  0.0000e+00   0.0%  0.000e+00   0.0%  0.000e+00        0.0%  0.000e+00   0.0% 
 9: integrateForces: 1.4547e-01   0.1%  0.0000e+00   0.0%  0.000e+00   0.0%  0.000e+00        0.0%  6.003e+03   1.1% 

------------------------------------------------------------------------------------------------------------------------
See the 'Profiling' chapter of the users' manual for details on interpreting output.
Phase summary info:
   Count: number of times phase was executed
   Time and Flop: Max - maximum over all processors
                  Ratio - ratio of maximum to minimum over all processors
   Mess: number of messages sent
   AvgLen: average message length (bytes)
   Reduct: number of global reductions
   Global: entire computation
   Stage: stages of a computation. Set stages with PetscLogStagePush() and PetscLogStagePop().
      %T - percent time in this phase         %F - percent flop in this phase
      %M - percent messages in this phase     %L - percent message lengths in this phase
      %R - percent reductions in this phase
   Total Mflop/s: 10e-6 * (sum of flop over all processors)/(max time over all processors)
------------------------------------------------------------------------------------------------------------------------
Event                Count      Time (sec)     Flop                              --- Global ---  --- Stage ----  Total
                   Max Ratio  Max     Ratio   Max  Ratio  Mess   AvgLen  Reduct  %T %F %M %L %R  %T %F %M %L %R Mflop/s
------------------------------------------------------------------------------------------------------------------------

--- Event Stage 0: Main Stage

BuildTwoSided          1 1.0 1.6875e-05 1.1 0.00e+00 0.0 0.0e+00 0.0e+00 0.0e+00  0  0  0  0  0   0  0  0  0  0     0
SFSetGraph             1 1.0 1.2850e-06 1.1 0.00e+00 0.0 0.0e+00 0.0e+00 0.0e+00  0  0  0  0  0   0  0  0  0  0     0
SFSetUp                1 1.0 3.4919e-05 1.0 0.00e+00 0.0 0.0e+00 0.0e+00 0.0e+00  0  0  0  0  0   0  0  0  0  0     0
VecView                1 1.0 2.4063e-02 1.0 0.00e+00 0.0 0.0e+00 0.0e+00 0.0e+00  0  0  0  0  0  12  0  0  0  0     0
VecSet                 1 1.0 1.8161e-06 1.2 0.00e+00 0.0 0.0e+00 0.0e+00 0.0e+00  0  0  0  0  0   0  0  0  0  0     0

--- Event Stage 1: initialize

BuildTwoSided         26 1.0 6.0911e-04 1.6 0.00e+00 0.0 1.8e+01 4.0e+00 0.0e+00  0  0  0  0  0   0  0 25  0  0     0
BuildTwoSidedF        19 1.0 1.1190e-03 1.2 0.00e+00 0.0 3.0e+00 1.2e+04 0.0e+00  0  0  0  0  0   0  0  4 19  0     0
MatConvert             4 1.0 2.0626e-02 1.0 0.00e+00 0.0 1.2e+01 9.9e+02 2.4e+01  0  0  0  0  0   4  0 17  6 10     0
MatScale               4 1.0 3.4584e-04 1.0 3.12e+05 1.0 4.0e+00 3.5e+03 0.0e+00  0  0  0  0  0   0 40  6  8  0  1798
MatAssemblyBegin      27 1.0 1.3859e-03 1.2 0.00e+00 0.0 3.0e+00 1.2e+04 0.0e+00  0  0  0  0  0   0  0  4 19  0     0
MatAssemblyEnd        27 1.0 1.5800e-02 1.0 0.00e+00 0.0 3.6e+01 7.6e+02 6.5e+01  0  0  0  0  0   3  0 51 15 27     0
MatTranspose           1 1.0 4.1459e-03 1.0 0.00e+00 0.0 1.1e+01 4.0e+03 6.0e+00  0  0  0  0  0   1  0 15 23  2     0
MatMatMult             2 1.0 9.6381e-03 1.0 4.31e+05 1.0 1.4e+01 7.0e+03 1.6e+01  0  0  0  0  0   2 55 20 53  7    89
MatMatMultSym          2 1.0 7.7928e-03 1.0 0.00e+00 0.0 1.2e+01 5.3e+03 1.6e+01  0  0  0  0  0   2  0 17 34  7     0
MatMatMultNum          2 1.0 1.8266e-03 1.0 4.31e+05 1.0 2.0e+00 1.7e+04 0.0e+00  0  0  0  0  0   0 55  3 19  0   472
MatGetLocalMat         4 1.0 2.7064e-03 1.0 0.00e+00 0.0 0.0e+00 0.0e+00 0.0e+00  0  0  0  0  0   1  0  0  0  0     0
MatGetBrAoCol          4 1.0 2.1534e-04 1.0 0.00e+00 0.0 8.0e+00 1.1e+04 0.0e+00  0  0  0  0  0   0  0 11 49  0     0
DMCreateMat            1 1.0 4.0246e-02 1.0 0.00e+00 0.0 1.5e+01 5.9e+02 3.2e+01  0  0  0  0  0   8  0 21  5 13     0
SFSetGraph            26 1.0 3.5980e-05 1.0 0.00e+00 0.0 0.0e+00 0.0e+00 0.0e+00  0  0  0  0  0   0  0  0  0  0     0
SFSetUp               26 1.0 2.9514e-03 1.0 0.00e+00 0.0 5.4e+01 7.6e+02 0.0e+00  0  0  0  0  0   1  0 76 22  0     0
SFBcastOpBegin         2 1.0 1.5582e-05 1.0 0.00e+00 0.0 4.0e+00 3.5e+03 0.0e+00  0  0  0  0  0   0  0  6  8  0     0
SFBcastOpEnd           2 1.0 3.9689e-06 1.0 0.00e+00 0.0 0.0e+00 0.0e+00 0.0e+00  0  0  0  0  0   0  0  0  0  0     0
SFReduceBegin          9 1.0 1.4742e-03 1.0 0.00e+00 0.0 2.0e+00 1.7e+03 0.0e+00  0  0  0  0  0   0  0  3  2  0     0
SFReduceEnd            9 1.0 1.2541e-03 1.0 0.00e+00 0.0 0.0e+00 0.0e+00 0.0e+00  0  0  0  0  0   0  0  0  0  0     0
VecView               15 0.0 2.5482e-01 0.0 0.00e+00 0.0 0.0e+00 0.0e+00 0.0e+00  0  0  0  0  0  26  0  0  0  0     0
VecSet                27 1.0 9.4334e-05 1.0 0.00e+00 0.0 0.0e+00 0.0e+00 0.0e+00  0  0  0  0  0   0  0  0  0  0     0
VecScatterBegin        2 1.0 1.8115e-05 1.0 0.00e+00 0.0 4.0e+00 3.5e+03 0.0e+00  0  0  0  0  0   0  0  6  8  0     0
VecScatterEnd          2 1.0 5.4219e-06 1.0 0.00e+00 0.0 0.0e+00 0.0e+00 0.0e+00  0  0  0  0  0   0  0  0  0  0     0

--- Event Stage 2: rhsVelocity

BuildTwoSidedF      4000 1.0 6.9831e-02 1.1 0.00e+00 0.0 0.0e+00 0.0e+00 0.0e+00  0  0  0  0  0   2  0  0  0  0     0
MatMult            10000 1.0 3.3169e+00 1.0 1.38e+09 1.0 1.6e+04 1.9e+03 0.0e+00  2  1  1  1  0  77 55100100  0   827
MatMultAdd          2000 1.0 5.5046e-01 1.0 1.38e+08 1.0 0.0e+00 0.0e+00 0.0e+00  0  0  0  0  0  13  6  0  0  0   500
SFBcastOpBegin      8000 1.0 1.5763e-01 1.0 0.00e+00 0.0 1.6e+04 1.9e+03 0.0e+00  0  0  1  1  0   4  0100100  0     0
SFBcastOpEnd        8000 1.0 3.3407e-01 1.5 0.00e+00 0.0 0.0e+00 0.0e+00 0.0e+00  0  0  0  0  0   6  0  0  0  0     0
VecScale           14000 1.0 2.0849e-01 1.0 2.76e+08 1.0 0.0e+00 0.0e+00 0.0e+00  0  0  0  0  0   5 11  0  0  0  2641
VecSet              4000 1.0 1.7972e-01 1.0 0.00e+00 0.0 0.0e+00 0.0e+00 0.0e+00  0  0  0  0  0   4  0  0  0  0     0
VecAXPY            12000 1.0 4.5275e-01 1.0 8.28e+08 1.0 0.0e+00 0.0e+00 0.0e+00  0  0  0  0  0  11 33  0  0  0  3648
VecSwap             2000 1.0 2.0953e-01 1.0 0.00e+00 0.0 0.0e+00 0.0e+00 0.0e+00  0  0  0  0  0   5  0  0  0  0     0
VecAssemblyBegin    4000 1.0 9.7017e-02 1.0 0.00e+00 0.0 0.0e+00 0.0e+00 0.0e+00  0  0  0  0  0   2  0  0  0  0     0
VecAssemblyEnd      4000 1.0 8.4564e-03 1.1 0.00e+00 0.0 0.0e+00 0.0e+00 0.0e+00  0  0  0  0  0   0  0  0  0  0     0
VecScatterBegin     8000 1.0 1.6400e-01 1.0 0.00e+00 0.0 1.6e+04 1.9e+03 0.0e+00  0  0  1  1  0   4  0100100  0     0
VecScatterEnd       8000 1.0 3.4206e-01 1.5 0.00e+00 0.0 0.0e+00 0.0e+00 0.0e+00  0  0  0  0  0   7  0  0  0  0     0

--- Event Stage 3: solveVelocity

MatMult            27998 1.0 1.1204e+01 1.0 1.63e+10 1.0 5.6e+04 3.0e+03 0.0e+00  6  7  2  4  0  63 58100100  0  2901
SFBcastOpBegin     27998 1.0 1.0548e-01 1.1 0.00e+00 0.0 5.6e+04 3.0e+03 0.0e+00  0  0  2  4  0   1  0100100  0     0
SFBcastOpEnd       27998 1.0 3.7977e-01 1.4 0.00e+00 0.0 0.0e+00 0.0e+00 0.0e+00  0  0  0  0  0   2  0  0  0  0     0
VecDot             27998 1.0 1.1141e+00 1.0 1.93e+09 1.0 0.0e+00 0.0e+00 2.8e+04  1  1  0  0  5   6  7  0  0 48  3459
VecDotNorm2        13999 1.0 5.5856e-01 1.0 1.93e+09 1.0 0.0e+00 0.0e+00 1.4e+04  0  1  0  0  2   3  7  0  0 24  6899
VecNorm            15999 1.0 5.4508e-01 1.0 1.10e+09 1.0 0.0e+00 0.0e+00 1.6e+04  0  1  0  0  3   3  4  0  0 28  4040
VecCopy             4000 1.0 1.8452e-01 1.0 0.00e+00 0.0 0.0e+00 0.0e+00 0.0e+00  0  0  0  0  0   1  0  0  0  0     0
VecSet              6000 1.0 2.0508e-01 1.0 0.00e+00 0.0 0.0e+00 0.0e+00 0.0e+00  0  0  0  0  0   1  0  0  0  0     0
VecAXPBYCZ         27998 1.0 1.3182e+00 1.0 3.86e+09 1.0 0.0e+00 0.0e+00 0.0e+00  1  2  0  0  0   7 14  0  0  0  5847
VecWAXPY           27998 1.0 9.1139e-01 1.0 1.93e+09 1.0 0.0e+00 0.0e+00 0.0e+00  1  1  0  0  0   5  7  0  0  0  4228
VecPointwiseMult   29998 1.0 1.4718e+00 1.0 1.04e+09 1.0 0.0e+00 0.0e+00 0.0e+00  1  0  0  0  0   8  4  0  0  0  1403
VecScatterBegin    27998 1.0 1.2732e-01 1.0 0.00e+00 0.0 5.6e+04 3.0e+03 0.0e+00  0  0  2  4  0   1  0100100  0     0
VecScatterEnd      27998 1.0 4.0482e-01 1.3 0.00e+00 0.0 0.0e+00 0.0e+00 0.0e+00  0  0  0  0  0   2  0  0  0  0     0
KSPSetUp               1 1.0 5.1049e-04 1.0 0.00e+00 0.0 0.0e+00 0.0e+00 0.0e+00  0  0  0  0  0   0  0  0  0  0     0
KSPSolve            2000 1.0 1.7649e+01 1.0 2.81e+10 1.0 5.6e+04 3.0e+03 5.8e+04 10 13  2  4 10 100100100100100  3175
PCSetUp                1 1.0 4.9605e-07 1.1 0.00e+00 0.0 0.0e+00 0.0e+00 0.0e+00  0  0  0  0  0   0  0  0  0  0     0
PCApply            29998 1.0 1.4943e+00 1.0 1.04e+09 1.0 0.0e+00 0.0e+00 2.0e+00  1  0  0  0  0   8  4  0  0  0  1382

--- Event Stage 4: rhsPoisson

BuildTwoSidedF      2000 1.0 6.5133e-02 1.3 0.00e+00 0.0 5.0e+03 7.2e+00 0.0e+00  0  0  0  0  0   6  0 56  0  0     0
MatMult             4000 1.0 7.7039e-01 1.0 2.45e+08 1.0 9.0e+03 1.9e+03 0.0e+00  0  0  0  0  0  79 78100100  0   637
MatMultAdd          2000 1.0 4.3352e-01 1.0 6.92e+07 1.0 5.0e+03 7.2e+00 0.0e+00  0  0  0  0  0  45 22 56  0  0   319
SFBcastOpBegin      2000 1.0 1.1985e-02 1.2 0.00e+00 0.0 4.0e+03 4.2e+03 0.0e+00  0  0  0  0  0   1  0 44100  0     0
SFBcastOpEnd        2000 1.0 5.1675e-02 1.0 0.00e+00 0.0 0.0e+00 0.0e+00 0.0e+00  0  0  0  0  0   5  0  0  0  0     0
VecScale            2000 1.0 3.8296e-04 1.1 0.00e+00 0.0 0.0e+00 0.0e+00 0.0e+00  0  0  0  0  0   0  0  0  0  0     0
VecSet              2000 1.0 3.4571e-02 1.0 0.00e+00 0.0 0.0e+00 0.0e+00 0.0e+00  0  0  0  0  0   4  0  0  0  0     0
VecAXPY             2000 1.0 4.5816e-02 1.1 6.92e+07 1.0 0.0e+00 0.0e+00 0.0e+00  0  0  0  0  0   5 22  0  0  0  3020
VecAssemblyBegin    2000 1.0 8.0375e-02 1.0 0.00e+00 0.0 5.0e+03 7.2e+00 0.0e+00  0  0  0  0  0   8  0 56  0  0     0
VecAssemblyEnd      2000 1.0 7.4298e-03 1.2 0.00e+00 0.0 0.0e+00 0.0e+00 0.0e+00  0  0  0  0  0   1  0  0  0  0     0
VecScatterBegin     2000 1.0 1.3937e-02 1.2 0.00e+00 0.0 4.0e+03 4.2e+03 0.0e+00  0  0  0  0  0   1  0 44100  0     0
VecScatterEnd       2000 1.0 5.3483e-02 1.0 0.00e+00 0.0 0.0e+00 0.0e+00 0.0e+00  0  0  0  0  0   6  0  0  0  0     0

--- Event Stage 5: solvePoisson

BuildTwoSided         28 1.0 2.6138e-04 1.0 0.00e+00 0.0 2.4e+01 4.0e+00 0.0e+00  0  0  0  0  0   0  0  0  0  0     0
BuildTwoSidedF        35 1.0 5.1457e-04 1.1 0.00e+00 0.0 2.2e+01 2.6e+04 0.0e+00  0  0  0  0  0   0  0  0  0  0     0
MatMult           995300 1.0 4.4615e+01 1.0 6.42e+10 1.0 2.0e+06 1.9e+03 0.0e+00 25 29 69 87  0  29 34 71 92  0  2858
MatMultAdd        234640 1.0 9.2621e+00 1.0 6.26e+09 1.0 4.1e+05 3.8e+02 0.0e+00  5  3 14  4  0   6  3 15  4  0  1348
MatMultTranspose  234640 1.0 1.0263e+01 1.0 6.26e+09 1.0 4.1e+05 3.8e+02 0.0e+00  6  3 14  4  0   7  3 15  4  0  1217
MatSolve           58660 0.0 1.4637e-01 0.0 5.34e+06 0.0 0.0e+00 0.0e+00 0.0e+00  0  0  0  0  0   0  0  0  0  0    36
MatSOR            938604 1.0 6.4404e+01 1.0 5.77e+10 1.0 0.0e+00 0.0e+00 0.0e+00 36 26  0  0  0  42 31  0  0  0  1779
MatLUFactorSym         1 1.0 1.1415e-05 1.5 0.00e+00 0.0 0.0e+00 0.0e+00 0.0e+00  0  0  0  0  0   0  0  0  0  0     0
MatLUFactorNum         1 1.0 3.1930e-06 2.6 2.08e+02 0.0 0.0e+00 0.0e+00 0.0e+00  0  0  0  0  0   0  0  0  0  0    65
MatConvert             4 1.0 9.9442e-04 1.0 0.00e+00 0.0 1.2e+01 5.6e+02 0.0e+00  0  0  0  0  0   0  0  0  0  0     0
MatScale              12 1.0 5.0177e-04 1.0 3.61e+05 1.0 8.0e+00 1.7e+03 0.0e+00  0  0  0  0  0   0  0  0  0  0  1432
MatResidual       234640 1.0 1.0423e+01 1.0 1.49e+10 1.0 4.7e+05 1.7e+03 0.0e+00  6  7 16 19  0   7  8 17 20  0  2846
MatAssemblyBegin      80 1.0 1.4483e-03 1.0 0.00e+00 0.0 2.2e+01 2.6e+04 0.0e+00  0  0  0  0  0   0  0  0  0  0     0
MatAssemblyEnd        80 1.0 8.9439e-03 1.0 1.17e+04 1.0 4.8e+01 3.7e+02 7.6e+01  0  0  0  0  0   0  0  0  0  0     3
MatGetRowIJ            1 0.0 6.1289e-06 0.0 0.00e+00 0.0 0.0e+00 0.0e+00 0.0e+00  0  0  0  0  0   0  0  0  0  0     0
MatCreateSubMat        2 1.0 2.6028e-04 1.0 0.00e+00 0.0 6.5e+00 6.6e+01 2.4e+01  0  0  0  0  0   0  0  0  0  0     0
MatGetOrdering         1 0.0 3.4463e-05 0.0 0.00e+00 0.0 0.0e+00 0.0e+00 0.0e+00  0  0  0  0  0   0  0  0  0  0     0
MatCoarsen             4 1.0 8.9510e-04 1.0 0.00e+00 0.0 4.2e+01 1.1e+03 7.0e+00  0  0  0  0  0   0  0  0  0  0     0
MatZeroEntries         5 1.0 5.2599e-04 1.0 0.00e+00 0.0 0.0e+00 0.0e+00 0.0e+00  0  0  0  0  0   0  0  0  0  0     0
MatAXPY                4 1.0 1.6896e-03 1.0 2.04e+04 1.0 0.0e+00 0.0e+00 0.0e+00  0  0  0  0  0   0  0  0  0  0    24
MatTranspose           8 1.0 3.9652e-04 1.0 0.00e+00 0.0 0.0e+00 0.0e+00 0.0e+00  0  0  0  0  0   0  0  0  0  0     0
MatMatMult             4 1.0 4.4865e-03 1.0 2.55e+05 1.0 4.4e+01 9.5e+02 3.2e+01  0  0  0  0  0   0  0  0  0  0   113
MatMatMultSym          4 1.0 3.6778e-03 1.0 0.00e+00 0.0 3.6e+01 7.9e+02 3.2e+01  0  0  0  0  0   0  0  0  0  0     0
MatMatMultNum          4 1.0 7.8883e-04 1.0 2.55e+05 1.0 8.0e+00 1.7e+03 0.0e+00  0  0  0  0  0   0  0  0  0  0   641
MatPtAP                4 1.0 1.0805e-02 1.0 1.38e+06 1.0 7.2e+01 2.2e+03 4.4e+01  0  0  0  0  0   0  0  0  0  0   253
MatPtAPSymbolic        4 1.0 8.0271e-03 1.0 0.00e+00 0.0 4.8e+01 1.9e+03 2.8e+01  0  0  0  0  0   0  0  0  0  0     0
MatPtAPNumeric         4 1.0 2.7625e-03 1.0 1.38e+06 1.0 2.4e+01 2.6e+03 1.6e+01  0  0  0  0  0   0  0  0  0  0   991
MatTrnMatMult          1 1.0 2.1395e-02 1.0 1.24e+06 1.0 1.2e+01 5.5e+04 1.1e+01  0  0  0  0  0   0  0  0  0  0   116
MatTrnMatMultSym       1 1.0 1.0561e-02 1.0 0.00e+00 0.0 6.0e+00 2.3e+04 7.0e+00  0  0  0  0  0   0  0  0  0  0     0
MatTrnMatMultNum       1 1.0 1.0829e-02 1.0 1.24e+06 1.0 6.0e+00 8.8e+04 4.0e+00  0  0  0  0  0   0  0  0  0  0   230
MatGetLocalMat        13 1.0 2.2702e-03 1.0 0.00e+00 0.0 0.0e+00 0.0e+00 0.0e+00  0  0  0  0  0   0  0  0  0  0     0
MatGetBrAoCol         12 1.0 6.2954e-04 1.2 0.00e+00 0.0 5.6e+01 2.1e+03 0.0e+00  0  0  0  0  0   0  0  0  0  0     0
SFSetGraph            28 1.0 1.0757e-05 1.0 0.00e+00 0.0 0.0e+00 0.0e+00 0.0e+00  0  0  0  0  0   0  0  0  0  0     0
SFSetUp               28 1.0 4.9215e-04 1.0 0.00e+00 0.0 7.4e+01 4.5e+02 0.0e+00  0  0  0  0  0   0  0  0  0  0     0
SFBcastOpBegin   1229973 1.0 1.6023e+00 1.1 0.00e+00 0.0 2.4e+06 1.6e+03 0.0e+00  1  0 83 91  0   1  0 85 96  0     0
SFBcastOpEnd     1229973 1.0 5.2694e+00 1.2 0.00e+00 0.0 0.0e+00 0.0e+00 0.0e+00  3  0  0  0  0   3  0  0  0  0     0
SFReduceBegin     234640 1.0 3.6732e-01 1.0 0.00e+00 0.0 4.1e+05 3.8e+02 0.0e+00  0  0 14  4  0   0  0 15  4  0     0
SFReduceEnd       234640 1.0 5.3655e-01 1.1 0.00e+00 0.0 0.0e+00 0.0e+00 0.0e+00  0  0  0  0  0   0  0  0  0  0     0
VecMDot           293402 1.0 4.7032e+00 1.0 1.02e+10 1.0 0.0e+00 0.0e+00 2.9e+05  3  5  0  0 51   3  5  0  0 63  4348
VecTDot           113320 1.0 1.9086e+00 1.0 3.95e+09 1.0 0.0e+00 0.0e+00 1.1e+05  1  2  0  0 20   1  2  0  0 24  4138
VecNorm            58748 1.0 9.4325e-01 1.0 2.05e+09 1.0 0.0e+00 0.0e+00 5.9e+04  1  1  0  0 10   1  1  0  0 13  4336
VecScale              88 1.0 2.0968e-04 1.0 4.48e+05 1.0 0.0e+00 0.0e+00 0.0e+00  0  0  0  0  0   0  0  0  0  0  4263
VecCopy           707928 1.0 1.8018e+00 1.0 0.00e+00 0.0 0.0e+00 0.0e+00 0.0e+00  1  0  0  0  0   1  0  0  0  0     0
VecSet            881943 1.0 6.6372e-01 1.1 0.00e+00 0.0 0.0e+00 0.0e+00 0.0e+00  0  0  0  0  0   0  0  0  0  0     0
VecAXPY           113328 1.0 1.8895e+00 1.0 3.95e+09 1.0 0.0e+00 0.0e+00 0.0e+00  1  2  0  0  0   1  2  0  0  0  4180
VecAYPX          1462500 1.0 5.0657e+00 1.0 1.15e+10 1.0 0.0e+00 0.0e+00 0.0e+00  3  5  0  0  0   3  6  0  0  0  4516
VecAXPBYCZ        469280 1.0 1.9227e+00 1.0 1.19e+10 1.0 0.0e+00 0.0e+00 0.0e+00  1  5  0  0  0   1  6  0  0  0 12396
VecMAXPY          293410 1.0 2.9564e+00 1.0 1.02e+10 1.0 0.0e+00 0.0e+00 0.0e+00  2  5  0  0  0   2  5  0  0  0  6919
VecAssemblyBegin      13 1.0 9.9015e-05 1.1 0.00e+00 0.0 0.0e+00 0.0e+00 0.0e+00  0  0  0  0  0   0  0  0  0  0     0
VecAssemblyEnd        13 1.0 1.2890e-05 1.0 0.00e+00 0.0 0.0e+00 0.0e+00 0.0e+00  0  0  0  0  0   0  0  0  0  0     0
VecPointwiseMult      44 1.0 1.9547e-04 1.0 2.24e+05 1.0 0.0e+00 0.0e+00 0.0e+00  0  0  0  0  0   0  0  0  0  0  2287
VecScatterBegin  1464598 1.0 2.4257e+00 1.0 0.00e+00 0.0 2.8e+06 1.4e+03 0.0e+00  1  0 97 95  0   2  0100100  0     0
VecScatterEnd    1464598 1.0 6.1404e+00 1.1 0.00e+00 0.0 0.0e+00 0.0e+00 0.0e+00  3  0  0  0  0   4  0  0  0  0     0
VecSetRandom           4 1.0 5.1331e-04 1.0 0.00e+00 0.0 0.0e+00 0.0e+00 0.0e+00  0  0  0  0  0   0  0  0  0  0     0
VecNormalize          88 1.0 7.5489e-04 1.0 1.34e+06 1.0 0.0e+00 0.0e+00 8.8e+01  0  0  0  0  0   0  0  0  0  0  3552
KSPSetUp              15 1.0 6.2585e-04 1.0 0.00e+00 0.0 0.0e+00 0.0e+00 8.0e+00  0  0  0  0  0   0  0  0  0  0     0
KSPSolve            2000 1.0 1.5267e+02 1.0 1.88e+11 1.0 2.8e+06 1.4e+03 4.7e+05 86 86 97 95 82 100100100100100  2454
KSPGMRESOrthog        80 1.0 1.6317e-03 1.0 8.96e+06 1.0 0.0e+00 0.0e+00 8.0e+01  0  0  0  0  0   0  0  0  0  0 10956
PCGAMGGraph_AGG        4 1.0 1.3286e-02 1.0 2.55e+05 1.0 3.2e+01 8.4e+02 3.2e+01  0  0  0  0  0   0  0  0  0  0    38
PCGAMGCoarse_AGG       4 1.0 2.5403e-02 1.0 1.24e+06 1.0 6.4e+01 1.2e+04 2.2e+01  0  0  0  0  0   0  0  0  0  0    98
PCGAMGProl_AGG         4 1.0 5.5004e-03 1.0 0.00e+00 0.0 3.1e+01 1.5e+03 4.8e+01  0  0  0  0  0   0  0  0  0  0     0
PCGAMGPOpt_AGG         4 1.0 1.5753e-02 1.0 9.31e+06 1.0 1.2e+02 1.4e+03 1.6e+02  0  0  0  0  0   0  0  0  0  0  1178
GAMG: createProl       4 1.0 6.0992e-02 1.0 1.08e+07 1.0 2.5e+02 4.1e+03 2.6e+02  0  0  0  0  0   0  0  0  0  0   353
  Graph                8 1.0 1.3202e-02 1.0 2.55e+05 1.0 3.2e+01 8.4e+02 3.2e+01  0  0  0  0  0   0  0  0  0  0    38
  MIS/Agg              4 1.0 9.2208e-04 1.0 0.00e+00 0.0 4.2e+01 1.1e+03 7.0e+00  0  0  0  0  0   0  0  0  0  0     0
  SA: col data         4 1.0 1.0100e-03 1.0 0.00e+00 0.0 1.6e+01 2.2e+03 1.6e+01  0  0  0  0  0   0  0  0  0  0     0
  SA: frmProl0         4 1.0 4.1318e-03 1.0 0.00e+00 0.0 1.5e+01 6.4e+02 1.6e+01  0  0  0  0  0   0  0  0  0  0     0
  SA: smooth           4 1.0 6.6497e-03 1.0 3.82e+05 1.0 4.4e+01 9.5e+02 4.0e+01  0  0  0  0  0   0  0  0  0  0   114
GAMG: partLevel        4 1.0 1.1236e-02 1.0 1.38e+06 1.0 8.7e+01 1.8e+03 9.0e+01  0  0  0  0  0   0  0  0  0  0   244
  repartition          1 1.0 1.7212e-05 1.0 0.00e+00 0.0 0.0e+00 0.0e+00 7.0e+00  0  0  0  0  0   0  0  0  0  0     0
  Invert-Sort          1 1.0 1.6155e-05 1.0 0.00e+00 0.0 0.0e+00 0.0e+00 4.0e+00  0  0  0  0  0   0  0  0  0  0     0
  Move A               1 1.0 1.7269e-04 1.0 0.00e+00 0.0 5.0e+00 7.9e+01 1.3e+01  0  0  0  0  0   0  0  0  0  0     0
  Move P               1 1.0 1.4079e-04 1.0 0.00e+00 0.0 1.5e+00 2.0e+01 1.4e+01  0  0  0  0  0   0  0  0  0  0     0
PCSetUp                2 1.0 7.4757e-02 1.0 1.22e+07 1.0 3.4e+02 3.5e+03 3.7e+02  0  0  0  0  0   0  0  0  0  0   325
PCSetUpOnBlocks    58660 1.0 2.8241e-02 1.1 2.08e+02 0.0 0.0e+00 0.0e+00 0.0e+00  0  0  0  0  0   0  0  0  0  0     0
PCApply            58660 1.0 1.3938e+02 1.0 1.63e+11 1.0 2.7e+06 1.3e+03 2.3e+05 79 74 93 82 41  91 87 96 87 50  2327

--- Event Stage 6: update

MatMult             2000 1.0 4.4815e-01 1.0 2.12e+08 1.0 4.0e+03 1.8e+03 0.0e+00  0  0  0  0  0  71 50100100  0   942
SFBcastOpBegin      2000 1.0 6.8230e-03 1.3 0.00e+00 0.0 4.0e+03 1.8e+03 0.0e+00  0  0  0  0  0   1  0100100  0     0
SFBcastOpEnd        2000 1.0 2.2573e-02 2.1 0.00e+00 0.0 0.0e+00 0.0e+00 0.0e+00  0  0  0  0  0   3  0  0  0  0     0
VecAXPY             4000 1.0 1.8288e-01 1.0 2.08e+08 1.0 0.0e+00 0.0e+00 0.0e+00  0  0  0  0  0  29 50  0  0  0  2267
VecScatterBegin     2000 1.0 8.3534e-03 1.2 0.00e+00 0.0 4.0e+03 1.8e+03 0.0e+00  0  0  0  0  0   1  0100100  0     0
VecScatterEnd       2000 1.0 2.4169e-02 2.0 0.00e+00 0.0 0.0e+00 0.0e+00 0.0e+00  0  0  0  0  0   3  0  0  0  0     0

--- Event Stage 7: write

VecView                9 1.0 2.2944e-01 1.0 0.00e+00 0.0 0.0e+00 0.0e+00 0.0e+00  0  0  0  0  0  63  0  0  0  0     0

--- Event Stage 8: monitor


--- Event Stage 9: integrateForces

------------------------------------------------------------------------------------------------------------------------

Memory usage is given in bytes:

Object Type          Creations   Destructions     Memory  Descendants' Mem.
Reports information only for process 0.

--- Event Stage 0: Main Stage

    Distributed Mesh     2              6        31756     0.
              Matrix     0             79     20934896     0.
   Matrix Null Space     0              1          624     0.
           Index Set     4             18       221644     0.
   IS L to G Mapping     1              5       360092     0.
   Star Forest Graph     5             30        28944     0.
     Discrete System     2              6         5712     0.
              Vector     7            136      9343736     0.
         Vec Scatter     1             18        14544     0.
   Application Order     0              3       829344     0.
              Viewer     3              4         3352     0.
       Krylov Solver     0             12       133784     0.
      Preconditioner     0              8         8376     0.

--- Event Stage 1: initialize

    Distributed Mesh     4              0            0     0.
              Matrix    61             36     26786052     0.
   Matrix Null Space     1              0            0     0.
           Index Set    58             50      1091816     0.
   IS L to G Mapping     6              2       143860     0.
   Star Forest Graph    34             17        17000     0.
     Discrete System     4              0            0     0.
              Vector    76             53       931656     0.
         Vec Scatter    21             12         9696     0.
   Application Order     3              0            0     0.
              Viewer     7              5         4040     0.
       Krylov Solver     2              0            0     0.
      Preconditioner     2              0            0     0.

--- Event Stage 2: rhsVelocity

              Vector     1              0            0     0.

--- Event Stage 3: solveVelocity

              Vector     7              0            0     0.

--- Event Stage 4: rhsPoisson

              Vector  2001           2000    280160000     0.

--- Event Stage 5: solvePoisson

              Matrix   113             59     11244660     0.
      Matrix Coarsen     4              4         2576     0.
           Index Set    58             52        49492     0.
   Star Forest Graph    28             20        20000     0.
              Vector   236            139      4446936     0.
         Vec Scatter    24             16        12928     0.
       Krylov Solver    14              4       121920     0.
      Preconditioner    10              4         3456     0.
         PetscRandom     8              8         5232     0.

--- Event Stage 6: update


--- Event Stage 7: write

              Viewer     5              5         4040     0.

--- Event Stage 8: monitor


--- Event Stage 9: integrateForces

              Vector  2000           2000      5408000     0.
========================================================================================================================
Average time to get PetscTime(): 3.52971e-08
Average time for MPI_Barrier(): 8.54209e-07
Average time for zero size MPI_Send(): 1.73447e-06
#PETSc Option Table entries:
-directory /mnt
-log_view ascii:view.log
-options_left
-poisson_ksp_atol 1e-6
-poisson_ksp_max_it 20000
-poisson_ksp_rtol 0.0
-poisson_ksp_type cg
-poisson_pc_gamg_agg_nsmooths 1
-poisson_pc_gamg_type agg
-poisson_pc_type gamg
-velocity_ksp_atol 1e-6
-velocity_ksp_max_it 1000
-velocity_ksp_rtol 0.0
-velocity_ksp_type bcgs
-velocity_pc_jacobi_type diagonal
-velocity_pc_type jacobi
#End of PETSc Option Table entries
Compiled without FORTRAN kernels
Compiled with full precision matrices (default)
sizeof(short) 2 sizeof(int) 4 sizeof(long) 8 sizeof(void*) 8 sizeof(PetscScalar) 8 sizeof(PetscInt) 4
Configure options: --prefix=/usr/local/petsc-3.12.2 PETSC_DIR=/opt/petsc/3.12.2 PETSC_ARCH=linux-gnu-openmpi-opt COPTFLAGS=-O3 CXXOPTFLAGS=-O3 --with-fc=0 --with-shared-libraries=1 --with-pic=1 --with-cxx-dialect=C++11 --with-debugging=0 --with-mpi-dir=/usr/local/openmpi-3.1.4 --download-hdf5 --download-f2cblaslapack --download-hypre --download-ptscotch --download-metis --download-parmetis --download-superlu_dist
-----------------------------------------
Libraries compiled on 2019-12-11 22:11:45 on 584a588926bb 
Machine characteristics: Linux-4.4.0-127-generic-x86_64-with-Ubuntu-16.04-xenial
Using PETSc directory: /usr/local/petsc-3.12.2
Using PETSc arch: 
-----------------------------------------

Using C compiler: /usr/local/openmpi-3.1.4/bin/mpicc  -fPIC -Wall -Wwrite-strings -Wno-strict-aliasing -Wno-unknown-pragmas -fstack-protector -fvisibility=hidden -O3  
-----------------------------------------

Using include paths: -I/usr/local/petsc-3.12.2/include -I/usr/local/openmpi-3.1.4/include
-----------------------------------------

Using C linker: /usr/local/openmpi-3.1.4/bin/mpicc
Using libraries: -Wl,-rpath,/usr/local/petsc-3.12.2/lib -L/usr/local/petsc-3.12.2/lib -lpetsc -Wl,-rpath,/usr/local/petsc-3.12.2/lib -L/usr/local/petsc-3.12.2/lib -lHYPRE -lsuperlu_dist -lf2clapack -lf2cblas -lptesmumps -lptscotchparmetis -lptscotch -lptscotcherr -lesmumps -lscotch -lscotcherr -lhdf5_hl -lhdf5 -lparmetis -lmetis -lm -lrt -lquadmath -lstdc++ -ldl
-----------------------------------------

