************************************************************************************************************************
***             WIDEN YOUR WINDOW TO 120 CHARACTERS.  Use 'enscript -r -fCourier9' to print this document            ***
************************************************************************************************************************

---------------------------------------------- PETSc Performance Summary: ----------------------------------------------

petibm-decoupledibpm on a  named phantom with 4 processors, by mesnardo Sun Jan  5 13:20:58 2020
Using Petsc Release Version 3.12.2, Nov, 22, 2019 

                         Max       Max/Min     Avg       Total 
Time (sec):           4.524e+02     1.000   4.524e+02
Objects:              4.030e+02     1.075   3.820e+02
Flop:                 7.541e+10     1.023   7.456e+10  2.983e+11
Flop/sec:             1.667e+08     1.023   1.648e+08  6.592e+08
MPI Messages:         7.514e+04     1.630   5.712e+04  2.285e+05
MPI Message Lengths:  4.526e+10     2.920   4.028e+05  9.203e+10
MPI Reductions:       4.714e+04     1.000

Flop counting convention: 1 flop = 1 real number operation of type (multiply/divide/add/subtract)
                            e.g., VecAXPY() for real vectors of length N --> 2N flop
                            and VecAXPY() for complex vectors of length N --> 8N flop

Summary of Stages:   ----- Time ------  ----- Flop ------  --- Messages ---  -- Message Lengths --  -- Reductions --
                        Avg     %Total     Avg     %Total    Count   %Total     Avg         %Total    Count   %Total 
 0:      Main Stage: 9.1343e+00   2.0%  3.9031e+08   0.1%  1.400e+04   6.1%  2.599e+03        0.0%  4.000e+00   0.0% 
 1:      initialize: 1.1528e+01   2.5%  7.4398e+07   0.0%  4.840e+02   0.2%  1.131e+06        0.6%  3.380e+02   0.7% 
 2:     rhsVelocity: 1.9541e+02  43.2%  2.6053e+11  87.3%  1.180e+05  51.6%  2.154e+04        2.8%  0.000e+00   0.0% 
 3:   solveVelocity: 1.4563e+02  32.2%  0.0000e+00   0.0%  1.800e+04   7.9%  3.670e+06       71.8%  0.000e+00   0.0% 
 4:      rhsPoisson: 2.3214e+01   5.1%  1.5968e+10   5.4%  3.800e+04  16.6%  5.075e+03        0.2%  2.000e+00   0.0% 
 5:    solvePoisson: 4.5212e+01  10.0%  0.0000e+00   0.0%  1.800e+04   7.9%  1.239e+06       24.2%  0.000e+00   0.0% 
 6:          update: 1.7777e+01   3.9%  2.0908e+10   7.0%  8.000e+03   3.5%  2.408e+04        0.2%  0.000e+00   0.0% 
 7:           write: 1.1183e+00   0.2%  0.0000e+00   0.0%  0.000e+00   0.0%  0.000e+00        0.0%  1.200e+01   0.0% 
 8:         monitor: 2.9146e-04   0.0%  0.0000e+00   0.0%  0.000e+00   0.0%  0.000e+00        0.0%  0.000e+00   0.0% 
 9:       rhsForces: 5.8217e-01   0.1%  3.9392e+08   0.1%  1.400e+04   6.1%  1.044e+04        0.2%  0.000e+00   0.0% 
10:     solveForces: 2.5069e+00   0.6%  0.0000e+00   0.0%  0.000e+00   0.0%  0.000e+00        0.0%  6.000e+00   0.0% 
11: integrateForces: 1.7878e-01   0.0%  0.0000e+00   0.0%  0.000e+00   0.0%  0.000e+00        0.0%  2.000e+03   4.2% 

------------------------------------------------------------------------------------------------------------------------
See the 'Profiling' chapter of the users' manual for details on interpreting output.
Phase summary info:
   Count: number of times phase was executed
   Time and Flop: Max - maximum over all processors
                  Ratio - ratio of maximum to minimum over all processors
   Mess: number of messages sent
   AvgLen: average message length (bytes)
   Reduct: number of global reductions
   Global: entire computation
   Stage: stages of a computation. Set stages with PetscLogStagePush() and PetscLogStagePop().
      %T - percent time in this phase         %F - percent flop in this phase
      %M - percent messages in this phase     %L - percent message lengths in this phase
      %R - percent reductions in this phase
   Total Mflop/s: 10e-6 * (sum of flop over all processors)/(max time over all processors)
------------------------------------------------------------------------------------------------------------------------
Event                Count      Time (sec)     Flop                              --- Global ---  --- Stage ----  Total
                   Max Ratio  Max     Ratio   Max  Ratio  Mess   AvgLen  Reduct  %T %F %M %L %R  %T %F %M %L %R Mflop/s
------------------------------------------------------------------------------------------------------------------------

--- Event Stage 0: Main Stage

MatMultAdd          2000 1.0 4.4584e+00 1.1 1.79e+0810.8 1.4e+04 2.6e+03 0.0e+00  1  0  6  0  0  47100100100  0    88
SFBcastOpBegin      2000 1.0 1.2391e-02 1.5 0.00e+00 0.0 1.4e+04 2.6e+03 0.0e+00  0  0  6  0  0   0  0100100  0     0
SFBcastOpEnd        2000 1.0 2.4155e-01 2.7 0.00e+00 0.0 0.0e+00 0.0e+00 0.0e+00  0  0  0  0  0   2  0  0  0  0     0
VecScatterBegin     2000 1.0 1.5778e-02 1.4 0.00e+00 0.0 1.4e+04 2.6e+03 0.0e+00  0  0  6  0  0   0  0100100  0     0
VecScatterEnd       2000 1.0 2.4963e-01 2.6 0.00e+00 0.0 0.0e+00 0.0e+00 0.0e+00  0  0  0  0  0   2  0  0  0  0     0

--- Event Stage 1: initialize

BuildTwoSided         35 1.0 1.4952e-0159.7 0.00e+00 0.0 1.2e+02 4.0e+00 0.0e+00  0  0  0  0  0   1  0 24  0  0     0
BuildTwoSidedF        26 1.0 1.2658e+00110.0 0.00e+00 0.0 1.0e+01 7.3e+04 0.0e+00  0  0  0  0  0   8  0  2  0  0     0
MatConvert             3 1.0 1.9913e-01 1.0 0.00e+00 0.0 5.4e+01 1.6e+04 0.0e+00  0  0  0  0  0   2  0 11  0  0     0
MatScale               3 1.0 4.4467e-02 1.0 1.23e+07 1.0 1.4e+01 1.0e+04 0.0e+00  0  0  0  0  0   0 65  3  0  0  1094
MatAssemblyBegin      43 1.0 1.2680e+00103.3 0.00e+00 0.0 1.0e+01 7.3e+04 0.0e+00  0  0  0  0  0   8  0  2  0  0     0
MatAssemblyEnd        43 1.0 6.2819e-01 1.3 0.00e+00 0.0 2.0e+02 5.9e+03 8.5e+01  0  0  0  0  0   5  0 41  0 25     0
MatGetRowIJ            2 1.0 1.8630e-06 1.8 0.00e+00 0.0 0.0e+00 0.0e+00 0.0e+00  0  0  0  0  0   0  0  0  0  0     0
MatCreateSubMat        2 1.0 2.9678e+00 1.0 0.00e+00 0.0 3.0e+01 1.6e+07 2.4e+01  1  0  0  1  0  26  0  6 89  7     0
MatTranspose           1 1.0 3.3781e-02 1.0 0.00e+00 0.0 3.8e+01 2.2e+04 6.0e+00  0  0  0  0  0   0  0  8  0  2     0
MatMatMult             4 1.0 2.4781e-01 1.0 6.07e+06 1.0 8.2e+01 2.2e+04 3.4e+01  0  0  0  0  0   2 32 17  0 10    96
MatMatMultSym          4 1.0 2.0296e-01 1.0 0.00e+00 0.0 7.0e+01 1.7e+04 3.2e+01  0  0  0  0  0   2  0 15  0  9     0
MatMatMultNum          4 1.0 4.3480e-02 1.0 6.07e+06 1.0 1.1e+01 5.6e+04 0.0e+00  0  0  0  0  0   0 32  2  0  0   546
MatGetLocalMat        10 1.0 3.5225e-01 4.4 0.00e+00 0.0 0.0e+00 0.0e+00 0.0e+00  0  0  0  0  0   1  0  0  0  0     0
MatGetBrAoCol          8 1.0 3.8619e-03 1.1 0.00e+00 0.0 4.4e+01 3.7e+04 0.0e+00  0  0  0  0  0   0  0  9  0  0     0
DMCreateMat            1 1.0 1.6069e+00 1.0 0.00e+00 0.0 1.3e+02 6.9e+03 4.4e+01  0  0  0  0  0  14  0 26  0 13     0
SFSetGraph            35 1.0 3.0077e-03 5.0 0.00e+00 0.0 0.0e+00 0.0e+00 0.0e+00  0  0  0  0  0   0  0  0  0  0     0
SFSetUp               35 1.0 1.6848e-01 1.8 0.00e+00 0.0 3.6e+02 4.8e+04 0.0e+00  0  0  0  0  0   1  0 73  3  0     0
SFBcastOpBegin         3 1.0 1.4962e-04 1.8 0.00e+00 0.0 2.2e+01 1.5e+04 0.0e+00  0  0  0  0  0   0  0  5  0  0     0
SFBcastOpEnd           3 1.0 1.4429e-03 1.2 0.00e+00 0.0 0.0e+00 0.0e+00 0.0e+00  0  0  0  0  0   0  0  0  0  0     0
SFReduceBegin          2 1.0 1.4542e-03 1.0 0.00e+00 0.0 1.0e+01 3.7e+03 0.0e+00  0  0  0  0  0   0  0  2  0  0     0
SFReduceEnd            2 1.0 1.2971e-03 1.0 0.00e+00 0.0 0.0e+00 0.0e+00 0.0e+00  0  0  0  0  0   0  0  0  0  0     0
VecView               15 0.0 2.7010e-01 0.0 0.00e+00 0.0 0.0e+00 0.0e+00 0.0e+00  0  0  0  0  0   1  0  0  0  0     0
VecSet                38 1.1 6.8802e-03 1.4 0.00e+00 0.0 0.0e+00 0.0e+00 0.0e+00  0  0  0  0  0   0  0  0  0  0     0
VecScatterBegin        5 1.7 3.5886e-0340.2 0.00e+00 0.0 2.2e+01 1.5e+04 0.0e+00  0  0  0  0  0   0  0  5  0  0     0
VecScatterEnd          3 1.0 1.4494e-03 1.2 0.00e+00 0.0 0.0e+00 0.0e+00 0.0e+00  0  0  0  0  0   0  0  0  0  0     0

--- Event Stage 2: rhsVelocity

BuildTwoSidedF      4000 1.0 1.4097e+00 2.7 0.00e+00 0.0 0.0e+00 0.0e+00 0.0e+00  0  0  0  0  0   0  0  0  0  0     0
MatMult            10000 1.0 1.4003e+02 1.0 5.08e+10 1.0 1.0e+05 2.4e+04 0.0e+00 31 67 46  3  0  71 77 88 99  0  1437
MatMultAdd          4000 1.0 2.4814e+01 1.0 2.04e+09 1.1 1.4e+04 2.6e+03 0.0e+00  5  3  6  0  0  13  3 12  1  0   312
SFBcastOpBegin     12000 1.0 6.0491e+00 1.1 0.00e+00 0.0 1.2e+05 2.2e+04 0.0e+00  1  0 52  3  0   3  0100100  0     0
SFBcastOpEnd       12000 1.0 1.2917e+01 1.9 0.00e+00 0.0 0.0e+00 0.0e+00 0.0e+00  2  0  0  0  0   5  0  0  0  0     0
VecScale           14000 1.0 1.1044e+01 1.1 3.71e+09 1.0 0.0e+00 0.0e+00 0.0e+00  2  5  0  0  0   5  6  0  0  0  1333
VecSet              4000 1.0 4.8724e+00 1.0 0.00e+00 0.0 0.0e+00 0.0e+00 0.0e+00  1  0  0  0  0   2  0  0  0  0     0
VecAXPY            12000 1.0 3.1463e+01 1.0 1.11e+10 1.0 0.0e+00 0.0e+00 0.0e+00  7 15  0  0  0  16 17  0  0  0  1404
VecSwap             2000 1.0 6.4229e+00 1.1 0.00e+00 0.0 0.0e+00 0.0e+00 0.0e+00  1  0  0  0  0   3  0  0  0  0     0
VecAssemblyBegin    4000 1.0 1.4819e+00 2.5 0.00e+00 0.0 0.0e+00 0.0e+00 0.0e+00  0  0  0  0  0   0  0  0  0  0     0
VecAssemblyEnd      4000 1.0 1.3583e-02 1.1 0.00e+00 0.0 0.0e+00 0.0e+00 0.0e+00  0  0  0  0  0   0  0  0  0  0     0
VecScatterBegin    12000 1.0 6.1159e+00 1.1 0.00e+00 0.0 1.2e+05 2.2e+04 0.0e+00  1  0 52  3  0   3  0100100  0     0
VecScatterEnd      12000 1.0 1.2980e+01 1.9 0.00e+00 0.0 0.0e+00 0.0e+00 0.0e+00  2  0  0  0  0   5  0  0  0  0     0

--- Event Stage 3: solveVelocity

SFBcastOpBegin      4000 1.0 9.6555e+00 1.0 0.00e+00 0.0 1.2e+04 3.7e+06 0.0e+00  2  0  5 48  0   7  0 67 67  0     0
SFBcastOpEnd        4000 1.0 1.6627e+01 7.5 0.00e+00 0.0 0.0e+00 0.0e+00 0.0e+00  2  0  0  0  0   5  0  0  0  0     0
SFReduceBegin       2000 1.0 4.6474e+00480.5 0.00e+00 0.0 6.0e+03 3.7e+06 0.0e+00  0  0  3 24  0   1  0 33 33  0     0
SFReduceEnd         2000 1.0 1.2392e+01 1.6 0.00e+00 0.0 0.0e+00 0.0e+00 0.0e+00  2  0  0  0  0   8  0  0  0  0     0
VecScatterBegin     6000 1.0 1.4220e+01 1.5 0.00e+00 0.0 1.8e+04 3.7e+06 0.0e+00  2  0  8 72  0   7  0100100  0     0
VecScatterEnd       6000 1.0 2.4444e+01 1.7 0.00e+00 0.0 0.0e+00 0.0e+00 0.0e+00  4  0  0  0  0  13  0  0  0  0     0

--- Event Stage 4: rhsPoisson

BuildTwoSidedF      4000 1.0 1.1716e+00 3.6 0.00e+00 0.0 3.0e+04 7.2e+00 0.0e+00  0  0 13  0  0   3  0 79  0  0     0
MatMult             4000 1.0 2.1902e+01 1.0 3.40e+09 1.0 2.3e+04 8.4e+03 0.0e+00  5  5 10  0  0  94 84 61100  0   616
MatMultAdd          2000 1.0 1.4549e+01 1.0 6.26e+08 1.0 1.5e+04 7.2e+00 2.0e+00  3  1  7  0  0  62 16 39  0100   171
SFBcastOpBegin      2000 1.0 1.7914e-01 7.8 0.00e+00 0.0 8.0e+03 2.4e+04 0.0e+00  0  0  4  0  0   0  0 21100  0     0
SFBcastOpEnd        2000 1.0 2.2677e-01 2.0 0.00e+00 0.0 0.0e+00 0.0e+00 0.0e+00  0  0  0  0  0   1  0  0  0  0     0
VecScale            2000 1.0 3.8742e-04 1.1 0.00e+00 0.0 0.0e+00 0.0e+00 0.0e+00  0  0  0  0  0   0  0  0  0  0     0
VecSet              2000 1.0 5.0392e-01 1.1 0.00e+00 0.0 0.0e+00 0.0e+00 0.0e+00  0  0  0  0  0   2  0  0  0  0     0
VecAXPY             2000 1.0 1.3267e+00 1.0 6.26e+08 1.0 0.0e+00 0.0e+00 0.0e+00  0  1  0  0  0   6 16  0  0  0  1873
VecAssemblyBegin    4000 1.0 1.8644e+00 1.6 0.00e+00 0.0 3.0e+04 7.2e+00 0.0e+00  0  0 13  0  0   6  0 79  0  0     0
VecAssemblyEnd      4000 1.0 2.1228e-02 1.2 0.00e+00 0.0 0.0e+00 0.0e+00 0.0e+00  0  0  0  0  0   0  0  0  0  0     0
VecScatterBegin     2000 1.0 1.8388e-01 6.3 0.00e+00 0.0 8.0e+03 2.4e+04 0.0e+00  0  0  4  0  0   0  0 21100  0     0
VecScatterEnd       2000 1.0 2.3313e-01 1.9 0.00e+00 0.0 0.0e+00 0.0e+00 0.0e+00  0  0  0  0  0   1  0  0  0  0     0

--- Event Stage 5: solvePoisson

SFBcastOpBegin      4000 1.0 3.1832e+00 1.0 0.00e+00 0.0 1.2e+04 1.2e+06 0.0e+00  1  0  5 16  0   7  0 67 67  0     0
SFBcastOpEnd        4000 1.0 5.6272e+00 7.9 0.00e+00 0.0 0.0e+00 0.0e+00 0.0e+00  1  0  0  0  0   6  0  0  0  0     0
SFReduceBegin       2000 1.0 1.3649e+00148.0 0.00e+00 0.0 6.0e+03 1.2e+06 0.0e+00  0  0  3  8  0   1  0 33 33  0     0
SFReduceEnd         2000 1.0 3.5621e+00 1.5 0.00e+00 0.0 0.0e+00 0.0e+00 0.0e+00  1  0  0  0  0   7  0  0  0  0     0
VecScatterBegin     6000 1.0 4.5569e+00 1.5 0.00e+00 0.0 1.8e+04 1.2e+06 0.0e+00  1  0  8 24  0   8  0100100  0     0
VecScatterEnd       6000 1.0 7.9996e+00 1.9 0.00e+00 0.0 0.0e+00 0.0e+00 0.0e+00  1  0  0  0  0  12  0  0  0  0     0

--- Event Stage 6: update

MatMult             2000 1.0 1.2128e+01 1.1 2.79e+09 1.0 8.0e+03 2.4e+04 0.0e+00  3  4  4  0  0  65 53100100  0   911
SFBcastOpBegin      2000 1.0 1.5229e-01 5.6 0.00e+00 0.0 8.0e+03 2.4e+04 0.0e+00  0  0  4  0  0   1  0100100  0     0
SFBcastOpEnd        2000 1.0 5.5593e-01 5.3 0.00e+00 0.0 0.0e+00 0.0e+00 0.0e+00  0  0  0  0  0   2  0  0  0  0     0
VecAXPY             6000 1.0 6.3645e+00 1.1 2.49e+09 1.0 0.0e+00 0.0e+00 0.0e+00  1  3  0  0  0  35 47  0  0  0  1550
VecScatterBegin     2000 1.0 1.6602e-01 4.1 0.00e+00 0.0 8.0e+03 2.4e+04 0.0e+00  0  0  4  0  0   1  0100100  0     0
VecScatterEnd       2000 1.0 5.6511e-01 5.1 0.00e+00 0.0 0.0e+00 0.0e+00 0.0e+00  0  0  0  0  0   2  0  0  0  0     0

--- Event Stage 7: write

VecView               12 1.0 1.0167e+00 1.0 0.00e+00 0.0 0.0e+00 0.0e+00 0.0e+00  0  0  0  0  0  91  0  0  0  0     0

--- Event Stage 8: monitor


--- Event Stage 9: rhsForces

MatMult             2000 1.0 8.5736e-01 2.3 1.02e+08 1.1 1.4e+04 1.0e+04 0.0e+00  0  0  6  0  0  97 98100100  0   450
SFBcastOpBegin      2000 1.0 1.4512e-01 3.0 0.00e+00 0.0 1.4e+04 1.0e+04 0.0e+00  0  0  6  0  0  16  0100100  0     0
SFBcastOpEnd        2000 1.0 5.3148e-0110.0 0.00e+00 0.0 0.0e+00 0.0e+00 0.0e+00  0  0  0  0  0  42  0  0  0  0     0
VecScale            2000 1.0 7.4693e-03 1.4 1.99e+06 1.0 0.0e+00 0.0e+00 0.0e+00  0  0  0  0  0   1  2  0  0  0  1065
VecScatterBegin     2000 1.0 1.5712e-01 2.8 0.00e+00 0.0 1.4e+04 1.0e+04 0.0e+00  0  0  6  0  0  18  0100100  0     0
VecScatterEnd       2000 1.0 5.3618e-01 9.7 0.00e+00 0.0 0.0e+00 0.0e+00 0.0e+00  0  0  0  0  0  43  0  0  0  0     0

--- Event Stage 10: solveForces

MatSolve            2000 1.0 2.4787e+00 1.1 0.00e+00 0.0 0.0e+00 0.0e+00 0.0e+00  1  0  0  0  0  96  0  0  0  0     0
MatLUFactorSym         1 1.0 1.6962e-04 1.0 0.00e+00 0.0 0.0e+00 0.0e+00 0.0e+00  0  0  0  0  0   0  0  0  0  0     0
MatLUFactorNum         1 1.0 5.3025e-02 1.0 0.00e+00 0.0 0.0e+00 0.0e+00 0.0e+00  0  0  0  0  0   2  0  0  0  0     0
MatGetRowIJ            1 1.0 3.9698e-07 1.4 0.00e+00 0.0 0.0e+00 0.0e+00 0.0e+00  0  0  0  0  0   0  0  0  0  0     0
MatGetOrdering         1 1.0 4.9370e-05 1.3 0.00e+00 0.0 0.0e+00 0.0e+00 0.0e+00  0  0  0  0  0   0  0  0  0  0     0
VecCopy             2000 1.0 4.4824e-03 1.9 0.00e+00 0.0 0.0e+00 0.0e+00 0.0e+00  0  0  0  0  0   0  0  0  0  0     0
VecSet              2000 1.0 5.9505e-03 1.6 0.00e+00 0.0 0.0e+00 0.0e+00 0.0e+00  0  0  0  0  0   0  0  0  0  0     0
KSPSetUp               1 1.0 2.8490e-06 1.9 0.00e+00 0.0 0.0e+00 0.0e+00 0.0e+00  0  0  0  0  0   0  0  0  0  0     0
KSPSolve            2000 1.0 2.5726e+00 1.1 0.00e+00 0.0 0.0e+00 0.0e+00 6.0e+00  1  0  0  0  0 100  0  0  0100     0
PCSetUp                1 1.0 5.4793e-02 1.0 0.00e+00 0.0 0.0e+00 0.0e+00 6.0e+00  0  0  0  0  0   2  0  0  0100     0
PCApply             2000 1.0 2.4839e+00 1.1 0.00e+00 0.0 0.0e+00 0.0e+00 0.0e+00  1  0  0  0  0  96  0  0  0  0     0

--- Event Stage 11: integrateForces

------------------------------------------------------------------------------------------------------------------------

Memory usage is given in bytes:

Object Type          Creations   Destructions     Memory  Descendants' Mem.
Reports information only for process 0.

--- Event Stage 0: Main Stage

    Distributed Mesh     0              7        38256     0.
              Matrix     0             42    480894488     0.
           Index Set     0             10      2499284     0.
   IS L to G Mapping     0              6      4856768     0.
   Star Forest Graph     0             33        31768     0.
     Discrete System     0              7         6664     0.
              Vector     0             39     82963024     0.
         Vec Scatter     0             19        15352     0.
   Application Order     0              4     19698064     0.
              Viewer     2              3         2544     0.
       Krylov Solver     0              1         1480     0.
      Preconditioner     0              1         1008     0.

--- Event Stage 1: initialize

    Distributed Mesh     7              0            0     0.
              Matrix    83             42   2178597656     0.
           Index Set    74             66     22619924     0.
   IS L to G Mapping     9              3      2077980     0.
   Star Forest Graph    49             16        16000     0.
     Discrete System     7              0            0     0.
              Vector   111             74     58758432     0.
         Vec Scatter    35             16        12864     0.
   Application Order     4              0            0     0.
              Viewer     7              5         4040     0.
       Krylov Solver     1              0            0     0.
      Preconditioner     1              0            0     0.

--- Event Stage 2: rhsVelocity

              Vector     1              0            0     0.

--- Event Stage 3: solveVelocity


--- Event Stage 4: rhsPoisson

              Vector     1              0            0     0.

--- Event Stage 5: solvePoisson


--- Event Stage 6: update


--- Event Stage 7: write

              Viewer     6              6         4848     0.

--- Event Stage 8: monitor


--- Event Stage 9: rhsForces


--- Event Stage 10: solveForces

              Matrix     1              0            0     0.
           Index Set     4              2         9536     0.

--- Event Stage 11: integrateForces

========================================================================================================================
Average time to get PetscTime(): 2.81958e-08
Average time for MPI_Barrier(): 1.98861e-06
Average time for zero size MPI_Send(): 2.23401e-06
#PETSc Option Table entries:
-directory /mnt
-forces_ksp_type preonly
-forces_pc_factor_mat_solver_type superlu_dist
-forces_pc_type lu
-log_view ascii:view.log
-options_left
#End of PETSc Option Table entries
Compiled without FORTRAN kernels
Compiled with full precision matrices (default)
sizeof(short) 2 sizeof(int) 4 sizeof(long) 8 sizeof(void*) 8 sizeof(PetscScalar) 8 sizeof(PetscInt) 4
Configure options: --prefix=/usr/local/petsc-3.12.2 PETSC_DIR=/opt/petsc/3.12.2 PETSC_ARCH=linux-gnu-openmpi-opt COPTFLAGS=-O3 CXXOPTFLAGS=-O3 --with-fc=0 --with-shared-libraries=1 --with-pic=1 --with-cxx-dialect=C++11 --with-debugging=0 --with-mpi-dir=/usr/local/openmpi-3.1.4 --download-hdf5 --download-f2cblaslapack --download-hypre --download-ptscotch --download-metis --download-parmetis --download-superlu_dist
-----------------------------------------
Libraries compiled on 2019-12-11 22:11:45 on 584a588926bb 
Machine characteristics: Linux-4.4.0-127-generic-x86_64-with-Ubuntu-16.04-xenial
Using PETSc directory: /usr/local/petsc-3.12.2
Using PETSc arch: 
-----------------------------------------

Using C compiler: /usr/local/openmpi-3.1.4/bin/mpicc  -fPIC -Wall -Wwrite-strings -Wno-strict-aliasing -Wno-unknown-pragmas -fstack-protector -fvisibility=hidden -O3  
-----------------------------------------

Using include paths: -I/usr/local/petsc-3.12.2/include -I/usr/local/openmpi-3.1.4/include
-----------------------------------------

Using C linker: /usr/local/openmpi-3.1.4/bin/mpicc
Using libraries: -Wl,-rpath,/usr/local/petsc-3.12.2/lib -L/usr/local/petsc-3.12.2/lib -lpetsc -Wl,-rpath,/usr/local/petsc-3.12.2/lib -L/usr/local/petsc-3.12.2/lib -lHYPRE -lsuperlu_dist -lf2clapack -lf2cblas -lptesmumps -lptscotchparmetis -lptscotch -lptscotcherr -lesmumps -lscotch -lscotcherr -lhdf5_hl -lhdf5 -lparmetis -lmetis -lm -lrt -lquadmath -lstdc++ -ldl
-----------------------------------------

