************************************************************************************************************************
***             WIDEN YOUR WINDOW TO 120 CHARACTERS.  Use 'enscript -r -fCourier9' to print this document            ***
************************************************************************************************************************

---------------------------------------------- PETSc Performance Summary: ----------------------------------------------

petibm-decoupledibpm on a  named 1868dd0fdd31 with 2 processors, by Unknown Sun Oct  2 20:30:15 2022
Using Petsc Release Version 3.12.2, Nov, 22, 2019 

                         Max       Max/Min     Avg       Total 
Time (sec):           2.568e+03     1.000   2.568e+03
Objects:              8.042e+04     1.000   8.040e+04
Flop:                 1.380e+12     1.002   1.378e+12  2.757e+12
Flop/sec:             5.373e+08     1.002   5.367e+08  1.073e+09
MPI Messages:         5.501e+05     1.170   5.101e+05  1.020e+06
MPI Message Lengths:  2.122e+10     1.065   4.033e+04  4.114e+10
MPI Reductions:       1.576e+06     1.000

Flop counting convention: 1 flop = 1 real number operation of type (multiply/divide/add/subtract)
                            e.g., VecAXPY() for real vectors of length N --> 2N flop
                            and VecAXPY() for complex vectors of length N --> 8N flop

Summary of Stages:   ----- Time ------  ----- Flop ------  --- Messages ---  -- Message Lengths --  -- Reductions --
                        Avg     %Total     Avg     %Total    Count   %Total     Avg         %Total    Count   %Total 
 0:      Main Stage: 7.7780e+00   0.3%  1.3680e+08   0.0%  2.000e+04   2.0%  1.520e+03        0.1%  4.200e+01   0.0% 
 1:      initialize: 2.5670e+00   0.1%  6.6969e+06   0.0%  8.050e+01   0.0%  1.036e+05        0.0%  2.750e+02   0.0% 
 2:     rhsVelocity: 1.6882e+02   6.6%  2.1802e+11   7.9%  1.600e+05  15.7%  2.868e+03        1.1%  0.000e+00   0.0% 
 3:   solveVelocity: 1.1725e+03  45.7%  2.4743e+12  89.8%  5.600e+05  54.9%  4.760e+03        6.5%  5.800e+05  36.8% 
 4:      rhsPoisson: 2.5907e+01   1.0%  2.7292e+10   1.0%  1.200e+05  11.8%  4.033e+02        0.1%  2.000e+00   0.0% 
 5:    solvePoisson: 1.1389e+03  44.3%  0.0000e+00   0.0%  6.000e+04   5.9%  6.079e+05       88.7%  0.000e+00   0.0% 
 6:          update: 2.6891e+01   1.0%  3.6410e+10   1.3%  2.000e+04   2.0%  2.384e+03        0.1%  0.000e+00   0.0% 
 7:           write: 7.6547e+00   0.3%  0.0000e+00   0.0%  0.000e+00   0.0%  0.000e+00        0.0%  1.000e+02   0.0% 
 8:         monitor: 1.1047e+01   0.4%  3.2416e+08   0.0%  6.000e+04   5.9%  2.160e+04        3.2%  8.000e+04   5.1% 
 9:       rhsForces: 5.5969e-01   0.0%  1.4060e+08   0.0%  2.000e+04   2.0%  5.352e+03        0.3%  0.000e+00   0.0% 
10:     solveForces: 4.0706e+00   0.2%  0.0000e+00   0.0%  0.000e+00   0.0%  0.000e+00        0.0%  6.000e+00   0.0% 
11: integrateForces: 6.2074e-01   0.0%  0.0000e+00   0.0%  0.000e+00   0.0%  0.000e+00        0.0%  2.000e+04   1.3% 

------------------------------------------------------------------------------------------------------------------------
See the 'Profiling' chapter of the users' manual for details on interpreting output.
Phase summary info:
   Count: number of times phase was executed
   Time and Flop: Max - maximum over all processors
                  Ratio - ratio of maximum to minimum over all processors
   Mess: number of messages sent
   AvgLen: average message length (bytes)
   Reduct: number of global reductions
   Global: entire computation
   Stage: stages of a computation. Set stages with PetscLogStagePush() and PetscLogStagePop().
      %T - percent time in this phase         %F - percent flop in this phase
      %M - percent messages in this phase     %L - percent message lengths in this phase
      %R - percent reductions in this phase
   Total Mflop/s: 10e-6 * (sum of flop over all processors)/(max time over all processors)
------------------------------------------------------------------------------------------------------------------------
Event                Count      Time (sec)     Flop                              --- Global ---  --- Stage ----  Total
                   Max Ratio  Max     Ratio   Max  Ratio  Mess   AvgLen  Reduct  %T %F %M %L %R  %T %F %M %L %R Mflop/s
------------------------------------------------------------------------------------------------------------------------

--- Event Stage 0: Main Stage

MatMultAdd         20000 1.0 5.8685e+00 1.0 1.37e+08 0.0 2.0e+04 1.5e+03 0.0e+00  0  0  2  0  0  75100100100  0    23
SFBcastOpBegin     20000 1.0 5.0226e-02 1.5 0.00e+00 0.0 2.0e+04 1.5e+03 0.0e+00  0  0  2  0  0   1  0100100  0     0
SFBcastOpEnd       20000 1.0 1.0613e-01 1.0 0.00e+00 0.0 0.0e+00 0.0e+00 0.0e+00  0  0  0  0  0   1  0  0  0  0     0
VecScatterBegin    20000 1.0 6.8963e-02 1.2 0.00e+00 0.0 2.0e+04 1.5e+03 0.0e+00  0  0  2  0  0   1  0100100  0     0
VecScatterEnd      20000 1.0 1.2369e-01 1.0 0.00e+00 0.0 0.0e+00 0.0e+00 0.0e+00  0  0  0  0  0   2  0  0  0  0     0

--- Event Stage 1: initialize

BuildTwoSided         29 1.0 9.2308e-03 7.3 0.00e+00 0.0 1.8e+01 4.0e+00 0.0e+00  0  0  0  0  0   0  0 22  0  0     0
BuildTwoSidedF        23 1.0 2.1877e-02 2.3 0.00e+00 0.0 1.5e+00 1.8e+04 0.0e+00  0  0  0  0  0   1  0  2  0  0     0
MatConvert             3 1.0 2.0109e-02 1.1 0.00e+00 0.0 9.0e+00 1.6e+03 0.0e+00  0  0  0  0  0   1  0 11  0  0     0
MatScale               3 1.0 2.1573e-03 1.0 1.36e+06 1.0 2.0e+00 5.4e+03 0.0e+00  0  0  0  0  0   0 41  2  0  0  1263
MatAssemblyBegin      38 1.0 2.2331e-02 2.3 0.00e+00 0.0 1.5e+00 1.8e+04 0.0e+00  0  0  0  0  0   1  0  2  0  0     0
MatAssemblyEnd        38 1.0 9.2499e-02 1.1 0.00e+00 0.0 3.0e+01 8.2e+02 7.3e+01  0  0  0  0  0   3  0 37  0 27     0
MatGetRowIJ            1 1.0 3.9488e-07 1.1 0.00e+00 0.0 0.0e+00 0.0e+00 0.0e+00  0  0  0  0  0   0  0  0  0  0     0
MatCreateSubMat        1 1.0 5.2927e-02 1.0 0.00e+00 0.0 5.0e+00 1.0e+06 1.2e+01  0  0  0  0  0   2  0  6 62  4     0
MatTranspose           1 1.0 7.5139e-03 1.0 0.00e+00 0.0 5.5e+00 6.1e+03 6.0e+00  0  0  0  0  0   0  0  7  0  2     0
MatMatMult             4 1.0 5.6786e-02 1.0 1.84e+06 1.0 1.7e+01 3.3e+03 3.4e+01  0  0  0  0  0   2 55 21  1 12    65
MatMatMultSym          4 1.0 4.6775e-02 1.0 0.00e+00 0.0 1.5e+01 2.4e+03 3.2e+01  0  0  0  0  0   2  0 19  0 12     0
MatMatMultNum          4 1.0 9.9410e-03 1.0 1.84e+06 1.0 2.0e+00 9.4e+03 0.0e+00  0  0  0  0  0   0 55  2  0  0   369
MatGetLocalMat         9 1.0 2.6808e-02 1.4 0.00e+00 0.0 0.0e+00 0.0e+00 0.0e+00  0  0  0  0  0   1  0  0  0  0     0
MatGetBrAoCol          8 1.0 5.8616e-04 1.0 0.00e+00 0.0 8.0e+00 6.4e+03 0.0e+00  0  0  0  0  0   0  0 10  1  0     0
DMCreateMat            1 1.0 1.8214e-01 1.0 0.00e+00 0.0 1.5e+01 9.5e+02 3.2e+01  0  0  0  0  0   7  0 19  0 12     0
SFSetGraph            29 1.0 3.1110e-04 1.8 0.00e+00 0.0 0.0e+00 0.0e+00 0.0e+00  0  0  0  0  0   0  0  0  0  0     0
SFSetUp               29 1.0 1.5718e-02 1.3 0.00e+00 0.0 5.4e+01 1.2e+04 0.0e+00  0  0  0  0  0   1  0 67  8  0     0
SFBcastOpBegin         3 1.0 2.5993e-05 2.0 0.00e+00 0.0 4.0e+00 3.9e+03 0.0e+00  0  0  0  0  0   0  0  5  0  0     0
SFBcastOpEnd           3 1.0 3.6990e-05 1.1 0.00e+00 0.0 0.0e+00 0.0e+00 0.0e+00  0  0  0  0  0   0  0  0  0  0     0
SFReduceBegin          2 1.0 2.2348e-05 1.1 0.00e+00 0.0 2.0e+00 1.3e+03 0.0e+00  0  0  0  0  0   0  0  2  0  0     0
SFReduceEnd            2 1.0 9.1493e-06 3.0 0.00e+00 0.0 0.0e+00 0.0e+00 0.0e+00  0  0  0  0  0   0  0  0  0  0     0
VecView               17 0.0 1.0051e+00 0.0 0.00e+00 0.0 0.0e+00 0.0e+00 0.0e+00  0  0  0  0  0  20  0  0  0  0     0
VecSet                31 1.0 4.9421e-04 1.3 0.00e+00 0.0 0.0e+00 0.0e+00 0.0e+00  0  0  0  0  0   0  0  0  0  0     0
VecScatterBegin        4 1.3 1.0213e-04 6.3 0.00e+00 0.0 4.0e+00 3.9e+03 0.0e+00  0  0  0  0  0   0  0  5  0  0     0
VecScatterEnd          3 1.0 3.9151e-05 1.1 0.00e+00 0.0 0.0e+00 0.0e+00 0.0e+00  0  0  0  0  0   0  0  0  0  0     0

--- Event Stage 2: rhsVelocity

BuildTwoSidedF     40000 1.0 7.0452e-01 1.0 0.00e+00 0.0 0.0e+00 0.0e+00 0.0e+00  0  0  0  0  0   0  0  0  0  0     0
MatMult           100000 1.0 1.1807e+02 1.0 6.05e+10 1.0 1.4e+05 3.1e+03 0.0e+00  5  4 14  1  0  70 55 88 93  0  1024
MatMultAdd         40000 1.0 1.9116e+01 1.0 6.21e+09 1.0 2.0e+04 1.5e+03 0.0e+00  1  0  2  0  0  11  6 12  7  0   641
SFBcastOpBegin    100000 1.0 7.8850e+00 1.0 0.00e+00 0.0 1.6e+05 2.9e+03 0.0e+00  0  0 16  1  0   5  0100100  0     0
SFBcastOpEnd      100000 1.0 9.5301e+00 1.1 0.00e+00 0.0 0.0e+00 0.0e+00 0.0e+00  0  0  0  0  0   5  0  0  0  0     0
VecScale          140000 1.0 8.9690e+00 1.0 1.21e+10 1.0 0.0e+00 0.0e+00 0.0e+00  0  1  0  0  0   5 11  0  0  0  2704
VecSet             40000 1.0 7.7302e+00 1.0 0.00e+00 0.0 0.0e+00 0.0e+00 0.0e+00  0  0  0  0  0   5  0  0  0  0     0
VecAXPY           120000 1.0 2.7390e+01 1.0 3.64e+10 1.0 0.0e+00 0.0e+00 0.0e+00  1  3  0  0  0  16 33  0  0  0  2656
VecSwap            20000 1.0 8.0355e+00 1.0 0.00e+00 0.0 0.0e+00 0.0e+00 0.0e+00  0  0  0  0  0   5  0  0  0  0     0
VecAssemblyBegin   40000 1.0 1.0955e+00 1.0 0.00e+00 0.0 0.0e+00 0.0e+00 0.0e+00  0  0  0  0  0   1  0  0  0  0     0
VecAssemblyEnd     40000 1.0 8.5716e-02 1.1 0.00e+00 0.0 0.0e+00 0.0e+00 0.0e+00  0  0  0  0  0   0  0  0  0  0     0
VecScatterBegin   100000 1.0 7.9974e+00 1.0 0.00e+00 0.0 1.6e+05 2.9e+03 0.0e+00  0  0 16  1  0   5  0100100  0     0
VecScatterEnd     100000 1.0 9.6538e+00 1.1 0.00e+00 0.0 0.0e+00 0.0e+00 0.0e+00  0  0  0  0  0   5  0  0  0  0     0

--- Event Stage 3: solveVelocity

MatMult           279998 1.0 7.0357e+02 1.0 7.19e+11 1.0 5.6e+05 4.8e+03 0.0e+00 27 52 55  6  0  60 58100100  0  2043
SFBcastOpBegin    279998 1.0 3.4202e+00 1.1 0.00e+00 0.0 5.6e+05 4.8e+03 0.0e+00  0  0 55  6  0   0  0100100  0     0
SFBcastOpEnd      279998 1.0 8.8112e+00 1.8 0.00e+00 0.0 0.0e+00 0.0e+00 0.0e+00  0  0  0  0  0   1  0  0  0  0     0
VecDot            279998 1.0 5.8940e+01 1.0 8.50e+10 1.0 0.0e+00 0.0e+00 2.8e+05  2  6  0  0 18   5  7  0  0 48  2880
VecDotNorm2       139999 1.0 3.0303e+01 1.0 8.50e+10 1.0 0.0e+00 0.0e+00 1.4e+05  1  6  0  0  9   3  7  0  0 24  5602
VecNorm           159999 1.0 2.2611e+01 1.0 4.86e+10 1.0 0.0e+00 0.0e+00 1.6e+05  1  4  0  0 10   2  4  0  0 28  4290
VecCopy            40000 1.0 1.1526e+01 1.0 0.00e+00 0.0 0.0e+00 0.0e+00 0.0e+00  0  0  0  0  0   1  0  0  0  0     0
VecSet             60000 1.0 1.3792e+01 1.0 0.00e+00 0.0 0.0e+00 0.0e+00 0.0e+00  1  0  0  0  0   1  0  0  0  0     0
VecAXPBYCZ        279998 1.0 1.0552e+02 1.0 1.70e+11 1.0 0.0e+00 0.0e+00 0.0e+00  4 12  0  0  0   9 14  0  0  0  3218
VecWAXPY          279998 1.0 9.2265e+01 1.0 8.50e+10 1.0 0.0e+00 0.0e+00 0.0e+00  4  6  0  0  0   8  7  0  0  0  1840
VecPointwiseMult  299998 1.0 1.3305e+02 1.0 4.55e+10 1.0 0.0e+00 0.0e+00 0.0e+00  5  3  0  0  0  11  4  0  0  0   684
VecScatterBegin   279998 1.0 3.9312e+00 1.1 0.00e+00 0.0 5.6e+05 4.8e+03 0.0e+00  0  0 55  6  0   0  0100100  0     0
VecScatterEnd     279998 1.0 9.4407e+00 1.8 0.00e+00 0.0 0.0e+00 0.0e+00 0.0e+00  0  0  0  0  0   1  0  0  0  0     0
KSPSetUp               1 1.0 1.5626e-03 1.0 0.00e+00 0.0 0.0e+00 0.0e+00 0.0e+00  0  0  0  0  0   0  0  0  0  0     0
KSPSolve           20000 1.0 1.1725e+03 1.0 1.24e+12 1.0 5.6e+05 4.8e+03 5.8e+05 46 90 55  6 37 100100100100100  2110
PCSetUp                1 1.0 1.1306e-06 1.4 0.00e+00 0.0 0.0e+00 0.0e+00 0.0e+00  0  0  0  0  0   0  0  0  0  0     0
PCApply           299998 1.0 1.3341e+02 1.0 4.55e+10 1.0 0.0e+00 0.0e+00 2.0e+00  5  3  0  0  0  11  4  0  0  0   682

--- Event Stage 4: rhsPoisson

BuildTwoSidedF     40000 1.0 9.8458e-01 1.4 0.00e+00 0.0 1.0e+05 7.2e+00 0.0e+00  0  0 10  0  0   3  0 83  1  0     0
MatMult            40000 1.0 2.3361e+01 1.0 1.06e+10 1.0 7.0e+04 6.9e+02 0.0e+00  1  1  7  0  0  90 78 58 99  0   908
MatMultAdd         20000 1.0 1.0054e+01 1.0 3.04e+09 1.0 5.0e+04 7.2e+00 2.0e+00  0  0  5  0  0  39 22 42  1100   605
SFBcastOpBegin     20000 1.0 1.2581e-01 4.7 0.00e+00 0.0 2.0e+04 2.4e+03 0.0e+00  0  0  2  0  0   0  0 17 99  0     0
SFBcastOpEnd       20000 1.0 1.7574e-01 1.1 0.00e+00 0.0 0.0e+00 0.0e+00 0.0e+00  0  0  0  0  0   1  0  0  0  0     0
VecScale           20000 1.0 2.2438e-03 1.1 0.00e+00 0.0 0.0e+00 0.0e+00 0.0e+00  0  0  0  0  0   0  0  0  0  0     0
VecSet             20000 1.0 1.8580e+00 1.0 0.00e+00 0.0 0.0e+00 0.0e+00 0.0e+00  0  0  0  0  0   7  0  0  0  0     0
VecAXPY            20000 1.0 2.0507e+00 1.0 3.04e+09 1.0 0.0e+00 0.0e+00 0.0e+00  0  0  0  0  0   8 22  0  0  0  2964
VecAssemblyBegin   40000 1.0 1.3003e+00 1.1 0.00e+00 0.0 1.0e+05 7.2e+00 0.0e+00  0  0 10  0  0   5  0 83  1  0     0
VecAssemblyEnd     40000 1.0 9.6810e-02 1.0 0.00e+00 0.0 0.0e+00 0.0e+00 0.0e+00  0  0  0  0  0   0  0  0  0  0     0
VecScatterBegin    20000 1.0 1.3542e-01 3.4 0.00e+00 0.0 2.0e+04 2.4e+03 0.0e+00  0  0  2  0  0   0  0 17 99  0     0
VecScatterEnd      20000 1.0 1.9606e-01 1.1 0.00e+00 0.0 0.0e+00 0.0e+00 0.0e+00  0  0  0  0  0   1  0  0  0  0     0

--- Event Stage 5: solvePoisson

SFBcastOpBegin     40000 1.0 6.1096e+00 1.0 0.00e+00 0.0 4.0e+04 6.1e+05 0.0e+00  0  0  4 59  0   1  0 67 67  0     0
SFBcastOpEnd       40000 1.0 1.0173e+01 2.8 0.00e+00 0.0 0.0e+00 0.0e+00 0.0e+00  0  0  0  0  0   1  0  0  0  0     0
SFReduceBegin      20000 1.0 3.0413e+0055.1 0.00e+00 0.0 2.0e+04 6.1e+05 0.0e+00  0  0  2 30  0   0  0 33 33  0     0
SFReduceEnd        20000 1.0 7.1579e+00 1.7 0.00e+00 0.0 0.0e+00 0.0e+00 0.0e+00  0  0  0  0  0   0  0  0  0  0     0
VecScatterBegin    60000 1.0 9.1955e+00 1.5 0.00e+00 0.0 6.0e+04 6.1e+05 0.0e+00  0  0  6 89  0   1  0100100  0     0
VecScatterEnd      60000 1.0 1.4371e+01 1.3 0.00e+00 0.0 0.0e+00 0.0e+00 0.0e+00  0  0  0  0  0   1  0  0  0  0     0

--- Event Stage 6: update

MatMult            20000 1.0 1.8434e+01 1.0 9.10e+09 1.0 2.0e+04 2.4e+03 0.0e+00  1  1  2  0  0  68 50100100  0   987
SFBcastOpBegin     20000 1.0 9.3216e-02 2.6 0.00e+00 0.0 2.0e+04 2.4e+03 0.0e+00  0  0  2  0  0   0  0100100  0     0
SFBcastOpEnd       20000 1.0 2.2076e-01 2.0 0.00e+00 0.0 0.0e+00 0.0e+00 0.0e+00  0  0  0  0  0   1  0  0  0  0     0
VecAXPY            60000 1.0 8.5039e+00 1.0 9.12e+09 1.0 0.0e+00 0.0e+00 0.0e+00  0  1  0  0  0  31 50  0  0  0  2143
VecScatterBegin    20000 1.0 1.0985e-01 2.1 0.00e+00 0.0 2.0e+04 2.4e+03 0.0e+00  0  0  2  0  0   0  0100100  0     0
VecScatterEnd      20000 1.0 2.4279e-01 1.8 0.00e+00 0.0 0.0e+00 0.0e+00 0.0e+00  0  0  0  0  0   1  0  0  0  0     0

--- Event Stage 7: write

VecView               79 1.0 6.6555e+00 1.0 0.00e+00 0.0 0.0e+00 0.0e+00 0.0e+00  0  0  0  0  0  87  0  0  0  0     0

--- Event Stage 8: monitor

BuildTwoSided      20000 1.0 4.1324e+0022.0 0.00e+00 0.0 0.0e+00 0.0e+00 0.0e+00  0  0  0  0  0  20  0  0  0  0     0
SFSetGraph         20000 1.0 8.5090e-02 9.3 0.00e+00 0.0 0.0e+00 0.0e+00 0.0e+00  0  0  0  0  0   0  0  0  0  0     0
SFSetUp            20000 1.0 4.3087e+00 1.5 0.00e+00 0.0 0.0e+00 0.0e+00 0.0e+00  0  0  0  0  0  32  0  0  0  0     0
SFBcastOpBegin     20000 1.0 2.4586e-01 3.3 0.00e+00 0.0 0.0e+00 0.0e+00 0.0e+00  0  0  0  0  0   1  0  0  0  0     0
SFBcastOpEnd       20000 1.0 9.8839e-0219.3 0.00e+00 0.0 0.0e+00 0.0e+00 0.0e+00  0  0  0  0  0   0  0  0  0  0     0
VecView               20 1.0 1.7166e+00 1.0 0.00e+00 0.0 0.0e+00 0.0e+00 0.0e+00  0  0  0  0  0  16  0  0  0  0     0
VecScale              20 1.0 1.4649e-04 7.3 1.62e+05 0.0 0.0e+00 0.0e+00 0.0e+00  0  0  0  0  0   0  0  0  0  0  1106
VecSet                21 1.0 1.0264e-04 4.7 0.00e+00 0.0 0.0e+00 0.0e+00 0.0e+00  0  0  0  0  0   0  0  0  0  0     0
VecAXPY            20000 1.0 1.8915e-0117.2 3.24e+08 0.0 0.0e+00 0.0e+00 0.0e+00  0  0  0  0  0   1100  0  0  0  1713
VecScatterBegin    20000 1.0 2.6186e-01 2.8 0.00e+00 0.0 0.0e+00 0.0e+00 0.0e+00  0  0  0  0  0   2  0  0  0  0     0
VecScatterEnd      20000 1.0 1.0765e-01 7.5 0.00e+00 0.0 0.0e+00 0.0e+00 0.0e+00  0  0  0  0  0   1  0  0  0  0     0

--- Event Stage 9: rhsForces

MatMult            20000 1.0 5.2770e-01 1.1 6.84e+07 1.1 2.0e+04 5.4e+03 0.0e+00  0  0  2  0  0  89 95100100  0   252
SFBcastOpBegin     20000 1.0 1.4973e-01 2.8 0.00e+00 0.0 2.0e+04 5.4e+03 0.0e+00  0  0  2  0  0  18  0100100  0     0
SFBcastOpEnd       20000 1.0 3.2375e-01 3.0 0.00e+00 0.0 0.0e+00 0.0e+00 0.0e+00  0  0  0  0  0  38  0  0  0  0     0
VecScale           20000 1.0 3.1219e-02 1.9 3.80e+06 1.0 0.0e+00 0.0e+00 0.0e+00  0  0  0  0  0   4  5  0  0  0   243
VecScatterBegin    20000 1.0 1.7763e-01 2.3 0.00e+00 0.0 2.0e+04 5.4e+03 0.0e+00  0  0  2  0  0  23  0100100  0     0
VecScatterEnd      20000 1.0 3.3509e-01 2.9 0.00e+00 0.0 0.0e+00 0.0e+00 0.0e+00  0  0  0  0  0  40  0  0  0  0     0

--- Event Stage 10: solveForces

MatSolve           20000 1.0 3.8892e+00 1.0 0.00e+00 0.0 0.0e+00 0.0e+00 0.0e+00  0  0  0  0  0  95  0  0  0  0     0
MatLUFactorSym         1 1.0 1.3490e-04 1.0 0.00e+00 0.0 0.0e+00 0.0e+00 0.0e+00  0  0  0  0  0   0  0  0  0  0     0
MatLUFactorNum         1 1.0 2.3449e-03 1.0 0.00e+00 0.0 0.0e+00 0.0e+00 0.0e+00  0  0  0  0  0   0  0  0  0  0     0
MatGetRowIJ            1 1.0 2.8126e-07 1.0 0.00e+00 0.0 0.0e+00 0.0e+00 0.0e+00  0  0  0  0  0   0  0  0  0  0     0
MatGetOrdering         1 1.0 3.2652e-05 1.0 0.00e+00 0.0 0.0e+00 0.0e+00 0.0e+00  0  0  0  0  0   0  0  0  0  0     0
VecCopy            20000 1.0 1.1432e-02 1.1 0.00e+00 0.0 0.0e+00 0.0e+00 0.0e+00  0  0  0  0  0   0  0  0  0  0     0
VecSet             20000 1.0 1.8426e-02 1.1 0.00e+00 0.0 0.0e+00 0.0e+00 0.0e+00  0  0  0  0  0   0  0  0  0  0     0
KSPSetUp               1 1.0 6.3702e-07 2.3 0.00e+00 0.0 0.0e+00 0.0e+00 0.0e+00  0  0  0  0  0   0  0  0  0  0     0
KSPSolve           20000 1.0 4.0378e+00 1.0 0.00e+00 0.0 0.0e+00 0.0e+00 6.0e+00  0  0  0  0  0  99  0  0  0100     0
PCSetUp                1 1.0 2.6633e-03 1.0 0.00e+00 0.0 0.0e+00 0.0e+00 6.0e+00  0  0  0  0  0   0  0  0  0100     0
PCApply            20000 1.0 3.9141e+00 1.0 0.00e+00 0.0 0.0e+00 0.0e+00 0.0e+00  0  0  0  0  0  96  0  0  0  0     0

--- Event Stage 11: integrateForces

------------------------------------------------------------------------------------------------------------------------

Memory usage is given in bytes:

Object Type          Creations   Destructions     Memory  Descendants' Mem.
Reports information only for process 0.

--- Event Stage 0: Main Stage

    Distributed Mesh     0              6        31884     0.
              Matrix     0             42     96676060     0.
           Index Set     0             10       984996     0.
   IS L to G Mapping     0              5      1543724     0.
   Star Forest Graph     0             29        27944     0.
     Discrete System     0              6         5712     0.
              Vector     0             42     25694936     0.
         Vec Scatter     0             17        13736     0.
   Application Order     0              3      3643072     0.
              Viewer    21             23        19464     0.
       Krylov Solver     0              2         2968     0.
      Preconditioner     0              2         1872     0.

--- Event Stage 1: initialize

    Distributed Mesh     6              0            0     0.
              Matrix    72             31    147967536     0.
           Index Set    60             52      2183504     0.
   IS L to G Mapping     7              2       617132     0.
   Star Forest Graph    41             13        13000     0.
     Discrete System     6              0            0     0.
              Vector    96             64      6810576     0.
         Vec Scatter    28             12         9664     0.
   Application Order     3              0            0     0.
              Viewer     9              6         4848     0.
       Krylov Solver     2              0            0     0.
      Preconditioner     2              0            0     0.

--- Event Stage 2: rhsVelocity

              Vector     1              0            0     0.

--- Event Stage 3: solveVelocity

              Vector     7              0            0     0.

--- Event Stage 4: rhsPoisson

              Vector     1              0            0     0.

--- Event Stage 5: solvePoisson


--- Event Stage 6: update


--- Event Stage 7: write

              Viewer    50             50        40400     0.

--- Event Stage 8: monitor

           Index Set 20000          20000     15520000     0.
   Star Forest Graph 20000          19999     19999000     0.
              Vector 20001          20000   1329920000     0.
         Vec Scatter 20000          19999     16159192     0.

--- Event Stage 9: rhsForces


--- Event Stage 10: solveForces

              Matrix     1              0            0     0.
           Index Set     4              2         3088     0.

--- Event Stage 11: integrateForces

========================================================================================================================
Average time to get PetscTime(): 4.41447e-08
Average time for MPI_Barrier(): 7.75233e-07
Average time for zero size MPI_Send(): 1.50315e-06
#PETSc Option Table entries:
-forces_ksp_type preonly
-forces_pc_factor_mat_solver_type superlu_dist
-forces_pc_type lu
-log_view ascii:view.log
-options_left
-velocity_ksp_atol 1e-6
-velocity_ksp_max_it 1000
-velocity_ksp_rtol 0.0
-velocity_ksp_type bcgs
-velocity_pc_jacobi_type diagonal
-velocity_pc_type jacobi
#End of PETSc Option Table entries
Compiled without FORTRAN kernels
Compiled with full precision matrices (default)
sizeof(short) 2 sizeof(int) 4 sizeof(long) 8 sizeof(void*) 8 sizeof(PetscScalar) 8 sizeof(PetscInt) 4
Configure options: --prefix=/usr/local/petsc-3.12.2 PETSC_DIR=/opt/petsc/3.12.2 PETSC_ARCH=linux-gnu-openmpi-opt COPTFLAGS=-O3 CXXOPTFLAGS=-O3 --with-fc=0 --with-shared-libraries=1 --with-pic=1 --with-cxx-dialect=C++11 --with-debugging=0 --with-mpi-dir=/usr/local/openmpi-3.1.4 --download-hdf5 --download-f2cblaslapack --download-hypre --download-ptscotch --download-metis --download-parmetis --download-superlu_dist
-----------------------------------------
Libraries compiled on 2019-12-11 22:11:45 on 584a588926bb 
Machine characteristics: Linux-4.4.0-127-generic-x86_64-with-Ubuntu-16.04-xenial
Using PETSc directory: /usr/local/petsc-3.12.2
Using PETSc arch: 
-----------------------------------------

Using C compiler: /usr/local/openmpi-3.1.4/bin/mpicc  -fPIC -Wall -Wwrite-strings -Wno-strict-aliasing -Wno-unknown-pragmas -fstack-protector -fvisibility=hidden -O3  
-----------------------------------------

Using include paths: -I/usr/local/petsc-3.12.2/include -I/usr/local/openmpi-3.1.4/include
-----------------------------------------

Using C linker: /usr/local/openmpi-3.1.4/bin/mpicc
Using libraries: -Wl,-rpath,/usr/local/petsc-3.12.2/lib -L/usr/local/petsc-3.12.2/lib -lpetsc -Wl,-rpath,/usr/local/petsc-3.12.2/lib -L/usr/local/petsc-3.12.2/lib -lHYPRE -lsuperlu_dist -lf2clapack -lf2cblas -lptesmumps -lptscotchparmetis -lptscotch -lptscotcherr -lesmumps -lscotch -lscotcherr -lhdf5_hl -lhdf5 -lparmetis -lmetis -lm -lrt -lquadmath -lstdc++ -ldl
-----------------------------------------

