************************************************************************************************************************
***             WIDEN YOUR WINDOW TO 120 CHARACTERS.  Use 'enscript -r -fCourier9' to print this document            ***
************************************************************************************************************************

---------------------------------------------- PETSc Performance Summary: ----------------------------------------------

petibm-decoupledibpm on a  named 43737ed853c0 with 4 processors, by Unknown Sat Oct  1 03:51:53 2022
Using Petsc Release Version 3.12.2, Nov, 22, 2019 

                         Max       Max/Min     Avg       Total 
Time (sec):           4.607e+02     1.000   4.607e+02
Objects:              4.030e+02     1.075   3.820e+02
Flop:                 7.544e+10     1.024   7.457e+10  2.983e+11
Flop/sec:             1.638e+08     1.024   1.619e+08  6.474e+08
MPI Messages:         7.213e+04     1.674   5.261e+04  2.104e+05
MPI Message Lengths:  4.525e+10     2.921   4.372e+05  9.201e+10
MPI Reductions:       4.714e+04     1.000

Flop counting convention: 1 flop = 1 real number operation of type (multiply/divide/add/subtract)
                            e.g., VecAXPY() for real vectors of length N --> 2N flop
                            and VecAXPY() for complex vectors of length N --> 8N flop

Summary of Stages:   ----- Time ------  ----- Flop ------  --- Messages ---  -- Message Lengths --  -- Reductions --
                        Avg     %Total     Avg     %Total    Count   %Total     Avg         %Total    Count   %Total 
 0:      Main Stage: 9.3101e+00   2.0%  3.9031e+08   0.1%  8.000e+03   3.8%  4.186e+03        0.0%  4.000e+00   0.0% 
 1:      initialize: 9.6489e+00   2.1%  7.4447e+07   0.0%  4.405e+02   0.2%  1.243e+06        0.6%  3.380e+02   0.7% 
 2:     rhsVelocity: 1.9824e+02  43.0%  2.6053e+11  87.3%  1.120e+05  53.2%  2.266e+04        2.8%  0.000e+00   0.0% 
 3:   solveVelocity: 1.4809e+02  32.1%  0.0000e+00   0.0%  1.800e+04   8.6%  3.670e+06       71.8%  0.000e+00   0.0% 
 4:      rhsPoisson: 2.5471e+01   5.5%  1.5968e+10   5.4%  3.800e+04  18.1%  5.075e+03        0.2%  2.000e+00   0.0% 
 5:    solvePoisson: 4.6875e+01  10.2%  0.0000e+00   0.0%  1.800e+04   8.6%  1.239e+06       24.2%  0.000e+00   0.0% 
 6:          update: 1.7771e+01   3.9%  2.0908e+10   7.0%  8.000e+03   3.8%  2.408e+04        0.2%  0.000e+00   0.0% 
 7:           write: 1.8236e+00   0.4%  0.0000e+00   0.0%  0.000e+00   0.0%  0.000e+00        0.0%  1.200e+01   0.0% 
 8:         monitor: 2.3312e-04   0.0%  0.0000e+00   0.0%  0.000e+00   0.0%  0.000e+00        0.0%  0.000e+00   0.0% 
 9:       rhsForces: 5.5173e-01   0.1%  3.9429e+08   0.1%  8.000e+03   3.8%  1.667e+04        0.1%  0.000e+00   0.0% 
10:     solveForces: 2.5838e+00   0.6%  0.0000e+00   0.0%  0.000e+00   0.0%  0.000e+00        0.0%  6.000e+00   0.0% 
11: integrateForces: 1.4423e-01   0.0%  0.0000e+00   0.0%  0.000e+00   0.0%  0.000e+00        0.0%  2.000e+03   4.2% 

------------------------------------------------------------------------------------------------------------------------
See the 'Profiling' chapter of the users' manual for details on interpreting output.
Phase summary info:
   Count: number of times phase was executed
   Time and Flop: Max - maximum over all processors
                  Ratio - ratio of maximum to minimum over all processors
   Mess: number of messages sent
   AvgLen: average message length (bytes)
   Reduct: number of global reductions
   Global: entire computation
   Stage: stages of a computation. Set stages with PetscLogStagePush() and PetscLogStagePop().
      %T - percent time in this phase         %F - percent flop in this phase
      %M - percent messages in this phase     %L - percent message lengths in this phase
      %R - percent reductions in this phase
   Total Mflop/s: 10e-6 * (sum of flop over all processors)/(max time over all processors)
------------------------------------------------------------------------------------------------------------------------
Event                Count      Time (sec)     Flop                              --- Global ---  --- Stage ----  Total
                   Max Ratio  Max     Ratio   Max  Ratio  Mess   AvgLen  Reduct  %T %F %M %L %R  %T %F %M %L %R Mflop/s
------------------------------------------------------------------------------------------------------------------------

--- Event Stage 0: Main Stage

MatMultAdd          2000 1.0 4.6360e+00 1.1 1.96e+08 0.0 8.0e+03 4.2e+03 0.0e+00  1  0  4  0  0  47100100100  0    84
SFBcastOpBegin      2000 1.0 9.1796e-03 1.7 0.00e+00 0.0 8.0e+03 4.2e+03 0.0e+00  0  0  4  0  0   0  0100100  0     0
SFBcastOpEnd        2000 1.0 2.0578e-01 2.4 0.00e+00 0.0 0.0e+00 0.0e+00 0.0e+00  0  0  0  0  0   2  0  0  0  0     0
VecScatterBegin     2000 1.0 1.1708e-02 1.5 0.00e+00 0.0 8.0e+03 4.2e+03 0.0e+00  0  0  4  0  0   0  0100100  0     0
VecScatterEnd       2000 1.0 2.1442e-01 2.4 0.00e+00 0.0 0.0e+00 0.0e+00 0.0e+00  0  0  0  0  0   2  0  0  0  0     0

--- Event Stage 1: initialize

BuildTwoSided         35 1.0 1.4975e-0110.2 0.00e+00 0.0 1.1e+02 4.0e+00 0.0e+00  0  0  0  0  0   1  0 26  0  0     0
BuildTwoSidedF        26 1.0 1.3042e+0033.5 0.00e+00 0.0 6.0e+00 1.3e+05 0.0e+00  0  0  0  0  0  10  0  1  0  0     0
MatConvert             3 1.0 2.2030e-01 1.1 0.00e+00 0.0 5.4e+01 1.6e+04 0.0e+00  0  0  0  0  0   2  0 12  0  0     0
MatScale               3 1.0 3.3875e-02 1.3 1.23e+07 1.0 8.0e+00 1.7e+04 0.0e+00  0  0  0  0  0   0 65  2  0  0  1437
MatAssemblyBegin      43 1.0 1.3061e+0033.2 0.00e+00 0.0 6.0e+00 1.3e+05 0.0e+00  0  0  0  0  0  10  0  1  0  0     0
MatAssemblyEnd        43 1.0 6.0807e-01 1.3 0.00e+00 0.0 1.8e+02 6.3e+03 8.5e+01  0  0  0  0  0   5  0 42  0 25     0
MatGetRowIJ            2 1.0 1.5441e-06 2.0 0.00e+00 0.0 0.0e+00 0.0e+00 0.0e+00  0  0  0  0  0   0  0  0  0  0     0
MatCreateSubMat        2 1.0 2.9890e+00 1.0 0.00e+00 0.0 3.0e+01 1.6e+07 2.4e+01  1  0  0  1  0  31  0  7 89  7     0
MatTranspose           1 1.0 3.1709e-02 1.0 0.00e+00 0.0 2.2e+01 3.8e+04 6.0e+00  0  0  0  0  0   0  0  5  0  2     0
MatMatMult             4 1.0 2.3484e-01 1.0 6.09e+06 1.0 6.5e+01 2.7e+04 3.4e+01  0  0  0  0  0   2 32 15  0 10   101
MatMatMultSym          4 1.0 1.9081e-01 1.0 0.00e+00 0.0 5.7e+01 2.0e+04 3.2e+01  0  0  0  0  0   2  0 13  0  9     0
MatMatMultNum          4 1.0 4.3648e-02 1.0 6.09e+06 1.0 8.0e+00 7.7e+04 0.0e+00  0  0  0  0  0   0 32  2  0  0   545
MatGetLocalMat        10 1.0 3.5119e-01 4.3 0.00e+00 0.0 0.0e+00 0.0e+00 0.0e+00  0  0  0  0  0   2  0  0  0  0     0
MatGetBrAoCol          8 1.0 3.4101e-03 1.1 0.00e+00 0.0 3.2e+01 5.1e+04 0.0e+00  0  0  0  0  0   0  0  7  0  0     0
DMCreateMat            1 1.0 1.5973e+00 1.0 0.00e+00 0.0 1.3e+02 6.9e+03 4.4e+01  0  0  0  0  0  17  0 29  0 13     0
SFSetGraph            35 1.0 2.9137e-03 5.2 0.00e+00 0.0 0.0e+00 0.0e+00 0.0e+00  0  0  0  0  0   0  0  0  0  0     0
SFSetUp               35 1.0 1.6949e-01 1.7 0.00e+00 0.0 3.4e+02 5.1e+04 0.0e+00  0  0  0  0  0   2  0 77  3  0     0
SFBcastOpBegin         3 1.0 1.2495e-04 3.9 0.00e+00 0.0 1.6e+01 2.0e+04 0.0e+00  0  0  0  0  0   0  0  4  0  0     0
SFBcastOpEnd           3 1.0 3.9605e-04 7.2 0.00e+00 0.0 0.0e+00 0.0e+00 0.0e+00  0  0  0  0  0   0  0  0  0  0     0
SFReduceBegin          2 1.0 2.8210e-05 1.2 0.00e+00 0.0 7.0e+00 4.8e+03 0.0e+00  0  0  0  0  0   0  0  2  0  0     0
SFReduceEnd            2 1.0 4.0920e-05 6.6 0.00e+00 0.0 0.0e+00 0.0e+00 0.0e+00  0  0  0  0  0   0  0  0  0  0     0
VecView               15 0.0 7.4274e-01 0.0 0.00e+00 0.0 0.0e+00 0.0e+00 0.0e+00  0  0  0  0  0   2  0  0  0  0     0
VecSet                38 1.1 7.2430e-03 1.4 0.00e+00 0.0 0.0e+00 0.0e+00 0.0e+00  0  0  0  0  0   0  0  0  0  0     0
VecScatterBegin        5 1.7 3.4625e-0392.7 0.00e+00 0.0 1.6e+01 2.0e+04 0.0e+00  0  0  0  0  0   0  0  4  0  0     0
VecScatterEnd          3 1.0 4.0030e-04 6.9 0.00e+00 0.0 0.0e+00 0.0e+00 0.0e+00  0  0  0  0  0   0  0  0  0  0     0

--- Event Stage 2: rhsVelocity

BuildTwoSidedF      4000 1.0 2.1721e+00 1.5 0.00e+00 0.0 0.0e+00 0.0e+00 0.0e+00  0  0  0  0  0   1  0  0  0  0     0
MatMult            10000 1.0 1.4227e+02 1.0 5.08e+10 1.0 1.0e+05 2.4e+04 0.0e+00 31 67 49  3  0  71 77 93 99  0  1414
MatMultAdd          4000 1.0 2.5958e+01 1.0 2.05e+09 1.1 8.0e+03 4.2e+03 0.0e+00  6  3  4  0  0  13  3  7  1  0   299
SFBcastOpBegin     12000 1.0 6.0322e+00 1.1 0.00e+00 0.0 1.1e+05 2.3e+04 0.0e+00  1  0 53  3  0   3  0100100  0     0
SFBcastOpEnd       12000 1.0 1.2860e+01 1.5 0.00e+00 0.0 0.0e+00 0.0e+00 0.0e+00  2  0  0  0  0   5  0  0  0  0     0
VecScale           14000 1.0 1.0762e+01 1.1 3.71e+09 1.0 0.0e+00 0.0e+00 0.0e+00  2  5  0  0  0   5  6  0  0  0  1368
VecSet              4000 1.0 4.8174e+00 1.0 0.00e+00 0.0 0.0e+00 0.0e+00 0.0e+00  1  0  0  0  0   2  0  0  0  0     0
VecAXPY            12000 1.0 3.0830e+01 1.0 1.11e+10 1.0 0.0e+00 0.0e+00 0.0e+00  7 15  0  0  0  15 17  0  0  0  1433
VecSwap             2000 1.0 6.5871e+00 1.1 0.00e+00 0.0 0.0e+00 0.0e+00 0.0e+00  1  0  0  0  0   3  0  0  0  0     0
VecAssemblyBegin    4000 1.0 2.2305e+00 1.5 0.00e+00 0.0 0.0e+00 0.0e+00 0.0e+00  0  0  0  0  0   1  0  0  0  0     0
VecAssemblyEnd      4000 1.0 1.0165e-02 1.1 0.00e+00 0.0 0.0e+00 0.0e+00 0.0e+00  0  0  0  0  0   0  0  0  0  0     0
VecScatterBegin    12000 1.0 6.0800e+00 1.1 0.00e+00 0.0 1.1e+05 2.3e+04 0.0e+00  1  0 53  3  0   3  0100100  0     0
VecScatterEnd      12000 1.0 1.2896e+01 1.5 0.00e+00 0.0 0.0e+00 0.0e+00 0.0e+00  2  0  0  0  0   5  0  0  0  0     0

--- Event Stage 3: solveVelocity

SFBcastOpBegin      4000 1.0 9.6088e+00 1.0 0.00e+00 0.0 1.2e+04 3.7e+06 0.0e+00  2  0  6 48  0   6  0 67 67  0     0
SFBcastOpEnd        4000 1.0 1.7908e+01 2.3 0.00e+00 0.0 0.0e+00 0.0e+00 0.0e+00  2  0  0  0  0   7  0  0  0  0     0
SFReduceBegin       2000 1.0 4.6762e+00662.2 0.00e+00 0.0 6.0e+03 3.7e+06 0.0e+00  0  0  3 24  0   1  0 33 33  0     0
SFReduceEnd         2000 1.0 1.3320e+01 1.5 0.00e+00 0.0 0.0e+00 0.0e+00 0.0e+00  3  0  0  0  0   8  0  0  0  0     0
VecScatterBegin     6000 1.0 1.3959e+01 1.5 0.00e+00 0.0 1.8e+04 3.7e+06 0.0e+00  2  0  9 72  0   7  0100100  0     0
VecScatterEnd       6000 1.0 2.6556e+01 1.3 0.00e+00 0.0 0.0e+00 0.0e+00 0.0e+00  5  0  0  0  0  15  0  0  0  0     0

--- Event Stage 4: rhsPoisson

BuildTwoSidedF      4000 1.0 1.5439e+00 2.0 0.00e+00 0.0 3.0e+04 7.2e+00 0.0e+00  0  0 14  0  0   5  0 79  0  0     0
MatMult             4000 1.0 2.4246e+01 1.0 3.40e+09 1.0 2.3e+04 8.4e+03 0.0e+00  5  5 11  0  0  94 84 61100  0   556
MatMultAdd          2000 1.0 1.6099e+01 1.0 6.26e+08 1.0 1.5e+04 7.2e+00 2.0e+00  3  1  7  0  0  63 16 39  0100   154
SFBcastOpBegin      2000 1.0 1.4993e-0112.3 0.00e+00 0.0 8.0e+03 2.4e+04 0.0e+00  0  0  4  0  0   0  0 21100  0     0
SFBcastOpEnd        2000 1.0 4.9640e-01 1.5 0.00e+00 0.0 0.0e+00 0.0e+00 0.0e+00  0  0  0  0  0   2  0  0  0  0     0
VecScale            2000 1.0 2.8920e-04 1.5 0.00e+00 0.0 0.0e+00 0.0e+00 0.0e+00  0  0  0  0  0   0  0  0  0  0     0
VecSet              2000 1.0 6.3847e-01 1.1 0.00e+00 0.0 0.0e+00 0.0e+00 0.0e+00  0  0  0  0  0   2  0  0  0  0     0
VecAXPY             2000 1.0 1.3258e+00 1.1 6.26e+08 1.0 0.0e+00 0.0e+00 0.0e+00  0  1  0  0  0   5 16  0  0  0  1874
VecAssemblyBegin    4000 1.0 2.2593e+00 1.4 0.00e+00 0.0 3.0e+04 7.2e+00 0.0e+00  0  0 14  0  0   8  0 79  0  0     0
VecAssemblyEnd      4000 1.0 1.4201e-02 1.1 0.00e+00 0.0 0.0e+00 0.0e+00 0.0e+00  0  0  0  0  0   0  0  0  0  0     0
VecScatterBegin     2000 1.0 1.5397e-01 9.0 0.00e+00 0.0 8.0e+03 2.4e+04 0.0e+00  0  0  4  0  0   0  0 21100  0     0
VecScatterEnd       2000 1.0 5.0377e-01 1.5 0.00e+00 0.0 0.0e+00 0.0e+00 0.0e+00  0  0  0  0  0   2  0  0  0  0     0

--- Event Stage 5: solvePoisson

SFBcastOpBegin      4000 1.0 3.1561e+00 1.0 0.00e+00 0.0 1.2e+04 1.2e+06 0.0e+00  1  0  6 16  0   7  0 67 67  0     0
SFBcastOpEnd        4000 1.0 6.1570e+00 2.4 0.00e+00 0.0 0.0e+00 0.0e+00 0.0e+00  1  0  0  0  0   7  0  0  0  0     0
SFReduceBegin       2000 1.0 1.3979e+00210.5 0.00e+00 0.0 6.0e+03 1.2e+06 0.0e+00  0  0  3  8  0   1  0 33 33  0     0
SFReduceEnd         2000 1.0 3.8862e+00 1.4 0.00e+00 0.0 0.0e+00 0.0e+00 0.0e+00  1  0  0  0  0   8  0  0  0  0     0
VecScatterBegin     6000 1.0 4.4767e+00 1.4 0.00e+00 0.0 1.8e+04 1.2e+06 0.0e+00  1  0  9 24  0   7  0100100  0     0
VecScatterEnd       6000 1.0 8.8545e+00 1.4 0.00e+00 0.0 0.0e+00 0.0e+00 0.0e+00  2  0  0  0  0  15  0  0  0  0     0

--- Event Stage 6: update

MatMult             2000 1.0 1.1817e+01 1.0 2.79e+09 1.0 8.0e+03 2.4e+04 0.0e+00  3  4  4  0  0  65 53100100  0   935
SFBcastOpBegin      2000 1.0 1.4587e-01 5.3 0.00e+00 0.0 8.0e+03 2.4e+04 0.0e+00  0  0  4  0  0   0  0100100  0     0
SFBcastOpEnd        2000 1.0 6.6772e-01 2.5 0.00e+00 0.0 0.0e+00 0.0e+00 0.0e+00  0  0  0  0  0   2  0  0  0  0     0
VecAXPY             6000 1.0 6.2145e+00 1.0 2.49e+09 1.0 0.0e+00 0.0e+00 0.0e+00  1  3  0  0  0  35 47  0  0  0  1587
VecScatterBegin     2000 1.0 1.5131e-01 3.9 0.00e+00 0.0 8.0e+03 2.4e+04 0.0e+00  0  0  4  0  0   1  0100100  0     0
VecScatterEnd       2000 1.0 6.7555e-01 2.5 0.00e+00 0.0 0.0e+00 0.0e+00 0.0e+00  0  0  0  0  0   2  0  0  0  0     0

--- Event Stage 7: write

VecView               12 1.0 1.7588e+00 1.0 0.00e+00 0.0 0.0e+00 0.0e+00 0.0e+00  0  0  0  0  0  96  0  0  0  0     0

--- Event Stage 8: monitor


--- Event Stage 9: rhsForces

MatMult             2000 1.0 6.1971e-01 1.3 1.02e+08 1.1 8.0e+03 1.7e+04 0.0e+00  0  0  4  0  0  97 98100100  0   623
SFBcastOpBegin      2000 1.0 1.1350e-0110.1 0.00e+00 0.0 8.0e+03 1.7e+04 0.0e+00  0  0  4  0  0  10  0100100  0     0
SFBcastOpEnd        2000 1.0 4.5753e-01 3.6 0.00e+00 0.0 0.0e+00 0.0e+00 0.0e+00  0  0  0  0  0  49  0  0  0  0     0
VecScale            2000 1.0 8.4569e-03 2.0 1.99e+06 1.0 0.0e+00 0.0e+00 0.0e+00  0  0  0  0  0   1  2  0  0  0   941
VecScatterBegin     2000 1.0 1.2309e-01 7.5 0.00e+00 0.0 8.0e+03 1.7e+04 0.0e+00  0  0  4  0  0  11  0100100  0     0
VecScatterEnd       2000 1.0 4.6113e-01 3.6 0.00e+00 0.0 0.0e+00 0.0e+00 0.0e+00  0  0  0  0  0  50  0  0  0  0     0

--- Event Stage 10: solveForces

MatSolve            2000 1.0 2.5448e+00 1.0 0.00e+00 0.0 0.0e+00 0.0e+00 0.0e+00  1  0  0  0  0  96  0  0  0  0     0
MatLUFactorSym         1 1.0 1.5474e-04 1.0 0.00e+00 0.0 0.0e+00 0.0e+00 0.0e+00  0  0  0  0  0   0  0  0  0  0     0
MatLUFactorNum         1 1.0 5.8417e-02 1.0 0.00e+00 0.0 0.0e+00 0.0e+00 0.0e+00  0  0  0  0  0   2  0  0  0  0     0
MatGetRowIJ            1 1.0 6.7241e-07 3.4 0.00e+00 0.0 0.0e+00 0.0e+00 0.0e+00  0  0  0  0  0   0  0  0  0  0     0
MatGetOrdering         1 1.0 5.1975e-05 2.0 0.00e+00 0.0 0.0e+00 0.0e+00 0.0e+00  0  0  0  0  0   0  0  0  0  0     0
VecCopy             2000 1.0 3.9925e-03 2.1 0.00e+00 0.0 0.0e+00 0.0e+00 0.0e+00  0  0  0  0  0   0  0  0  0  0     0
VecSet              2000 1.0 5.9980e-03 2.1 0.00e+00 0.0 0.0e+00 0.0e+00 0.0e+00  0  0  0  0  0   0  0  0  0  0     0
KSPSetUp               1 1.0 3.2037e-06 4.2 0.00e+00 0.0 0.0e+00 0.0e+00 0.0e+00  0  0  0  0  0   0  0  0  0  0     0
KSPSolve            2000 1.0 2.6371e+00 1.0 0.00e+00 0.0 0.0e+00 0.0e+00 6.0e+00  1  0  0  0  0 100  0  0  0100     0
PCSetUp                1 1.0 5.8803e-02 1.0 0.00e+00 0.0 0.0e+00 0.0e+00 6.0e+00  0  0  0  0  0   2  0  0  0100     0
PCApply             2000 1.0 2.5493e+00 1.0 0.00e+00 0.0 0.0e+00 0.0e+00 0.0e+00  1  0  0  0  0  97  0  0  0  0     0

--- Event Stage 11: integrateForces

------------------------------------------------------------------------------------------------------------------------

Memory usage is given in bytes:

Object Type          Creations   Destructions     Memory  Descendants' Mem.
Reports information only for process 0.

--- Event Stage 0: Main Stage

    Distributed Mesh     0              7        38256     0.
              Matrix     0             42    480945532     0.
           Index Set     0             10      2499284     0.
   IS L to G Mapping     0              6      4856768     0.
   Star Forest Graph     0             33        31768     0.
     Discrete System     0              7         6664     0.
              Vector     0             39     82959872     0.
         Vec Scatter     0             19        15352     0.
   Application Order     0              4     19698064     0.
              Viewer     2              3         2544     0.
       Krylov Solver     0              1         1480     0.
      Preconditioner     0              1         1008     0.

--- Event Stage 1: initialize

    Distributed Mesh     7              0            0     0.
              Matrix    83             42   2178597656     0.
           Index Set    74             66     22618348     0.
   IS L to G Mapping     9              3      2077980     0.
   Star Forest Graph    49             16        16000     0.
     Discrete System     7              0            0     0.
              Vector   111             74     58758432     0.
         Vec Scatter    35             16        12864     0.
   Application Order     4              0            0     0.
              Viewer     7              5         4040     0.
       Krylov Solver     1              0            0     0.
      Preconditioner     1              0            0     0.

--- Event Stage 2: rhsVelocity

              Vector     1              0            0     0.

--- Event Stage 3: solveVelocity


--- Event Stage 4: rhsPoisson

              Vector     1              0            0     0.

--- Event Stage 5: solvePoisson


--- Event Stage 6: update


--- Event Stage 7: write

              Viewer     6              6         4848     0.

--- Event Stage 8: monitor


--- Event Stage 9: rhsForces


--- Event Stage 10: solveForces

              Matrix     1              0            0     0.
           Index Set     4              2         9536     0.

--- Event Stage 11: integrateForces

========================================================================================================================
Average time to get PetscTime(): 2.62633e-08
Average time for MPI_Barrier(): 1.2137e-06
Average time for zero size MPI_Send(): 1.23726e-06
#PETSc Option Table entries:
-forces_ksp_type preonly
-forces_pc_factor_mat_solver_type superlu_dist
-forces_pc_type lu
-log_view ascii:view.log
-options_left
#End of PETSc Option Table entries
Compiled without FORTRAN kernels
Compiled with full precision matrices (default)
sizeof(short) 2 sizeof(int) 4 sizeof(long) 8 sizeof(void*) 8 sizeof(PetscScalar) 8 sizeof(PetscInt) 4
Configure options: --prefix=/usr/local/petsc-3.12.2 PETSC_DIR=/opt/petsc/3.12.2 PETSC_ARCH=linux-gnu-openmpi-opt COPTFLAGS=-O3 CXXOPTFLAGS=-O3 --with-fc=0 --with-shared-libraries=1 --with-pic=1 --with-cxx-dialect=C++11 --with-debugging=0 --with-mpi-dir=/usr/local/openmpi-3.1.4 --download-hdf5 --download-f2cblaslapack --download-hypre --download-ptscotch --download-metis --download-parmetis --download-superlu_dist
-----------------------------------------
Libraries compiled on 2019-12-11 22:11:45 on 584a588926bb 
Machine characteristics: Linux-4.4.0-127-generic-x86_64-with-Ubuntu-16.04-xenial
Using PETSc directory: /usr/local/petsc-3.12.2
Using PETSc arch: 
-----------------------------------------

Using C compiler: /usr/local/openmpi-3.1.4/bin/mpicc  -fPIC -Wall -Wwrite-strings -Wno-strict-aliasing -Wno-unknown-pragmas -fstack-protector -fvisibility=hidden -O3  
-----------------------------------------

Using include paths: -I/usr/local/petsc-3.12.2/include -I/usr/local/openmpi-3.1.4/include
-----------------------------------------

Using C linker: /usr/local/openmpi-3.1.4/bin/mpicc
Using libraries: -Wl,-rpath,/usr/local/petsc-3.12.2/lib -L/usr/local/petsc-3.12.2/lib -lpetsc -Wl,-rpath,/usr/local/petsc-3.12.2/lib -L/usr/local/petsc-3.12.2/lib -lHYPRE -lsuperlu_dist -lf2clapack -lf2cblas -lptesmumps -lptscotchparmetis -lptscotch -lptscotcherr -lesmumps -lscotch -lscotcherr -lhdf5_hl -lhdf5 -lparmetis -lmetis -lm -lrt -lquadmath -lstdc++ -ldl
-----------------------------------------

