************************************************************************************************************************
***             WIDEN YOUR WINDOW TO 120 CHARACTERS.  Use 'enscript -r -fCourier9' to print this document            ***
************************************************************************************************************************

---------------------------------------------- PETSc Performance Summary: ----------------------------------------------

petibm-decoupledibpm on a  named f22621365b4f with 2 processors, by Unknown Sat Oct  1 00:47:11 2022
Using Petsc Release Version 3.12.2, Nov, 22, 2019 

                         Max       Max/Min     Avg       Total 
Time (sec):           8.024e+01     1.000   8.024e+01
Objects:              3.480e+02     1.074   3.360e+02
Flop:                 5.418e+10     1.002   5.413e+10  1.083e+11
Flop/sec:             6.753e+08     1.002   6.745e+08  1.349e+09
MPI Messages:         2.165e+04     1.059   2.105e+04  4.210e+04
MPI Message Lengths:  1.557e+09     1.002   7.391e+04  3.111e+09
MPI Reductions:       6.187e+04     1.000

Flop counting convention: 1 flop = 1 real number operation of type (multiply/divide/add/subtract)
                            e.g., VecAXPY() for real vectors of length N --> 2N flop
                            and VecAXPY() for complex vectors of length N --> 8N flop

Summary of Stages:   ----- Time ------  ----- Flop ------  --- Messages ---  -- Message Lengths --  -- Reductions --
                        Avg     %Total     Avg     %Total    Count   %Total     Avg         %Total    Count   %Total 
 0:      Main Stage: 6.2365e-01   0.8%  1.3594e+07   0.0%  2.400e+03   5.7%  2.520e+03        0.2%  4.000e+00   0.0% 
 1:      initialize: 2.5059e+00   3.1%  8.9387e+06   0.0%  9.500e+01   0.2%  1.189e+05        0.4%  2.670e+02   0.4% 
 2:     rhsVelocity: 1.3350e+01  16.6%  1.7445e+10  16.1%  1.080e+04  25.7%  4.156e+03        1.4%  0.000e+00   0.0% 
 3:   solveVelocity: 4.3050e+01  53.7%  8.5676e+10  79.1%  1.440e+04  34.2%  7.192e+03        3.3%  1.560e+04  25.2% 
 4:      rhsPoisson: 1.9776e+00   2.5%  2.1827e+09   2.0%  7.200e+03  17.1%  6.060e+02        0.1%  2.000e+00   0.0% 
 5:    solvePoisson: 1.5146e+01  18.9%  0.0000e+00   0.0%  3.600e+03   8.6%  8.100e+05       93.7%  0.000e+00   0.0% 
 6:          update: 2.2518e+00   2.8%  2.9121e+09   2.7%  1.200e+03   2.9%  3.600e+03        0.1%  0.000e+00   0.0% 
 7:           write: 8.1946e-01   1.0%  0.0000e+00   0.0%  0.000e+00   0.0%  0.000e+00        0.0%  1.200e+01   0.0% 
 8:         monitor: 1.2753e-04   0.0%  0.0000e+00   0.0%  0.000e+00   0.0%  0.000e+00        0.0%  0.000e+00   0.0% 
 9:       rhsForces: 4.4152e-02   0.1%  1.4338e+07   0.0%  2.400e+03   5.7%  8.732e+03        0.7%  0.000e+00   0.0% 
10:     solveForces: 3.6656e-01   0.5%  0.0000e+00   0.0%  0.000e+00   0.0%  0.000e+00        0.0%  6.000e+00   0.0% 
11: integrateForces: 6.6113e-02   0.1%  0.0000e+00   0.0%  0.000e+00   0.0%  0.000e+00        0.0%  1.200e+03   1.9% 

------------------------------------------------------------------------------------------------------------------------
See the 'Profiling' chapter of the users' manual for details on interpreting output.
Phase summary info:
   Count: number of times phase was executed
   Time and Flop: Max - maximum over all processors
                  Ratio - ratio of maximum to minimum over all processors
   Mess: number of messages sent
   AvgLen: average message length (bytes)
   Reduct: number of global reductions
   Global: entire computation
   Stage: stages of a computation. Set stages with PetscLogStagePush() and PetscLogStagePop().
      %T - percent time in this phase         %F - percent flop in this phase
      %M - percent messages in this phase     %L - percent message lengths in this phase
      %R - percent reductions in this phase
   Total Mflop/s: 10e-6 * (sum of flop over all processors)/(max time over all processors)
------------------------------------------------------------------------------------------------------------------------
Event                Count      Time (sec)     Flop                              --- Global ---  --- Stage ----  Total
                   Max Ratio  Max     Ratio   Max  Ratio  Mess   AvgLen  Reduct  %T %F %M %L %R  %T %F %M %L %R Mflop/s
------------------------------------------------------------------------------------------------------------------------

--- Event Stage 0: Main Stage

MatMultAdd          1200 1.0 4.6289e-01 1.0 6.83e+06 1.0 2.4e+03 2.5e+03 0.0e+00  1  0  6  0  0  74100100100  0    29
SFBcastOpBegin      1200 1.0 2.8633e-03 1.0 0.00e+00 0.0 2.4e+03 2.5e+03 0.0e+00  0  0  6  0  0   0  0100100  0     0
SFBcastOpEnd        1200 1.0 2.2183e-02 4.2 0.00e+00 0.0 0.0e+00 0.0e+00 0.0e+00  0  0  0  0  0   2  0  0  0  0     0
VecScatterBegin     1200 1.0 3.7896e-03 1.0 0.00e+00 0.0 2.4e+03 2.5e+03 0.0e+00  0  0  6  0  0   1  0100100  0     0
VecScatterEnd       1200 1.0 2.2927e-02 4.0 0.00e+00 0.0 0.0e+00 0.0e+00 0.0e+00  0  0  0  0  0   2  0  0  0  0     0

--- Event Stage 1: initialize

BuildTwoSided         29 1.0 1.1663e-0214.1 0.00e+00 0.0 2.0e+01 4.0e+00 0.0e+00  0  0  0  0  0   0  0 21  0  0     0
BuildTwoSidedF        23 1.0 2.6034e-02 3.5 0.00e+00 0.0 3.0e+00 3.0e+04 0.0e+00  0  0  0  0  0   1  0  3  1  0     0
MatConvert             3 1.0 2.5234e-02 1.1 0.00e+00 0.0 9.0e+00 2.4e+03 0.0e+00  0  0  0  0  0   1  0  9  0  0     0
MatScale               3 1.0 3.0454e-03 1.0 1.82e+06 1.0 4.0e+00 8.7e+03 0.0e+00  0  0  0  0  0   0 41  4  0  0  1194
MatAssemblyBegin      38 1.0 2.6504e-02 3.4 0.00e+00 0.0 3.0e+00 3.0e+04 0.0e+00  0  0  0  0  0   1  0  3  1  0     0
MatAssemblyEnd        38 1.0 1.0640e-01 1.1 0.00e+00 0.0 3.4e+01 1.3e+03 7.3e+01  0  0  0  0  0   4  0 36  0 27     0
MatGetRowIJ            1 1.0 3.2969e-07 1.0 0.00e+00 0.0 0.0e+00 0.0e+00 0.0e+00  0  0  0  0  0   0  0  0  0  0     0
MatCreateSubMat        1 1.0 6.8796e-02 1.0 0.00e+00 0.0 5.0e+00 1.4e+06 1.2e+01  0  0  0  0  0   3  0  5 61  4     0
MatTranspose           1 1.0 7.7406e-03 1.0 0.00e+00 0.0 1.1e+01 1.0e+04 6.0e+00  0  0  0  0  0   0  0 12  1  2     0
MatMatMult             4 1.0 7.0700e-02 1.0 2.45e+06 1.0 2.2e+01 6.7e+03 3.4e+01  0  0  0  0  0   3 55 24  1 13    69
MatMatMultSym          4 1.0 5.8454e-02 1.0 0.00e+00 0.0 2.0e+01 5.0e+03 3.2e+01  0  0  0  0  0   2  0 21  1 12     0
MatMatMultNum          4 1.0 1.2183e-02 1.0 2.45e+06 1.0 3.0e+00 1.7e+04 0.0e+00  0  0  0  0  0   0 55  3  0  0   402
MatGetLocalMat         9 1.0 3.4248e-02 1.4 0.00e+00 0.0 0.0e+00 0.0e+00 0.0e+00  0  0  0  0  0   1  0  0  0  0     0
MatGetBrAoCol          8 1.0 6.6373e-04 1.0 0.00e+00 0.0 1.2e+01 1.2e+04 0.0e+00  0  0  0  0  0   0  0 13  1  0     0
DMCreateMat            1 1.0 2.4131e-01 1.0 0.00e+00 0.0 1.5e+01 1.4e+03 3.2e+01  0  0  0  0  0  10  0 16  0 12     0
SFSetGraph            29 1.0 3.6270e-04 1.9 0.00e+00 0.0 0.0e+00 0.0e+00 0.0e+00  0  0  0  0  0   0  0  0  0  0     0
SFSetUp               29 1.0 1.8888e-02 1.4 0.00e+00 0.0 6.0e+01 1.5e+04 0.0e+00  0  0  0  0  0   1  0 63  8  0     0
SFBcastOpBegin         3 1.0 3.6472e-05 1.1 0.00e+00 0.0 6.0e+00 7.0e+03 0.0e+00  0  0  0  0  0   0  0  6  0  0     0
SFBcastOpEnd           3 1.0 2.4695e-05 1.0 0.00e+00 0.0 0.0e+00 0.0e+00 0.0e+00  0  0  0  0  0   0  0  0  0  0     0
SFReduceBegin          2 1.0 2.4201e-05 1.1 0.00e+00 0.0 3.0e+00 2.9e+03 0.0e+00  0  0  0  0  0   0  0  3  0  0     0
SFReduceEnd            2 1.0 1.2802e-05 1.2 0.00e+00 0.0 0.0e+00 0.0e+00 0.0e+00  0  0  0  0  0   0  0  0  0  0     0
VecView               15 0.0 8.5948e-01 0.0 0.00e+00 0.0 0.0e+00 0.0e+00 0.0e+00  1  0  0  0  0  17  0  0  0  0     0
VecSet                31 1.0 6.7191e-04 1.3 0.00e+00 0.0 0.0e+00 0.0e+00 0.0e+00  0  0  0  0  0   0  0  0  0  0     0
VecScatterBegin        4 1.3 1.3413e-04 3.3 0.00e+00 0.0 6.0e+00 7.0e+03 0.0e+00  0  0  0  0  0   0  0  6  0  0     0
VecScatterEnd          3 1.0 2.6733e-05 1.0 0.00e+00 0.0 0.0e+00 0.0e+00 0.0e+00  0  0  0  0  0   0  0  0  0  0     0

--- Event Stage 2: rhsVelocity

BuildTwoSidedF      2400 1.0 4.2820e-02 1.0 0.00e+00 0.0 0.0e+00 0.0e+00 0.0e+00  0  0  0  0  0   0  0  0  0  0     0
MatMult             6000 1.0 9.2452e+00 1.0 4.84e+09 1.0 8.4e+03 4.6e+03 0.0e+00 11  9 20  1  0  69 55 78 87  0  1046
MatMultAdd          2400 1.0 1.5155e+00 1.0 4.92e+08 1.0 2.4e+03 2.5e+03 0.0e+00  2  1  6  0  0  11  6 22 13  0   649
SFBcastOpBegin      6000 1.0 8.0453e-01 1.0 0.00e+00 0.0 1.1e+04 4.2e+03 0.0e+00  1  0 26  1  0   6  0100100  0     0
SFBcastOpEnd        6000 1.0 5.9986e-01 1.1 0.00e+00 0.0 0.0e+00 0.0e+00 0.0e+00  1  0  0  0  0   4  0  0  0  0     0
VecScale            8400 1.0 6.5565e-01 1.0 9.71e+08 1.0 0.0e+00 0.0e+00 0.0e+00  1  2  0  0  0   5 11  0  0  0  2958
VecSet              2400 1.0 6.5158e-01 1.0 0.00e+00 0.0 0.0e+00 0.0e+00 0.0e+00  1  0  0  0  0   5  0  0  0  0     0
VecAXPY             7200 1.0 2.3063e+00 1.0 2.91e+09 1.0 0.0e+00 0.0e+00 0.0e+00  3  5  0  0  0  17 33  0  0  0  2523
VecSwap             1200 1.0 6.1414e-01 1.0 0.00e+00 0.0 0.0e+00 0.0e+00 0.0e+00  1  0  0  0  0   5  0  0  0  0     0
VecAssemblyBegin    2400 1.0 7.1397e-02 1.1 0.00e+00 0.0 0.0e+00 0.0e+00 0.0e+00  0  0  0  0  0   1  0  0  0  0     0
VecAssemblyEnd      2400 1.0 5.4739e-03 1.1 0.00e+00 0.0 0.0e+00 0.0e+00 0.0e+00  0  0  0  0  0   0  0  0  0  0     0
VecScatterBegin     6000 1.0 8.1403e-01 1.0 0.00e+00 0.0 1.1e+04 4.2e+03 0.0e+00  1  0 26  1  0   6  0100100  0     0
VecScatterEnd       6000 1.0 6.0734e-01 1.1 0.00e+00 0.0 0.0e+00 0.0e+00 0.0e+00  1  0  0  0  0   4  0  0  0  0     0

--- Event Stage 3: solveVelocity

MatMult             7200 1.0 2.3457e+01 1.0 2.47e+10 1.0 1.4e+04 7.2e+03 0.0e+00 29 46 34  3  0  54 58100100  0  2102
SFBcastOpBegin      7200 1.0 7.1600e-02 1.4 0.00e+00 0.0 1.4e+04 7.2e+03 0.0e+00  0  0 34  3  0   0  0100100  0     0
SFBcastOpEnd        7200 1.0 3.8218e-01 2.3 0.00e+00 0.0 0.0e+00 0.0e+00 0.0e+00  0  0  0  0  0   1  0  0  0  0     0
VecDot              7200 1.0 2.4131e+00 1.0 2.91e+09 1.0 0.0e+00 0.0e+00 7.2e+03  3  5  0  0 12   6  7  0  0 46  2411
VecDotNorm2         3600 1.0 1.2294e+00 1.0 2.91e+09 1.0 0.0e+00 0.0e+00 3.6e+03  2  5  0  0  6   3  7  0  0 23  4733
VecNorm             4800 1.0 9.4370e-01 1.1 1.94e+09 1.0 0.0e+00 0.0e+00 4.8e+03  1  4  0  0  8   2  5  0  0 31  4111
VecCopy             2400 1.0 9.0613e-01 1.0 0.00e+00 0.0 0.0e+00 0.0e+00 0.0e+00  1  0  0  0  0   2  0  0  0  0     0
VecSet              3600 1.0 1.0781e+00 1.0 0.00e+00 0.0 0.0e+00 0.0e+00 0.0e+00  1  0  0  0  0   3  0  0  0  0     0
VecAXPBYCZ          7200 1.0 3.8291e+00 1.0 5.83e+09 1.0 0.0e+00 0.0e+00 0.0e+00  5 11  0  0  0   9 14  0  0  0  3039
VecWAXPY            7200 1.0 4.0624e+00 1.0 2.91e+09 1.0 0.0e+00 0.0e+00 0.0e+00  5  5  0  0  0   9  7  0  0  0  1432
VecPointwiseMult    8400 1.0 5.1380e+00 1.0 1.70e+09 1.0 0.0e+00 0.0e+00 0.0e+00  6  3  0  0  0  12  4  0  0  0   661
VecScatterBegin     7200 1.0 8.7179e-02 1.4 0.00e+00 0.0 1.4e+04 7.2e+03 0.0e+00  0  0 34  3  0   0  0100100  0     0
VecScatterEnd       7200 1.0 3.9988e-01 2.3 0.00e+00 0.0 0.0e+00 0.0e+00 0.0e+00  0  0  0  0  0   1  0  0  0  0     0
KSPSetUp               1 1.0 2.1026e-03 1.0 0.00e+00 0.0 0.0e+00 0.0e+00 0.0e+00  0  0  0  0  0   0  0  0  0  0     0
KSPSolve            1200 1.0 4.3046e+01 1.0 4.29e+10 1.0 1.4e+04 7.2e+03 1.6e+04 54 79 34  3 25 100100100100100  1990
PCSetUp                1 1.0 7.3202e-07 1.2 0.00e+00 0.0 0.0e+00 0.0e+00 0.0e+00  0  0  0  0  0   0  0  0  0  0     0
PCApply             8400 1.0 5.1528e+00 1.0 1.70e+09 1.0 0.0e+00 0.0e+00 2.0e+00  6  3  0  0  0  12  4  0  0  0   659

--- Event Stage 4: rhsPoisson

BuildTwoSidedF      2400 1.0 5.6242e-02 1.6 0.00e+00 0.0 6.0e+03 7.2e+00 0.0e+00  0  0 14  0  0   2  0 83  1  0     0
MatMult             2400 1.0 1.8392e+00 1.0 8.48e+08 1.0 4.2e+03 1.0e+03 0.0e+00  2  2 10  0  0  93 78 58100  0   923
MatMultAdd          1200 1.0 6.4644e-01 1.0 2.43e+08 1.0 3.0e+03 7.2e+00 2.0e+00  1  0  7  0  0  33 22 42  0100   752
SFBcastOpBegin      1200 1.0 2.2528e-03 1.6 0.00e+00 0.0 1.2e+03 3.6e+03 0.0e+00  0  0  3  0  0   0  0 17 99  0     0
SFBcastOpEnd        1200 1.0 4.9275e-02 5.8 0.00e+00 0.0 0.0e+00 0.0e+00 0.0e+00  0  0  0  0  0   1  0  0  0  0     0
VecScale            1200 1.0 1.8541e-04 1.1 0.00e+00 0.0 0.0e+00 0.0e+00 0.0e+00  0  0  0  0  0   0  0  0  0  0     0
VecSet              1200 1.0 1.2289e-01 1.0 0.00e+00 0.0 0.0e+00 0.0e+00 0.0e+00  0  0  0  0  0   6  0  0  0  0     0
VecAXPY             1200 1.0 1.1744e-01 1.0 2.43e+08 1.0 0.0e+00 0.0e+00 0.0e+00  0  0  0  0  0   6 22  0  0  0  4138
VecAssemblyBegin    2400 1.0 7.2709e-02 1.2 0.00e+00 0.0 6.0e+03 7.2e+00 0.0e+00  0  0 14  0  0   3  0 83  1  0     0
VecAssemblyEnd      2400 1.0 4.9987e-03 1.0 0.00e+00 0.0 0.0e+00 0.0e+00 0.0e+00  0  0  0  0  0   0  0  0  0  0     0
VecScatterBegin     1200 1.0 2.6995e-03 1.4 0.00e+00 0.0 1.2e+03 3.6e+03 0.0e+00  0  0  3  0  0   0  0 17 99  0     0
VecScatterEnd       1200 1.0 5.1720e-02 5.3 0.00e+00 0.0 0.0e+00 0.0e+00 0.0e+00  0  0  0  0  0   2  0  0  0  0     0

--- Event Stage 5: solvePoisson

SFBcastOpBegin      2400 1.0 4.1442e-01 1.0 0.00e+00 0.0 2.4e+03 8.1e+05 0.0e+00  1  0  6 62  0   3  0 67 67  0     0
SFBcastOpEnd        2400 1.0 8.6740e-01 3.0 0.00e+00 0.0 0.0e+00 0.0e+00 0.0e+00  1  0  0  0  0   4  0  0  0  0     0
SFReduceBegin       1200 1.0 2.3262e-0163.7 0.00e+00 0.0 1.2e+03 8.1e+05 0.0e+00  0  0  3 31  0   1  0 33 33  0     0
SFReduceEnd         1200 1.0 5.0069e-01 1.8 0.00e+00 0.0 0.0e+00 0.0e+00 0.0e+00  0  0  0  0  0   3  0  0  0  0     0
VecScatterBegin     3600 1.0 6.4018e-01 1.5 0.00e+00 0.0 3.6e+03 8.1e+05 0.0e+00  1  0  9 94  0   4  0100100  0     0
VecScatterEnd       3600 1.0 1.1560e+00 1.5 0.00e+00 0.0 0.0e+00 0.0e+00 0.0e+00  1  0  0  0  0   6  0  0  0  0     0

--- Event Stage 6: update

MatMult             1200 1.0 1.5285e+00 1.0 7.28e+08 1.0 1.2e+03 3.6e+03 0.0e+00  2  1  3  0  0  68 50100100  0   952
SFBcastOpBegin      1200 1.0 4.8731e-03 2.3 0.00e+00 0.0 1.2e+03 3.6e+03 0.0e+00  0  0  3  0  0   0  0100100  0     0
SFBcastOpEnd        1200 1.0 5.1948e-02 4.9 0.00e+00 0.0 0.0e+00 0.0e+00 0.0e+00  0  0  0  0  0   1  0  0  0  0     0
VecAXPY             3600 1.0 7.2631e-01 1.0 7.29e+08 1.0 0.0e+00 0.0e+00 0.0e+00  1  1  0  0  0  32 50  0  0  0  2007
VecScatterBegin     1200 1.0 6.0963e-03 2.0 0.00e+00 0.0 1.2e+03 3.6e+03 0.0e+00  0  0  3  0  0   0  0100100  0     0
VecScatterEnd       1200 1.0 5.4965e-02 4.7 0.00e+00 0.0 0.0e+00 0.0e+00 0.0e+00  0  0  0  0  0   1  0  0  0  0     0

--- Event Stage 7: write

VecView               10 1.0 7.5120e-01 1.0 0.00e+00 0.0 0.0e+00 0.0e+00 0.0e+00  1  0  0  0  0  92  0  0  0  0     0

--- Event Stage 8: monitor


--- Event Stage 9: rhsForces

MatMult             1200 1.0 4.1232e-02 1.0 6.80e+06 1.0 2.4e+03 8.7e+03 0.0e+00  0  0  6  1  0  93 95100100  0   329
SFBcastOpBegin      1200 1.0 1.3858e-02 1.0 0.00e+00 0.0 2.4e+03 8.7e+03 0.0e+00  0  0  6  1  0  31  0100100  0     0
SFBcastOpEnd        1200 1.0 1.4669e-02 1.1 0.00e+00 0.0 0.0e+00 0.0e+00 0.0e+00  0  0  0  0  0  32  0  0  0  0     0
VecScale            1200 1.0 1.3018e-03 1.0 3.79e+05 1.0 0.0e+00 0.0e+00 0.0e+00  0  0  0  0  0   3  5  0  0  0   581
VecScatterBegin     1200 1.0 1.5477e-02 1.0 0.00e+00 0.0 2.4e+03 8.7e+03 0.0e+00  0  0  6  1  0  35  0100100  0     0
VecScatterEnd       1200 1.0 1.5522e-02 1.1 0.00e+00 0.0 0.0e+00 0.0e+00 0.0e+00  0  0  0  0  0  34  0  0  0  0     0

--- Event Stage 10: solveForces

MatSolve            1200 1.0 3.5185e-01 1.0 0.00e+00 0.0 0.0e+00 0.0e+00 0.0e+00  0  0  0  0  0  96  0  0  0  0     0
MatLUFactorSym         1 1.0 1.3635e-04 1.0 0.00e+00 0.0 0.0e+00 0.0e+00 0.0e+00  0  0  0  0  0   0  0  0  0  0     0
MatLUFactorNum         1 1.0 4.4316e-03 1.0 0.00e+00 0.0 0.0e+00 0.0e+00 0.0e+00  0  0  0  0  0   1  0  0  0  0     0
MatGetRowIJ            1 1.0 3.1851e-07 1.1 0.00e+00 0.0 0.0e+00 0.0e+00 0.0e+00  0  0  0  0  0   0  0  0  0  0     0
MatGetOrdering         1 1.0 3.2797e-05 1.0 0.00e+00 0.0 0.0e+00 0.0e+00 0.0e+00  0  0  0  0  0   0  0  0  0  0     0
VecCopy             1200 1.0 6.3688e-04 1.0 0.00e+00 0.0 0.0e+00 0.0e+00 0.0e+00  0  0  0  0  0   0  0  0  0  0     0
VecSet              1200 1.0 1.2215e-03 1.1 0.00e+00 0.0 0.0e+00 0.0e+00 0.0e+00  0  0  0  0  0   0  0  0  0  0     0
KSPSetUp               1 1.0 4.6194e-07 1.6 0.00e+00 0.0 0.0e+00 0.0e+00 0.0e+00  0  0  0  0  0   0  0  0  0  0     0
KSPSolve            1200 1.0 3.6504e-01 1.0 0.00e+00 0.0 0.0e+00 0.0e+00 6.0e+00  0  0  0  0  0  99  0  0  0100     0
PCSetUp                1 1.0 4.7565e-03 1.0 0.00e+00 0.0 0.0e+00 0.0e+00 6.0e+00  0  0  0  0  0   1  0  0  0100     0
PCApply             1200 1.0 3.5323e-01 1.0 0.00e+00 0.0 0.0e+00 0.0e+00 0.0e+00  0  0  0  0  0  96  0  0  0  0     0

--- Event Stage 11: integrateForces

------------------------------------------------------------------------------------------------------------------------

Memory usage is given in bytes:

Object Type          Creations   Destructions     Memory  Descendants' Mem.
Reports information only for process 0.

--- Event Stage 0: Main Stage

    Distributed Mesh     0              6        32136     0.
              Matrix     0             42    128841936     0.
           Index Set     0              8      1222876     0.
   IS L to G Mapping     0              5      2054296     0.
   Star Forest Graph     0             28        26944     0.
     Discrete System     0              6         5712     0.
              Vector     0             41     34151944     0.
         Vec Scatter     0             16        12928     0.
   Application Order     0              3      4854816     0.
              Viewer     2              3         2544     0.
       Krylov Solver     0              2         2968     0.
      Preconditioner     0              2         1872     0.

--- Event Stage 1: initialize

    Distributed Mesh     6              0            0     0.
              Matrix    72             31    197272768     0.
           Index Set    58             52      2903804     0.
   IS L to G Mapping     7              2       821284     0.
   Star Forest Graph    41             13        13000     0.
     Discrete System     6              0            0     0.
              Vector    94             62      9041744     0.
         Vec Scatter    28             12         9664     0.
   Application Order     3              0            0     0.
              Viewer     7              5         4040     0.
       Krylov Solver     2              0            0     0.
      Preconditioner     2              0            0     0.

--- Event Stage 2: rhsVelocity

              Vector     1              0            0     0.

--- Event Stage 3: solveVelocity

              Vector     7              0            0     0.

--- Event Stage 4: rhsPoisson

              Vector     1              0            0     0.

--- Event Stage 5: solvePoisson


--- Event Stage 6: update


--- Event Stage 7: write

              Viewer     6              6         4848     0.

--- Event Stage 8: monitor


--- Event Stage 9: rhsForces


--- Event Stage 10: solveForces

              Matrix     1              0            0     0.
           Index Set     4              2         4096     0.

--- Event Stage 11: integrateForces

========================================================================================================================
Average time to get PetscTime(): 4.58211e-08
Average time for MPI_Barrier(): 8.72463e-07
Average time for zero size MPI_Send(): 1.45938e-06
#PETSc Option Table entries:
-forces_ksp_type preonly
-forces_pc_factor_mat_solver_type superlu_dist
-forces_pc_type lu
-log_view ascii:view.log
-options_left
-velocity_ksp_atol 1e-6
-velocity_ksp_max_it 1000
-velocity_ksp_rtol 0.0
-velocity_ksp_type bcgs
-velocity_pc_jacobi_type diagonal
-velocity_pc_type jacobi
#End of PETSc Option Table entries
Compiled without FORTRAN kernels
Compiled with full precision matrices (default)
sizeof(short) 2 sizeof(int) 4 sizeof(long) 8 sizeof(void*) 8 sizeof(PetscScalar) 8 sizeof(PetscInt) 4
Configure options: --prefix=/usr/local/petsc-3.12.2 PETSC_DIR=/opt/petsc/3.12.2 PETSC_ARCH=linux-gnu-openmpi-opt COPTFLAGS=-O3 CXXOPTFLAGS=-O3 --with-fc=0 --with-shared-libraries=1 --with-pic=1 --with-cxx-dialect=C++11 --with-debugging=0 --with-mpi-dir=/usr/local/openmpi-3.1.4 --download-hdf5 --download-f2cblaslapack --download-hypre --download-ptscotch --download-metis --download-parmetis --download-superlu_dist
-----------------------------------------
Libraries compiled on 2019-12-11 22:11:45 on 584a588926bb 
Machine characteristics: Linux-4.4.0-127-generic-x86_64-with-Ubuntu-16.04-xenial
Using PETSc directory: /usr/local/petsc-3.12.2
Using PETSc arch: 
-----------------------------------------

Using C compiler: /usr/local/openmpi-3.1.4/bin/mpicc  -fPIC -Wall -Wwrite-strings -Wno-strict-aliasing -Wno-unknown-pragmas -fstack-protector -fvisibility=hidden -O3  
-----------------------------------------

Using include paths: -I/usr/local/petsc-3.12.2/include -I/usr/local/openmpi-3.1.4/include
-----------------------------------------

Using C linker: /usr/local/openmpi-3.1.4/bin/mpicc
Using libraries: -Wl,-rpath,/usr/local/petsc-3.12.2/lib -L/usr/local/petsc-3.12.2/lib -lpetsc -Wl,-rpath,/usr/local/petsc-3.12.2/lib -L/usr/local/petsc-3.12.2/lib -lHYPRE -lsuperlu_dist -lf2clapack -lf2cblas -lptesmumps -lptscotchparmetis -lptscotch -lptscotcherr -lesmumps -lscotch -lscotcherr -lhdf5_hl -lhdf5 -lparmetis -lmetis -lm -lrt -lquadmath -lstdc++ -ldl
-----------------------------------------

