************************************************************************************************************************
***             WIDEN YOUR WINDOW TO 120 CHARACTERS.  Use 'enscript -r -fCourier9' to print this document            ***
************************************************************************************************************************

---------------------------------------------- PETSc Performance Summary: ----------------------------------------------

petibm-ibpm on a linux-gnu-openmpi-opt named phantom with 2 processors, by mesnardo Mon Oct 21 16:36:45 2019
Using Petsc Release Version 3.11.2, May, 18, 2019 

                         Max       Max/Min     Avg       Total 
Time (sec):           1.904e+03     1.000   1.904e+03
Objects:              3.160e+03     1.006   3.150e+03
Flop:                 1.475e+12     1.004   1.472e+12  2.943e+12
Flop/sec:             7.747e+08     1.004   7.731e+08  1.546e+09
MPI Messages:         1.839e+06     1.000   1.838e+06  3.677e+06
MPI Message Lengths:  6.587e+09     1.000   3.583e+03  1.317e+10
MPI Reductions:       6.620e+05     1.000

Flop counting convention: 1 flop = 1 real number operation of type (multiply/divide/add/subtract)
                            e.g., VecAXPY() for real vectors of length N --> 2N flop
                            and VecAXPY() for complex vectors of length N --> 8N flop

Summary of Stages:   ----- Time ------  ----- Flop ------  --- Messages ---  -- Message Lengths --  -- Reductions --
                        Avg     %Total     Avg     %Total    Count   %Total     Avg         %Total    Count   %Total 
 0:      Main Stage: 1.6450e-01   0.0%  0.0000e+00   0.0%  0.000e+00   0.0%  0.000e+00        0.0%  2.100e+01   0.0% 
 1:      initialize: 9.5072e-01   0.0%  8.5816e+06   0.0%  8.000e+01   0.0%  5.615e+03        0.0%  3.070e+02   0.0% 
 2:     rhsVelocity: 1.3484e+01   0.7%  1.7445e+10   0.6%  9.600e+03   0.3%  4.674e+03        0.3%  0.000e+00   0.0% 
 3:   solveVelocity: 4.6063e+01   2.4%  8.5699e+10   2.9%  1.440e+04   0.4%  7.192e+03        0.8%  1.561e+04   2.4% 
 4:      rhsPoisson: 2.6215e+00   0.1%  2.1962e+09   0.1%  5.400e+03   0.1%  4.680e+03        0.2%  2.400e+03   0.4% 
 5:    solvePoisson: 1.8373e+03  96.5%  2.8351e+12  96.3%  3.645e+06  99.1%  3.564e+03       98.6%  6.060e+05  91.5% 
 6:          update: 2.3868e+00   0.1%  2.9257e+09   0.1%  2.400e+03   0.1%  4.312e+03        0.1%  0.000e+00   0.0% 
 7:           write: 5.0016e-01   0.0%  0.0000e+00   0.0%  0.000e+00   0.0%  0.000e+00        0.0%  1.000e+01   0.0% 
 8:         monitor: 1.4039e-04   0.0%  0.0000e+00   0.0%  0.000e+00   0.0%  0.000e+00        0.0%  0.000e+00   0.0% 
 9: integrateForces: 9.8076e-02   0.0%  0.0000e+00   0.0%  0.000e+00   0.0%  0.000e+00        0.0%  3.603e+03   0.5% 

------------------------------------------------------------------------------------------------------------------------
See the 'Profiling' chapter of the users' manual for details on interpreting output.
Phase summary info:
   Count: number of times phase was executed
   Time and Flop: Max - maximum over all processors
                  Ratio - ratio of maximum to minimum over all processors
   Mess: number of messages sent
   AvgLen: average message length (bytes)
   Reduct: number of global reductions
   Global: entire computation
   Stage: stages of a computation. Set stages with PetscLogStagePush() and PetscLogStagePop().
      %T - percent time in this phase         %F - percent flop in this phase
      %M - percent messages in this phase     %L - percent message lengths in this phase
      %R - percent reductions in this phase
   Total Mflop/s: 10e-6 * (sum of flop over all processors)/(max time over all processors)
------------------------------------------------------------------------------------------------------------------------
Event                Count      Time (sec)     Flop                              --- Global ---  --- Stage ----  Total
                   Max Ratio  Max     Ratio   Max  Ratio  Mess   AvgLen  Reduct  %T %F %M %L %R  %T %F %M %L %R Mflop/s
------------------------------------------------------------------------------------------------------------------------

--- Event Stage 0: Main Stage

VecView                1 1.0 2.1231e-02 1.0 0.00e+00 0.0 0.0e+00 0.0e+00 0.0e+00  0  0  0  0  0  13  0  0  0  0     0
VecSet                 1 1.0 3.0440e-06 1.6 0.00e+00 0.0 0.0e+00 0.0e+00 0.0e+00  0  0  0  0  0   0  0  0  0  0     0

--- Event Stage 1: initialize

BuildTwoSided          5 1.0 5.4916e-04 1.3 0.00e+00 0.0 1.0e+00 4.0e+00 0.0e+00  0  0  0  0  0   0  0  1  0  0     0
BuildTwoSidedF        19 1.0 2.7159e-0252.1 0.00e+00 0.0 3.0e+00 3.0e+04 0.0e+00  0  0  0  0  0   1  0  4 20  0     0
MatConvert             4 1.0 1.1932e-01 1.0 0.00e+00 0.0 8.0e+00 1.9e+03 3.2e+01  0  0  0  0  0  12  0 10  3 10     0
MatScale               4 1.0 2.8314e-03 1.0 1.82e+06 1.0 4.0e+00 8.7e+03 0.0e+00  0  0  0  0  0   0 42  5  8  0  1287
MatAssemblyBegin      27 1.0 2.7674e-0228.4 0.00e+00 0.0 3.0e+00 3.0e+04 0.0e+00  0  0  0  0  0   2  0  4 20  0     0
MatAssemblyEnd        27 1.0 9.2188e-02 1.0 0.00e+00 0.0 4.8e+01 1.4e+03 1.3e+02  0  0  0  0  0  10  0 60 15 42     0
MatTranspose           1 1.0 9.0112e-03 1.0 0.00e+00 0.0 1.2e+01 9.2e+03 1.0e+01  0  0  0  0  0   1  0 15 24  3     0
MatMatMult             2 1.0 5.7821e-02 1.0 2.47e+06 1.0 1.6e+01 1.5e+04 2.6e+01  0  0  0  0  0   6 58 20 54  8    85
MatMatMultSym          2 1.0 4.4019e-02 1.0 0.00e+00 0.0 1.4e+01 1.1e+04 2.4e+01  0  0  0  0  0   5  0 18 35  8     0
MatMatMultNum          2 1.0 1.3645e-02 1.0 2.47e+06 1.0 2.0e+00 4.4e+04 0.0e+00  0  0  0  0  0   1 58  2 19  0   362
MatGetLocalMat         4 1.0 1.6663e-02 1.0 0.00e+00 0.0 0.0e+00 0.0e+00 0.0e+00  0  0  0  0  0   2  0  0  0  0     0
MatGetBrAoCol          4 1.0 5.2622e-04 1.0 0.00e+00 0.0 8.0e+00 2.9e+04 0.0e+00  0  0  0  0  0   0  0 10 51  0     0
MatTranspose_SeqAIJ_FAST       1 1.0 1.8759e-04 1.0 0.00e+00 0.0 0.0e+00 0.0e+00 0.0e+00  0  0  0  0  0   0  0  0  0  0     0
SFSetGraph             5 1.0 1.6120e-06 1.1 0.00e+00 0.0 0.0e+00 0.0e+00 0.0e+00  0  0  0  0  0   0  0  0  0  0     0
SFSetUp                5 1.0 8.7613e-03 1.0 0.00e+00 0.0 3.0e+00 2.9e+03 0.0e+00  0  0  0  0  0   1  0  4  2  0     0
SFReduceBegin          9 1.0 1.5746e-03 1.0 0.00e+00 0.0 2.0e+00 4.4e+03 0.0e+00  0  0  0  0  0   0  0  2  2  0     0
SFReduceEnd            9 1.0 1.5070e-03 1.0 0.00e+00 0.0 0.0e+00 0.0e+00 0.0e+00  0  0  0  0  0   0  0  0  0  0     0
VecView               15 0.0 2.6071e-01 0.0 0.00e+00 0.0 0.0e+00 0.0e+00 0.0e+00  0  0  0  0  0  14  0  0  0  0     0
VecSet                29 1.0 7.7299e-04 1.0 0.00e+00 0.0 0.0e+00 0.0e+00 0.0e+00  0  0  0  0  0   0  0  0  0  0     0
VecScatterBegin        2 1.0 3.0132e-05 1.1 0.00e+00 0.0 4.0e+00 8.7e+03 0.0e+00  0  0  0  0  0   0  0  5  8  0     0
VecScatterEnd          2 1.0 2.1708e-05 1.0 0.00e+00 0.0 0.0e+00 0.0e+00 0.0e+00  0  0  0  0  0   0  0  0  0  0     0

--- Event Stage 2: rhsVelocity

BuildTwoSidedF      2400 1.0 4.9320e-02 1.2 0.00e+00 0.0 0.0e+00 0.0e+00 0.0e+00  0  0  0  0  0   0  0  0  0  0     0
MatMult             6000 1.0 9.6386e+00 1.0 4.85e+09 1.0 9.6e+03 4.7e+03 0.0e+00  1  0  0  0  0  71 56100100  0  1005
MatMultAdd          1200 1.0 9.5471e-01 1.0 4.85e+08 1.0 0.0e+00 0.0e+00 0.0e+00  0  0  0  0  0   7  6  0  0  0  1016
VecScale            8400 1.0 6.5223e-01 1.0 9.71e+08 1.0 0.0e+00 0.0e+00 0.0e+00  0  0  0  0  0   5 11  0  0  0  2974
VecSet              2400 1.0 6.5019e-01 1.0 0.00e+00 0.0 0.0e+00 0.0e+00 0.0e+00  0  0  0  0  0   5  0  0  0  0     0
VecAXPY             7200 1.0 2.4024e+00 1.0 2.91e+09 1.0 0.0e+00 0.0e+00 0.0e+00  0  0  0  0  0  18 33  0  0  0  2422
VecSwap             1200 1.0 7.1006e-01 1.0 0.00e+00 0.0 0.0e+00 0.0e+00 0.0e+00  0  0  0  0  0   5  0  0  0  0     0
VecAssemblyBegin    2400 1.0 7.2436e-02 1.1 0.00e+00 0.0 0.0e+00 0.0e+00 0.0e+00  0  0  0  0  0   1  0  0  0  0     0
VecAssemblyEnd      2400 1.0 7.2439e-03 1.1 0.00e+00 0.0 0.0e+00 0.0e+00 0.0e+00  0  0  0  0  0   0  0  0  0  0     0
VecScatterBegin     4800 1.0 9.7010e-01 1.0 0.00e+00 0.0 9.6e+03 4.7e+03 0.0e+00  0  0  0  0  0   7  0100100  0     0
VecScatterEnd       4800 1.0 1.9940e-01 1.4 0.00e+00 0.0 0.0e+00 0.0e+00 0.0e+00  0  0  0  0  0   1  0  0  0  0     0

--- Event Stage 3: solveVelocity

MatMult             7202 1.0 2.5128e+01 1.0 2.47e+10 1.0 1.4e+04 7.2e+03 0.0e+00  1  2  0  1  0  55 58100100  0  1963
VecDot              7202 1.0 2.6019e+00 1.0 2.91e+09 1.0 0.0e+00 0.0e+00 7.2e+03  0  0  0  0  1   6  7  0  0 46  2237
VecDotNorm2         3601 1.0 1.3106e+00 1.0 2.91e+09 1.0 0.0e+00 0.0e+00 3.6e+03  0  0  0  0  1   3  7  0  0 23  4441
VecNorm             4801 1.0 1.0093e+00 1.0 1.94e+09 1.0 0.0e+00 0.0e+00 4.8e+03  0  0  0  0  1   2  5  0  0 31  3844
VecCopy             2400 1.0 1.0894e+00 1.0 0.00e+00 0.0 0.0e+00 0.0e+00 0.0e+00  0  0  0  0  0   2  0  0  0  0     0
VecSet              3601 1.0 1.1219e+00 1.0 0.00e+00 0.0 0.0e+00 0.0e+00 0.0e+00  0  0  0  0  0   2  0  0  0  0     0
VecAXPBYCZ          7202 1.0 4.0983e+00 1.0 5.83e+09 1.0 0.0e+00 0.0e+00 0.0e+00  0  0  0  0  0   9 14  0  0  0  2841
VecWAXPY            7202 1.0 4.2912e+00 1.0 2.91e+09 1.0 0.0e+00 0.0e+00 0.0e+00  0  0  0  0  0   9  7  0  0  0  1356
VecPointwiseMult    8402 1.0 5.4424e+00 1.0 1.70e+09 1.0 0.0e+00 0.0e+00 0.0e+00  0  0  0  0  0  12  4  0  0  0   624
VecScatterBegin     7202 1.0 7.7137e-02 1.0 0.00e+00 0.0 1.4e+04 7.2e+03 0.0e+00  0  0  0  1  0   0  0100100  0     0
VecScatterEnd       7202 1.0 4.1162e-01 1.0 0.00e+00 0.0 0.0e+00 0.0e+00 0.0e+00  0  0  0  0  0   1  0  0  0  0     0
KSPSetUp               1 1.0 5.5252e-03 1.3 0.00e+00 0.0 0.0e+00 0.0e+00 0.0e+00  0  0  0  0  0   0  0  0  0  0     0
KSPSolve            1200 1.0 4.6063e+01 1.0 4.29e+10 1.0 1.4e+04 7.2e+03 1.6e+04  2  3  0  1  2 100100100100100  1860
PCSetUp                1 1.0 7.0297e-07 1.0 0.00e+00 0.0 0.0e+00 0.0e+00 0.0e+00  0  0  0  0  0   0  0  0  0  0     0
PCApply             8402 1.0 5.4621e+00 1.0 1.70e+09 1.0 0.0e+00 0.0e+00 2.0e+00  0  0  0  0  0  12  4  0  0  0   622

--- Event Stage 4: rhsPoisson

BuildTwoSidedF      1200 1.0 3.2798e-0116.2 0.00e+00 0.0 3.0e+03 7.2e+00 0.0e+00  0  0  0  0  0   7  0 56  0  0     0
MatMult             2400 1.0 2.2726e+00 1.0 8.55e+08 1.0 5.4e+03 4.7e+03 0.0e+00  0  0  0  0  0  87 78100100  0   753
MatMultAdd          1200 1.0 9.9337e-01 1.0 2.43e+08 1.0 3.0e+03 7.2e+00 0.0e+00  0  0  0  0  0  38 22 56  0  0   489
VecScale            1200 1.0 2.1689e-04 1.1 0.00e+00 0.0 0.0e+00 0.0e+00 0.0e+00  0  0  0  0  0   0  0  0  0  0     0
VecSet              1200 1.0 1.1918e-01 1.0 0.00e+00 0.0 0.0e+00 0.0e+00 0.0e+00  0  0  0  0  0   5  0  0  0  0     0
VecAXPY             1200 1.0 1.4835e-01 1.0 2.43e+08 1.0 0.0e+00 0.0e+00 0.0e+00  0  0  0  0  0   6 22  0  0  0  3276
VecAssemblyBegin    1200 1.0 3.4020e-01 1.0 0.00e+00 0.0 3.0e+03 7.2e+00 0.0e+00  0  0  0  0  0  13  0 56  0  0     0
VecAssemblyEnd      1200 1.0 3.9818e-03 1.0 0.00e+00 0.0 0.0e+00 0.0e+00 0.0e+00  0  0  0  0  0   0  0  0  0  0     0
VecScatterBegin     1200 1.0 1.5473e-02 1.0 0.00e+00 0.0 2.4e+03 1.1e+04 0.0e+00  0  0  0  0  0   1  0 44100  0     0
VecScatterEnd       1200 1.0 8.2776e-02 2.4 0.00e+00 0.0 0.0e+00 0.0e+00 0.0e+00  0  0  0  0  0   2  0  0  0  0     0

--- Event Stage 5: solvePoisson

BuildTwoSided          4 1.0 6.1035e-05 1.1 0.00e+00 0.0 4.0e+00 4.0e+00 0.0e+00  0  0  0  0  0   0  0  0  0  0     0
BuildTwoSidedF        35 1.0 2.4843e-03 3.0 0.00e+00 0.0 2.2e+01 6.5e+04 0.0e+00  0  0  0  0  0   0  0  0  0  0     0
MatMult          1290489 1.0 5.0970e+02 1.0 4.79e+11 1.0 2.6e+06 4.6e+03 0.0e+00 27 32 70 91  0  28 34 71 92  0  1875
MatMultAdd        303908 1.0 6.9826e+01 1.0 4.74e+10 1.0 5.3e+05 9.4e+02 0.0e+00  4  3 14  4  0   4  3 15  4  0  1356
MatMultTranspose  303908 1.0 7.3378e+01 1.0 4.74e+10 1.0 5.3e+05 9.4e+02 0.0e+00  4  3 14  4  0   4  3 15  4  0  1290
MatSolve           75977 0.0 3.6140e-01 0.0 1.13e+08 0.0 0.0e+00 0.0e+00 0.0e+00  0  0  0  0  0   0  0  0  0  0   312
MatSOR           1215676 1.0 9.1732e+02 1.0 4.39e+11 1.0 0.0e+00 0.0e+00 0.0e+00 48 30  0  0  0  50 31  0  0  0   954
MatLUFactorSym         1 1.0 4.6736e-05 5.0 0.00e+00 0.0 0.0e+00 0.0e+00 0.0e+00  0  0  0  0  0   0  0  0  0  0     0
MatLUFactorNum         1 1.0 1.6688e-0513.3 1.08e+04 0.0 0.0e+00 0.0e+00 0.0e+00  0  0  0  0  0   0  0  0  0  0   648
MatConvert             4 1.0 4.7044e-03 1.0 0.00e+00 0.0 0.0e+00 0.0e+00 0.0e+00  0  0  0  0  0   0  0  0  0  0     0
MatScale              12 1.0 3.6964e-03 1.0 2.09e+06 1.0 8.0e+00 4.2e+03 0.0e+00  0  0  0  0  0   0  0  0  0  0  1128
MatResidual       303908 1.0 1.2547e+02 1.0 1.11e+11 1.0 6.1e+05 4.2e+03 0.0e+00  7  8 17 19  0   7  8 17 20  0  1771
MatAssemblyBegin      80 1.0 4.9609e-03 1.3 0.00e+00 0.0 2.2e+01 6.5e+04 0.0e+00  0  0  0  0  0   0  0  0  0  0     0
MatAssemblyEnd        80 1.0 4.3712e-02 1.0 0.00e+00 0.0 6.4e+01 6.9e+02 1.5e+02  0  0  0  0  0   0  0  0  0  0     0
MatGetRowIJ            1 0.0 2.3849e-02 0.0 0.00e+00 0.0 0.0e+00 0.0e+00 0.0e+00  0  0  0  0  0   0  0  0  0  0     0
MatCreateSubMat        2 1.0 3.4351e-04 1.0 0.00e+00 0.0 7.0e+00 6.4e+02 3.2e+01  0  0  0  0  0   0  0  0  0  0     0
MatGetOrdering         1 0.0 2.3901e-02 0.0 0.00e+00 0.0 0.0e+00 0.0e+00 0.0e+00  0  0  0  0  0   0  0  0  0  0     0
MatCoarsen             4 1.0 6.2401e-03 1.0 0.00e+00 0.0 4.4e+01 2.6e+03 8.0e+00  0  0  0  0  0   0  0  0  0  0     0
MatZeroEntries         5 1.0 2.8370e-03 1.0 0.00e+00 0.0 0.0e+00 0.0e+00 0.0e+00  0  0  0  0  0   0  0  0  0  0     0
MatAXPY                4 1.0 1.1519e-02 1.0 0.00e+00 0.0 0.0e+00 0.0e+00 0.0e+00  0  0  0  0  0   0  0  0  0  0     0
MatTranspose           8 1.0 2.2338e-03 1.0 0.00e+00 0.0 0.0e+00 0.0e+00 0.0e+00  0  0  0  0  0   0  0  0  0  0     0
MatMatMult             4 1.0 2.4352e-02 1.0 1.47e+06 1.0 4.8e+01 2.2e+03 4.8e+01  0  0  0  0  0   0  0  0  0  0   120
MatMatMultSym          4 1.0 1.8099e-02 1.0 0.00e+00 0.0 4.0e+01 1.8e+03 4.8e+01  0  0  0  0  0   0  0  0  0  0     0
MatMatMultNum          4 1.0 6.2241e-03 1.0 1.47e+06 1.0 8.0e+00 4.2e+03 0.0e+00  0  0  0  0  0   0  0  0  0  0   470
MatPtAP                4 1.0 5.8510e-02 1.0 9.30e+06 1.0 7.6e+01 5.3e+03 6.0e+01  0  0  0  0  0   0  0  0  0  0   316
MatPtAPSymbolic        4 1.0 4.3511e-02 1.0 0.00e+00 0.0 4.8e+01 5.0e+03 2.8e+01  0  0  0  0  0   0  0  0  0  0     0
MatPtAPNumeric         4 1.0 1.4976e-02 1.0 9.30e+06 1.0 2.8e+01 5.9e+03 3.2e+01  0  0  0  0  0   0  0  0  0  0  1234
MatTrnMatMult          1 1.0 1.0643e-01 1.0 6.74e+06 1.0 1.3e+01 1.3e+05 1.6e+01  0  0  0  0  0   0  0  0  0  0   127
MatTrnMatMultSym       1 1.0 6.3146e-02 1.0 0.00e+00 0.0 6.0e+00 5.7e+04 8.0e+00  0  0  0  0  0   0  0  0  0  0     0
MatTrnMatMultNum       1 1.0 4.3272e-02 1.0 6.74e+06 1.0 7.0e+00 1.9e+05 8.0e+00  0  0  0  0  0   0  0  0  0  0   311
MatGetLocalMat        13 1.0 1.3704e-02 1.0 0.00e+00 0.0 0.0e+00 0.0e+00 0.0e+00  0  0  0  0  0   0  0  0  0  0     0
MatGetBrAoCol         12 1.0 1.2817e-03 1.1 0.00e+00 0.0 5.6e+01 5.2e+03 0.0e+00  0  0  0  0  0   0  0  0  0  0     0
MatTranspose_SeqAIJ_FAST       8 1.0 2.2309e-03 1.0 0.00e+00 0.0 0.0e+00 0.0e+00 0.0e+00  0  0  0  0  0   0  0  0  0  0     0
SFSetGraph             4 1.0 1.2431e-06 1.5 0.00e+00 0.0 0.0e+00 0.0e+00 0.0e+00  0  0  0  0  0   0  0  0  0  0     0
SFSetUp                4 1.0 1.6209e-04 1.1 0.00e+00 0.0 1.2e+01 1.9e+03 0.0e+00  0  0  0  0  0   0  0  0  0  0     0
SFBcastBegin          16 1.0 5.6562e-05 1.1 0.00e+00 0.0 3.2e+01 2.8e+03 0.0e+00  0  0  0  0  0   0  0  0  0  0     0
SFBcastEnd            16 1.0 1.5019e-04 2.0 0.00e+00 0.0 0.0e+00 0.0e+00 0.0e+00  0  0  0  0  0   0  0  0  0  0     0
VecMDot           379987 1.0 7.6148e+01 1.3 7.72e+10 1.0 0.0e+00 0.0e+00 3.8e+05  4  5  0  0 57   4  5  0  0 63  2028
VecTDot           149554 1.0 1.7516e+01 1.0 3.04e+10 1.0 0.0e+00 0.0e+00 1.5e+05  1  2  0  0 23   1  2  0  0 25  3469
VecNorm            76065 1.0 6.4038e+00 1.0 1.54e+10 1.0 0.0e+00 0.0e+00 7.6e+04  0  1  0  0 11   0  1  0  0 13  4822
VecScale              88 1.0 8.6989e-04 1.0 2.61e+06 1.0 0.0e+00 0.0e+00 0.0e+00  0  0  0  0  0   0  0  0  0  0  5987
VecCopy           914132 1.0 2.0933e+01 1.0 0.00e+00 0.0 0.0e+00 0.0e+00 0.0e+00  1  0  0  0  0   1  0  0  0  0     0
VecSet           1140910 1.0 5.0406e+00 1.0 0.00e+00 0.0 0.0e+00 0.0e+00 0.0e+00  0  0  0  0  0   0  0  0  0  0     0
VecAXPY           149562 1.0 1.5909e+01 1.0 3.04e+10 1.0 0.0e+00 0.0e+00 0.0e+00  1  2  0  0  0   1  2  0  0  0  3819
VecAYPX          1897025 1.0 8.1330e+01 1.0 8.70e+10 1.0 0.0e+00 0.0e+00 0.0e+00  4  6  0  0  0   4  6  0  0  0  2137
VecAXPBYCZ        607816 1.0 3.1603e+01 1.0 9.00e+10 1.0 0.0e+00 0.0e+00 0.0e+00  2  6  0  0  0   2  6  0  0  0  5691
VecMAXPY          379995 1.0 2.5280e+01 1.1 7.72e+10 1.0 0.0e+00 0.0e+00 0.0e+00  1  5  0  0  0   1  5  0  0  0  6108
VecAssemblyBegin      13 1.0 8.2765e-04 5.1 0.00e+00 0.0 0.0e+00 0.0e+00 0.0e+00  0  0  0  0  0   0  0  0  0  0     0
VecAssemblyEnd        13 1.0 1.7021e-05 1.0 0.00e+00 0.0 0.0e+00 0.0e+00 0.0e+00  0  0  0  0  0   0  0  0  0  0     0
VecPointwiseMult      44 1.0 3.2711e-03 1.0 1.30e+06 1.0 0.0e+00 0.0e+00 0.0e+00  0  0  0  0  0   0  0  0  0  0   796
VecScatterBegin  1898323 1.0 6.0583e+00 1.0 0.00e+00 0.0 3.6e+06 3.6e+03 0.0e+00  0  0 99 99  0   0  0100100  0     0
VecScatterEnd    1898323 1.0 2.5963e+01 1.6 0.00e+00 0.0 0.0e+00 0.0e+00 0.0e+00  1  0  0  0  0   1  0  0  0  0     0
VecSetRandom           4 1.0 2.9952e-03 1.0 0.00e+00 0.0 0.0e+00 0.0e+00 0.0e+00  0  0  0  0  0   0  0  0  0  0     0
VecNormalize          88 1.0 3.4638e-03 1.0 7.82e+06 1.0 0.0e+00 0.0e+00 8.8e+01  0  0  0  0  0   0  0  0  0  0  4511
KSPSetUp              15 1.0 3.4939e-03 1.0 0.00e+00 0.0 0.0e+00 0.0e+00 8.0e+00  0  0  0  0  0   0  0  0  0  0     0
KSPSolve            1200 1.0 1.8373e+03 1.0 1.42e+12 1.0 3.6e+06 3.6e+03 6.1e+05 97 96 99 99 92 100100100100100  1543
KSPGMRESOrthog        80 1.0 2.1777e-02 1.0 5.21e+07 1.0 0.0e+00 0.0e+00 8.0e+01  0  0  0  0  0   0  0  0  0  0  4783
PCGAMGGraph_AGG        4 1.0 7.2507e-02 1.0 1.47e+06 1.0 2.4e+01 2.1e+03 4.8e+01  0  0  0  0  0   0  0  0  0  0    40
PCGAMGCoarse_AGG       4 1.0 1.3539e-01 1.0 6.74e+06 1.0 6.7e+01 2.9e+04 2.8e+01  0  0  0  0  0   0  0  0  0  0   100
PCGAMGProl_AGG         4 1.0 2.6610e-02 1.0 0.00e+00 0.0 3.4e+01 3.4e+03 6.4e+01  0  0  0  0  0   0  0  0  0  0     0
PCGAMGPOpt_AGG         4 1.0 8.2048e-02 1.0 5.39e+07 1.0 1.3e+02 3.5e+03 1.8e+02  0  0  0  0  0   0  0  0  0  0  1312
GAMG: createProl       4 1.0 3.1700e-01 1.0 6.21e+07 1.0 2.5e+02 1.0e+04 3.2e+02  0  0  0  0  0   0  0  0  0  0   391
  Graph                8 1.0 7.2399e-02 1.0 1.47e+06 1.0 2.4e+01 2.1e+03 4.8e+01  0  0  0  0  0   0  0  0  0  0    40
  MIS/Agg              4 1.0 6.2781e-03 1.0 0.00e+00 0.0 4.4e+01 2.6e+03 8.0e+00  0  0  0  0  0   0  0  0  0  0     0
  SA: col data         4 1.0 5.1512e-03 1.0 0.00e+00 0.0 1.6e+01 5.7e+03 1.6e+01  0  0  0  0  0   0  0  0  0  0     0
  SA: frmProl0         4 1.0 2.0109e-02 1.0 0.00e+00 0.0 1.8e+01 1.3e+03 3.2e+01  0  0  0  0  0   0  0  0  0  0     0
  SA: smooth           4 1.0 3.9003e-02 1.0 2.09e+06 1.0 4.8e+01 2.2e+03 5.6e+01  0  0  0  0  0   0  0  0  0  0   107
GAMG: partLevel        4 1.0 5.9007e-02 1.0 9.30e+06 1.0 8.6e+01 4.7e+03 1.1e+02  0  0  0  0  0   0  0  0  0  0   313
  repartition          1 1.0 1.5069e-05 1.0 0.00e+00 0.0 0.0e+00 0.0e+00 6.0e+00  0  0  0  0  0   0  0  0  0  0     0
  Invert-Sort          1 1.0 1.4622e-05 1.0 0.00e+00 0.0 0.0e+00 0.0e+00 4.0e+00  0  0  0  0  0   0  0  0  0  0     0
  Move A               1 1.0 1.8635e-04 1.0 0.00e+00 0.0 5.0e+00 8.8e+02 1.7e+01  0  0  0  0  0   0  0  0  0  0     0
  Move P               1 1.0 2.0930e-04 1.0 0.00e+00 0.0 2.0e+00 5.2e+01 1.7e+01  0  0  0  0  0   0  0  0  0  0     0
PCSetUp                2 1.0 4.0202e-01 1.1 7.14e+07 1.0 3.4e+02 8.6e+03 4.5e+02  0  0  0  0  0   0  0  0  0  0   355
PCSetUpOnBlocks    75977 1.0 8.0468e-02 1.6 1.08e+04 0.0 0.0e+00 0.0e+00 0.0e+00  0  0  0  0  0   0  0  0  0  0     0
PCApply            75977 1.0 1.6927e+03 1.0 1.23e+12 1.0 3.5e+06 3.2e+03 3.0e+05 89 83 95 85 46  92 86 96 87 50  1449

--- Event Stage 6: update

MatMult             1200 1.0 1.6673e+00 1.0 7.35e+08 1.0 2.4e+03 4.3e+03 0.0e+00  0  0  0  0  0  70 50100100  0   881
VecAXPY             2400 1.0 7.2184e-01 1.0 7.29e+08 1.0 0.0e+00 0.0e+00 0.0e+00  0  0  0  0  0  30 50  0  0  0  2019
VecScatterBegin     1200 1.0 8.3067e-03 1.1 0.00e+00 0.0 2.4e+03 4.3e+03 0.0e+00  0  0  0  0  0   0  0100100  0     0
VecScatterEnd       1200 1.0 7.9647e-02 3.0 0.00e+00 0.0 0.0e+00 0.0e+00 0.0e+00  0  0  0  0  0   2  0  0  0  0     0

--- Event Stage 7: write

VecView                9 1.0 4.3804e-01 1.0 0.00e+00 0.0 0.0e+00 0.0e+00 0.0e+00  0  0  0  0  0  88  0  0  0  0     0

--- Event Stage 8: monitor


--- Event Stage 9: integrateForces

------------------------------------------------------------------------------------------------------------------------

Memory usage is given in bytes:

Object Type          Creations   Destructions     Memory  Descendants' Mem.
Reports information only for process 0.

--- Event Stage 0: Main Stage

    Distributed Mesh     2              6        31892     0.
              Matrix     0             79    121316480     0.
   Matrix Null Space     0              1          624     0.
           Index Set     2             16      1227540     0.
   IS L to G Mapping     1              5      2054292     0.
   Star Forest Graph     4             12        10080     0.
     Discrete System     2              6         5520     0.
              Vector     5            134     53389488     0.
         Vec Scatter     1             18      2454944     0.
   Application Order     0              3      4854816     0.
              Viewer     3              4         3376     0.
       Krylov Solver     0             12       133784     0.
      Preconditioner     0              8         8368     0.

--- Event Stage 1: initialize

    Distributed Mesh     4              0            0     0.
              Matrix    61             36    156596568     0.
   Matrix Null Space     1              0            0     0.
           Index Set    58             50      6151788     0.
   IS L to G Mapping     6              2       821284     0.
   Star Forest Graph    13              5         4520     0.
     Discrete System     4              0            0     0.
              Vector    76             53      4980352     0.
         Vec Scatter    21             12        16992     0.
   Application Order     3              0            0     0.
              Viewer     7              5         4160     0.
       Krylov Solver     2              0            0     0.
      Preconditioner     2              0            0     0.

--- Event Stage 2: rhsVelocity

              Vector     1              0            0     0.

--- Event Stage 3: solveVelocity

              Vector     7              0            0     0.

--- Event Stage 4: rhsPoisson

              Vector  1201           1200    974025600     0.

--- Event Stage 5: solvePoisson

              Matrix   113             59     71846924     0.
      Matrix Coarsen     4              4         2576     0.
           Index Set    56             50        62316     0.
   Star Forest Graph     4              4         3616     0.
              Vector   235            138     24666240     0.
         Vec Scatter    24             16        22784     0.
       Krylov Solver    14              4       121920     0.
      Preconditioner    10              4         3456     0.
         PetscRandom     8              8         5232     0.

--- Event Stage 6: update


--- Event Stage 7: write

              Viewer     5              5         4160     0.

--- Event Stage 8: monitor


--- Event Stage 9: integrateForces

              Vector  1200           1200      5040000     0.
========================================================================================================================
Average time to get PetscTime(): 3.32016e-08
Average time for MPI_Barrier(): 5.26395e-07
Average time for zero size MPI_Send(): 1.48051e-06
#PETSc Option Table entries:
-log_view ascii:view.log
-options_left
-poisson_ksp_atol 1e-6
-poisson_ksp_max_it 20000
-poisson_ksp_rtol 0.0
-poisson_ksp_type cg
-poisson_pc_gamg_agg_nsmooths 1
-poisson_pc_gamg_type agg
-poisson_pc_type gamg
-velocity_ksp_atol 1e-6
-velocity_ksp_max_it 1000
-velocity_ksp_rtol 0.0
-velocity_ksp_type bcgs
-velocity_pc_jacobi_type diagonal
-velocity_pc_type jacobi
#End of PETSc Option Table entries
Compiled without FORTRAN kernels
Compiled with full precision matrices (default)
sizeof(short) 2 sizeof(int) 4 sizeof(long) 8 sizeof(void*) 8 sizeof(PetscScalar) 8 sizeof(PetscInt) 4
Configure options: --PETSC_DIR=/home/mesnardo/software/petsc/3.11.2 --PETSC_ARCH=linux-gnu-openmpi-opt --with-debugging=0 COPTFLAGS=-O3 CXXOPTFLAGS=-O3 FOPTFLAGS=-O3 --with-cxx-dialect=C++11 --with-shared-libraries=1 --with-pic=1 --with-mpi-dir=/home/mesnardo/software/openmpi/3.0.4/linux-gnu-opt --with-cuda-dir=/usr/local/cuda-10.1 --download-hdf5 --download-fblaslapack --download-hypre --download-ptscotch --download-metis --download-parmetis --download-superlu_dist
-----------------------------------------
Libraries compiled on 2019-06-18 19:59:51 on phantom 
Machine characteristics: Linux-4.4.0-127-generic-x86_64-with-debian-stretch-sid
Using PETSc directory: /home/mesnardo/software/petsc/3.11.2
Using PETSc arch: linux-gnu-openmpi-opt
-----------------------------------------

Using C compiler: /home/mesnardo/software/openmpi/3.0.4/linux-gnu-opt/bin/mpicc  -fPIC -Wall -Wwrite-strings -Wno-strict-aliasing -Wno-unknown-pragmas -fstack-protector -fvisibility=hidden -O3  
Using Fortran compiler: /home/mesnardo/software/openmpi/3.0.4/linux-gnu-opt/bin/mpif90  -fPIC -Wall -ffree-line-length-0 -Wno-unused-dummy-argument -O3    
-----------------------------------------

Using include paths: -I/home/mesnardo/software/petsc/3.11.2/include -I/home/mesnardo/software/petsc/3.11.2/linux-gnu-openmpi-opt/include -I/usr/local/cuda-10.1/include -I/home/mesnardo/software/openmpi/3.0.4/linux-gnu-opt/include
-----------------------------------------

Using C linker: /home/mesnardo/software/openmpi/3.0.4/linux-gnu-opt/bin/mpicc
Using Fortran linker: /home/mesnardo/software/openmpi/3.0.4/linux-gnu-opt/bin/mpif90
Using libraries: -Wl,-rpath,/home/mesnardo/software/petsc/3.11.2/linux-gnu-openmpi-opt/lib -L/home/mesnardo/software/petsc/3.11.2/linux-gnu-openmpi-opt/lib -lpetsc -Wl,-rpath,/home/mesnardo/software/petsc/3.11.2/linux-gnu-openmpi-opt/lib -L/home/mesnardo/software/petsc/3.11.2/linux-gnu-openmpi-opt/lib -Wl,-rpath,/usr/local/cuda-10.1/lib64 -L/usr/local/cuda-10.1/lib64 -Wl,-rpath,/home/mesnardo/software/openmpi/3.0.4/linux-gnu-opt/lib -L/home/mesnardo/software/openmpi/3.0.4/linux-gnu-opt/lib -Wl,-rpath,/usr/lib/gcc/x86_64-linux-gnu/5 -L/usr/lib/gcc/x86_64-linux-gnu/5 -Wl,-rpath,/usr/lib/x86_64-linux-gnu -L/usr/lib/x86_64-linux-gnu -Wl,-rpath,/lib/x86_64-linux-gnu -L/lib/x86_64-linux-gnu -lHYPRE -lsuperlu_dist -lflapack -lfblas -lhdf5hl_fortran -lhdf5_fortran -lhdf5_hl -lhdf5 -lparmetis -lmetis -lptesmumps -lptscotchparmetis -lptscotch -lptscotcherr -lesmumps -lscotch -lscotcherr -lm -lX11 -lcufft -lcublas -lcudart -lcusparse -lstdc++ -ldl -lmpi_usempif08 -lmpi_usempi_ignore_tkr -lmpi_mpifh -lmpi -lgfortran -lm -lgfortran -lm -lgcc_s -lquadmath -lpthread -lrt -lm -lpthread -lz -lstdc++ -ldl
-----------------------------------------

