************************************************************************************************************************
***             WIDEN YOUR WINDOW TO 120 CHARACTERS.  Use 'enscript -r -fCourier9' to print this document            ***
************************************************************************************************************************

---------------------------------------------- PETSc Performance Summary: ----------------------------------------------

petibm-decoupledibpm on a  named phantom with 4 processors, by mesnardo Sun Jan  5 13:58:47 2020
Using Petsc Release Version 3.12.2, Nov, 22, 2019 

                         Max       Max/Min     Avg       Total 
Time (sec):           4.489e+02     1.000   4.489e+02
Objects:              4.030e+02     1.075   3.820e+02
Flop:                 7.542e+10     1.023   7.456e+10  2.982e+11
Flop/sec:             1.680e+08     1.023   1.661e+08  6.643e+08
MPI Messages:         7.213e+04     1.674   5.261e+04  2.104e+05
MPI Message Lengths:  4.525e+10     2.921   4.371e+05  9.199e+10
MPI Reductions:       4.714e+04     1.000

Flop counting convention: 1 flop = 1 real number operation of type (multiply/divide/add/subtract)
                            e.g., VecAXPY() for real vectors of length N --> 2N flop
                            and VecAXPY() for complex vectors of length N --> 8N flop

Summary of Stages:   ----- Time ------  ----- Flop ------  --- Messages ---  -- Message Lengths --  -- Reductions --
                        Avg     %Total     Avg     %Total    Count   %Total     Avg         %Total    Count   %Total 
 0:      Main Stage: 9.1655e+00   2.0%  3.7764e+08   0.1%  8.000e+03   3.8%  4.186e+03        0.0%  4.000e+00   0.0% 
 1:      initialize: 1.2086e+01   2.7%  7.4409e+07   0.0%  4.405e+02   0.2%  1.243e+06        0.6%  3.380e+02   0.7% 
 2:     rhsVelocity: 1.9550e+02  43.5%  2.6051e+11  87.4%  1.120e+05  53.2%  2.266e+04        2.8%  0.000e+00   0.0% 
 3:   solveVelocity: 1.4543e+02  32.4%  0.0000e+00   0.0%  1.800e+04   8.6%  3.670e+06       71.8%  0.000e+00   0.0% 
 4:      rhsPoisson: 2.3166e+01   5.2%  1.5968e+10   5.4%  3.800e+04  18.1%  5.075e+03        0.2%  2.000e+00   0.0% 
 5:    solvePoisson: 4.1360e+01   9.2%  0.0000e+00   0.0%  1.800e+04   8.6%  1.239e+06       24.2%  0.000e+00   0.0% 
 6:          update: 1.7732e+01   3.9%  2.0908e+10   7.0%  8.000e+03   3.8%  2.408e+04        0.2%  0.000e+00   0.0% 
 7:           write: 1.2021e+00   0.3%  0.0000e+00   0.0%  0.000e+00   0.0%  0.000e+00        0.0%  1.200e+01   0.0% 
 8:         monitor: 3.0383e-04   0.0%  0.0000e+00   0.0%  0.000e+00   0.0%  0.000e+00        0.0%  0.000e+00   0.0% 
 9:       rhsForces: 5.0760e-01   0.1%  3.8162e+08   0.1%  8.000e+03   3.8%  1.449e+04        0.1%  0.000e+00   0.0% 
10:     solveForces: 2.4784e+00   0.6%  0.0000e+00   0.0%  0.000e+00   0.0%  0.000e+00        0.0%  6.000e+00   0.0% 
11: integrateForces: 1.7798e-01   0.0%  0.0000e+00   0.0%  0.000e+00   0.0%  0.000e+00        0.0%  2.000e+03   4.2% 

------------------------------------------------------------------------------------------------------------------------
See the 'Profiling' chapter of the users' manual for details on interpreting output.
Phase summary info:
   Count: number of times phase was executed
   Time and Flop: Max - maximum over all processors
                  Ratio - ratio of maximum to minimum over all processors
   Mess: number of messages sent
   AvgLen: average message length (bytes)
   Reduct: number of global reductions
   Global: entire computation
   Stage: stages of a computation. Set stages with PetscLogStagePush() and PetscLogStagePop().
      %T - percent time in this phase         %F - percent flop in this phase
      %M - percent messages in this phase     %L - percent message lengths in this phase
      %R - percent reductions in this phase
   Total Mflop/s: 10e-6 * (sum of flop over all processors)/(max time over all processors)
------------------------------------------------------------------------------------------------------------------------
Event                Count      Time (sec)     Flop                              --- Global ---  --- Stage ----  Total
                   Max Ratio  Max     Ratio   Max  Ratio  Mess   AvgLen  Reduct  %T %F %M %L %R  %T %F %M %L %R Mflop/s
------------------------------------------------------------------------------------------------------------------------

--- Event Stage 0: Main Stage

MatMultAdd          2000 1.0 4.5918e+00 1.1 1.89e+08 0.0 8.0e+03 4.2e+03 0.0e+00  1  0  4  0  0  47100100100  0    82
SFBcastOpBegin      2000 1.0 1.0615e-02 2.0 0.00e+00 0.0 8.0e+03 4.2e+03 0.0e+00  0  0  4  0  0   0  0100100  0     0
SFBcastOpEnd        2000 1.0 3.3621e-01 4.6 0.00e+00 0.0 0.0e+00 0.0e+00 0.0e+00  0  0  0  0  0   2  0  0  0  0     0
VecScatterBegin     2000 1.0 1.3566e-02 1.7 0.00e+00 0.0 8.0e+03 4.2e+03 0.0e+00  0  0  4  0  0   0  0100100  0     0
VecScatterEnd       2000 1.0 3.4634e-01 4.4 0.00e+00 0.0 0.0e+00 0.0e+00 0.0e+00  0  0  0  0  0   2  0  0  0  0     0

--- Event Stage 1: initialize

BuildTwoSided         35 1.0 1.6658e-01 9.9 0.00e+00 0.0 1.1e+02 4.0e+00 0.0e+00  0  0  0  0  0   1  0 26  0  0     0
BuildTwoSidedF        26 1.0 1.3547e+00130.8 0.00e+00 0.0 6.0e+00 1.2e+05 0.0e+00  0  0  0  0  0   8  0  1  0  0     0
MatConvert             3 1.0 2.2008e-01 1.1 0.00e+00 0.0 5.4e+01 1.6e+04 0.0e+00  0  0  0  0  0   2  0 12  0  0     0
MatScale               3 1.0 4.5674e-02 1.1 1.23e+07 1.0 8.0e+00 1.4e+04 0.0e+00  0  0  0  0  0   0 65  2  0  0  1065
MatAssemblyBegin      43 1.0 1.3572e+00123.7 0.00e+00 0.0 6.0e+00 1.2e+05 0.0e+00  0  0  0  0  0   8  0  1  0  0     0
MatAssemblyEnd        43 1.0 6.2527e-01 1.3 0.00e+00 0.0 1.8e+02 6.3e+03 8.5e+01  0  0  0  0  0   5  0 42  0 25     0
MatGetRowIJ            2 1.0 1.4929e-06 2.0 0.00e+00 0.0 0.0e+00 0.0e+00 0.0e+00  0  0  0  0  0   0  0  0  0  0     0
MatCreateSubMat        2 1.0 3.0575e+00 1.0 0.00e+00 0.0 3.0e+01 1.6e+07 2.4e+01  1  0  0  1  0  25  0  7 89  7     0
MatTranspose           1 1.0 3.6527e-02 1.0 0.00e+00 0.0 2.2e+01 3.7e+04 6.0e+00  0  0  0  0  0   0  0  5  0  2     0
MatMatMult             4 1.0 2.3703e-01 1.0 6.08e+06 1.0 6.5e+01 2.7e+04 3.4e+01  0  0  0  0  0   2 32 15  0 10   100
MatMatMultSym          4 1.0 1.9217e-01 1.0 0.00e+00 0.0 5.7e+01 2.0e+04 3.2e+01  0  0  0  0  0   2  0 13  0  9     0
MatMatMultNum          4 1.0 4.3929e-02 1.0 6.08e+06 1.0 8.0e+00 7.5e+04 0.0e+00  0  0  0  0  0   0 32  2  0  0   541
MatGetLocalMat        10 1.0 3.5391e-01 4.4 0.00e+00 0.0 0.0e+00 0.0e+00 0.0e+00  0  0  0  0  0   1  0  0  0  0     0
MatGetBrAoCol          8 1.0 3.5594e-03 1.1 0.00e+00 0.0 3.2e+01 5.0e+04 0.0e+00  0  0  0  0  0   0  0  7  0  0     0
DMCreateMat            1 1.0 1.6042e+00 1.0 0.00e+00 0.0 1.3e+02 6.9e+03 4.4e+01  0  0  0  0  0  13  0 29  0 13     0
SFSetGraph            35 1.0 3.0009e-03 5.0 0.00e+00 0.0 0.0e+00 0.0e+00 0.0e+00  0  0  0  0  0   0  0  0  0  0     0
SFSetUp               35 1.0 1.8607e-01 1.8 0.00e+00 0.0 3.4e+02 5.1e+04 0.0e+00  0  0  0  0  0   1  0 77  3  0     0
SFBcastOpBegin         3 1.0 1.3639e-04 2.2 0.00e+00 0.0 1.6e+01 1.9e+04 0.0e+00  0  0  0  0  0   0  0  4  0  0     0
SFBcastOpEnd           3 1.0 1.4611e-03 1.2 0.00e+00 0.0 0.0e+00 0.0e+00 0.0e+00  0  0  0  0  0   0  0  0  0  0     0
SFReduceBegin          2 1.0 1.4961e-03 1.0 0.00e+00 0.0 7.0e+00 4.1e+03 0.0e+00  0  0  0  0  0   0  0  2  0  0     0
SFReduceEnd            2 1.0 1.5799e-0394.7 0.00e+00 0.0 0.0e+00 0.0e+00 0.0e+00  0  0  0  0  0   0  0  0  0  0     0
VecView               15 0.0 2.9628e-01 0.0 0.00e+00 0.0 0.0e+00 0.0e+00 0.0e+00  0  0  0  0  0   1  0  0  0  0     0
VecSet                38 1.1 7.2910e-03 1.4 0.00e+00 0.0 0.0e+00 0.0e+00 0.0e+00  0  0  0  0  0   0  0  0  0  0     0
VecScatterBegin        5 1.7 3.4201e-0349.6 0.00e+00 0.0 1.6e+01 1.9e+04 0.0e+00  0  0  0  0  0   0  0  4  0  0     0
VecScatterEnd          3 1.0 1.4680e-03 1.2 0.00e+00 0.0 0.0e+00 0.0e+00 0.0e+00  0  0  0  0  0   0  0  0  0  0     0

--- Event Stage 2: rhsVelocity

BuildTwoSidedF      4000 1.0 1.1419e+00 1.7 0.00e+00 0.0 0.0e+00 0.0e+00 0.0e+00  0  0  0  0  0   0  0  0  0  0     0
MatMult            10000 1.0 1.3977e+02 1.0 5.08e+10 1.0 1.0e+05 2.4e+04 0.0e+00 31 67 49  3  0  71 77 93 99  0  1440
MatMultAdd          4000 1.0 2.5133e+01 1.0 2.05e+09 1.1 8.0e+03 4.2e+03 0.0e+00  6  3  4  0  0  13  3  7  1  0   308
SFBcastOpBegin     12000 1.0 6.0850e+00 1.1 0.00e+00 0.0 1.1e+05 2.3e+04 0.0e+00  1  0 53  3  0   3  0100100  0     0
SFBcastOpEnd       12000 1.0 1.1835e+01 1.6 0.00e+00 0.0 0.0e+00 0.0e+00 0.0e+00  2  0  0  0  0   5  0  0  0  0     0
VecScale           14000 1.0 1.0750e+01 1.1 3.71e+09 1.0 0.0e+00 0.0e+00 0.0e+00  2  5  0  0  0   5  6  0  0  0  1370
VecSet              4000 1.0 4.8718e+00 1.0 0.00e+00 0.0 0.0e+00 0.0e+00 0.0e+00  1  0  0  0  0   2  0  0  0  0     0
VecAXPY            12000 1.0 3.1114e+01 1.0 1.11e+10 1.0 0.0e+00 0.0e+00 0.0e+00  7 15  0  0  0  16 17  0  0  0  1420
VecSwap             2000 1.0 6.6081e+00 1.1 0.00e+00 0.0 0.0e+00 0.0e+00 0.0e+00  1  0  0  0  0   3  0  0  0  0     0
VecAssemblyBegin    4000 1.0 1.2140e+00 1.7 0.00e+00 0.0 0.0e+00 0.0e+00 0.0e+00  0  0  0  0  0   0  0  0  0  0     0
VecAssemblyEnd      4000 1.0 1.4276e-02 1.1 0.00e+00 0.0 0.0e+00 0.0e+00 0.0e+00  0  0  0  0  0   0  0  0  0  0     0
VecScatterBegin    12000 1.0 6.1467e+00 1.1 0.00e+00 0.0 1.1e+05 2.3e+04 0.0e+00  1  0 53  3  0   3  0100100  0     0
VecScatterEnd      12000 1.0 1.1892e+01 1.6 0.00e+00 0.0 0.0e+00 0.0e+00 0.0e+00  2  0  0  0  0   5  0  0  0  0     0

--- Event Stage 3: solveVelocity

SFBcastOpBegin      4000 1.0 9.5991e+00 1.0 0.00e+00 0.0 1.2e+04 3.7e+06 0.0e+00  2  0  6 48  0   6  0 67 67  0     0
SFBcastOpEnd        4000 1.0 1.6463e+01 6.7 0.00e+00 0.0 0.0e+00 0.0e+00 0.0e+00  2  0  0  0  0   5  0  0  0  0     0
SFReduceBegin       2000 1.0 4.6548e+00436.1 0.00e+00 0.0 6.0e+03 3.7e+06 0.0e+00  0  0  3 24  0   1  0 33 33  0     0
SFReduceEnd         2000 1.0 1.2433e+01 1.6 0.00e+00 0.0 0.0e+00 0.0e+00 0.0e+00  3  0  0  0  0   8  0  0  0  0     0
VecScatterBegin     6000 1.0 1.4025e+01 1.5 0.00e+00 0.0 1.8e+04 3.7e+06 0.0e+00  2  0  9 72  0   7  0100100  0     0
VecScatterEnd       6000 1.0 2.4404e+01 1.6 0.00e+00 0.0 0.0e+00 0.0e+00 0.0e+00  4  0  0  0  0  13  0  0  0  0     0

--- Event Stage 4: rhsPoisson

BuildTwoSidedF      4000 1.0 1.2360e+00 3.3 0.00e+00 0.0 3.0e+04 7.2e+00 0.0e+00  0  0 14  0  0   3  0 79  0  0     0
MatMult             4000 1.0 2.1955e+01 1.0 3.40e+09 1.0 2.3e+04 8.4e+03 0.0e+00  5  5 11  0  0  94 84 61100  0   614
MatMultAdd          2000 1.0 1.4498e+01 1.0 6.26e+08 1.0 1.5e+04 7.2e+00 2.0e+00  3  1  7  0  0  62 16 39  0100   171
SFBcastOpBegin      2000 1.0 1.7467e-01 6.3 0.00e+00 0.0 8.0e+03 2.4e+04 0.0e+00  0  0  4  0  0   0  0 21100  0     0
SFBcastOpEnd        2000 1.0 2.8485e-01 2.9 0.00e+00 0.0 0.0e+00 0.0e+00 0.0e+00  0  0  0  0  0   1  0  0  0  0     0
VecScale            2000 1.0 4.0778e-04 1.1 0.00e+00 0.0 0.0e+00 0.0e+00 0.0e+00  0  0  0  0  0   0  0  0  0  0     0
VecSet              2000 1.0 4.9082e-01 1.1 0.00e+00 0.0 0.0e+00 0.0e+00 0.0e+00  0  0  0  0  0   2  0  0  0  0     0
VecAXPY             2000 1.0 1.3184e+00 1.0 6.26e+08 1.0 0.0e+00 0.0e+00 0.0e+00  0  1  0  0  0   6 16  0  0  0  1885
VecAssemblyBegin    4000 1.0 1.5160e+00 1.2 0.00e+00 0.0 3.0e+04 7.2e+00 0.0e+00  0  0 14  0  0   6  0 79  0  0     0
VecAssemblyEnd      4000 1.0 2.0263e-02 1.1 0.00e+00 0.0 0.0e+00 0.0e+00 0.0e+00  0  0  0  0  0   0  0  0  0  0     0
VecScatterBegin     2000 1.0 1.7956e-01 5.3 0.00e+00 0.0 8.0e+03 2.4e+04 0.0e+00  0  0  4  0  0   0  0 21100  0     0
VecScatterEnd       2000 1.0 2.9353e-01 2.8 0.00e+00 0.0 0.0e+00 0.0e+00 0.0e+00  0  0  0  0  0   1  0  0  0  0     0

--- Event Stage 5: solvePoisson

SFBcastOpBegin      4000 1.0 3.1605e+00 1.0 0.00e+00 0.0 1.2e+04 1.2e+06 0.0e+00  1  0  6 16  0   8  0 67 67  0     0
SFBcastOpEnd        4000 1.0 5.6790e+00 6.7 0.00e+00 0.0 0.0e+00 0.0e+00 0.0e+00  1  0  0  0  0   6  0  0  0  0     0
SFReduceBegin       2000 1.0 1.3655e+00142.0 0.00e+00 0.0 6.0e+03 1.2e+06 0.0e+00  0  0  3  8  0   1  0 33 33  0     0
SFReduceEnd         2000 1.0 3.5907e+00 1.6 0.00e+00 0.0 0.0e+00 0.0e+00 0.0e+00  1  0  0  0  0   8  0  0  0  0     0
VecScatterBegin     6000 1.0 4.5460e+00 1.5 0.00e+00 0.0 1.8e+04 1.2e+06 0.0e+00  1  0  9 24  0   8  0100100  0     0
VecScatterEnd       6000 1.0 7.9972e+00 1.8 0.00e+00 0.0 0.0e+00 0.0e+00 0.0e+00  1  0  0  0  0  14  0  0  0  0     0

--- Event Stage 6: update

MatMult             2000 1.0 1.2120e+01 1.1 2.79e+09 1.0 8.0e+03 2.4e+04 0.0e+00  3  4  4  0  0  65 53100100  0   911
SFBcastOpBegin      2000 1.0 1.2765e-01 4.9 0.00e+00 0.0 8.0e+03 2.4e+04 0.0e+00  0  0  4  0  0   1  0100100  0     0
SFBcastOpEnd        2000 1.0 4.6552e-01 3.7 0.00e+00 0.0 0.0e+00 0.0e+00 0.0e+00  0  0  0  0  0   2  0  0  0  0     0
VecAXPY             6000 1.0 6.1854e+00 1.0 2.49e+09 1.0 0.0e+00 0.0e+00 0.0e+00  1  3  0  0  0  34 47  0  0  0  1595
VecScatterBegin     2000 1.0 1.3771e-01 3.7 0.00e+00 0.0 8.0e+03 2.4e+04 0.0e+00  0  0  4  0  0   1  0100100  0     0
VecScatterEnd       2000 1.0 4.7318e-01 3.6 0.00e+00 0.0 0.0e+00 0.0e+00 0.0e+00  0  0  0  0  0   2  0  0  0  0     0

--- Event Stage 7: write

VecView               12 1.0 1.1009e+00 1.0 0.00e+00 0.0 0.0e+00 0.0e+00 0.0e+00  0  0  0  0  0  92  0  0  0  0     0

--- Event Stage 8: monitor


--- Event Stage 9: rhsForces

MatMult             2000 1.0 5.8410e-01 1.3 9.88e+07 1.1 8.0e+03 1.4e+04 0.0e+00  0  0  4  0  0  97 98100100  0   640
SFBcastOpBegin      2000 1.0 1.3317e-01 5.5 0.00e+00 0.0 8.0e+03 1.4e+04 0.0e+00  0  0  4  0  0  13  0100100  0     0
SFBcastOpEnd        2000 1.0 2.6804e-01 6.1 0.00e+00 0.0 0.0e+00 0.0e+00 0.0e+00  0  0  0  0  0  31  0  0  0  0     0
VecScale            2000 1.0 7.7203e-03 1.6 1.99e+06 1.0 0.0e+00 0.0e+00 0.0e+00  0  0  0  0  0   1  2  0  0  0  1031
VecScatterBegin     2000 1.0 1.4345e-01 4.2 0.00e+00 0.0 8.0e+03 1.4e+04 0.0e+00  0  0  4  0  0  15  0100100  0     0
VecScatterEnd       2000 1.0 2.7122e-01 5.9 0.00e+00 0.0 0.0e+00 0.0e+00 0.0e+00  0  0  0  0  0  31  0  0  0  0     0

--- Event Stage 10: solveForces

MatSolve            2000 1.0 2.4602e+00 1.1 0.00e+00 0.0 0.0e+00 0.0e+00 0.0e+00  1  0  0  0  0  96  0  0  0  0     0
MatLUFactorSym         1 1.0 1.6590e-04 1.0 0.00e+00 0.0 0.0e+00 0.0e+00 0.0e+00  0  0  0  0  0   0  0  0  0  0     0
MatLUFactorNum         1 1.0 4.9349e-02 1.0 0.00e+00 0.0 0.0e+00 0.0e+00 0.0e+00  0  0  0  0  0   2  0  0  0  0     0
MatGetRowIJ            1 1.0 5.0396e-07 1.8 0.00e+00 0.0 0.0e+00 0.0e+00 0.0e+00  0  0  0  0  0   0  0  0  0  0     0
MatGetOrdering         1 1.0 6.6757e-05 1.8 0.00e+00 0.0 0.0e+00 0.0e+00 0.0e+00  0  0  0  0  0   0  0  0  0  0     0
VecCopy             2000 1.0 2.7991e-03 1.4 0.00e+00 0.0 0.0e+00 0.0e+00 0.0e+00  0  0  0  0  0   0  0  0  0  0     0
VecSet              2000 1.0 6.8013e-03 1.9 0.00e+00 0.0 0.0e+00 0.0e+00 0.0e+00  0  0  0  0  0   0  0  0  0  0     0
KSPSetUp               1 1.0 2.5099e-06 1.6 0.00e+00 0.0 0.0e+00 0.0e+00 0.0e+00  0  0  0  0  0   0  0  0  0  0     0
KSPSolve            2000 1.0 2.5539e+00 1.1 0.00e+00 0.0 0.0e+00 0.0e+00 6.0e+00  1  0  0  0  0 100  0  0  0100     0
PCSetUp                1 1.0 5.1152e-02 1.0 0.00e+00 0.0 0.0e+00 0.0e+00 6.0e+00  0  0  0  0  0   2  0  0  0100     0
PCApply             2000 1.0 2.4654e+00 1.1 0.00e+00 0.0 0.0e+00 0.0e+00 0.0e+00  1  0  0  0  0  96  0  0  0  0     0

--- Event Stage 11: integrateForces

------------------------------------------------------------------------------------------------------------------------

Memory usage is given in bytes:

Object Type          Creations   Destructions     Memory  Descendants' Mem.
Reports information only for process 0.

--- Event Stage 0: Main Stage

    Distributed Mesh     0              7        38256     0.
              Matrix     0             42    480880868     0.
           Index Set     0             10      2499284     0.
   IS L to G Mapping     0              6      4856768     0.
   Star Forest Graph     0             33        31768     0.
     Discrete System     0              7         6664     0.
              Vector     0             39     82959856     0.
         Vec Scatter     0             19        15352     0.
   Application Order     0              4     19698064     0.
              Viewer     2              3         2544     0.
       Krylov Solver     0              1         1480     0.
      Preconditioner     0              1         1008     0.

--- Event Stage 1: initialize

    Distributed Mesh     7              0            0     0.
              Matrix    83             42   2178597656     0.
           Index Set    74             66     22618340     0.
   IS L to G Mapping     9              3      2077980     0.
   Star Forest Graph    49             16        16000     0.
     Discrete System     7              0            0     0.
              Vector   111             74     58758432     0.
         Vec Scatter    35             16        12864     0.
   Application Order     4              0            0     0.
              Viewer     7              5         4040     0.
       Krylov Solver     1              0            0     0.
      Preconditioner     1              0            0     0.

--- Event Stage 2: rhsVelocity

              Vector     1              0            0     0.

--- Event Stage 3: solveVelocity


--- Event Stage 4: rhsPoisson

              Vector     1              0            0     0.

--- Event Stage 5: solvePoisson


--- Event Stage 6: update


--- Event Stage 7: write

              Viewer     6              6         4848     0.

--- Event Stage 8: monitor


--- Event Stage 9: rhsForces


--- Event Stage 10: solveForces

              Matrix     1              0            0     0.
           Index Set     4              2         9536     0.

--- Event Stage 11: integrateForces

========================================================================================================================
Average time to get PetscTime(): 2.89991e-08
Average time for MPI_Barrier(): 1.83519e-06
Average time for zero size MPI_Send(): 2.59199e-06
#PETSc Option Table entries:
-directory /mnt
-forces_ksp_type preonly
-forces_pc_factor_mat_solver_type superlu_dist
-forces_pc_type lu
-log_view ascii:view.log
-options_left
#End of PETSc Option Table entries
Compiled without FORTRAN kernels
Compiled with full precision matrices (default)
sizeof(short) 2 sizeof(int) 4 sizeof(long) 8 sizeof(void*) 8 sizeof(PetscScalar) 8 sizeof(PetscInt) 4
Configure options: --prefix=/usr/local/petsc-3.12.2 PETSC_DIR=/opt/petsc/3.12.2 PETSC_ARCH=linux-gnu-openmpi-opt COPTFLAGS=-O3 CXXOPTFLAGS=-O3 --with-fc=0 --with-shared-libraries=1 --with-pic=1 --with-cxx-dialect=C++11 --with-debugging=0 --with-mpi-dir=/usr/local/openmpi-3.1.4 --download-hdf5 --download-f2cblaslapack --download-hypre --download-ptscotch --download-metis --download-parmetis --download-superlu_dist
-----------------------------------------
Libraries compiled on 2019-12-11 22:11:45 on 584a588926bb 
Machine characteristics: Linux-4.4.0-127-generic-x86_64-with-Ubuntu-16.04-xenial
Using PETSc directory: /usr/local/petsc-3.12.2
Using PETSc arch: 
-----------------------------------------

Using C compiler: /usr/local/openmpi-3.1.4/bin/mpicc  -fPIC -Wall -Wwrite-strings -Wno-strict-aliasing -Wno-unknown-pragmas -fstack-protector -fvisibility=hidden -O3  
-----------------------------------------

Using include paths: -I/usr/local/petsc-3.12.2/include -I/usr/local/openmpi-3.1.4/include
-----------------------------------------

Using C linker: /usr/local/openmpi-3.1.4/bin/mpicc
Using libraries: -Wl,-rpath,/usr/local/petsc-3.12.2/lib -L/usr/local/petsc-3.12.2/lib -lpetsc -Wl,-rpath,/usr/local/petsc-3.12.2/lib -L/usr/local/petsc-3.12.2/lib -lHYPRE -lsuperlu_dist -lf2clapack -lf2cblas -lptesmumps -lptscotchparmetis -lptscotch -lptscotcherr -lesmumps -lscotch -lscotcherr -lhdf5_hl -lhdf5 -lparmetis -lmetis -lm -lrt -lquadmath -lstdc++ -ldl
-----------------------------------------

