************************************************************************************************************************
***             WIDEN YOUR WINDOW TO 120 CHARACTERS.  Use 'enscript -r -fCourier9' to print this document            ***
************************************************************************************************************************

---------------------------------------------- PETSc Performance Summary: ----------------------------------------------

petibm-decoupledibpm on a  named gpu017 with 20 processors, by mesnardo Thu Jan  2 23:17:05 2020
Using Petsc Release Version 3.12.2, Nov, 22, 2019 

                         Max       Max/Min     Avg       Total 
Time (sec):           2.580e+04     1.000   2.580e+04
Objects:              4.840e+02     1.071   4.542e+02
Flop:                 2.041e+13     1.023   2.017e+13  4.034e+14
Flop/sec:             7.910e+08     1.023   7.816e+08  1.563e+10
MPI Messages:         8.000e+06     1.975   5.890e+06  1.178e+08
MPI Message Lengths:  1.694e+12     5.442   8.317e+04  9.798e+12
MPI Reductions:       1.596e+06     1.000

Flop counting convention: 1 flop = 1 real number operation of type (multiply/divide/add/subtract)
                            e.g., VecAXPY() for real vectors of length N --> 2N flop
                            and VecAXPY() for complex vectors of length N --> 8N flop

Summary of Stages:   ----- Time ------  ----- Flop ------  --- Messages ---  -- Message Lengths --  -- Reductions --
                        Avg     %Total     Avg     %Total    Count   %Total     Avg         %Total    Count   %Total 
 0:      Main Stage: 2.5996e+02   1.0%  5.0636e+10   0.0%  2.750e+06   2.3%  2.649e+03        0.1%  4.200e+01   0.0% 
 1:      initialize: 1.8271e+01   0.1%  6.9364e+08   0.0%  5.723e+03   0.0%  1.201e+05        0.0%  3.392e+02   0.0% 
 2:     rhsVelocity: 4.9531e+03  19.2%  6.1200e+13  15.2%  4.215e+07  35.8%  2.153e+04        9.3%  0.000e+00   0.0% 
 3:   solveVelocity: 1.4570e+04  56.5%  3.3349e+14  82.7%  5.640e+07  47.9%  4.424e+04       25.5%  6.500e+05  40.7% 
 4:      rhsPoisson: 6.5237e+02   2.5%  3.7135e+12   0.9%  6.550e+06   5.6%  1.045e+04        0.7%  2.000e+00   0.0% 
 5:    solvePoisson: 3.0926e+03  12.0%  0.0000e+00   0.0%  2.700e+06   2.3%  2.293e+06       63.2%  0.000e+00   0.0% 
 6:          update: 3.8218e+02   1.5%  4.8592e+12   1.2%  1.800e+06   1.5%  3.799e+04        0.7%  0.000e+00   0.0% 
 7:           write: 7.7096e+01   0.3%  0.0000e+00   0.0%  0.000e+00   0.0%  0.000e+00        0.0%  1.240e+02   0.0% 
 8:         monitor: 7.5651e-03   0.0%  0.0000e+00   0.0%  0.000e+00   0.0%  0.000e+00        0.0%  0.000e+00   0.0% 
 9:       rhsForces: 8.9206e+00   0.0%  5.1453e+10   0.0%  2.750e+06   2.3%  1.443e+04        0.4%  0.000e+00   0.0% 
10:     solveForces: 1.7767e+03   6.9%  0.0000e+00   0.0%  2.700e+06   2.3%  7.501e+03        0.2%  0.000e+00   0.0% 
11: integrateForces: 6.4213e+00   0.0%  0.0000e+00   0.0%  0.000e+00   0.0%  0.000e+00        0.0%  5.000e+04   3.1% 

------------------------------------------------------------------------------------------------------------------------
See the 'Profiling' chapter of the users' manual for details on interpreting output.
Phase summary info:
   Count: number of times phase was executed
   Time and Flop: Max - maximum over all processors
                  Ratio - ratio of maximum to minimum over all processors
   Mess: number of messages sent
   AvgLen: average message length (bytes)
   Reduct: number of global reductions
   Global: entire computation
   Stage: stages of a computation. Set stages with PetscLogStagePush() and PetscLogStagePop().
      %T - percent time in this phase         %F - percent flop in this phase
      %M - percent messages in this phase     %L - percent message lengths in this phase
      %R - percent reductions in this phase
   Total Mflop/s: 10e-6 * (sum of flop over all processors)/(max time over all processors)
------------------------------------------------------------------------------------------------------------------------
Event                Count      Time (sec)     Flop                              --- Global ---  --- Stage ----  Total
                   Max Ratio  Max     Ratio   Max  Ratio  Mess   AvgLen  Reduct  %T %F %M %L %R  %T %F %M %L %R Mflop/s
------------------------------------------------------------------------------------------------------------------------

--- Event Stage 0: Main Stage

MatMultAdd         50000 1.0 1.1737e+02 1.2 1.29e+10 0.0 2.8e+06 2.6e+03 0.0e+00  0  0  2  0  0  40100100100  0   431
SFBcastOpBegin     50000 1.0 5.9036e-01 4.3 0.00e+00 0.0 2.8e+06 2.6e+03 0.0e+00  0  0  2  0  0   0  0100100  0     0
SFBcastOpEnd       50000 1.0 1.1274e+0111.3 0.00e+00 0.0 0.0e+00 0.0e+00 0.0e+00  0  0  0  0  0   2  0  0  0  0     0
VecScatterBegin    50000 1.0 6.1516e-01 3.8 0.00e+00 0.0 2.8e+06 2.6e+03 0.0e+00  0  0  2  0  0   0  0100100  0     0
VecScatterEnd      50000 1.0 1.1348e+0110.9 0.00e+00 0.0 0.0e+00 0.0e+00 0.0e+00  0  0  0  0  0   2  0  0  0  0     0

--- Event Stage 1: initialize

BuildTwoSided         35 1.0 2.5236e-01 4.4 0.00e+00 0.0 1.6e+03 4.0e+00 0.0e+00  0  0  0  0  0   1  0 28  0  0     0
BuildTwoSidedF        26 1.0 6.6712e-01 4.1 0.00e+00 0.0 8.2e+01 8.6e+04 0.0e+00  0  0  0  0  0   3  0  1  1  0     0
MatConvert             3 1.0 5.5757e-01 1.1 0.00e+00 0.0 8.5e+02 1.5e+04 0.0e+00  0  0  0  0  0   3  0 15  2  0     0
MatScale               3 1.0 4.1598e-02 1.1 2.32e+07 1.0 1.1e+02 1.4e+04 0.0e+00  0  0  0  0  0   0 66  2  0  0 11018
MatAssemblyBegin      43 1.0 6.6864e-01 4.1 0.00e+00 0.0 8.2e+01 8.6e+04 0.0e+00  0  0  0  0  0   3  0  1  1  0     0
MatAssemblyEnd        43 1.0 7.6855e-01 1.2 0.00e+00 0.0 2.6e+03 6.4e+03 8.5e+01  0  0  0  0  0   4  0 46  2 25     0
MatGetRowIJ            2 1.0 8.1118e-07 2.5 0.00e+00 0.0 0.0e+00 0.0e+00 0.0e+00  0  0  0  0  0   0  0  0  0  0     0
MatCreateSubMat        2 1.0 1.5061e+00 1.0 0.00e+00 0.0 1.9e+02 2.6e+06 2.4e+01  0  0  0  0  0   8  0  3 70  7     0
MatTranspose           1 1.0 5.6806e-02 1.0 0.00e+00 0.0 3.0e+02 2.6e+04 6.0e+00  0  0  0  0  0   0  0  5  1  2     0
MatMatMult             4 1.0 4.3492e-01 1.0 1.11e+07 1.0 7.3e+02 3.9e+04 3.4e+01  0  0  0  0  0   2 31 13  4 10   500
MatMatMultSym          4 1.0 3.6758e-01 1.0 0.00e+00 0.0 6.4e+02 2.9e+04 3.2e+01  0  0  0  0  0   2  0 11  3  9     0
MatMatMultNum          4 1.0 5.9385e-02 1.0 1.11e+07 1.0 9.1e+01 1.1e+05 0.0e+00  0  0  0  0  0   0 31  2  1  0  3664
MatGetLocalMat        10 1.0 3.0052e-01 2.7 0.00e+00 0.0 0.0e+00 0.0e+00 0.0e+00  0  0  0  0  0   1  0  0  0  0     0
MatGetBrAoCol          8 1.0 1.0524e-02 1.4 0.00e+00 0.0 3.6e+02 7.2e+04 0.0e+00  0  0  0  0  0   0  0  6  4  0     0
DMCreateMat            1 1.0 3.6352e+00 1.0 0.00e+00 0.0 2.0e+03 6.3e+03 4.4e+01  0  0  0  0  0  20  0 34  2 13     0
SFSetGraph            35 1.0 4.2607e-03 3.5 0.00e+00 0.0 0.0e+00 0.0e+00 0.0e+00  0  0  0  0  0   0  0  0  0  0     0
SFSetUp               37 1.1 2.8977e-01 1.7 0.00e+00 0.0 4.8e+03 1.6e+04 0.0e+00  0  0  0  0  0   1  0 84 11  0     0
SFBcastOpBegin         5 1.7 4.8659e-0368.9 0.00e+00 0.0 1.8e+02 2.4e+04 2.0e-01  0  0  0  0  0   0  0  3  1  0     0
SFBcastOpEnd           5 1.7 6.2751e-0334.5 0.00e+00 0.0 0.0e+00 0.0e+00 0.0e+00  0  0  0  0  0   0  0  0  0  0     0
SFReduceBegin          2 1.0 7.8166e-05 2.4 0.00e+00 0.0 7.4e+01 5.4e+03 0.0e+00  0  0  0  0  0   0  0  1  0  0     0
SFReduceEnd            2 1.0 1.9269e-04 2.8 0.00e+00 0.0 0.0e+00 0.0e+00 0.0e+00  0  0  0  0  0   0  0  0  0  0     0
VecView               15 0.0 2.6119e-02 0.0 0.00e+00 0.0 0.0e+00 0.0e+00 0.0e+00  0  0  0  0  0   0  0  0  0  0     0
VecSet                38 1.1 1.4892e-02 1.8 0.00e+00 0.0 0.0e+00 0.0e+00 0.0e+00  0  0  0  0  0   0  0  0  0  0     0
VecScatterBegin        5 1.7 4.8758e-0363.6 0.00e+00 0.0 1.8e+02 2.4e+04 2.0e-01  0  0  0  0  0   0  0  3  1  0     0
VecScatterEnd          5 1.7 6.2799e-0334.0 0.00e+00 0.0 0.0e+00 0.0e+00 0.0e+00  0  0  0  0  0   0  0  0  0  0     0

--- Event Stage 2: rhsVelocity

BuildTwoSidedF    100000 1.0 4.7531e+0210.9 0.00e+00 0.0 0.0e+00 0.0e+00 0.0e+00  1  0  0  0  0   6  0  0  0  0     0
MatMult           250000 1.0 3.6681e+03 1.0 2.40e+12 1.0 3.9e+07 2.3e+04 0.0e+00 14 12 33  9  0  74 78 93 99  0 12934
MatMultAdd        100000 1.0 7.3090e+02 1.1 9.87e+10 1.2 2.8e+06 2.6e+03 0.0e+00  3  0  2  0  0  14  3  7  1  0  2413
SFBcastOpBegin    300000 1.0 1.4696e+02 1.2 0.00e+00 0.0 4.2e+07 2.2e+04 0.0e+00  1  0 36  9  0   3  0100100  0     0
SFBcastOpEnd      300000 1.0 2.8888e+02 1.3 0.00e+00 0.0 0.0e+00 0.0e+00 0.0e+00  1  0  0  0  0   5  0  0  0  0     0
VecScale          350000 1.0 2.8093e+02 1.1 1.74e+11 1.0 0.0e+00 0.0e+00 0.0e+00  1  1  0  0  0   5  6  0  0  0 12196
VecSet            100000 1.0 1.0474e+02 1.0 0.00e+00 0.0 0.0e+00 0.0e+00 0.0e+00  0  0  0  0  0   2  0  0  0  0     0
VecAXPY           300000 1.0 6.4614e+02 1.0 5.22e+11 1.0 0.0e+00 0.0e+00 0.0e+00  2  3  0  0  0  13 17  0  0  0 15908
VecSwap            50000 1.0 1.4429e+02 1.0 0.00e+00 0.0 0.0e+00 0.0e+00 0.0e+00  1  0  0  0  0   3  0  0  0  0     0
VecAssemblyBegin  100000 1.0 4.7621e+0210.7 0.00e+00 0.0 0.0e+00 0.0e+00 0.0e+00  1  0  0  0  0   6  0  0  0  0     0
VecAssemblyEnd    100000 1.0 3.1099e-01 1.2 0.00e+00 0.0 0.0e+00 0.0e+00 0.0e+00  0  0  0  0  0   0  0  0  0  0     0
VecScatterBegin   300000 1.0 1.4751e+02 1.2 0.00e+00 0.0 4.2e+07 2.2e+04 0.0e+00  1  0 36  9  0   3  0100100  0     0
VecScatterEnd     300000 1.0 2.8925e+02 1.3 0.00e+00 0.0 0.0e+00 0.0e+00 0.0e+00  1  0  0  0  0   5  0  0  0  0     0

--- Event Stage 3: solveVelocity

MatMult           300000 1.0 1.0553e+04 1.0 1.36e+13 1.0 5.6e+07 4.4e+04 0.0e+00 40 67 48 25  0  72 81100100  0 25513
SFBcastOpBegin    300000 1.0 1.8926e+02 1.7 0.00e+00 0.0 5.6e+07 4.4e+04 0.0e+00  1  0 48 25  0   1  0100100  0     0
SFBcastOpEnd      300000 1.0 3.9406e+02 1.7 0.00e+00 0.0 0.0e+00 0.0e+00 0.0e+00  1  0  0  0  0   2  0  0  0  0     0
VecDot            300000 1.0 6.8689e+02 1.3 5.22e+11 1.0 0.0e+00 0.0e+00 3.0e+05  2  3  0  0 19   4  3  0  0 46 14965
VecDotNorm2       150000 1.0 4.1318e+02 1.6 5.22e+11 1.0 0.0e+00 0.0e+00 1.5e+05  1  3  0  0  9   2  3  0  0 23 24878
VecNorm           200000 1.0 3.0800e+02 1.2 3.48e+11 1.0 0.0e+00 0.0e+00 2.0e+05  1  2  0  0 13   2  2  0  0 31 22249
VecCopy           100000 1.0 2.3532e+02 1.1 0.00e+00 0.0 0.0e+00 0.0e+00 0.0e+00  1  0  0  0  0   2  0  0  0  0     0
VecSet            150000 1.0 1.6297e+02 1.0 0.00e+00 0.0 0.0e+00 0.0e+00 0.0e+00  1  0  0  0  0   1  0  0  0  0     0
VecAXPBYCZ        300000 1.0 8.4532e+02 1.0 1.04e+12 1.0 0.0e+00 0.0e+00 0.0e+00  3  5  0  0  0   6  6  0  0  0 24320
VecWAXPY          300000 1.0 8.4723e+02 1.0 5.22e+11 1.0 0.0e+00 0.0e+00 0.0e+00  3  3  0  0  0   6  3  0  0  0 12133
VecPointwiseMult  350000 1.0 9.3102e+02 1.1 3.05e+11 1.0 0.0e+00 0.0e+00 0.0e+00  4  1  0  0  0   6  2  0  0  0  6440
VecScatterBegin   300000 1.0 1.8992e+02 1.6 0.00e+00 0.0 5.6e+07 4.4e+04 0.0e+00  1  0 48 25  0   1  0100100  0     0
VecScatterEnd     300000 1.0 3.9446e+02 1.7 0.00e+00 0.0 0.0e+00 0.0e+00 0.0e+00  1  0  0  0  0   2  0  0  0  0     0
KSPSetUp               1 1.0 6.7099e-03 1.1 0.00e+00 0.0 0.0e+00 0.0e+00 0.0e+00  0  0  0  0  0   0  0  0  0  0     0
KSPSolve           50000 1.0 1.4575e+04 1.0 1.69e+13 1.0 5.6e+07 4.4e+04 6.5e+05 56 83 48 25 41 100100100100100 22881
PCSetUp                1 1.0 6.7800e-07 4.4 0.00e+00 0.0 0.0e+00 0.0e+00 0.0e+00  0  0  0  0  0   0  0  0  0  0     0
PCApply           350000 1.0 9.3157e+02 1.1 3.05e+11 1.0 0.0e+00 0.0e+00 2.0e+00  4  1  0  0  0   6  2  0  0  0  6437

--- Event Stage 4: rhsPoisson

BuildTwoSidedF    100000 1.0 2.1108e+0214.7 0.00e+00 0.0 4.8e+06 7.2e+00 0.0e+00  1  0  4  0  0  20  0 73  0  0     0
MatMult           100000 1.0 6.1954e+02 1.0 1.59e+11 1.0 4.2e+06 1.6e+04 0.0e+00  2  1  4  1  0  94 85 64100  0  5067
MatMultAdd         50000 1.0 4.6298e+02 1.0 2.92e+10 1.0 2.4e+06 7.2e+00 2.0e+00  2  0  2  0  0  70 15 36  0100  1241
SFBcastOpBegin     50000 1.0 7.5890e+0011.9 0.00e+00 0.0 1.8e+06 3.8e+04 0.0e+00  0  0  2  1  0   1  0 27100  0     0
SFBcastOpEnd       50000 1.0 1.7861e+01 7.6 0.00e+00 0.0 0.0e+00 0.0e+00 0.0e+00  0  0  0  0  0   1  0  0  0  0     0
VecScale           50000 1.0 9.5985e-03 1.6 0.00e+00 0.0 0.0e+00 0.0e+00 0.0e+00  0  0  0  0  0   0  0  0  0  0     0
VecSet             50000 1.0 1.7016e+01 1.0 0.00e+00 0.0 0.0e+00 0.0e+00 0.0e+00  0  0  0  0  0   3  0  0  0  0     0
VecAXPY            50000 1.0 3.3429e+01 1.1 2.92e+10 1.0 0.0e+00 0.0e+00 0.0e+00  0  0  0  0  0   5 15  0  0  0 17180
VecAssemblyBegin  100000 1.0 2.2277e+02 6.4 0.00e+00 0.0 4.8e+06 7.2e+00 0.0e+00  1  0  4  0  0  22  0 73  0  0     0
VecAssemblyEnd    100000 1.0 4.3155e-01 1.5 0.00e+00 0.0 0.0e+00 0.0e+00 0.0e+00  0  0  0  0  0   0  0  0  0  0     0
VecScatterBegin    50000 1.0 7.6465e+0011.4 0.00e+00 0.0 1.8e+06 3.8e+04 0.0e+00  0  0  2  1  0   1  0 27100  0     0
VecScatterEnd      50000 1.0 1.7906e+01 7.5 0.00e+00 0.0 0.0e+00 0.0e+00 0.0e+00  0  0  0  0  0   1  0  0  0  0     0

--- Event Stage 5: solvePoisson

SFBcastOpBegin    100000 1.0 6.4298e+01 1.2 0.00e+00 0.0 1.8e+06 2.3e+06 0.0e+00  0  0  2 42  0   2  0 67 67  0     0
SFBcastOpEnd      100000 1.0 9.8529e+0214.4 0.00e+00 0.0 0.0e+00 0.0e+00 0.0e+00  1  0  0  0  0  12  0  0  0  0     0
SFReduceBegin      50000 1.0 2.2456e+023426.0 0.00e+00 0.0 9.0e+05 2.3e+06 0.0e+00  0  0  1 21  0   1  0 33 33  0     0
SFReduceEnd        50000 1.0 2.9574e+02 3.9 0.00e+00 0.0 0.0e+00 0.0e+00 0.0e+00  1  0  0  0  0   9  0  0  0  0     0
VecScatterBegin   150000 1.0 2.8405e+02 5.1 0.00e+00 0.0 2.7e+06 2.3e+06 0.0e+00  0  0  2 63  0   3  0100100  0     0
VecScatterEnd     150000 1.0 1.0616e+03 3.1 0.00e+00 0.0 0.0e+00 0.0e+00 0.0e+00  2  0  0  0  0  20  0  0  0  0     0

--- Event Stage 6: update

MatMult            50000 1.0 2.5466e+02 1.1 1.31e+11 1.0 1.8e+06 3.8e+04 0.0e+00  1  1  2  1  0  65 53100100  0 10091
SFBcastOpBegin     50000 1.0 4.3370e+0013.0 0.00e+00 0.0 1.8e+06 3.8e+04 0.0e+00  0  0  2  1  0   1  0100100  0     0
SFBcastOpEnd       50000 1.0 1.8331e+01 4.0 0.00e+00 0.0 0.0e+00 0.0e+00 0.0e+00  0  0  0  0  0   3  0  0  0  0     0
VecAXPY           150000 1.0 1.3767e+02 1.1 1.16e+11 1.0 0.0e+00 0.0e+00 0.0e+00  1  1  0  0  0  35 47  0  0  0 16630
VecScatterBegin    50000 1.0 4.4052e+0010.4 0.00e+00 0.0 1.8e+06 3.8e+04 0.0e+00  0  0  2  1  0   1  0100100  0     0
VecScatterEnd      50000 1.0 1.8402e+01 3.9 0.00e+00 0.0 0.0e+00 0.0e+00 0.0e+00  0  0  0  0  0   3  0  0  0  0     0

--- Event Stage 7: write

VecView              124 1.0 7.4372e+01 1.0 0.00e+00 0.0 0.0e+00 0.0e+00 0.0e+00  0  0  0  0  0  96  0  0  0  0     0

--- Event Stage 8: monitor


--- Event Stage 9: rhsForces

MatMult            50000 1.0 1.0431e+01 1.5 2.54e+09 1.0 2.8e+06 1.4e+04 0.0e+00  0  0  2  0  0  98 98100100  0  4843
SFBcastOpBegin     50000 1.0 5.0547e+0030.2 0.00e+00 0.0 2.8e+06 1.4e+04 0.0e+00  0  0  2  0  0  12  0100100  0     0
SFBcastOpEnd       50000 1.0 6.9745e+00 5.0 0.00e+00 0.0 0.0e+00 0.0e+00 0.0e+00  0  0  0  0  0  60  0  0  0  0     0
VecScale           50000 1.0 8.1025e-02 1.2 4.70e+07 1.0 0.0e+00 0.0e+00 0.0e+00  0  0  0  0  0   1  2  0  0  0 11574
VecScatterBegin    50000 1.0 5.1202e+0022.4 0.00e+00 0.0 2.8e+06 1.4e+04 0.0e+00  0  0  2  0  0  13  0100100  0     0
VecScatterEnd      50000 1.0 7.0113e+00 4.9 0.00e+00 0.0 0.0e+00 0.0e+00 0.0e+00  0  0  0  0  0  61  0  0  0  0     0

--- Event Stage 10: solveForces

SFBcastOpBegin    100000 1.0 5.1432e-01 1.6 0.00e+00 0.0 1.8e+06 7.5e+03 0.0e+00  0  0  2  0  0   0  0 67 67  0     0
SFBcastOpEnd      100000 1.0 6.5515e+00 5.8 0.00e+00 0.0 0.0e+00 0.0e+00 0.0e+00  0  0  0  0  0   0  0  0  0  0     0
SFReduceBegin      50000 1.0 1.0106e+0024.0 0.00e+00 0.0 9.0e+05 7.5e+03 0.0e+00  0  0  1  0  0   0  0 33 33  0     0
SFReduceEnd        50000 1.0 2.3705e+00 2.4 0.00e+00 0.0 0.0e+00 0.0e+00 0.0e+00  0  0  0  0  0   0  0  0  0  0     0
VecScatterBegin   150000 1.0 1.6733e+00 3.8 0.00e+00 0.0 2.7e+06 7.5e+03 0.0e+00  0  0  2  0  0   0  0100100  0     0
VecScatterEnd     150000 1.0 7.7758e+00 3.1 0.00e+00 0.0 0.0e+00 0.0e+00 0.0e+00  0  0  0  0  0   0  0  0  0  0     0

--- Event Stage 11: integrateForces

------------------------------------------------------------------------------------------------------------------------

Memory usage is given in bytes:

Object Type          Creations   Destructions     Memory  Descendants' Mem.
Reports information only for process 0.

--- Event Stage 0: Main Stage

    Distributed Mesh     0              7        38180     0.
              Matrix     0             41    903548768     0.
           Index Set     0              8      4654416     0.
   IS L to G Mapping     0              6      8914132     0.
   Star Forest Graph     0             33        31768     0.
     Discrete System     0              7         6664     0.
              Vector     0             46    176187416     0.
         Vec Scatter     0             19        15352     0.
   Application Order     0              4    183004416     0.
              Viewer    21             22        18656     0.
       Krylov Solver     0              1         1488     0.
      Preconditioner     0              1          864     0.

--- Event Stage 1: initialize

    Distributed Mesh     7              0            0     0.
              Matrix    83             42   2097108044     0.
           Index Set    76             68     40299172     0.
   IS L to G Mapping     9              3      3816440     0.
   Star Forest Graph    51             18        18032     0.
     Discrete System     7              0            0     0.
              Vector   111             74     91943800     0.
         Vec Scatter    35             16        12928     0.
   Application Order     4              0            0     0.
              Viewer     7              5         4040     0.
       Krylov Solver     1              0            0     0.
      Preconditioner     1              0            0     0.

--- Event Stage 2: rhsVelocity

              Vector     1              0            0     0.

--- Event Stage 3: solveVelocity

              Vector     7              0            0     0.

--- Event Stage 4: rhsPoisson

              Vector     1              0            0     0.

--- Event Stage 5: solvePoisson


--- Event Stage 6: update


--- Event Stage 7: write

              Viewer    62             62        50096     0.

--- Event Stage 8: monitor


--- Event Stage 9: rhsForces


--- Event Stage 10: solveForces


--- Event Stage 11: integrateForces

========================================================================================================================
Average time to get PetscTime(): 3.0268e-08
Average time for MPI_Barrier(): 5.68535e-06
Average time for zero size MPI_Send(): 1.69026e-06
#PETSc Option Table entries:
-directory /mnt
-log_view ascii:/mnt/view.log
-options_left
-velocity_ksp_atol 1e-6
-velocity_ksp_max_it 1000
-velocity_ksp_rtol 0.0
-velocity_ksp_type bcgs
-velocity_pc_jacobi_type diagonal
-velocity_pc_type jacobi
#End of PETSc Option Table entries
Compiled without FORTRAN kernels
Compiled with full precision matrices (default)
sizeof(short) 2 sizeof(int) 4 sizeof(long) 8 sizeof(void*) 8 sizeof(PetscScalar) 8 sizeof(PetscInt) 4
Configure options: --prefix=/usr/local/petsc-3.12.2 PETSC_DIR=/opt/petsc/3.12.2 PETSC_ARCH=linux-gnu-openmpi-opt COPTFLAGS=-O3 CXXOPTFLAGS=-O3 --with-fc=0 --with-shared-libraries=1 --with-pic=1 --with-cxx-dialect=C++11 --with-debugging=0 --with-mpi-dir=/usr/local/openmpi-3.1.4 --download-hdf5 --download-f2cblaslapack --download-hypre --download-ptscotch --download-metis --download-parmetis --download-superlu_dist
-----------------------------------------
Libraries compiled on 2019-12-11 22:11:45 on 584a588926bb 
Machine characteristics: Linux-4.4.0-127-generic-x86_64-with-Ubuntu-16.04-xenial
Using PETSc directory: /usr/local/petsc-3.12.2
Using PETSc arch: 
-----------------------------------------

Using C compiler: /usr/local/openmpi-3.1.4/bin/mpicc  -fPIC -Wall -Wwrite-strings -Wno-strict-aliasing -Wno-unknown-pragmas -fstack-protector -fvisibility=hidden -O3  
-----------------------------------------

Using include paths: -I/usr/local/petsc-3.12.2/include -I/usr/local/openmpi-3.1.4/include
-----------------------------------------

Using C linker: /usr/local/openmpi-3.1.4/bin/mpicc
Using libraries: -Wl,-rpath,/usr/local/petsc-3.12.2/lib -L/usr/local/petsc-3.12.2/lib -lpetsc -Wl,-rpath,/usr/local/petsc-3.12.2/lib -L/usr/local/petsc-3.12.2/lib -lHYPRE -lsuperlu_dist -lf2clapack -lf2cblas -lptesmumps -lptscotchparmetis -lptscotch -lptscotcherr -lesmumps -lscotch -lscotcherr -lhdf5_hl -lhdf5 -lparmetis -lmetis -lm -lrt -lquadmath -lstdc++ -ldl
-----------------------------------------

