************************************************************************************************************************
***             WIDEN YOUR WINDOW TO 120 CHARACTERS.  Use 'enscript -r -fCourier9' to print this document            ***
************************************************************************************************************************

---------------------------------------------- PETSc Performance Summary: ----------------------------------------------

petibm-decoupledibpm on a  named 6470c7f6b431 with 4 processors, by Unknown Sat Oct  1 20:01:13 2022
Using Petsc Release Version 3.12.2, Nov, 22, 2019 

                         Max       Max/Min     Avg       Total 
Time (sec):           3.354e+03     1.000   3.354e+03
Objects:              4.040e+02     1.063   3.860e+02
Flop:                 1.597e+12     1.010   1.590e+12  6.362e+12
Flop/sec:             4.761e+08     1.010   4.742e+08  1.897e+09
MPI Messages:         7.759e+04     1.879   6.382e+04  2.553e+05
MPI Message Lengths:  4.475e+10     2.595   4.055e+05  1.035e+11
MPI Reductions:       2.592e+05     1.000

Flop counting convention: 1 flop = 1 real number operation of type (multiply/divide/add/subtract)
                            e.g., VecAXPY() for real vectors of length N --> 2N flop
                            and VecAXPY() for complex vectors of length N --> 8N flop

Summary of Stages:   ----- Time ------  ----- Flop ------  --- Messages ---  -- Message Lengths --  -- Reductions --
                        Avg     %Total     Avg     %Total    Count   %Total     Avg         %Total    Count   %Total 
 0:      Main Stage: 3.0622e+01   0.9%  9.1197e+08   0.0%  7.500e+03   2.9%  1.351e+04        0.1%  1.200e+01   0.0% 
 1:      initialize: 1.5068e+01   0.4%  2.1938e+08   0.0%  2.565e+02   0.1%  6.902e+05        0.2%  3.090e+02   0.1% 
 2:     rhsVelocity: 7.2449e+02  21.6%  9.6559e+11  15.2%  7.500e+04  29.4%  7.076e+04        5.1%  0.000e+00   0.0% 
 3:   solveVelocity: 2.2699e+03  67.7%  5.2581e+12  82.7%  9.000e+04  35.3%  1.601e+05       13.9%  3.250e+04  12.5% 
 4:      rhsPoisson: 8.2377e+01   2.5%  5.8927e+10   0.9%  4.500e+04  17.6%  8.971e+03        0.4%  2.000e+00   0.0% 
 5:    solvePoisson: 1.4434e+02   4.3%  0.0000e+00   0.0%  2.250e+04   8.8%  3.658e+06       79.5%  0.000e+00   0.0% 
 6:          update: 6.4613e+01   1.9%  7.7122e+10   1.2%  7.500e+03   2.9%  5.379e+04        0.4%  0.000e+00   0.0% 
 7:           write: 1.4369e+01   0.4%  0.0000e+00   0.0%  0.000e+00   0.0%  0.000e+00        0.0%  4.400e+01   0.0% 
 8:         monitor: 3.0735e-04   0.0%  0.0000e+00   0.0%  0.000e+00   0.0%  0.000e+00        0.0%  0.000e+00   0.0% 
 9:       rhsForces: 7.0798e-01   0.0%  9.2464e+08   0.0%  7.500e+03   2.9%  5.677e+04        0.4%  0.000e+00   0.0% 
10:     solveForces: 6.4922e+00   0.2%  0.0000e+00   0.0%  0.000e+00   0.0%  0.000e+00        0.0%  6.000e+00   0.0% 
11: integrateForces: 2.0830e-01   0.0%  0.0000e+00   0.0%  0.000e+00   0.0%  0.000e+00        0.0%  2.500e+03   1.0% 

------------------------------------------------------------------------------------------------------------------------
See the 'Profiling' chapter of the users' manual for details on interpreting output.
Phase summary info:
   Count: number of times phase was executed
   Time and Flop: Max - maximum over all processors
                  Ratio - ratio of maximum to minimum over all processors
   Mess: number of messages sent
   AvgLen: average message length (bytes)
   Reduct: number of global reductions
   Global: entire computation
   Stage: stages of a computation. Set stages with PetscLogStagePush() and PetscLogStagePop().
      %T - percent time in this phase         %F - percent flop in this phase
      %M - percent messages in this phase     %L - percent message lengths in this phase
      %R - percent reductions in this phase
   Total Mflop/s: 10e-6 * (sum of flop over all processors)/(max time over all processors)
------------------------------------------------------------------------------------------------------------------------
Event                Count      Time (sec)     Flop                              --- Global ---  --- Stage ----  Total
                   Max Ratio  Max     Ratio   Max  Ratio  Mess   AvgLen  Reduct  %T %F %M %L %R  %T %F %M %L %R Mflop/s
------------------------------------------------------------------------------------------------------------------------

--- Event Stage 0: Main Stage

MatMultAdd          2500 1.0 1.8307e+01 1.2 9.12e+08 0.0 7.5e+03 1.4e+04 0.0e+00  0  0  3  0  0  54100100100  0    50
SFBcastOpBegin      2500 1.0 1.5487e-02 1.4 0.00e+00 0.0 7.5e+03 1.4e+04 0.0e+00  0  0  3  0  0   0  0100100  0     0
SFBcastOpEnd        2500 1.0 9.1384e-01 2.3 0.00e+00 0.0 0.0e+00 0.0e+00 0.0e+00  0  0  0  0  0   2  0  0  0  0     0
VecScatterBegin     2500 1.0 2.0452e-02 1.3 0.00e+00 0.0 7.5e+03 1.4e+04 0.0e+00  0  0  3  0  0   0  0100100  0     0
VecScatterEnd       2500 1.0 9.2674e-01 2.3 0.00e+00 0.0 0.0e+00 0.0e+00 0.0e+00  0  0  0  0  0   2  0  0  0  0     0

--- Event Stage 1: initialize

BuildTwoSided         32 1.0 1.4281e-0111.5 0.00e+00 0.0 6.3e+01 4.0e+00 0.0e+00  0  0  0  0  0   1  0 25  0  0     0
BuildTwoSidedF        25 1.0 8.6186e-01 2.0 0.00e+00 0.0 4.5e+00 4.9e+05 0.0e+00  0  0  0  0  0   4  0  2  1  0     0
MatConvert             3 1.0 6.7157e-01 1.0 0.00e+00 0.0 2.7e+01 5.3e+04 0.0e+00  0  0  0  0  0   4  0 11  1  0     0
MatScale               3 1.0 1.1422e-01 1.3 3.62e+07 1.0 6.0e+00 5.7e+04 0.0e+00  0  0  0  0  0   1 66  2  0  0  1264
MatAssemblyBegin      40 1.0 8.6613e-01 2.0 0.00e+00 0.0 4.5e+00 4.9e+05 0.0e+00  0  0  0  0  0   4  0  2  1  0     0
MatAssemblyEnd        40 1.0 1.3360e+00 1.1 0.00e+00 0.0 1.1e+02 1.8e+04 8.1e+01  0  0  0  0  0   8  0 42  1 26     0
MatGetRowIJ            1 1.0 7.8790e-07 4.1 0.00e+00 0.0 0.0e+00 0.0e+00 0.0e+00  0  0  0  0  0   0  0  0  0  0     0
MatCreateSubMat        1 1.0 8.5095e-01 1.0 0.00e+00 0.0 1.5e+01 8.4e+06 1.2e+01  0  0  0  0  0   6  0  6 71  4     0
MatTranspose           1 1.0 9.4418e-02 1.0 0.00e+00 0.0 1.6e+01 1.4e+05 6.0e+00  0  0  0  0  0   1  0  6  1  2     0
MatMatMult             4 1.0 8.0540e-01 1.1 1.76e+07 1.0 5.1e+01 9.2e+04 3.4e+01  0  0  0  0  0   5 32 20  3 11    86
MatMatMultSym          4 1.0 6.6614e-01 1.1 0.00e+00 0.0 4.5e+01 6.6e+04 3.2e+01  0  0  0  0  0   4  0 18  2 10     0
MatMatMultNum          4 1.0 1.3836e-01 1.0 1.76e+07 1.0 6.0e+00 2.8e+05 0.0e+00  0  0  0  0  0   1 32  2  1  0   501
MatGetLocalMat         9 1.0 3.2098e-01 1.4 0.00e+00 0.0 0.0e+00 0.0e+00 0.0e+00  0  0  0  0  0   2  0  0  0  0     0
MatGetBrAoCol          8 1.0 1.1667e-02 1.0 0.00e+00 0.0 2.4e+01 1.8e+05 0.0e+00  0  0  0  0  0   0  0  9  2  0     0
DMCreateMat            1 1.0 5.4650e+00 1.0 0.00e+00 0.0 6.3e+01 2.3e+04 4.4e+01  0  0  0  0  0  36  0 25  1 14     0
SFSetGraph            32 1.0 2.8497e-03 2.2 0.00e+00 0.0 0.0e+00 0.0e+00 0.0e+00  0  0  0  0  0   0  0  0  0  0     0
SFSetUp               32 1.0 1.9568e-01 1.7 0.00e+00 0.0 1.9e+02 8.0e+04 0.0e+00  0  0  0  0  0   1  0 74  9  0     0
SFBcastOpBegin         3 1.0 3.7944e-04 3.2 0.00e+00 0.0 1.2e+01 5.5e+04 0.0e+00  0  0  0  0  0   0  0  5  0  0     0
SFBcastOpEnd           3 1.0 4.8211e-04 2.0 0.00e+00 0.0 0.0e+00 0.0e+00 0.0e+00  0  0  0  0  0   0  0  0  0  0     0
SFReduceBegin          2 1.0 5.3957e-05 1.4 0.00e+00 0.0 6.0e+00 1.4e+04 0.0e+00  0  0  0  0  0   0  0  2  0  0     0
SFReduceEnd            2 1.0 8.9077e-05 8.1 0.00e+00 0.0 0.0e+00 0.0e+00 0.0e+00  0  0  0  0  0   0  0  0  0  0     0
VecView               15 0.0 8.6968e-01 0.0 0.00e+00 0.0 0.0e+00 0.0e+00 0.0e+00  0  0  0  0  0   1  0  0  0  0     0
VecSet                36 1.0 1.7578e-02 1.1 0.00e+00 0.0 0.0e+00 0.0e+00 0.0e+00  0  0  0  0  0   0  0  0  0  0     0
VecScatterBegin        4 1.3 2.8504e-0318.6 0.00e+00 0.0 1.2e+01 5.5e+04 0.0e+00  0  0  0  0  0   0  0  5  0  0     0
VecScatterEnd          3 1.0 4.8528e-04 2.0 0.00e+00 0.0 0.0e+00 0.0e+00 0.0e+00  0  0  0  0  0   0  0  0  0  0     0

--- Event Stage 2: rhsVelocity

BuildTwoSidedF      5000 1.0 2.6376e+01 4.4 0.00e+00 0.0 0.0e+00 0.0e+00 0.0e+00  0  0  0  0  0   2  0  0  0  0     0
MatMult            12500 1.0 5.1639e+02 1.0 1.87e+11 1.0 6.8e+04 7.7e+04 0.0e+00 15 12 26  5  0  71 77 90 98  0  1447
MatMultAdd          5000 1.0 9.0882e+01 1.1 7.71e+09 1.1 7.5e+03 1.4e+04 0.0e+00  3  0  3  0  0  12  3 10  2  0   309
SFBcastOpBegin     15000 1.0 2.1256e+01 1.1 0.00e+00 0.0 7.5e+04 7.1e+04 0.0e+00  1  0 29  5  0   3  0100100  0     0
SFBcastOpEnd       15000 1.0 3.6661e+01 1.1 0.00e+00 0.0 0.0e+00 0.0e+00 0.0e+00  1  0  0  0  0   5  0  0  0  0     0
VecScale           17500 1.0 4.6975e+01 1.1 1.36e+10 1.0 0.0e+00 0.0e+00 0.0e+00  1  1  0  0  0   6  6  0  0  0  1157
VecSet              5000 1.0 1.7690e+01 1.0 0.00e+00 0.0 0.0e+00 0.0e+00 0.0e+00  1  0  0  0  0   2  0  0  0  0     0
VecAXPY            15000 1.0 1.1109e+02 1.0 4.08e+10 1.0 0.0e+00 0.0e+00 0.0e+00  3  3  0  0  0  15 17  0  0  0  1468
VecSwap             2500 1.0 2.3854e+01 1.0 0.00e+00 0.0 0.0e+00 0.0e+00 0.0e+00  1  0  0  0  0   3  0  0  0  0     0
VecAssemblyBegin    5000 1.0 2.6466e+01 4.4 0.00e+00 0.0 0.0e+00 0.0e+00 0.0e+00  0  0  0  0  0   2  0  0  0  0     0
VecAssemblyEnd      5000 1.0 1.4712e-02 1.1 0.00e+00 0.0 0.0e+00 0.0e+00 0.0e+00  0  0  0  0  0   0  0  0  0  0     0
VecScatterBegin    15000 1.0 2.1336e+01 1.1 0.00e+00 0.0 7.5e+04 7.1e+04 0.0e+00  1  0 29  5  0   3  0100100  0     0
VecScatterEnd      15000 1.0 3.6712e+01 1.1 0.00e+00 0.0 0.0e+00 0.0e+00 0.0e+00  1  0  0  0  0   5  0  0  0  0     0

--- Event Stage 3: solveVelocity

MatMult            15000 1.0 1.6369e+03 1.0 1.06e+12 1.0 9.0e+04 1.6e+05 0.0e+00 48 67 35 14  0  71 81100100  0  2590
SFBcastOpBegin     15000 1.0 1.1809e+01 1.6 0.00e+00 0.0 9.0e+04 1.6e+05 0.0e+00  0  0 35 14  0   0  0100100  0     0
SFBcastOpEnd       15000 1.0 4.5791e+01 1.6 0.00e+00 0.0 0.0e+00 0.0e+00 0.0e+00  1  0  0  0  0   2  0  0  0  0     0
VecDot             15000 1.0 9.6948e+01 1.5 4.08e+10 1.0 0.0e+00 0.0e+00 1.5e+04  2  3  0  0  6   4  3  0  0 46  1682
VecDotNorm2         7500 1.0 6.0949e+01 2.1 4.08e+10 1.0 0.0e+00 0.0e+00 7.5e+03  1  3  0  0  3   2  3  0  0 23  2675
VecNorm            10000 1.0 3.1854e+01 1.2 2.72e+10 1.0 0.0e+00 0.0e+00 1.0e+04  1  2  0  0  4   1  2  0  0 31  3413
VecCopy             5000 1.0 3.7120e+01 1.0 0.00e+00 0.0 0.0e+00 0.0e+00 0.0e+00  1  0  0  0  0   2  0  0  0  0     0
VecSet              7500 1.0 3.6156e+01 1.0 0.00e+00 0.0 0.0e+00 0.0e+00 0.0e+00  1  0  0  0  0   2  0  0  0  0     0
VecAXPBYCZ         15000 1.0 1.4706e+02 1.0 8.16e+10 1.0 0.0e+00 0.0e+00 0.0e+00  4  5  0  0  0   6  6  0  0  0  2218
VecWAXPY           15000 1.0 1.4188e+02 1.0 4.08e+10 1.0 0.0e+00 0.0e+00 0.0e+00  4  3  0  0  0   6  3  0  0  0  1149
VecPointwiseMult   17500 1.0 1.4812e+02 1.1 2.38e+10 1.0 0.0e+00 0.0e+00 0.0e+00  4  1  0  0  0   6  2  0  0  0   642
VecScatterBegin    15000 1.0 1.1875e+01 1.5 0.00e+00 0.0 9.0e+04 1.6e+05 0.0e+00  0  0 35 14  0   0  0100100  0     0
VecScatterEnd      15000 1.0 4.5841e+01 1.6 0.00e+00 0.0 0.0e+00 0.0e+00 0.0e+00  1  0  0  0  0   2  0  0  0  0     0
KSPSetUp               1 1.0 3.0248e-02 1.0 0.00e+00 0.0 0.0e+00 0.0e+00 0.0e+00  0  0  0  0  0   0  0  0  0  0     0
KSPSolve            2500 1.0 2.2711e+03 1.0 1.32e+12 1.0 9.0e+04 1.6e+05 3.3e+04 68 83 35 14 13 100100100100100  2315
PCSetUp                1 1.0 1.8980e-06 7.2 0.00e+00 0.0 0.0e+00 0.0e+00 0.0e+00  0  0  0  0  0   0  0  0  0  0     0
PCApply            17500 1.0 1.4828e+02 1.1 2.38e+10 1.0 0.0e+00 0.0e+00 2.0e+00  4  1  0  0  0   6  2  0  0  0   642

--- Event Stage 4: rhsPoisson

BuildTwoSidedF      5000 1.0 1.0842e+01 5.1 0.00e+00 0.0 3.8e+04 7.2e+00 0.0e+00  0  0 15  0  0   8  0 83  0  0     0
MatMult             5000 1.0 7.7015e+01 1.0 1.25e+10 1.0 2.6e+04 1.5e+04 0.0e+00  2  1 10  0  0  93 84 58100  0   646
MatMultAdd          2500 1.0 5.1674e+01 1.0 2.29e+09 1.0 1.9e+04 7.2e+00 2.0e+00  2  0  7  0  0  62 16 42  0100   177
SFBcastOpBegin      2500 1.0 5.5956e-0136.9 0.00e+00 0.0 7.5e+03 5.4e+04 0.0e+00  0  0  3  0  0   0  0 17100  0     0
SFBcastOpEnd        2500 1.0 2.0577e+00 2.3 0.00e+00 0.0 0.0e+00 0.0e+00 0.0e+00  0  0  0  0  0   2  0  0  0  0     0
VecScale            2500 1.0 4.3377e-04 1.5 0.00e+00 0.0 0.0e+00 0.0e+00 0.0e+00  0  0  0  0  0   0  0  0  0  0     0
VecSet              2500 1.0 2.6163e+00 1.5 0.00e+00 0.0 0.0e+00 0.0e+00 0.0e+00  0  0  0  0  0   3  0  0  0  0     0
VecAXPY             2500 1.0 5.7376e+00 1.1 2.29e+09 1.0 0.0e+00 0.0e+00 0.0e+00  0  0  0  0  0   7 16  0  0  0  1594
VecAssemblyBegin    5000 1.0 1.3047e+01 3.4 0.00e+00 0.0 3.8e+04 7.2e+00 0.0e+00  0  0 15  0  0  10  0 83  0  0     0
VecAssemblyEnd      5000 1.0 2.4208e-02 1.1 0.00e+00 0.0 0.0e+00 0.0e+00 0.0e+00  0  0  0  0  0   0  0  0  0  0     0
VecScatterBegin     2500 1.0 5.6387e-0130.3 0.00e+00 0.0 7.5e+03 5.4e+04 0.0e+00  0  0  3  0  0   0  0 17100  0     0
VecScatterEnd       2500 1.0 2.0648e+00 2.3 0.00e+00 0.0 0.0e+00 0.0e+00 0.0e+00  0  0  0  0  0   2  0  0  0  0     0

--- Event Stage 5: solvePoisson

SFBcastOpBegin      5000 1.0 1.2118e+01 1.0 0.00e+00 0.0 1.5e+04 3.7e+06 0.0e+00  0  0  6 53  0   8  0 67 67  0     0
SFBcastOpEnd        5000 1.0 2.2371e+01 2.4 0.00e+00 0.0 0.0e+00 0.0e+00 0.0e+00  0  0  0  0  0   9  0  0  0  0     0
SFReduceBegin       2500 1.0 5.9280e+00598.3 0.00e+00 0.0 7.5e+03 3.7e+06 0.0e+00  0  0  3 26  0   1  0 33 33  0     0
SFReduceEnd         2500 1.0 1.6892e+01 1.5 0.00e+00 0.0 0.0e+00 0.0e+00 0.0e+00  0  0  0  0  0  11  0  0  0  0     0
VecScatterBegin     7500 1.0 1.7931e+01 1.5 0.00e+00 0.0 2.2e+04 3.7e+06 0.0e+00  0  0  9 79  0   9  0100100  0     0
VecScatterEnd       7500 1.0 3.3419e+01 1.3 0.00e+00 0.0 0.0e+00 0.0e+00 0.0e+00  1  0  0  0  0  19  0  0  0  0     0

--- Event Stage 6: update

MatMult             2500 1.0 4.2522e+01 1.0 1.02e+10 1.0 7.5e+03 5.4e+04 0.0e+00  1  1  3  0  0  65 53100100  0   959
SFBcastOpBegin      2500 1.0 4.2163e-0124.7 0.00e+00 0.0 7.5e+03 5.4e+04 0.0e+00  0  0  3  0  0   0  0100100  0     0
SFBcastOpEnd        2500 1.0 1.8947e+00 2.6 0.00e+00 0.0 0.0e+00 0.0e+00 0.0e+00  0  0  0  0  0   2  0  0  0  0     0
VecAXPY             7500 1.0 2.3656e+01 1.1 9.10e+09 1.0 0.0e+00 0.0e+00 0.0e+00  1  1  0  0  0  35 47  0  0  0  1537
VecScatterBegin     2500 1.0 4.3175e-0118.0 0.00e+00 0.0 7.5e+03 5.4e+04 0.0e+00  0  0  3  0  0   1  0100100  0     0
VecScatterEnd       2500 1.0 1.9040e+00 2.6 0.00e+00 0.0 0.0e+00 0.0e+00 0.0e+00  0  0  0  0  0   2  0  0  0  0     0

--- Event Stage 7: write

VecView               44 1.0 1.4248e+01 1.0 0.00e+00 0.0 0.0e+00 0.0e+00 0.0e+00  0  0  0  0  0  99  0  0  0  0     0

--- Event Stage 8: monitor


--- Event Stage 9: rhsForces

MatMult             2500 1.0 7.7777e-01 1.5 2.28e+08 1.0 7.5e+03 5.7e+04 0.0e+00  0  0  3  0  0  98 98100100  0  1167
SFBcastOpBegin      2500 1.0 2.0277e-0128.3 0.00e+00 0.0 7.5e+03 5.7e+04 0.0e+00  0  0  3  0  0   8  0100100  0     0
SFBcastOpEnd        2500 1.0 5.0394e-01 5.7 0.00e+00 0.0 0.0e+00 0.0e+00 0.0e+00  0  0  0  0  0  54  0  0  0  0     0
VecScale            2500 1.0 8.5054e-03 2.1 4.22e+06 1.0 0.0e+00 0.0e+00 0.0e+00  0  0  0  0  0   1  2  0  0  0  1986
VecScatterBegin     2500 1.0 2.0762e-0117.5 0.00e+00 0.0 7.5e+03 5.7e+04 0.0e+00  0  0  3  0  0   9  0100100  0     0
VecScatterEnd       2500 1.0 5.0570e-01 5.6 0.00e+00 0.0 0.0e+00 0.0e+00 0.0e+00  0  0  0  0  0  54  0  0  0  0     0

--- Event Stage 10: solveForces

MatSolve            2500 1.0 6.4659e+00 1.0 0.00e+00 0.0 0.0e+00 0.0e+00 0.0e+00  0  0  0  0  0  97  0  0  0  0     0
MatLUFactorSym         1 1.0 1.2975e-04 1.0 0.00e+00 0.0 0.0e+00 0.0e+00 0.0e+00  0  0  0  0  0   0  0  0  0  0     0
MatLUFactorNum         1 1.0 1.4900e-01 1.0 0.00e+00 0.0 0.0e+00 0.0e+00 0.0e+00  0  0  0  0  0   2  0  0  0  0     0
MatGetRowIJ            1 1.0 4.9919e-07 3.5 0.00e+00 0.0 0.0e+00 0.0e+00 0.0e+00  0  0  0  0  0   0  0  0  0  0     0
MatGetOrdering         1 1.0 5.3722e-05 2.0 0.00e+00 0.0 0.0e+00 0.0e+00 0.0e+00  0  0  0  0  0   0  0  0  0  0     0
VecCopy             2500 1.0 4.3191e-03 2.3 0.00e+00 0.0 0.0e+00 0.0e+00 0.0e+00  0  0  0  0  0   0  0  0  0  0     0
VecSet              2500 1.0 8.1030e-03 1.9 0.00e+00 0.0 0.0e+00 0.0e+00 0.0e+00  0  0  0  0  0   0  0  0  0  0     0
KSPSetUp               1 1.0 1.0915e-06 6.0 0.00e+00 0.0 0.0e+00 0.0e+00 0.0e+00  0  0  0  0  0   0  0  0  0  0     0
KSPSolve            2500 1.0 6.6545e+00 1.0 0.00e+00 0.0 0.0e+00 0.0e+00 6.0e+00  0  0  0  0  0 100  0  0  0100     0
PCSetUp                1 1.0 1.4942e-01 1.0 0.00e+00 0.0 0.0e+00 0.0e+00 6.0e+00  0  0  0  0  0   2  0  0  0100     0
PCApply             2500 1.0 6.4719e+00 1.0 0.00e+00 0.0 0.0e+00 0.0e+00 0.0e+00  0  0  0  0  0  97  0  0  0  0     0

--- Event Stage 11: integrateForces

------------------------------------------------------------------------------------------------------------------------

Memory usage is given in bytes:

Object Type          Creations   Destructions     Memory  Descendants' Mem.
Reports information only for process 0.

--- Event Stage 0: Main Stage

    Distributed Mesh     0              7        39180     0.
              Matrix     0             42   1407572352     0.
           Index Set     0             10      7292424     0.
   IS L to G Mapping     0              6     13742012     0.
   Star Forest Graph     0             31        29768     0.
     Discrete System     0              7         6664     0.
              Vector     0             44    231360840     0.
         Vec Scatter     0             17        13736     0.
   Application Order     0              4     58117728     0.
              Viewer     6              7         5936     0.
       Krylov Solver     0              2         2968     0.
      Preconditioner     0              2         1872     0.

--- Event Stage 1: initialize

    Distributed Mesh     7              0            0     0.
              Matrix    78             37   2638172144     0.
           Index Set    66             58     22407652     0.
   IS L to G Mapping     9              3      5882040     0.
   Star Forest Graph    46             15        15000     0.
     Discrete System     7              0            0     0.
              Vector   103             68     62811936     0.
         Vec Scatter    31             14        11280     0.
   Application Order     4              0            0     0.
              Viewer     7              5         4040     0.
       Krylov Solver     2              0            0     0.
      Preconditioner     2              0            0     0.

--- Event Stage 2: rhsVelocity

              Vector     1              0            0     0.

--- Event Stage 3: solveVelocity

              Vector     7              0            0     0.

--- Event Stage 4: rhsPoisson

              Vector     1              0            0     0.

--- Event Stage 5: solvePoisson


--- Event Stage 6: update


--- Event Stage 7: write

              Viewer    22             22        17776     0.

--- Event Stage 8: monitor


--- Event Stage 9: rhsForces


--- Event Stage 10: solveForces

              Matrix     1              0            0     0.
           Index Set     4              2        15080     0.

--- Event Stage 11: integrateForces

========================================================================================================================
Average time to get PetscTime(): 4.1537e-08
Average time for MPI_Barrier(): 1.82278e-06
Average time for zero size MPI_Send(): 1.37417e-06
#PETSc Option Table entries:
-forces_ksp_type preonly
-forces_pc_factor_mat_solver_type superlu_dist
-forces_pc_type lu
-log_view ascii:view.log
-options_left
-velocity_ksp_atol 1e-6
-velocity_ksp_max_it 1000
-velocity_ksp_rtol 0.0
-velocity_ksp_type bcgs
-velocity_pc_jacobi_type diagonal
-velocity_pc_type jacobi
#End of PETSc Option Table entries
Compiled without FORTRAN kernels
Compiled with full precision matrices (default)
sizeof(short) 2 sizeof(int) 4 sizeof(long) 8 sizeof(void*) 8 sizeof(PetscScalar) 8 sizeof(PetscInt) 4
Configure options: --prefix=/usr/local/petsc-3.12.2 PETSC_DIR=/opt/petsc/3.12.2 PETSC_ARCH=linux-gnu-openmpi-opt COPTFLAGS=-O3 CXXOPTFLAGS=-O3 --with-fc=0 --with-shared-libraries=1 --with-pic=1 --with-cxx-dialect=C++11 --with-debugging=0 --with-mpi-dir=/usr/local/openmpi-3.1.4 --download-hdf5 --download-f2cblaslapack --download-hypre --download-ptscotch --download-metis --download-parmetis --download-superlu_dist
-----------------------------------------
Libraries compiled on 2019-12-11 22:11:45 on 584a588926bb 
Machine characteristics: Linux-4.4.0-127-generic-x86_64-with-Ubuntu-16.04-xenial
Using PETSc directory: /usr/local/petsc-3.12.2
Using PETSc arch: 
-----------------------------------------

Using C compiler: /usr/local/openmpi-3.1.4/bin/mpicc  -fPIC -Wall -Wwrite-strings -Wno-strict-aliasing -Wno-unknown-pragmas -fstack-protector -fvisibility=hidden -O3  
-----------------------------------------

Using include paths: -I/usr/local/petsc-3.12.2/include -I/usr/local/openmpi-3.1.4/include
-----------------------------------------

Using C linker: /usr/local/openmpi-3.1.4/bin/mpicc
Using libraries: -Wl,-rpath,/usr/local/petsc-3.12.2/lib -L/usr/local/petsc-3.12.2/lib -lpetsc -Wl,-rpath,/usr/local/petsc-3.12.2/lib -L/usr/local/petsc-3.12.2/lib -lHYPRE -lsuperlu_dist -lf2clapack -lf2cblas -lptesmumps -lptscotchparmetis -lptscotch -lptscotcherr -lesmumps -lscotch -lscotcherr -lhdf5_hl -lhdf5 -lparmetis -lmetis -lm -lrt -lquadmath -lstdc++ -ldl
-----------------------------------------

