************************************************************************************************************************
***             WIDEN YOUR WINDOW TO 120 CHARACTERS.  Use 'enscript -r -fCourier9' to print this document            ***
************************************************************************************************************************

---------------------------------------------- PETSc Performance Summary: ----------------------------------------------

petibm-decoupledibpm on a  named phantom with 4 processors, by mesnardo Fri Nov  1 18:36:45 2019
Using Petsc Release Version 3.11.4, Sep, 28, 2019 

                         Max       Max/Min     Avg       Total 
Time (sec):           7.327e+02     1.000   7.327e+02
Objects:              3.660e+02     1.083   3.450e+02
Flop:                 7.543e+10     1.023   7.456e+10  2.983e+11
Flop/sec:             1.029e+08     1.023   1.018e+08  4.071e+08
MPI Messages:         7.516e+04     1.630   5.714e+04  2.285e+05
MPI Message Lengths:  4.524e+10     2.918   4.026e+05  9.202e+10
MPI Reductions:       4.288e+04     1.000

Flop counting convention: 1 flop = 1 real number operation of type (multiply/divide/add/subtract)
                            e.g., VecAXPY() for real vectors of length N --> 2N flop
                            and VecAXPY() for complex vectors of length N --> 8N flop

Summary of Stages:   ----- Time ------  ----- Flop ------  --- Messages ---  -- Message Lengths --  -- Reductions --
                        Avg     %Total     Avg     %Total    Count   %Total     Avg         %Total    Count   %Total 
 0:      Main Stage: 9.4637e+00   1.3%  3.9031e+08   0.1%  1.400e+04   6.1%  2.512e+03        0.0%  4.000e+00   0.0% 
 1:      initialize: 1.0363e+01   1.4%  7.2445e+07   0.0%  5.455e+02   0.2%  1.002e+06        0.6%  4.300e+02   1.0% 
 2:     rhsVelocity: 1.8980e+02  25.9%  2.6053e+11  87.3%  1.180e+05  51.6%  2.152e+04        2.8%  0.000e+00   0.0% 
 3:   solveVelocity: 1.4071e+02  19.2%  0.0000e+00   0.0%  1.800e+04   7.9%  3.670e+06       71.8%  0.000e+00   0.0% 
 4:      rhsPoisson: 3.1338e+02  42.8%  1.5968e+10   5.4%  3.800e+04  16.6%  5.075e+03        0.2%  2.000e+00   0.0% 
 5:    solvePoisson: 4.5661e+01   6.2%  0.0000e+00   0.0%  1.800e+04   7.9%  1.239e+06       24.2%  0.000e+00   0.0% 
 6:          update: 1.7396e+01   2.4%  2.0908e+10   7.0%  8.000e+03   3.5%  2.408e+04        0.2%  0.000e+00   0.0% 
 7:           write: 1.1738e+00   0.2%  0.0000e+00   0.0%  0.000e+00   0.0%  0.000e+00        0.0%  1.200e+01   0.0% 
 8:         monitor: 3.0096e-04   0.0%  0.0000e+00   0.0%  0.000e+00   0.0%  0.000e+00        0.0%  0.000e+00   0.0% 
 9:       rhsForces: 1.6432e+00   0.2%  3.9408e+08   0.1%  1.400e+04   6.1%  1.029e+04        0.2%  0.000e+00   0.0% 
10:     solveForces: 2.8239e+00   0.4%  0.0000e+00   0.0%  0.000e+00   0.0%  0.000e+00        0.0%  6.000e+00   0.0% 
11: integrateForces: 1.9120e-01   0.0%  0.0000e+00   0.0%  0.000e+00   0.0%  0.000e+00        0.0%  2.000e+03   4.7% 

------------------------------------------------------------------------------------------------------------------------
See the 'Profiling' chapter of the users' manual for details on interpreting output.
Phase summary info:
   Count: number of times phase was executed
   Time and Flop: Max - maximum over all processors
                  Ratio - ratio of maximum to minimum over all processors
   Mess: number of messages sent
   AvgLen: average message length (bytes)
   Reduct: number of global reductions
   Global: entire computation
   Stage: stages of a computation. Set stages with PetscLogStagePush() and PetscLogStagePop().
      %T - percent time in this phase         %F - percent flop in this phase
      %M - percent messages in this phase     %L - percent message lengths in this phase
      %R - percent reductions in this phase
   Total Mflop/s: 10e-6 * (sum of flop over all processors)/(max time over all processors)
------------------------------------------------------------------------------------------------------------------------
Event                Count      Time (sec)     Flop                              --- Global ---  --- Stage ----  Total
                   Max Ratio  Max     Ratio   Max  Ratio  Mess   AvgLen  Reduct  %T %F %M %L %R  %T %F %M %L %R Mflop/s
------------------------------------------------------------------------------------------------------------------------

--- Event Stage 0: Main Stage

MatMultAdd          2000 1.0 4.5112e+00 1.1 1.92e+0847.2 1.4e+04 2.5e+03 0.0e+00  1  0  6  0  0  45100100100  0    87
VecScatterBegin     2000 1.0 1.5719e-02 1.9 0.00e+00 0.0 1.4e+04 2.5e+03 0.0e+00  0  0  6  0  0   0  0100100  0     0
VecScatterEnd       2000 1.0 1.5875e-01 1.9 0.00e+00 0.0 0.0e+00 0.0e+00 0.0e+00  0  0  0  0  0   1  0  0  0  0     0

--- Event Stage 1: initialize

BuildTwoSided          2 1.0 7.6963e-04 3.0 0.00e+00 0.0 5.0e+00 4.0e+00 0.0e+00  0  0  0  0  0   0  0  1  0  0     0
BuildTwoSidedF        26 1.0 8.9332e-0143.4 0.00e+00 0.0 1.0e+01 7.3e+04 0.0e+00  0  0  0  0  0   6  0  2  0  0     0
MatConvert             3 1.0 1.9823e-01 1.0 0.00e+00 0.0 0.0e+00 0.0e+00 0.0e+00  0  0  0  0  0   2  0  0  0  0     0
MatScale               3 1.0 4.3628e-02 1.0 1.23e+07 1.0 1.4e+01 1.0e+04 0.0e+00  0  0  0  0  0   0 67  3  0  0  1115
MatAssemblyBegin      43 1.0 8.9587e-0142.2 0.00e+00 0.0 1.0e+01 7.3e+04 0.0e+00  0  0  0  0  0   6  0  2  0  0     0
MatAssemblyEnd        43 1.0 6.6543e-01 1.3 0.00e+00 0.0 2.6e+02 4.4e+03 1.7e+02  0  0  0  0  0   5  0 48  0 39     0
MatGetRowIJ            2 1.0 1.2770e-06 1.4 0.00e+00 0.0 0.0e+00 0.0e+00 0.0e+00  0  0  0  0  0   0  0  0  0  0     0
MatCreateSubMat        2 1.0 1.9094e+00 1.0 0.00e+00 0.0 3.0e+01 1.6e+07 3.2e+01  0  0  0  1  0  18  0  5 89  7     0
MatTranspose           1 1.0 3.3729e-02 1.0 0.00e+00 0.0 4.2e+01 2.0e+04 1.0e+01  0  0  0  0  0   0  0  8  0  2     0
MatMatMult             4 1.0 2.7215e-01 1.0 6.08e+06 1.0 9.4e+01 1.9e+04 5.0e+01  0  0  0  0  0   3 33 17  0 12    87
MatMatMultSym          4 1.0 1.9925e-01 1.0 0.00e+00 0.0 8.3e+01 1.4e+04 4.8e+01  0  0  0  0  0   2  0 15  0 11     0
MatMatMultNum          4 1.0 7.2066e-02 1.0 6.08e+06 1.0 1.1e+01 5.6e+04 0.0e+00  0  0  0  0  0   1 33  2  0  0   330
MatGetLocalMat        10 1.0 3.4933e-01 4.3 0.00e+00 0.0 0.0e+00 0.0e+00 0.0e+00  0  0  0  0  0   1  0  0  0  0     0
MatGetBrAoCol          8 1.0 3.8487e-03 1.1 0.00e+00 0.0 4.4e+01 3.7e+04 0.0e+00  0  0  0  0  0   0  0  8  0  0     0
MatTranspose_SeqAIJ_FAST       1 1.0 9.4340e-04 1.4 0.00e+00 0.0 0.0e+00 0.0e+00 0.0e+00  0  0  0  0  0   0  0  0  0  0     0
SFSetGraph             2 1.0 1.9800e-06 2.2 0.00e+00 0.0 0.0e+00 0.0e+00 0.0e+00  0  0  0  0  0   0  0  0  0  0     0
SFSetUp                2 1.0 8.3820e-04 2.3 0.00e+00 0.0 1.5e+01 2.4e+03 0.0e+00  0  0  0  0  0   0  0  3  0  0     0
SFReduceBegin          2 1.0 4.1956e-05 1.6 0.00e+00 0.0 1.0e+01 3.6e+03 0.0e+00  0  0  0  0  0   0  0  2  0  0     0
SFReduceEnd            2 1.0 5.7508e-05 5.7 0.00e+00 0.0 0.0e+00 0.0e+00 0.0e+00  0  0  0  0  0   0  0  0  0  0     0
VecView               15 0.0 3.6809e-01 0.0 0.00e+00 0.0 0.0e+00 0.0e+00 0.0e+00  0  0  0  0  0   1  0  0  0  0     0
VecSet                40 1.1 9.8814e-03 1.3 0.00e+00 0.0 0.0e+00 0.0e+00 0.0e+00  0  0  0  0  0   0  0  0  0  0     0
VecScatterBegin        5 1.7 4.1732e-0369.5 0.00e+00 0.0 2.2e+01 1.5e+04 0.0e+00  0  0  0  0  0   0  0  4  0  0     0
VecScatterEnd          3 1.0 3.6536e-04 7.0 0.00e+00 0.0 0.0e+00 0.0e+00 0.0e+00  0  0  0  0  0   0  0  0  0  0     0

--- Event Stage 2: rhsVelocity

BuildTwoSidedF      4000 1.0 8.8094e-01 1.6 0.00e+00 0.0 0.0e+00 0.0e+00 0.0e+00  0  0  0  0  0   0  0  0  0  0     0
MatMult            10000 1.0 1.3615e+02 1.0 5.08e+10 1.0 1.0e+05 2.4e+04 0.0e+00 18 67 46  3  0  71 77 88 99  0  1478
MatMultAdd          4000 1.0 2.4421e+01 1.0 2.05e+09 1.1 1.4e+04 2.5e+03 0.0e+00  3  3  6  0  0  13  3 12  1  0   317
VecScale           14000 1.0 1.0933e+01 1.1 3.71e+09 1.0 0.0e+00 0.0e+00 0.0e+00  1  5  0  0  0   5  6  0  0  0  1347
VecSet              4000 1.0 4.8754e+00 1.0 0.00e+00 0.0 0.0e+00 0.0e+00 0.0e+00  1  0  0  0  0   3  0  0  0  0     0
VecAXPY            12000 1.0 3.0548e+01 1.0 1.11e+10 1.0 0.0e+00 0.0e+00 0.0e+00  4 15  0  0  0  16 17  0  0  0  1446
VecSwap             2000 1.0 5.4315e+00 1.7 0.00e+00 0.0 0.0e+00 0.0e+00 0.0e+00  1  0  0  0  0   2  0  0  0  0     0
VecAssemblyBegin    4000 1.0 9.5767e-01 1.5 0.00e+00 0.0 0.0e+00 0.0e+00 0.0e+00  0  0  0  0  0   0  0  0  0  0     0
VecAssemblyEnd      4000 1.0 1.1876e-02 1.1 0.00e+00 0.0 0.0e+00 0.0e+00 0.0e+00  0  0  0  0  0   0  0  0  0  0     0
VecScatterBegin    12000 1.0 6.4886e+00 1.1 0.00e+00 0.0 1.2e+05 2.2e+04 0.0e+00  1  0 52  3  0   3  0100100  0     0
VecScatterEnd      12000 1.0 9.5579e+00 3.2 0.00e+00 0.0 0.0e+00 0.0e+00 0.0e+00  1  0  0  0  0   3  0  0  0  0     0

--- Event Stage 3: solveVelocity

VecScatterBegin     6000 1.0 1.9205e+01 2.1 0.00e+00 0.0 1.8e+04 3.7e+06 0.0e+00  2  0  8 72  0   8  0100100  0     0
VecScatterEnd       6000 1.0 1.9172e+01 2.1 0.00e+00 0.0 0.0e+00 0.0e+00 0.0e+00  2  0  0  0  0  10  0  0  0  0     0

--- Event Stage 4: rhsPoisson

BuildTwoSidedF      4000 1.0 2.9003e+0280.5 0.00e+00 0.0 3.0e+04 7.2e+00 0.0e+00 10  0 13  0  0  24  0 79  0  0     0
MatMult             4000 1.0 3.1172e+02 1.0 3.40e+09 1.0 2.3e+04 8.4e+03 0.0e+00 43  5 10  0  0  99 84 61100  0    43
MatMultAdd          2000 1.0 3.0455e+02 1.0 6.26e+08 1.0 1.5e+04 7.2e+00 2.0e+00 42  1  7  0  0  97 16 39  0100     8
VecScale            2000 1.0 5.0156e-04 1.8 0.00e+00 0.0 0.0e+00 0.0e+00 0.0e+00  0  0  0  0  0   0  0  0  0  0     0
VecSet              2000 1.0 4.8227e-01 1.1 0.00e+00 0.0 0.0e+00 0.0e+00 0.0e+00  0  0  0  0  0   0  0  0  0  0     0
VecAXPY             2000 1.0 1.6677e+00 1.1 6.26e+08 1.0 0.0e+00 0.0e+00 0.0e+00  0  1  0  0  0   1 16  0  0  0  1490
VecAssemblyBegin    4000 1.0 2.9083e+02 1.0 0.00e+00 0.0 3.0e+04 7.2e+00 0.0e+00 40  0 13  0  0  93  0 79  0  0     0
VecAssemblyEnd      4000 1.0 2.1576e-02 1.1 0.00e+00 0.0 0.0e+00 0.0e+00 0.0e+00  0  0  0  0  0   0  0  0  0  0     0
VecScatterBegin     2000 1.0 2.2484e-0114.7 0.00e+00 0.0 8.0e+03 2.4e+04 0.0e+00  0  0  4  0  0   0  0 21100  0     0
VecScatterEnd       2000 1.0 3.1162e-01 3.4 0.00e+00 0.0 0.0e+00 0.0e+00 0.0e+00  0  0  0  0  0   0  0  0  0  0     0

--- Event Stage 5: solvePoisson

VecScatterBegin     6000 1.0 6.2160e+00 2.0 0.00e+00 0.0 1.8e+04 1.2e+06 0.0e+00  1  0  8 24  0   9  0100100  0     0
VecScatterEnd       6000 1.0 6.4147e+00 3.1 0.00e+00 0.0 0.0e+00 0.0e+00 0.0e+00  1  0  0  0  0  10  0  0  0  0     0

--- Event Stage 6: update

MatMult             2000 1.0 1.2359e+01 1.1 2.79e+09 1.0 8.0e+03 2.4e+04 0.0e+00  2  4  4  0  0  67 53100100  0   894
VecAXPY             6000 1.0 5.7990e+00 1.1 2.49e+09 1.0 0.0e+00 0.0e+00 0.0e+00  1  3  0  0  0  32 47  0  0  0  1701
VecScatterBegin     2000 1.0 3.2118e-0126.4 0.00e+00 0.0 8.0e+03 2.4e+04 0.0e+00  0  0  4  0  0   1  0100100  0     0
VecScatterEnd       2000 1.0 9.8223e-0112.4 0.00e+00 0.0 0.0e+00 0.0e+00 0.0e+00  0  0  0  0  0   2  0  0  0  0     0

--- Event Stage 7: write

VecView               12 1.0 1.0651e+00 1.0 0.00e+00 0.0 0.0e+00 0.0e+00 0.0e+00  0  0  0  0  0  91  0  0  0  0     0

--- Event Stage 8: monitor


--- Event Stage 9: rhsForces

MatMult             2000 1.0 4.1206e+0025.9 1.02e+08 1.1 1.4e+04 1.0e+04 0.0e+00  0  0  6  0  0  99 98100100  0    94
VecScale            2000 1.0 7.4268e-03 1.7 1.99e+06 1.0 0.0e+00 0.0e+00 0.0e+00  0  0  0  0  0   0  2  0  0  0  1071
VecScatterBegin     2000 1.0 1.2995e-01 9.0 0.00e+00 0.0 1.4e+04 1.0e+04 0.0e+00  0  0  6  0  0   5  0100100  0     0
VecScatterEnd       2000 1.0 3.8479e+0090.5 0.00e+00 0.0 0.0e+00 0.0e+00 0.0e+00  0  0  0  0  0  79  0  0  0  0     0

--- Event Stage 10: solveForces

MatSolve            2000 1.0 3.2472e+00 1.5 0.00e+00 0.0 0.0e+00 0.0e+00 0.0e+00  0  0  0  0  0  97  0  0  0  0     0
MatLUFactorSym         1 1.0 1.4166e-04 1.0 0.00e+00 0.0 0.0e+00 0.0e+00 0.0e+00  0  0  0  0  0   0  0  0  0  0     0
MatLUFactorNum         1 1.0 4.4841e-02 1.0 0.00e+00 0.0 0.0e+00 0.0e+00 0.0e+00  0  0  0  0  0   2  0  0  0  0     0
MatGetRowIJ            1 1.0 8.7300e-07 2.3 0.00e+00 0.0 0.0e+00 0.0e+00 0.0e+00  0  0  0  0  0   0  0  0  0  0     0
MatGetOrdering         1 1.0 6.2630e-05 1.7 0.00e+00 0.0 0.0e+00 0.0e+00 0.0e+00  0  0  0  0  0   0  0  0  0  0     0
VecCopy             2000 1.0 2.8389e-03 1.5 0.00e+00 0.0 0.0e+00 0.0e+00 0.0e+00  0  0  0  0  0   0  0  0  0  0     0
VecSet              2000 1.0 7.1077e-03 2.1 0.00e+00 0.0 0.0e+00 0.0e+00 0.0e+00  0  0  0  0  0   0  0  0  0  0     0
KSPSetUp               1 1.0 3.1380e-06 1.7 0.00e+00 0.0 0.0e+00 0.0e+00 0.0e+00  0  0  0  0  0   0  0  0  0  0     0
KSPSolve            2000 1.0 3.3397e+00 1.5 0.00e+00 0.0 0.0e+00 0.0e+00 6.0e+00  0  0  0  0  0 100  0  0  0100     0
PCSetUp                1 1.0 4.7128e-02 1.0 0.00e+00 0.0 0.0e+00 0.0e+00 6.0e+00  0  0  0  0  0   2  0  0  0100     0
PCApply             2000 1.0 3.2537e+00 1.5 0.00e+00 0.0 0.0e+00 0.0e+00 0.0e+00  0  0  0  0  0  97  0  0  0  0     0

--- Event Stage 11: integrateForces

------------------------------------------------------------------------------------------------------------------------

Memory usage is given in bytes:

Object Type          Creations   Destructions     Memory  Descendants' Mem.
Reports information only for process 0.

--- Event Stage 0: Main Stage

    Distributed Mesh     0              7        37976     0.
              Matrix     0             42    480967856     0.
           Index Set     0             10      2499476     0.
   IS L to G Mapping     0              6      4856768     0.
   Star Forest Graph     0             14        11760     0.
     Discrete System     0              7         6440     0.
              Vector     0             39     82960304     0.
         Vec Scatter     0             19     14930608     0.
   Application Order     0              4     19698064     0.
              Viewer     2              3         2544     0.
       Krylov Solver     0              1         1480     0.
      Preconditioner     0              1         1008     0.

--- Event Stage 1: initialize

    Distributed Mesh     7              0            0     0.
              Matrix    83             42   2178596984     0.
           Index Set    72             64     22617392     0.
   IS L to G Mapping     9              3      2077980     0.
   Star Forest Graph    16              2         1808     0.
     Discrete System     7              0            0     0.
              Vector   109             72     58753312     0.
         Vec Scatter    35             16        21376     0.
   Application Order     4              0            0     0.
              Viewer     7              5         4160     0.
       Krylov Solver     1              0            0     0.
      Preconditioner     1              0            0     0.

--- Event Stage 2: rhsVelocity

              Vector     1              0            0     0.

--- Event Stage 3: solveVelocity


--- Event Stage 4: rhsPoisson

              Vector     1              0            0     0.

--- Event Stage 5: solvePoisson


--- Event Stage 6: update


--- Event Stage 7: write

              Viewer     6              6         4992     0.

--- Event Stage 8: monitor


--- Event Stage 9: rhsForces


--- Event Stage 10: solveForces

              Matrix     1              0            0     0.
           Index Set     4              2         9568     0.

--- Event Stage 11: integrateForces

========================================================================================================================
Average time to get PetscTime(): 3.40995e-08
Average time for MPI_Barrier(): 1.6582e-06
Average time for zero size MPI_Send(): 2.4155e-06
#PETSc Option Table entries:
-directory /mnt
-forces_ksp_type preonly
-forces_pc_factor_mat_solver_type superlu_dist
-forces_pc_type lu
-log_view ascii:view.log
-options_left
#End of PETSc Option Table entries
Compiled without FORTRAN kernels
Compiled with full precision matrices (default)
sizeof(short) 2 sizeof(int) 4 sizeof(long) 8 sizeof(void*) 8 sizeof(PetscScalar) 8 sizeof(PetscInt) 4
Configure options: --prefix=/usr/local/petsc-3.11.4 PETSC_DIR=/opt/petsc/3.11.4 PETSC_ARCH=linux-gnu-openmpi-opt COPTFLAGS=-O3 CXXFLAGS=-O3 --with-fc=0 --with-shared-libraries=1 --with-pic=1 --with-cxx-dialect=C++11 --with-debugging=0 --download-openmpi=https://download.open-mpi.org/release/open-mpi/v3.1/openmpi-3.1.4.tar.gz --download-hdf5 --download-f2cblaslapack --download-hypre --download-ptscotch --download-metis --download-parmetis --download-superlu_dist
-----------------------------------------
Libraries compiled on 2019-10-18 00:04:50 on abc8e2ed9974 
Machine characteristics: Linux-4.4.0-127-generic-x86_64-with-Ubuntu-16.04-xenial
Using PETSc directory: /usr/local/petsc-3.11.4
Using PETSc arch: 
-----------------------------------------

Using C compiler: /usr/local/petsc-3.11.4/bin/mpicc  -fPIC -Wall -Wwrite-strings -Wno-strict-aliasing -Wno-unknown-pragmas -fstack-protector -fvisibility=hidden -O3  
-----------------------------------------

Using include paths: -I/usr/local/petsc-3.11.4/include
-----------------------------------------

Using C linker: /usr/local/petsc-3.11.4/bin/mpicc
Using libraries: -Wl,-rpath,/usr/local/petsc-3.11.4/lib -L/usr/local/petsc-3.11.4/lib -lpetsc -Wl,-rpath,/usr/local/petsc-3.11.4/lib -L/usr/local/petsc-3.11.4/lib -lHYPRE -lsuperlu_dist -lf2clapack -lf2cblas -lhdf5_hl -lhdf5 -lparmetis -lmetis -lptesmumps -lptscotchparmetis -lptscotch -lptscotcherr -lesmumps -lscotch -lscotcherr -lm -lrt -lm -lpthread -lstdc++ -ldl
-----------------------------------------

