************************************************************************************************************************
***             WIDEN YOUR WINDOW TO 120 CHARACTERS.  Use 'enscript -r -fCourier9' to print this document            ***
************************************************************************************************************************

---------------------------------------------- PETSc Performance Summary: ----------------------------------------------

petibm-navierstokes on a  named phantom with 2 processors, by mesnardo Thu Jan  2 13:51:10 2020
Using Petsc Release Version 3.12.2, Nov, 22, 2019 

                         Max       Max/Min     Avg       Total 
Time (sec):           1.004e+02     1.000   1.004e+02
Objects:              5.520e+02     1.036   5.425e+02
Flop:                 1.146e+11     1.001   1.145e+11  2.290e+11
Flop/sec:             1.141e+09     1.001   1.140e+09  2.281e+09
MPI Messages:         1.084e+06     1.005   1.081e+06  2.162e+06
MPI Message Lengths:  7.650e+08     1.000   7.075e+02  1.530e+09
MPI Reductions:       1.767e+06     1.000

Flop counting convention: 1 flop = 1 real number operation of type (multiply/divide/add/subtract)
                            e.g., VecAXPY() for real vectors of length N --> 2N flop
                            and VecAXPY() for complex vectors of length N --> 8N flop

Summary of Stages:   ----- Time ------  ----- Flop ------  --- Messages ---  -- Message Lengths --  -- Reductions --
                        Avg     %Total     Avg     %Total    Count   %Total     Avg         %Total    Count   %Total 
 0:      Main Stage: 2.7541e-01   0.3%  0.0000e+00   0.0%  0.000e+00   0.0%  0.000e+00        0.0%  4.000e+00   0.0% 
 1:      initialize: 4.1572e-01   0.4%  7.1323e+05   0.0%  4.150e+01   0.0%  5.182e+02        0.0%  1.570e+02   0.0% 
 2:     rhsVelocity: 9.3423e+00   9.3%  1.1643e+10   5.1%  7.000e+04   3.2%  1.312e+03        6.0%  0.000e+00   0.0% 
 3:   solveVelocity: 1.5609e+01  15.5%  5.7180e+10  25.0%  1.200e+05   5.5%  2.040e+03       16.0%  1.300e+05   7.4% 
 4:      rhsPoisson: 2.1035e+00   2.1%  1.4643e+09   0.6%  3.500e+04   1.6%  2.977e+02        0.7%  2.000e+00   0.0% 
 5:    solvePoisson: 7.0909e+01  70.6%  1.5679e+11  68.5%  1.927e+06  89.1%  6.084e+02       76.6%  1.603e+06  90.7% 
 6:          update: 1.2238e+00   1.2%  1.9533e+09   0.9%  1.000e+04   0.5%  1.024e+03        0.7%  0.000e+00   0.0% 
 7:           write: 5.0347e-01   0.5%  0.0000e+00   0.0%  0.000e+00   0.0%  0.000e+00        0.0%  1.000e+01   0.0% 
 8:         monitor: 1.3511e-03   0.0%  0.0000e+00   0.0%  0.000e+00   0.0%  0.000e+00        0.0%  0.000e+00   0.0% 

------------------------------------------------------------------------------------------------------------------------
See the 'Profiling' chapter of the users' manual for details on interpreting output.
Phase summary info:
   Count: number of times phase was executed
   Time and Flop: Max - maximum over all processors
                  Ratio - ratio of maximum to minimum over all processors
   Mess: number of messages sent
   AvgLen: average message length (bytes)
   Reduct: number of global reductions
   Global: entire computation
   Stage: stages of a computation. Set stages with PetscLogStagePush() and PetscLogStagePop().
      %T - percent time in this phase         %F - percent flop in this phase
      %M - percent messages in this phase     %L - percent message lengths in this phase
      %R - percent reductions in this phase
   Total Mflop/s: 10e-6 * (sum of flop over all processors)/(max time over all processors)
------------------------------------------------------------------------------------------------------------------------
Event                Count      Time (sec)     Flop                              --- Global ---  --- Stage ----  Total
                   Max Ratio  Max     Ratio   Max  Ratio  Mess   AvgLen  Reduct  %T %F %M %L %R  %T %F %M %L %R Mflop/s
------------------------------------------------------------------------------------------------------------------------

--- Event Stage 0: Main Stage


--- Event Stage 1: initialize

BuildTwoSided         15 1.0 3.1131e-04 1.4 0.00e+00 0.0 1.2e+01 4.0e+00 0.0e+00  0  0  0  0  0   0  0 30  0  0     0
BuildTwoSidedF        15 1.0 7.2126e-04 4.1 0.00e+00 0.0 0.0e+00 0.0e+00 0.0e+00  0  0  0  0  0   0  0  0  0  0     0
MatConvert             2 1.0 1.3976e-03 1.0 0.00e+00 0.0 6.0e+00 6.8e+02 0.0e+00  0  0  0  0  0   0  0 14 19  0     0
MatScale               1 1.0 9.5485e-05 1.1 1.45e+05 1.0 0.0e+00 0.0e+00 0.0e+00  0  0  0  0  0   0 41  0  0  0  3032
MatAssemblyBegin      21 1.0 8.1967e-04 3.0 0.00e+00 0.0 0.0e+00 0.0e+00 0.0e+00  0  0  0  0  0   0  0  0  0  0     0
MatAssemblyEnd        21 1.0 5.3586e-03 1.0 0.00e+00 0.0 2.2e+01 3.9e+02 4.0e+01  0  0  0  0  0   1  0 54 41 25     0
MatMatMult             2 1.0 4.4726e-03 1.0 1.95e+05 1.0 8.5e+00 8.4e+02 1.6e+01  0  0  0  0  0   1 55 20 33 10    87
MatMatMultSym          2 1.0 3.7052e-03 1.0 0.00e+00 0.0 7.5e+00 6.8e+02 1.6e+01  0  0  0  0  0   1  0 18 24 10     0
MatMatMultNum          2 1.0 7.5372e-04 1.0 1.95e+05 1.0 1.0e+00 2.0e+03 0.0e+00  0  0  0  0  0   0 55  2 10  0   518
MatGetLocalMat         4 1.0 1.2457e-03 1.0 0.00e+00 0.0 0.0e+00 0.0e+00 0.0e+00  0  0  0  0  0   0  0  0  0  0     0
MatGetBrAoCol          4 1.0 7.6503e-05 1.1 0.00e+00 0.0 4.0e+00 1.4e+03 0.0e+00  0  0  0  0  0   0  0 10 26  0     0
DMCreateMat            1 1.0 1.9048e-02 1.0 0.00e+00 0.0 1.5e+01 4.1e+02 3.2e+01  0  0  0  0  0   5  0 36 29 20     0
SFSetGraph            15 1.0 1.6856e-05 1.0 0.00e+00 0.0 0.0e+00 0.0e+00 0.0e+00  0  0  0  0  0   0  0  0  0  0     0
SFSetUp               15 1.0 8.7069e-04 1.0 0.00e+00 0.0 3.8e+01 4.2e+02 0.0e+00  0  0  0  0  0   0  0 90 74  0     0
VecView               15 0.0 2.7508e-01 0.0 0.00e+00 0.0 0.0e+00 0.0e+00 0.0e+00  0  0  0  0  0  33  0  0  0  0     0
VecSet                19 1.0 2.8128e-05 1.0 0.00e+00 0.0 0.0e+00 0.0e+00 0.0e+00  0  0  0  0  0   0  0  0  0  0     0

--- Event Stage 2: rhsVelocity

BuildTwoSidedF     20000 1.0 3.0072e-01 1.2 0.00e+00 0.0 0.0e+00 0.0e+00 0.0e+00  0  0  0  0  0   3  0  0  0  0     0
MatMult            50000 1.0 7.9667e+00 1.1 3.23e+09 1.0 7.0e+04 1.3e+03 0.0e+00  8  3  3  6  0  82 55100100  0   809
MatMultAdd         10000 1.0 1.3755e+00 1.0 3.26e+08 1.0 0.0e+00 0.0e+00 0.0e+00  1  0  0  0  0  15  6  0  0  0   473
SFBcastOpBegin     40000 1.0 2.9145e-01 1.0 0.00e+00 0.0 7.0e+04 1.3e+03 0.0e+00  0  0  3  6  0   3  0100100  0     0
SFBcastOpEnd       40000 1.0 1.0061e+00 2.5 0.00e+00 0.0 0.0e+00 0.0e+00 0.0e+00  1  0  0  0  0   8  0  0  0  0     0
VecScale           70000 1.0 3.3971e-01 1.0 6.53e+08 1.0 0.0e+00 0.0e+00 0.0e+00  0  1  0  0  0   4 11  0  0  0  3828
VecSet             20000 1.0 3.9874e-01 1.0 0.00e+00 0.0 0.0e+00 0.0e+00 0.0e+00  0  0  0  0  0   4  0  0  0  0     0
VecAXPY            60000 1.0 7.0606e-01 1.0 1.96e+09 1.0 0.0e+00 0.0e+00 0.0e+00  1  2  0  0  0   7 34  0  0  0  5526
VecSwap            10000 1.0 3.9771e-01 1.0 0.00e+00 0.0 0.0e+00 0.0e+00 0.0e+00  0  0  0  0  0   4  0  0  0  0     0
VecAssemblyBegin   20000 1.0 4.1908e-01 1.1 0.00e+00 0.0 0.0e+00 0.0e+00 0.0e+00  0  0  0  0  0   4  0  0  0  0     0
VecAssemblyEnd     20000 1.0 3.6071e-02 1.0 0.00e+00 0.0 0.0e+00 0.0e+00 0.0e+00  0  0  0  0  0   0  0  0  0  0     0
VecScatterBegin    40000 1.0 3.1933e-01 1.0 0.00e+00 0.0 7.0e+04 1.3e+03 0.0e+00  0  0  3  6  0   3  0100100  0     0
VecScatterEnd      40000 1.0 1.0262e+00 2.4 0.00e+00 0.0 0.0e+00 0.0e+00 0.0e+00  1  0  0  0  0   8  0  0  0  0     0

--- Event Stage 3: solveVelocity

MatMult            60000 1.0 9.6470e+00 1.0 1.65e+10 1.0 1.2e+05 2.0e+03 0.0e+00 10 14  6 16  0  62 57100100  0  3400
SFBcastOpBegin     60000 1.0 1.0960e-01 1.1 0.00e+00 0.0 1.2e+05 2.0e+03 0.0e+00  0  0  6 16  0   1  0100100  0     0
SFBcastOpEnd       60000 1.0 3.3485e-01 1.3 0.00e+00 0.0 0.0e+00 0.0e+00 0.0e+00  0  0  0  0  0   2  0  0  0  0     0
VecDot             60000 1.0 9.8861e-01 1.0 1.96e+09 1.0 0.0e+00 0.0e+00 6.0e+04  1  2  0  0  3   6  7  0  0 46  3946
VecDotNorm2        30000 1.0 5.1189e-01 1.0 1.96e+09 1.0 0.0e+00 0.0e+00 3.0e+04  1  2  0  0  2   3  7  0  0 23  7622
VecNorm            40000 1.0 6.9924e-01 1.0 1.31e+09 1.0 0.0e+00 0.0e+00 4.0e+04  1  1  0  0  2   4  5  0  0 31  3720
VecCopy            20000 1.0 4.2361e-01 1.0 0.00e+00 0.0 0.0e+00 0.0e+00 0.0e+00  0  0  0  0  0   3  0  0  0  0     0
VecSet             30000 1.0 4.0063e-01 1.0 0.00e+00 0.0 0.0e+00 0.0e+00 0.0e+00  0  0  0  0  0   3  0  0  0  0     0
VecAXPBYCZ         60000 1.0 7.7653e-01 1.0 3.92e+09 1.0 0.0e+00 0.0e+00 0.0e+00  1  3  0  0  0   5 14  0  0  0 10048
VecWAXPY           60000 1.0 7.5738e-01 1.0 1.96e+09 1.0 0.0e+00 0.0e+00 0.0e+00  1  2  0  0  0   5  7  0  0  0  5151
VecPointwiseMult   70000 1.0 1.1666e+00 1.0 1.14e+09 1.0 0.0e+00 0.0e+00 0.0e+00  1  1  0  0  0   7  4  0  0  0  1951
VecScatterBegin    60000 1.0 1.3578e-01 1.1 0.00e+00 0.0 1.2e+05 2.0e+03 0.0e+00  0  0  6 16  0   1  0100100  0     0
VecScatterEnd      60000 1.0 3.6643e-01 1.3 0.00e+00 0.0 0.0e+00 0.0e+00 0.0e+00  0  0  0  0  0   2  0  0  0  0     0
KSPSetUp               1 1.0 1.7110e-04 1.0 0.00e+00 0.0 0.0e+00 0.0e+00 0.0e+00  0  0  0  0  0   0  0  0  0  0     0
KSPSolve           10000 1.0 1.5580e+01 1.0 2.87e+10 1.0 1.2e+05 2.0e+03 1.3e+05 16 25  6 16  7 100100100100100  3670
PCSetUp                1 1.0 6.8301e-07 1.2 0.00e+00 0.0 0.0e+00 0.0e+00 0.0e+00  0  0  0  0  0   0  0  0  0  0     0
PCApply            70000 1.0 1.1953e+00 1.0 1.14e+09 1.0 0.0e+00 0.0e+00 2.0e+00  1  1  0  0  0   8  4  0  0  0  1904

--- Event Stage 4: rhsPoisson

BuildTwoSidedF     10000 1.0 2.5847e-01 1.3 0.00e+00 0.0 2.5e+04 7.2e+00 0.0e+00  0  0  1  0  0  11  0 71  2  0     0
MatMult            20000 1.0 2.0165e+00 1.0 5.68e+08 1.0 3.5e+04 3.0e+02 0.0e+00  2  0  2  1  0  96 78100100  0   564
MatMultAdd         10000 1.0 1.3227e+00 1.0 1.64e+08 1.0 2.5e+04 7.2e+00 2.0e+00  1  0  1  0  0  63 22 71  2100   248
SFBcastOpBegin     10000 1.0 1.8265e-02 1.3 0.00e+00 0.0 1.0e+04 1.0e+03 0.0e+00  0  0  0  1  0   1  0 29 98  0     0
SFBcastOpEnd       10000 1.0 3.8261e-02 1.6 0.00e+00 0.0 0.0e+00 0.0e+00 0.0e+00  0  0  0  0  0   1  0  0  0  0     0
VecScale           10000 1.0 1.9920e-03 1.8 0.00e+00 0.0 0.0e+00 0.0e+00 0.0e+00  0  0  0  0  0   0  0  0  0  0     0
VecSet             10000 1.0 8.9451e-02 1.0 0.00e+00 0.0 0.0e+00 0.0e+00 0.0e+00  0  0  0  0  0   4  0  0  0  0     0
VecAXPY            10000 1.0 6.8259e-02 1.1 1.64e+08 1.0 0.0e+00 0.0e+00 0.0e+00  0  0  0  0  0   3 22  0  0  0  4801
VecAssemblyBegin   10000 1.0 3.2019e-01 1.1 0.00e+00 0.0 2.5e+04 7.2e+00 0.0e+00  0  0  1  0  0  14  0 71  2  0     0
VecAssemblyEnd     10000 1.0 2.9177e-02 1.2 0.00e+00 0.0 0.0e+00 0.0e+00 0.0e+00  0  0  0  0  0   1  0  0  0  0     0
VecScatterBegin    10000 1.0 2.3920e-02 1.2 0.00e+00 0.0 1.0e+04 1.0e+03 0.0e+00  0  0  0  1  0   1  0 29 98  0     0
VecScatterEnd      10000 1.0 4.2230e-02 1.5 0.00e+00 0.0 0.0e+00 0.0e+00 0.0e+00  0  0  0  0  0   2  0  0  0  0     0

--- Event Stage 5: solvePoisson

BuildTwoSided         22 1.0 1.8732e-04 1.0 0.00e+00 0.0 1.9e+01 4.0e+00 0.0e+00  0  0  0  0  0   0  0  0  0  0     0
BuildTwoSidedF        28 1.0 3.2849e-04 1.1 0.00e+00 0.0 1.8e+01 2.5e+03 0.0e+00  0  0  0  0  0   0  0  0  0  0     0
MatMult           760727 1.0 1.8759e+01 1.0 2.77e+10 1.0 1.5e+06 7.0e+02 0.0e+00 19 24 70 70  0  26 35 79 91  0  2947
MatMultAdd        121689 1.0 2.9281e+00 1.0 2.01e+09 1.0 2.0e+05 2.7e+02 0.0e+00  3  2  9  4  0   4  3 11  5  0  1370
MatMultTranspose  121689 1.0 3.2883e+00 1.0 2.01e+09 1.0 2.0e+05 2.7e+02 0.0e+00  3  2  9  4  0   5  3 11  5  0  1220
MatSolve           40563 0.0 1.4399e-01 0.0 9.61e+07 0.0 0.0e+00 0.0e+00 0.0e+00  0  0  0  0  0   0  0  0  0  0   668
MatSOR            730134 1.0 3.0871e+01 1.0 2.75e+10 1.0 0.0e+00 0.0e+00 0.0e+00 31 24  0  0  0  43 35  0  0  0  1777
MatLUFactorSym         1 1.0 3.7763e-05 5.2 0.00e+00 0.0 0.0e+00 0.0e+00 0.0e+00  0  0  0  0  0   0  0  0  0  0     0
MatLUFactorNum         1 1.0 1.6918e-0517.3 2.01e+04 0.0 0.0e+00 0.0e+00 0.0e+00  0  0  0  0  0   0  0  0  0  0  1187
MatConvert             3 1.0 4.9741e-04 1.0 0.00e+00 0.0 9.0e+00 2.3e+02 0.0e+00  0  0  0  0  0   0  0  0  0  0     0
MatScale               9 1.0 2.1846e-04 1.0 1.64e+05 1.0 6.0e+00 6.9e+02 0.0e+00  0  0  0  0  0   0  0  0  0  0  1496
MatResidual       121689 1.0 3.1358e+00 1.0 4.64e+09 1.0 2.4e+05 6.9e+02 0.0e+00  3  4 11 11  0   4  6 13 14  0  2947
MatAssemblyBegin      63 1.0 4.4016e-04 1.1 0.00e+00 0.0 1.8e+01 2.5e+03 0.0e+00  0  0  0  0  0   0  0  0  0  0     0
MatAssemblyEnd        63 1.0 3.5991e-03 1.0 1.16e+03 1.1 3.8e+01 1.7e+02 6.0e+01  0  0  0  0  0   0  0  0  0  0     1
MatGetRowIJ            1 0.0 7.3380e-06 0.0 0.00e+00 0.0 0.0e+00 0.0e+00 0.0e+00  0  0  0  0  0   0  0  0  0  0     0
MatCreateSubMat        2 1.0 3.9167e-04 1.0 0.00e+00 0.0 6.5e+00 9.8e+02 2.4e+01  0  0  0  0  0   0  0  0  0  0     0
MatGetOrdering         1 0.0 3.6370e-05 0.0 0.00e+00 0.0 0.0e+00 0.0e+00 0.0e+00  0  0  0  0  0   0  0  0  0  0     0
MatCoarsen             3 1.0 4.6350e-04 1.0 0.00e+00 0.0 3.3e+01 4.7e+02 6.0e+00  0  0  0  0  0   0  0  0  0  0     0
MatZeroEntries         4 1.0 2.0228e-04 1.0 0.00e+00 0.0 0.0e+00 0.0e+00 0.0e+00  0  0  0  0  0   0  0  0  0  0     0
MatAXPY                3 1.0 8.0137e-04 1.0 9.56e+03 1.0 0.0e+00 0.0e+00 0.0e+00  0  0  0  0  0   0  0  0  0  0    24
MatTranspose           6 1.0 2.0853e-04 1.0 0.00e+00 0.0 0.0e+00 0.0e+00 0.0e+00  0  0  0  0  0   0  0  0  0  0     0
MatMatMult             3 1.0 2.1538e-03 1.0 1.14e+05 1.0 3.3e+01 3.9e+02 2.4e+01  0  0  0  0  0   0  0  0  0  0   106
MatMatMultSym          3 1.0 1.7828e-03 1.0 0.00e+00 0.0 2.7e+01 3.3e+02 2.4e+01  0  0  0  0  0   0  0  0  0  0     0
MatMatMultNum          3 1.0 3.5947e-04 1.0 1.14e+05 1.0 6.0e+00 6.9e+02 0.0e+00  0  0  0  0  0   0  0  0  0  0   634
MatPtAP                3 1.0 5.0944e-03 1.0 6.14e+05 1.0 5.4e+01 1.0e+03 3.3e+01  0  0  0  0  0   0  0  0  0  0   239
MatPtAPSymbolic        3 1.0 3.8031e-03 1.0 0.00e+00 0.0 3.6e+01 8.4e+02 2.1e+01  0  0  0  0  0   0  0  0  0  0     0
MatPtAPNumeric         3 1.0 1.2810e-03 1.0 6.14e+05 1.0 1.8e+01 1.3e+03 1.2e+01  0  0  0  0  0   0  0  0  0  0   950
MatTrnMatMult          1 1.0 7.4728e-03 1.0 5.11e+05 1.0 1.2e+01 2.5e+03 1.1e+01  0  0  0  0  0   0  0  0  0  0   137
MatTrnMatMultSym       1 1.0 3.8018e-03 1.0 0.00e+00 0.0 6.0e+00 1.2e+03 7.0e+00  0  0  0  0  0   0  0  0  0  0     0
MatTrnMatMultNum       1 1.0 3.6665e-03 1.0 5.11e+05 1.0 6.0e+00 3.7e+03 4.0e+00  0  0  0  0  0   0  0  0  0  0   279
MatGetLocalMat        10 1.0 1.0296e-03 1.0 0.00e+00 0.0 0.0e+00 0.0e+00 0.0e+00  0  0  0  0  0   0  0  0  0  0     0
MatGetBrAoCol          9 1.0 2.6273e-04 1.0 0.00e+00 0.0 4.2e+01 8.5e+02 0.0e+00  0  0  0  0  0   0  0  0  0  0     0
SFSetGraph            22 1.0 7.0081e-06 1.1 0.00e+00 0.0 0.0e+00 0.0e+00 0.0e+00  0  0  0  0  0   0  0  0  0  0     0
SFSetUp               22 1.0 3.3600e-04 1.0 0.00e+00 0.0 5.7e+01 2.0e+02 0.0e+00  0  0  0  0  0   0  0  0  0  0     0
SFBcastOpBegin    882443 1.0 8.1219e-01 1.0 0.00e+00 0.0 1.7e+06 6.5e+02 0.0e+00  1  0 80 73  0   1  0 89 95  0     0
SFBcastOpEnd      882443 1.0 1.5256e+00 1.0 0.00e+00 0.0 0.0e+00 0.0e+00 0.0e+00  1  0  0  0  0   2  0  0  0  0     0
SFReduceBegin     121689 1.0 1.2865e-01 1.1 0.00e+00 0.0 2.0e+05 2.7e+02 0.0e+00  0  0  9  4  0   0  0 11  5  0     0
SFReduceEnd       121689 1.0 2.2758e-01 1.2 0.00e+00 0.0 0.0e+00 0.0e+00 0.0e+00  0  0  0  0  0   0  0  0  0  0     0
VecMDot               30 1.0 2.3559e-04 1.0 1.05e+06 1.0 0.0e+00 0.0e+00 3.0e+01  0  0  0  0  0   0  0  0  0  0  8913
VecTDot          1278016 1.0 5.6394e+00 1.0 8.75e+09 1.0 0.0e+00 0.0e+00 1.3e+06  6  8  0  0 72   8 11  0  0 80  3101
VecNorm            40596 1.0 3.1861e-01 1.0 6.65e+08 1.0 0.0e+00 0.0e+00 4.1e+04  0  1  0  0  2   0  1  0  0  3  4173
VecScale              33 1.0 4.9618e-05 1.0 1.05e+05 1.0 0.0e+00 0.0e+00 0.0e+00  0  0  0  0  0   0  0  0  0  0  4233
VecCopy           385070 1.0 7.9375e-01 1.0 0.00e+00 0.0 0.0e+00 0.0e+00 0.0e+00  1  0  0  0  0   1  0  0  0  0     0
VecSet            496784 1.0 3.1852e-01 1.0 0.00e+00 0.0 0.0e+00 0.0e+00 0.0e+00  0  0  0  0  0   0  0  0  0  0     0
VecAXPY          1034641 1.0 2.3710e+00 1.0 7.20e+09 1.0 0.0e+00 0.0e+00 0.0e+00  2  6  0  0  0   3  9  0  0  0  6071
VecAYPX           507319 1.0 8.8885e-01 1.0 2.66e+09 1.0 0.0e+00 0.0e+00 0.0e+00  1  2  0  0  0   1  3  0  0  0  5986
VecMAXPY              33 1.0 1.8907e-04 1.1 1.24e+06 1.0 0.0e+00 0.0e+00 0.0e+00  0  0  0  0  0   0  0  0  0  0 13127
VecAssemblyBegin      11 1.0 8.8331e-05 1.2 0.00e+00 0.0 0.0e+00 0.0e+00 0.0e+00  0  0  0  0  0   0  0  0  0  0     0
VecAssemblyEnd        11 1.0 1.0030e-05 1.0 0.00e+00 0.0 0.0e+00 0.0e+00 0.0e+00  0  0  0  0  0   0  0  0  0  0     0
VecPointwiseMult      33 1.0 6.3788e-05 1.0 1.05e+05 1.0 0.0e+00 0.0e+00 0.0e+00  0  0  0  0  0   0  0  0  0  0  3292
VecScatterBegin  1004120 1.0 1.2045e+00 1.0 0.00e+00 0.0 1.9e+06 6.1e+02 0.0e+00  1  0 89 77  0   2  0100100  0     0
VecScatterEnd    1004120 1.0 1.9387e+00 1.0 0.00e+00 0.0 0.0e+00 0.0e+00 0.0e+00  2  0  0  0  0   3  0  0  0  0     0
VecSetRandom           3 1.0 2.0788e-04 1.0 0.00e+00 0.0 0.0e+00 0.0e+00 0.0e+00  0  0  0  0  0   0  0  0  0  0     0
VecNormalize          33 1.0 2.0977e-04 1.1 3.15e+05 1.0 0.0e+00 0.0e+00 3.3e+01  0  0  0  0  0   0  0  0  0  0  3003
KSPSetUp               9 1.0 2.1362e-04 1.0 0.00e+00 0.0 0.0e+00 0.0e+00 1.2e+01  0  0  0  0  0   0  0  0  0  0     0
KSPSolve           10000 1.0 7.0894e+01 1.0 7.86e+10 1.0 1.9e+06 6.1e+02 1.6e+06 71 68 89 77 91 100100100100100  2212
KSPGMRESOrthog        30 1.0 4.1461e-04 1.0 2.10e+06 1.0 0.0e+00 0.0e+00 3.0e+01  0  0  0  0  0   0  0  0  0  0 10130
PCGAMGGraph_AGG        3 1.0 5.4503e-03 1.0 1.14e+05 1.0 2.4e+01 3.4e+02 2.4e+01  0  0  0  0  0   0  0  0  0  0    42
PCGAMGCoarse_AGG       3 1.0 9.3188e-03 1.0 5.11e+05 1.0 5.5e+01 1.2e+03 2.1e+01  0  0  0  0  0   0  0  0  0  0   110
PCGAMGProl_AGG         3 1.0 2.6755e-03 1.0 0.00e+00 0.0 2.4e+01 6.0e+02 3.6e+01  0  0  0  0  0   0  0  0  0  0     0
PCGAMGPOpt_AGG         3 1.0 9.4442e-03 1.0 3.95e+06 1.0 9.3e+01 5.8e+02 1.2e+02  0  0  0  0  0   0  0  0  0  0   836
GAMG: createProl       3 1.0 2.7936e-02 1.0 4.58e+06 1.0 2.0e+02 7.2e+02 2.0e+02  0  0  0  0  0   0  0  0  0  0   327
  Graph                6 1.0 5.3918e-03 1.0 1.14e+05 1.0 2.4e+01 3.4e+02 2.4e+01  0  0  0  0  0   0  0  0  0  0    42
  MIS/Agg              3 1.0 4.8340e-04 1.0 0.00e+00 0.0 3.3e+01 4.7e+02 6.0e+00  0  0  0  0  0   0  0  0  0  0     0
  SA: col data         3 1.0 5.3468e-04 1.0 0.00e+00 0.0 1.2e+01 1.0e+03 1.2e+01  0  0  0  0  0   0  0  0  0  0     0
  SA: frmProl0         3 1.0 1.9599e-03 1.0 0.00e+00 0.0 1.2e+01 1.8e+02 1.2e+01  0  0  0  0  0   0  0  0  0  0     0
  SA: smooth           3 1.0 3.2045e-03 1.0 1.74e+05 1.0 3.3e+01 3.9e+02 3.0e+01  0  0  0  0  0   0  0  0  0  0   108
GAMG: partLevel        3 1.0 5.6619e-03 1.0 6.14e+05 1.0 6.9e+01 8.9e+02 7.9e+01  0  0  0  0  0   0  0  0  0  0   215
  repartition          1 1.0 1.7147e-05 1.0 0.00e+00 0.0 0.0e+00 0.0e+00 7.0e+00  0  0  0  0  0   0  0  0  0  0     0
  Invert-Sort          1 1.0 1.7913e-05 1.0 0.00e+00 0.0 0.0e+00 0.0e+00 4.0e+00  0  0  0  0  0   0  0  0  0  0     0
  Move A               1 1.0 2.1611e-04 1.0 0.00e+00 0.0 5.0e+00 1.3e+03 1.3e+01  0  0  0  0  0   0  0  0  0  0     0
  Move P               1 1.0 2.3123e-04 1.0 0.00e+00 0.0 1.5e+00 8.7e+01 1.4e+01  0  0  0  0  0   0  0  0  0  0     0
PCSetUp                2 1.0 3.5786e-02 1.0 5.19e+06 1.0 2.6e+02 7.6e+02 3.0e+02  0  0  0  0  0   0  0  0  0  0   290
PCSetUpOnBlocks    40563 1.0 1.0781e-02 1.0 2.01e+04 0.0 0.0e+00 0.0e+00 0.0e+00  0  0  0  0  0   0  0  0  0  0     2
PCApply            40563 1.0 6.7365e+01 1.0 7.34e+10 1.0 1.9e+06 5.9e+02 1.5e+06 67 64 86 73 83  95 93 97 95 91  2172

--- Event Stage 6: update

MatMult            10000 1.0 9.6673e-01 1.0 4.90e+08 1.0 1.0e+04 1.0e+03 0.0e+00  1  0  0  1  0  78 50100100  0  1009
SFBcastOpBegin     10000 1.0 1.6499e-02 1.6 0.00e+00 0.0 1.0e+04 1.0e+03 0.0e+00  0  0  0  1  0   1  0100100  0     0
SFBcastOpEnd       10000 1.0 1.9452e-02 1.1 0.00e+00 0.0 0.0e+00 0.0e+00 0.0e+00  0  0  0  0  0   2  0  0  0  0     0
VecAXPY            20000 1.0 2.5687e-01 1.0 4.90e+08 1.0 0.0e+00 0.0e+00 0.0e+00  0  0  0  0  0  21 50  0  0  0  3807
VecScatterBegin    10000 1.0 2.1665e-02 1.3 0.00e+00 0.0 1.0e+04 1.0e+03 0.0e+00  0  0  0  1  0   2  0100100  0     0
VecScatterEnd      10000 1.0 2.4946e-02 1.2 0.00e+00 0.0 0.0e+00 0.0e+00 0.0e+00  0  0  0  0  0   2  0  0  0  0     0

--- Event Stage 7: write

VecView                9 1.0 1.8830e-01 1.0 0.00e+00 0.0 0.0e+00 0.0e+00 0.0e+00  0  0  0  0  0  37  0  0  0  0     0

--- Event Stage 8: monitor

------------------------------------------------------------------------------------------------------------------------

Memory usage is given in bytes:

Object Type          Creations   Destructions     Memory  Descendants' Mem.
Reports information only for process 0.

--- Event Stage 0: Main Stage

    Distributed Mesh     0              4        21176     0.
              Matrix     0             64     10449332     0.
   Matrix Null Space     0              1          608     0.
           Index Set     0             12       108264     0.
   IS L to G Mapping     0              4       173792     0.
   Star Forest Graph     0             23        22296     0.
     Discrete System     0              4         3808     0.
              Vector     0             59      3124352     0.
         Vec Scatter     0             15        12120     0.
   Application Order     0              3       393184     0.
              Viewer     2              2         1696     0.
       Krylov Solver     0              7        10560     0.
      Preconditioner     0              7         7384     0.

--- Event Stage 1: initialize

    Distributed Mesh     4              0            0     0.
              Matrix    41             16      8028296     0.
   Matrix Null Space     1              0            0     0.
           Index Set    32             26       124480     0.
   IS L to G Mapping     6              2        69736     0.
   Star Forest Graph    23              6         6000     0.
     Discrete System     4              0            0     0.
              Vector    58             37        67720     0.
         Vec Scatter    15              6         4848     0.
   Application Order     3              0            0     0.
              Viewer     6              5         4040     0.
       Krylov Solver     2              0            0     0.
      Preconditioner     2              0            0     0.

--- Event Stage 2: rhsVelocity

              Vector     1              0            0     0.

--- Event Stage 3: solveVelocity

              Vector     7              0            0     0.

--- Event Stage 4: rhsPoisson

              Vector     1              0            0     0.

--- Event Stage 5: solvePoisson

              Matrix    89             50      5218212     0.
      Matrix Coarsen     3              3         1932     0.
           Index Set    47             41        35704     0.
   Star Forest Graph    22             16        16000     0.
              Vector   137            108      2156464     0.
         Vec Scatter    19             13        10504     0.
       Krylov Solver     8              3        91440     0.
      Preconditioner     8              3         2592     0.
         PetscRandom     6              6         3924     0.

--- Event Stage 6: update


--- Event Stage 7: write

              Viewer     5              5         4040     0.

--- Event Stage 8: monitor

========================================================================================================================
Average time to get PetscTime(): 3.95987e-08
Average time for MPI_Barrier(): 1.04801e-06
Average time for zero size MPI_Send(): 1.72548e-06
#PETSc Option Table entries:
-directory /mnt
-log_view ascii:view.log
-options_left
-poisson_ksp_atol 1.0E-06
-poisson_ksp_max_it 1000
-poisson_ksp_rtol 0.0
-poisson_ksp_type cg
-poisson_mg_levels_ksp_type cg
-poisson_pc_gamg_agg_nsmooths 1
-poisson_pc_gamg_type agg
-poisson_pc_type gamg
-velocity_ksp_atol 1.0E-06
-velocity_ksp_max_it 1000
-velocity_ksp_rtol 0.0
-velocity_ksp_type bcgs
-velocity_pc_jacobi_type diagonal
-velocity_pc_type jacobi
#End of PETSc Option Table entries
Compiled without FORTRAN kernels
Compiled with full precision matrices (default)
sizeof(short) 2 sizeof(int) 4 sizeof(long) 8 sizeof(void*) 8 sizeof(PetscScalar) 8 sizeof(PetscInt) 4
Configure options: --prefix=/usr/local/petsc-3.12.2 PETSC_DIR=/opt/petsc/3.12.2 PETSC_ARCH=linux-gnu-openmpi-opt COPTFLAGS=-O3 CXXOPTFLAGS=-O3 --with-fc=0 --with-shared-libraries=1 --with-pic=1 --with-cxx-dialect=C++11 --with-debugging=0 --with-mpi-dir=/usr/local/openmpi-3.1.4 --download-hdf5 --download-f2cblaslapack --download-hypre --download-ptscotch --download-metis --download-parmetis --download-superlu_dist
-----------------------------------------
Libraries compiled on 2019-12-11 22:11:45 on 584a588926bb 
Machine characteristics: Linux-4.4.0-127-generic-x86_64-with-Ubuntu-16.04-xenial
Using PETSc directory: /usr/local/petsc-3.12.2
Using PETSc arch: 
-----------------------------------------

Using C compiler: /usr/local/openmpi-3.1.4/bin/mpicc  -fPIC -Wall -Wwrite-strings -Wno-strict-aliasing -Wno-unknown-pragmas -fstack-protector -fvisibility=hidden -O3  
-----------------------------------------

Using include paths: -I/usr/local/petsc-3.12.2/include -I/usr/local/openmpi-3.1.4/include
-----------------------------------------

Using C linker: /usr/local/openmpi-3.1.4/bin/mpicc
Using libraries: -Wl,-rpath,/usr/local/petsc-3.12.2/lib -L/usr/local/petsc-3.12.2/lib -lpetsc -Wl,-rpath,/usr/local/petsc-3.12.2/lib -L/usr/local/petsc-3.12.2/lib -lHYPRE -lsuperlu_dist -lf2clapack -lf2cblas -lptesmumps -lptscotchparmetis -lptscotch -lptscotcherr -lesmumps -lscotch -lscotcherr -lhdf5_hl -lhdf5 -lparmetis -lmetis -lm -lrt -lquadmath -lstdc++ -ldl
-----------------------------------------

