************************************************************************************************************************
***             WIDEN YOUR WINDOW TO 120 CHARACTERS.  Use 'enscript -r -fCourier9' to print this document            ***
************************************************************************************************************************

---------------------------------------------- PETSc Performance Summary: ----------------------------------------------

petibm-ibpm on a linux-gnu-openmpi-opt named phantom with 2 processors, by mesnardo Mon Oct 21 18:23:46 2019
Using Petsc Release Version 3.11.2, May, 18, 2019 

                         Max       Max/Min     Avg       Total 
Time (sec):           2.849e+03     1.000   2.849e+03
Objects:              1.004e+05     1.000   1.004e+05
Flop:                 1.380e+12     1.002   1.378e+12  2.757e+12
Flop/sec:             4.844e+08     1.002   4.839e+08  9.677e+08
MPI Messages:         5.001e+05     1.136   4.701e+05  9.401e+05
MPI Message Lengths:  2.126e+10     1.065   4.386e+04  4.123e+10
MPI Reductions:       1.463e+06     1.000

Flop counting convention: 1 flop = 1 real number operation of type (multiply/divide/add/subtract)
                            e.g., VecAXPY() for real vectors of length N --> 2N flop
                            and VecAXPY() for complex vectors of length N --> 8N flop

Summary of Stages:   ----- Time ------  ----- Flop ------  --- Messages ---  -- Message Lengths --  -- Reductions --
                        Avg     %Total     Avg     %Total    Count   %Total     Avg         %Total    Count   %Total 
 0:      Main Stage: 2.0815e+00   0.1%  0.0000e+00   0.0%  0.000e+00   0.0%  0.000e+00        0.0%  7.100e+01   0.0% 
 1:      initialize: 1.6277e+00   0.1%  6.4210e+06   0.0%  8.150e+01   0.0%  1.033e+05        0.0%  3.420e+02   0.0% 
 2:     rhsVelocity: 1.6206e+02   5.7%  2.1802e+11   7.9%  1.400e+05  14.9%  3.278e+03        1.1%  0.000e+00   0.0% 
 3:   solveVelocity: 1.1775e+03  41.3%  2.4743e+12  89.8%  5.600e+05  59.6%  4.760e+03        6.5%  5.800e+05  39.6% 
 4:      rhsPoisson: 3.2700e+01   1.1%  2.7425e+10   1.0%  1.200e+05  12.8%  1.295e+03        0.4%  4.000e+04   2.7% 
 5:    solvePoisson: 1.4371e+03  50.5%  0.0000e+00   0.0%  6.000e+04   6.4%  6.094e+05       88.7%  0.000e+00   0.0% 
 6:          update: 2.4482e+01   0.9%  3.6546e+10   1.3%  2.000e+04   2.1%  3.904e+03        0.2%  0.000e+00   0.0% 
 7:           write: 3.9554e+00   0.1%  0.0000e+00   0.0%  0.000e+00   0.0%  0.000e+00        0.0%  9.200e+01   0.0% 
 8:         monitor: 5.4226e+00   0.2%  3.2416e+08   0.0%  4.000e+04   4.3%  3.240e+04        3.1%  1.000e+05   6.8% 
 9: integrateForces: 1.0470e+00   0.0%  0.0000e+00   0.0%  0.000e+00   0.0%  0.000e+00        0.0%  6.000e+04   4.1% 

------------------------------------------------------------------------------------------------------------------------
See the 'Profiling' chapter of the users' manual for details on interpreting output.
Phase summary info:
   Count: number of times phase was executed
   Time and Flop: Max - maximum over all processors
                  Ratio - ratio of maximum to minimum over all processors
   Mess: number of messages sent
   AvgLen: average message length (bytes)
   Reduct: number of global reductions
   Global: entire computation
   Stage: stages of a computation. Set stages with PetscLogStagePush() and PetscLogStagePop().
      %T - percent time in this phase         %F - percent flop in this phase
      %M - percent messages in this phase     %L - percent message lengths in this phase
      %R - percent reductions in this phase
   Total Mflop/s: 10e-6 * (sum of flop over all processors)/(max time over all processors)
------------------------------------------------------------------------------------------------------------------------
Event                Count      Time (sec)     Flop                              --- Global ---  --- Stage ----  Total
                   Max Ratio  Max     Ratio   Max  Ratio  Mess   AvgLen  Reduct  %T %F %M %L %R  %T %F %M %L %R Mflop/s
------------------------------------------------------------------------------------------------------------------------

--- Event Stage 0: Main Stage

VecView                4 1.0 6.6257e-02 1.0 0.00e+00 0.0 0.0e+00 0.0e+00 0.0e+00  0  0  0  0  0   3  0  0  0  0     0
VecSet                 1 1.0 2.2830e-06 1.0 0.00e+00 0.0 0.0e+00 0.0e+00 0.0e+00  0  0  0  0  0   0  0  0  0  0     0

--- Event Stage 1: initialize

BuildTwoSided          6 1.0 6.8283e-04 5.5 0.00e+00 0.0 1.0e+00 4.0e+00 0.0e+00  0  0  0  0  0   0  0  1  0  0     0
BuildTwoSidedF        20 1.0 1.6051e-02 8.4 0.00e+00 0.0 1.5e+00 1.8e+04 0.0e+00  0  0  0  0  0   1  0  2  0  0     0
MatConvert             4 1.0 8.5881e-02 1.0 0.00e+00 0.0 4.0e+00 1.5e+03 3.2e+01  0  0  0  0  0   5  0  5  0  9     0
MatScale               4 1.0 2.1978e-03 1.0 1.37e+06 1.0 2.0e+00 5.4e+03 0.0e+00  0  0  0  0  0   0 43  2  0  0  1242
MatAssemblyBegin      30 1.0 1.6526e-02 7.5 0.00e+00 0.0 1.5e+00 1.8e+04 0.0e+00  0  0  0  0  0   1  0  2  0  0     0
MatAssemblyEnd        30 1.0 7.8771e-02 1.1 0.00e+00 0.0 3.8e+01 8.6e+02 1.4e+02  0  0  0  0  0   5  0 47  0 40     0
MatGetRowIJ            1 1.0 3.2398e-07 1.1 0.00e+00 0.0 0.0e+00 0.0e+00 0.0e+00  0  0  0  0  0   0  0  0  0  0     0
MatCreateSubMat        1 1.0 3.7855e-02 1.0 0.00e+00 0.0 5.0e+00 1.0e+06 1.6e+01  0  0  0  0  0   2  0  6 62  5     0
MatTranspose           1 1.0 6.3266e-03 1.0 0.00e+00 0.0 6.0e+00 5.6e+03 1.0e+01  0  0  0  0  0   0  0  7  0  3     0
MatMatMult             2 1.0 4.3945e-02 1.0 1.86e+06 1.0 1.0e+01 8.4e+03 2.6e+01  0  0  0  0  0   3 57 12  1  8    84
MatMatMultSym          2 1.0 3.3369e-02 1.0 0.00e+00 0.0 9.0e+00 6.1e+03 2.4e+01  0  0  0  0  0   2  0 11  1  7     0
MatMatMultNum          2 1.0 1.0293e-02 1.0 1.86e+06 1.0 1.0e+00 2.9e+04 0.0e+00  0  0  0  0  0   1 57  1  0  0   359
MatGetLocalMat         5 1.0 1.9355e-02 1.6 0.00e+00 0.0 0.0e+00 0.0e+00 0.0e+00  0  0  0  0  0   1  0  0  0  0     0
MatGetBrAoCol          4 1.0 4.3106e-04 1.0 0.00e+00 0.0 4.0e+00 1.9e+04 0.0e+00  0  0  0  0  0   0  0  5  1  0     0
MatTranspose_SeqAIJ_FAST       1 1.0 1.2963e-04 1.1 0.00e+00 0.0 0.0e+00 0.0e+00 0.0e+00  0  0  0  0  0   0  0  0  0  0     0
SFSetGraph             6 1.0 2.2050e-06 2.0 0.00e+00 0.0 0.0e+00 0.0e+00 0.0e+00  0  0  0  0  0   0  0  0  0  0     0
SFSetUp                6 1.0 6.6441e-03 1.1 0.00e+00 0.0 3.0e+00 8.9e+02 0.0e+00  0  0  0  0  0   0  0  4  0  0     0
SFReduceBegin         10 1.0 1.0398e-03 1.0 0.00e+00 0.0 2.0e+00 1.3e+03 0.0e+00  0  0  0  0  0   0  0  2  0  0     0
SFReduceEnd           10 1.0 1.0151e-03 1.0 0.00e+00 0.0 0.0e+00 0.0e+00 0.0e+00  0  0  0  0  0   0  0  0  0  0     0
VecView               17 0.0 3.3715e-01 0.0 0.00e+00 0.0 0.0e+00 0.0e+00 0.0e+00  0  0  0  0  0  10  0  0  0  0     0
VecSet                30 1.0 5.3953e-04 1.2 0.00e+00 0.0 0.0e+00 0.0e+00 0.0e+00  0  0  0  0  0   0  0  0  0  0     0
VecScatterBegin        4 1.3 9.4685e-05 4.8 0.00e+00 0.0 4.0e+00 5.1e+03 0.0e+00  0  0  0  0  0   0  0  5  0  0     0
VecScatterEnd          3 1.0 4.7324e-05 1.4 0.00e+00 0.0 0.0e+00 0.0e+00 0.0e+00  0  0  0  0  0   0  0  0  0  0     0

--- Event Stage 2: rhsVelocity

BuildTwoSidedF     40000 1.0 6.8249e-01 1.0 0.00e+00 0.0 0.0e+00 0.0e+00 0.0e+00  0  0  0  0  0   0  0  0  0  0     0
MatMult           100000 1.0 1.2186e+02 1.0 6.06e+10 1.0 1.4e+05 3.3e+03 0.0e+00  4  4 15  1  0  75 56100100  0   993
MatMultAdd         20000 1.0 1.2251e+01 1.0 6.07e+09 1.0 0.0e+00 0.0e+00 0.0e+00  0  0  0  0  0   8  6  0  0  0   990
VecScale          140000 1.0 6.1862e+00 1.0 1.21e+10 1.0 0.0e+00 0.0e+00 0.0e+00  0  1  0  0  0   4 11  0  0  0  3920
VecSet             40000 1.0 7.9768e+00 1.0 0.00e+00 0.0 0.0e+00 0.0e+00 0.0e+00  0  0  0  0  0   5  0  0  0  0     0
VecAXPY           120000 1.0 2.4790e+01 1.0 3.64e+10 1.0 0.0e+00 0.0e+00 0.0e+00  1  3  0  0  0  15 33  0  0  0  2935
VecSwap            20000 1.0 7.1891e+00 1.0 0.00e+00 0.0 0.0e+00 0.0e+00 0.0e+00  0  0  0  0  0   4  0  0  0  0     0
VecAssemblyBegin   40000 1.0 1.0980e+00 1.0 0.00e+00 0.0 0.0e+00 0.0e+00 0.0e+00  0  0  0  0  0   1  0  0  0  0     0
VecAssemblyEnd     40000 1.0 8.8921e-02 1.0 0.00e+00 0.0 0.0e+00 0.0e+00 0.0e+00  0  0  0  0  0   0  0  0  0  0     0
VecScatterBegin    80000 1.0 1.1385e+01 1.0 0.00e+00 0.0 1.4e+05 3.3e+03 0.0e+00  0  0 15  1  0   7  0100100  0     0
VecScatterEnd      80000 1.0 2.0978e+00 1.3 0.00e+00 0.0 0.0e+00 0.0e+00 0.0e+00  0  0  0  0  0   1  0  0  0  0     0

--- Event Stage 3: solveVelocity

MatMult           279998 1.0 7.1903e+02 1.0 7.19e+11 1.0 5.6e+05 4.8e+03 0.0e+00 25 52 60  6  0  61 58100100  0  1999
VecDot            279998 1.0 5.5444e+01 1.0 8.50e+10 1.0 0.0e+00 0.0e+00 2.8e+05  2  6  0  0 19   5  7  0  0 48  3062
VecDotNorm2       139999 1.0 2.8409e+01 1.0 8.50e+10 1.0 0.0e+00 0.0e+00 1.4e+05  1  6  0  0 10   2  7  0  0 24  5976
VecNorm           159999 1.0 2.4568e+01 1.1 4.86e+10 1.0 0.0e+00 0.0e+00 1.6e+05  1  4  0  0 11   2  4  0  0 28  3949
VecCopy            40000 1.0 1.2640e+01 1.0 0.00e+00 0.0 0.0e+00 0.0e+00 0.0e+00  0  0  0  0  0   1  0  0  0  0     0
VecSet             60001 1.0 1.3412e+01 1.0 0.00e+00 0.0 0.0e+00 0.0e+00 0.0e+00  0  0  0  0  0   1  0  0  0  0     0
VecAXPBYCZ        279998 1.0 9.7209e+01 1.0 1.70e+11 1.0 0.0e+00 0.0e+00 0.0e+00  3 12  0  0  0   8 14  0  0  0  3493
VecWAXPY          279998 1.0 1.0055e+02 1.0 8.50e+10 1.0 0.0e+00 0.0e+00 0.0e+00  3  6  0  0  0   8  7  0  0  0  1688
VecPointwiseMult  299998 1.0 1.2896e+02 1.0 4.55e+10 1.0 0.0e+00 0.0e+00 0.0e+00  5  3  0  0  0  11  4  0  0  0   705
VecScatterBegin   279998 1.0 3.8205e+00 1.2 0.00e+00 0.0 5.6e+05 4.8e+03 0.0e+00  0  0 60  6  0   0  0100100  0     0
VecScatterEnd     279998 1.0 1.3015e+01 1.8 0.00e+00 0.0 0.0e+00 0.0e+00 0.0e+00  0  0  0  0  0   1  0  0  0  0     0
KSPSetUp               1 1.0 2.0420e-03 2.0 0.00e+00 0.0 0.0e+00 0.0e+00 0.0e+00  0  0  0  0  0   0  0  0  0  0     0
KSPSolve           20000 1.0 1.1775e+03 1.0 1.24e+12 1.0 5.6e+05 4.8e+03 5.8e+05 41 90 60  6 40 100100100100100  2101
PCSetUp                1 1.0 8.8400e-07 2.7 0.00e+00 0.0 0.0e+00 0.0e+00 0.0e+00  0  0  0  0  0   0  0  0  0  0     0
PCApply           299998 1.0 1.2928e+02 1.0 4.55e+10 1.0 0.0e+00 0.0e+00 2.0e+00  5  3  0  0  0  11  4  0  0  0   703

--- Event Stage 4: rhsPoisson

BuildTwoSidedF     40000 1.0 4.3632e+00 9.4 0.00e+00 0.0 1.0e+05 7.2e+00 0.0e+00  0  0 11  0  0   7  0 83  0  0     0
MatMult            40000 1.0 2.8688e+01 1.0 1.07e+10 1.0 7.0e+04 2.2e+03 0.0e+00  1  1  7  0  0  88 78 58100  0   744
MatMultAdd         20000 1.0 1.2263e+01 1.0 3.04e+09 1.0 5.0e+04 7.2e+00 0.0e+00  0  0  5  0  0  37 22 42  0  0   496
VecScale           20000 1.0 2.9017e-03 1.0 0.00e+00 0.0 0.0e+00 0.0e+00 0.0e+00  0  0  0  0  0   0  0  0  0  0     0
VecSet             20000 1.0 1.4893e+00 1.0 0.00e+00 0.0 0.0e+00 0.0e+00 0.0e+00  0  0  0  0  0   5  0  0  0  0     0
VecAXPY            20000 1.0 1.3535e+00 1.0 3.04e+09 1.0 0.0e+00 0.0e+00 0.0e+00  0  0  0  0  0   4 22  0  0  0  4491
VecAssemblyBegin   40000 1.0 4.5540e+00 1.0 0.00e+00 0.0 1.0e+05 7.2e+00 0.0e+00  0  0 11  0  0  14  0 83  0  0     0
VecAssemblyEnd     40000 1.0 7.8073e-02 1.0 0.00e+00 0.0 0.0e+00 0.0e+00 0.0e+00  0  0  0  0  0   0  0  0  0  0     0
VecScatterBegin    20000 1.0 2.6975e-01 4.9 0.00e+00 0.0 2.0e+04 7.7e+03 0.0e+00  0  0  2  0  0   0  0 17100  0     0
VecScatterEnd      20000 1.0 5.9092e-01 1.5 0.00e+00 0.0 0.0e+00 0.0e+00 0.0e+00  0  0  0  0  0   2  0  0  0  0     0

--- Event Stage 5: solvePoisson

VecScatterBegin    60000 1.0 8.9945e+00 1.7 0.00e+00 0.0 6.0e+04 6.1e+05 0.0e+00  0  0  6 89  0   0  0100100  0     0
VecScatterEnd      60000 1.0 7.7097e+00 1.4 0.00e+00 0.0 0.0e+00 0.0e+00 0.0e+00  0  0  0  0  0   0  0  0  0  0     0

--- Event Stage 6: update

MatMult            20000 1.0 1.7325e+01 1.0 9.24e+09 1.0 2.0e+04 3.9e+03 0.0e+00  1  1  2  0  0  70 50100100  0  1058
VecAXPY            40000 1.0 7.3177e+00 1.0 9.12e+09 1.0 0.0e+00 0.0e+00 0.0e+00  0  1  0  0  0  30 50  0  0  0  2490
VecScatterBegin    20000 1.0 1.2663e-01 3.9 0.00e+00 0.0 2.0e+04 3.9e+03 0.0e+00  0  0  2  0  0   0  0100100  0     0
VecScatterEnd      20000 1.0 2.6804e-01 1.3 0.00e+00 0.0 0.0e+00 0.0e+00 0.0e+00  0  0  0  0  0   1  0  0  0  0     0

--- Event Stage 7: write

VecView               75 1.0 2.9032e+00 1.0 0.00e+00 0.0 0.0e+00 0.0e+00 0.0e+00  0  0  0  0  0  73  0  0  0  0     0

--- Event Stage 8: monitor

VecView               20 1.0 4.3550e-01 1.0 0.00e+00 0.0 0.0e+00 0.0e+00 0.0e+00  0  0  0  0  0   8  0  0  0  0     0
VecScale              20 1.0 4.8970e-05 3.3 1.62e+05 0.0 0.0e+00 0.0e+00 0.0e+00  0  0  0  0  0   0  0  0  0  0  3308
VecSet                21 1.0 1.7305e-04 7.5 0.00e+00 0.0 0.0e+00 0.0e+00 0.0e+00  0  0  0  0  0   0  0  0  0  0     0
VecAXPY            20000 1.0 1.7843e-0116.4 3.24e+08 0.0 0.0e+00 0.0e+00 0.0e+00  0  0  0  0  0   2100  0  0  0  1816
VecScatterBegin    20000 1.0 1.7322e-01 5.0 0.00e+00 0.0 0.0e+00 0.0e+00 0.0e+00  0  0  0  0  0   2  0  0  0  0     0
VecScatterEnd      20000 1.0 7.1968e-03 1.1 0.00e+00 0.0 0.0e+00 0.0e+00 0.0e+00  0  0  0  0  0   0  0  0  0  0     0

--- Event Stage 9: integrateForces

------------------------------------------------------------------------------------------------------------------------

Memory usage is given in bytes:

Object Type          Creations   Destructions     Memory  Descendants' Mem.
Reports information only for process 0.

--- Event Stage 0: Main Stage

    Distributed Mesh     2              6        31644     0.
              Matrix     0             25     78784104     0.
           Index Set     2             11       952060     0.
   IS L to G Mapping     1              5      1543724     0.
   Star Forest Graph     4             12        10080     0.
     Discrete System     2              6         5520     0.
              Vector     8             42     26316520     0.
         Vec Scatter     1             13      3124568     0.
   Application Order     0              3      3643072     0.
              Viewer    25             27        22816     0.
       Krylov Solver     0              1         1488     0.
      Preconditioner     0              1          864     0.

--- Event Stage 1: initialize

    Distributed Mesh     4              0            0     0.
              Matrix    66             41    145706760     0.
           Index Set    67             58      5838756     0.
   IS L to G Mapping     6              2       617132     0.
   Star Forest Graph    14              6         5424     0.
     Discrete System     4              0            0     0.
              Vector    86             62      7425784     0.
         Vec Scatter    25             14        19184     0.
   Application Order     3              0            0     0.
              Viewer     9              6         4992     0.
       Krylov Solver     1              0            0     0.
      Preconditioner     1              0            0     0.

--- Event Stage 2: rhsVelocity

              Vector     1              0            0     0.

--- Event Stage 3: solveVelocity

              Vector     7              0            0     0.

--- Event Stage 4: rhsPoisson

              Vector 20001          20000  12192160000     0.

--- Event Stage 5: solvePoisson


--- Event Stage 6: update


--- Event Stage 7: write

              Viewer    46             46        38272     0.

--- Event Stage 8: monitor

           Index Set 20000          20000     16000000     0.
              Vector 20001          20000   1329760000     0.
         Vec Scatter 20000          19999   1324253784     0.

--- Event Stage 9: integrateForces

              Vector 20000          20000     64160000     0.
========================================================================================================================
Average time to get PetscTime(): 2.93017e-08
Average time for MPI_Barrier(): 4.15405e-07
Average time for zero size MPI_Send(): 1.40452e-06
#PETSc Option Table entries:
-log_view ascii:view.log
-options_left
-velocity_ksp_atol 1e-6
-velocity_ksp_max_it 1000
-velocity_ksp_rtol 0.0
-velocity_ksp_type bcgs
-velocity_pc_jacobi_type diagonal
-velocity_pc_type jacobi
#End of PETSc Option Table entries
Compiled without FORTRAN kernels
Compiled with full precision matrices (default)
sizeof(short) 2 sizeof(int) 4 sizeof(long) 8 sizeof(void*) 8 sizeof(PetscScalar) 8 sizeof(PetscInt) 4
Configure options: --PETSC_DIR=/home/mesnardo/software/petsc/3.11.2 --PETSC_ARCH=linux-gnu-openmpi-opt --with-debugging=0 COPTFLAGS=-O3 CXXOPTFLAGS=-O3 FOPTFLAGS=-O3 --with-cxx-dialect=C++11 --with-shared-libraries=1 --with-pic=1 --with-mpi-dir=/home/mesnardo/software/openmpi/3.0.4/linux-gnu-opt --with-cuda-dir=/usr/local/cuda-10.1 --download-hdf5 --download-fblaslapack --download-hypre --download-ptscotch --download-metis --download-parmetis --download-superlu_dist
-----------------------------------------
Libraries compiled on 2019-06-18 19:59:51 on phantom 
Machine characteristics: Linux-4.4.0-127-generic-x86_64-with-debian-stretch-sid
Using PETSc directory: /home/mesnardo/software/petsc/3.11.2
Using PETSc arch: linux-gnu-openmpi-opt
-----------------------------------------

Using C compiler: /home/mesnardo/software/openmpi/3.0.4/linux-gnu-opt/bin/mpicc  -fPIC -Wall -Wwrite-strings -Wno-strict-aliasing -Wno-unknown-pragmas -fstack-protector -fvisibility=hidden -O3  
Using Fortran compiler: /home/mesnardo/software/openmpi/3.0.4/linux-gnu-opt/bin/mpif90  -fPIC -Wall -ffree-line-length-0 -Wno-unused-dummy-argument -O3    
-----------------------------------------

Using include paths: -I/home/mesnardo/software/petsc/3.11.2/include -I/home/mesnardo/software/petsc/3.11.2/linux-gnu-openmpi-opt/include -I/usr/local/cuda-10.1/include -I/home/mesnardo/software/openmpi/3.0.4/linux-gnu-opt/include
-----------------------------------------

Using C linker: /home/mesnardo/software/openmpi/3.0.4/linux-gnu-opt/bin/mpicc
Using Fortran linker: /home/mesnardo/software/openmpi/3.0.4/linux-gnu-opt/bin/mpif90
Using libraries: -Wl,-rpath,/home/mesnardo/software/petsc/3.11.2/linux-gnu-openmpi-opt/lib -L/home/mesnardo/software/petsc/3.11.2/linux-gnu-openmpi-opt/lib -lpetsc -Wl,-rpath,/home/mesnardo/software/petsc/3.11.2/linux-gnu-openmpi-opt/lib -L/home/mesnardo/software/petsc/3.11.2/linux-gnu-openmpi-opt/lib -Wl,-rpath,/usr/local/cuda-10.1/lib64 -L/usr/local/cuda-10.1/lib64 -Wl,-rpath,/home/mesnardo/software/openmpi/3.0.4/linux-gnu-opt/lib -L/home/mesnardo/software/openmpi/3.0.4/linux-gnu-opt/lib -Wl,-rpath,/usr/lib/gcc/x86_64-linux-gnu/5 -L/usr/lib/gcc/x86_64-linux-gnu/5 -Wl,-rpath,/usr/lib/x86_64-linux-gnu -L/usr/lib/x86_64-linux-gnu -Wl,-rpath,/lib/x86_64-linux-gnu -L/lib/x86_64-linux-gnu -lHYPRE -lsuperlu_dist -lflapack -lfblas -lhdf5hl_fortran -lhdf5_fortran -lhdf5_hl -lhdf5 -lparmetis -lmetis -lptesmumps -lptscotchparmetis -lptscotch -lptscotcherr -lesmumps -lscotch -lscotcherr -lm -lX11 -lcufft -lcublas -lcudart -lcusparse -lstdc++ -ldl -lmpi_usempif08 -lmpi_usempi_ignore_tkr -lmpi_mpifh -lmpi -lgfortran -lm -lgfortran -lm -lgcc_s -lquadmath -lpthread -lrt -lm -lpthread -lz -lstdc++ -ldl
-----------------------------------------

