************************************************************************************************************************
***             WIDEN YOUR WINDOW TO 120 CHARACTERS.  Use 'enscript -r -fCourier9' to print this document            ***
************************************************************************************************************************

---------------------------------------------- PETSc Performance Summary: ----------------------------------------------

petibm-ibpm on a linux-gnu-openmpi-opt named phantom with 2 processors, by mesnardo Mon Oct 21 16:32:13 2019
Using Petsc Release Version 3.11.2, May, 18, 2019 

                         Max       Max/Min     Avg       Total 
Time (sec):           3.683e+02     1.000   3.683e+02
Objects:              2.715e+03     1.009   2.703e+03
Flop:                 5.420e+10     1.002   5.414e+10  1.083e+11
Flop/sec:             1.471e+08     1.002   1.470e+08  2.940e+08
MPI Messages:         1.986e+04     1.065   1.925e+04  3.851e+04
MPI Message Lengths:  1.561e+09     1.001   8.104e+04  3.121e+09
MPI Reductions:       5.611e+04     1.000

Flop counting convention: 1 flop = 1 real number operation of type (multiply/divide/add/subtract)
                            e.g., VecAXPY() for real vectors of length N --> 2N flop
                            and VecAXPY() for complex vectors of length N --> 8N flop

Summary of Stages:   ----- Time ------  ----- Flop ------  --- Messages ---  -- Message Lengths --  -- Reductions --
                        Avg     %Total     Avg     %Total    Count   %Total     Avg         %Total    Count   %Total 
 0:      Main Stage: 4.2858e-01   0.1%  0.0000e+00   0.0%  0.000e+00   0.0%  0.000e+00        0.0%  2.100e+01   0.0% 
 1:      initialize: 8.4715e+00   2.3%  8.5816e+06   0.0%  1.015e+02   0.3%  1.135e+05        0.4%  3.380e+02   0.6% 
 2:     rhsVelocity: 2.4731e+01   6.7%  1.7445e+10  16.1%  9.600e+03  24.9%  4.674e+03        1.4%  0.000e+00   0.0% 
 3:   solveVelocity: 8.2223e+01  22.3%  8.5699e+10  79.1%  1.440e+04  37.4%  7.192e+03        3.3%  1.561e+04  27.8% 
 4:      rhsPoisson: 4.2889e+00   1.2%  2.1962e+09   2.0%  8.400e+03  21.8%  3.011e+03        0.8%  2.400e+03   4.3% 
 5:    solvePoisson: 2.4323e+02  66.0%  0.0000e+00   0.0%  3.600e+03   9.3%  8.125e+05       93.7%  0.000e+00   0.0% 
 6:          update: 4.1528e+00   1.1%  2.9257e+09   2.7%  2.400e+03   6.2%  4.312e+03        0.3%  0.000e+00   0.0% 
 7:           write: 5.5234e-01   0.1%  0.0000e+00   0.0%  0.000e+00   0.0%  0.000e+00        0.0%  1.000e+01   0.0% 
 8:         monitor: 3.1352e-04   0.0%  0.0000e+00   0.0%  0.000e+00   0.0%  0.000e+00        0.0%  0.000e+00   0.0% 
 9: integrateForces: 1.8782e-01   0.1%  0.0000e+00   0.0%  0.000e+00   0.0%  0.000e+00        0.0%  3.603e+03   6.4% 

------------------------------------------------------------------------------------------------------------------------
See the 'Profiling' chapter of the users' manual for details on interpreting output.
Phase summary info:
   Count: number of times phase was executed
   Time and Flop: Max - maximum over all processors
                  Ratio - ratio of maximum to minimum over all processors
   Mess: number of messages sent
   AvgLen: average message length (bytes)
   Reduct: number of global reductions
   Global: entire computation
   Stage: stages of a computation. Set stages with PetscLogStagePush() and PetscLogStagePop().
      %T - percent time in this phase         %F - percent flop in this phase
      %M - percent messages in this phase     %L - percent message lengths in this phase
      %R - percent reductions in this phase
   Total Mflop/s: 10e-6 * (sum of flop over all processors)/(max time over all processors)
------------------------------------------------------------------------------------------------------------------------
Event                Count      Time (sec)     Flop                              --- Global ---  --- Stage ----  Total
                   Max Ratio  Max     Ratio   Max  Ratio  Mess   AvgLen  Reduct  %T %F %M %L %R  %T %F %M %L %R Mflop/s
------------------------------------------------------------------------------------------------------------------------

--- Event Stage 0: Main Stage

VecView                1 1.0 3.0493e-02 1.0 0.00e+00 0.0 0.0e+00 0.0e+00 0.0e+00  0  0  0  0  0   7  0  0  0  0     0
VecSet                 1 1.0 2.5040e-06 1.7 0.00e+00 0.0 0.0e+00 0.0e+00 0.0e+00  0  0  0  0  0   0  0  0  0  0     0

--- Event Stage 1: initialize

BuildTwoSided          6 1.0 7.0716e-04 1.9 0.00e+00 0.0 1.5e+00 4.0e+00 0.0e+00  0  0  0  0  0   0  0  1  0  0     0
BuildTwoSidedF        20 1.0 4.7163e-02 5.5 0.00e+00 0.0 3.0e+00 3.0e+04 0.0e+00  0  0  0  0  0   0  0  3  1  0     0
MatConvert             4 1.0 2.4519e-01 1.0 0.00e+00 0.0 8.0e+00 1.9e+03 3.2e+01  0  0  0  0  0   3  0  8  0  9     0
MatScale               4 1.0 4.7515e-03 1.0 1.82e+06 1.0 4.0e+00 8.7e+03 0.0e+00  0  0  0  0  0   0 42  4  0  0   767
MatAssemblyBegin      30 1.0 4.8052e-02 5.0 0.00e+00 0.0 3.0e+00 3.0e+04 0.0e+00  0  0  0  0  0   0  0  3  1  0     0
MatAssemblyEnd        30 1.0 1.6551e-01 1.1 0.00e+00 0.0 4.8e+01 1.4e+03 1.4e+02  0  0  0  0  0   2  0 47  1 41     0
MatGetRowIJ            1 1.0 8.6497e-07 1.4 0.00e+00 0.0 0.0e+00 0.0e+00 0.0e+00  0  0  0  0  0   0  0  0  0  0     0
MatCreateSubMat        1 1.0 9.3729e-02 1.0 0.00e+00 0.0 5.0e+00 1.4e+06 1.6e+01  0  0  0  0  0   1  0  5 61  5     0
MatTranspose           1 1.0 1.3619e-02 1.0 0.00e+00 0.0 1.2e+01 9.2e+03 1.0e+01  0  0  0  0  0   0  0 12  1  3     0
MatMatMult             2 1.0 1.0680e-01 1.0 2.47e+06 1.0 1.6e+01 1.5e+04 2.6e+01  0  0  0  0  0   1 58 16  2  8    46
MatMatMultSym          2 1.0 7.6609e-02 1.0 0.00e+00 0.0 1.4e+01 1.1e+04 2.4e+01  0  0  0  0  0   1  0 14  1  7     0
MatMatMultNum          2 1.0 2.9872e-02 1.0 2.47e+06 1.0 2.0e+00 4.4e+04 0.0e+00  0  0  0  0  0   0 58  2  1  0   165
MatGetLocalMat         5 1.0 4.1885e-02 1.6 0.00e+00 0.0 0.0e+00 0.0e+00 0.0e+00  0  0  0  0  0   0  0  0  0  0     0
MatGetBrAoCol          4 1.0 1.4624e-03 1.0 0.00e+00 0.0 8.0e+00 2.9e+04 0.0e+00  0  0  0  0  0   0  0  8  2  0     0
MatTranspose_SeqAIJ_FAST       1 1.0 1.6581e-04 1.1 0.00e+00 0.0 0.0e+00 0.0e+00 0.0e+00  0  0  0  0  0   0  0  0  0  0     0
SFSetGraph             6 1.0 3.5350e-06 1.5 0.00e+00 0.0 0.0e+00 0.0e+00 0.0e+00  0  0  0  0  0   0  0  0  0  0     0
SFSetUp                6 1.0 1.3350e-02 1.0 0.00e+00 0.0 4.5e+00 1.9e+03 0.0e+00  0  0  0  0  0   0  0  4  0  0     0
SFReduceBegin         10 1.0 3.7532e-03 1.1 0.00e+00 0.0 3.0e+00 2.9e+03 0.0e+00  0  0  0  0  0   0  0  3  0  0     0
SFReduceEnd           10 1.0 4.2632e-03 1.0 0.00e+00 0.0 0.0e+00 0.0e+00 0.0e+00  0  0  0  0  0   0  0  0  0  0     0
VecView               15 0.0 2.6113e-01 0.0 0.00e+00 0.0 0.0e+00 0.0e+00 0.0e+00  0  0  0  0  0   2  0  0  0  0     0
VecSet                30 1.0 1.5372e-03 1.2 0.00e+00 0.0 0.0e+00 0.0e+00 0.0e+00  0  0  0  0  0   0  0  0  0  0     0
VecScatterBegin        4 1.3 5.7667e-04 9.2 0.00e+00 0.0 6.0e+00 9.7e+03 0.0e+00  0  0  0  0  0   0  0  6  1  0     0
VecScatterEnd          3 1.0 7.2117e-05 1.0 0.00e+00 0.0 0.0e+00 0.0e+00 0.0e+00  0  0  0  0  0   0  0  0  0  0     0

--- Event Stage 2: rhsVelocity

BuildTwoSidedF      2400 1.0 1.2564e-01 1.6 0.00e+00 0.0 0.0e+00 0.0e+00 0.0e+00  0  0  0  0  0   0  0  0  0  0     0
MatMult             6000 1.0 1.5640e+01 1.0 4.85e+09 1.0 9.6e+03 4.7e+03 0.0e+00  4  9 25  1  0  63 56100100  0   619
MatMultAdd          1200 1.0 1.9636e+00 1.0 4.85e+08 1.0 0.0e+00 0.0e+00 0.0e+00  1  1  0  0  0   8  6  0  0  0   494
VecScale            8400 1.0 1.8458e+00 1.0 9.71e+08 1.0 0.0e+00 0.0e+00 0.0e+00  1  2  0  0  0   7 11  0  0  0  1051
VecSet              2400 1.0 7.4121e-01 1.0 0.00e+00 0.0 0.0e+00 0.0e+00 0.0e+00  0  0  0  0  0   3  0  0  0  0     0
VecAXPY             7200 1.0 5.5418e+00 1.0 2.91e+09 1.0 0.0e+00 0.0e+00 0.0e+00  2  5  0  0  0  22 33  0  0  0  1050
VecSwap             1200 1.0 1.2524e+00 1.0 0.00e+00 0.0 0.0e+00 0.0e+00 0.0e+00  0  0  0  0  0   5  0  0  0  0     0
VecAssemblyBegin    2400 1.0 1.8480e-01 1.6 0.00e+00 0.0 0.0e+00 0.0e+00 0.0e+00  0  0  0  0  0   1  0  0  0  0     0
VecAssemblyEnd      2400 1.0 1.2079e-02 1.0 0.00e+00 0.0 0.0e+00 0.0e+00 0.0e+00  0  0  0  0  0   0  0  0  0  0     0
VecScatterBegin     4800 1.0 1.2954e+00 1.0 0.00e+00 0.0 9.6e+03 4.7e+03 0.0e+00  0  0 25  1  0   5  0100100  0     0
VecScatterEnd       4800 1.0 2.1402e-01 1.0 0.00e+00 0.0 0.0e+00 0.0e+00 0.0e+00  0  0  0  0  0   1  0  0  0  0     0

--- Event Stage 3: solveVelocity

MatMult             7202 1.0 4.4468e+01 1.0 2.47e+10 1.0 1.4e+04 7.2e+03 0.0e+00 12 46 37  3  0  54 58100100  0  1109
VecDot              7202 1.0 5.6179e+00 1.0 2.91e+09 1.0 0.0e+00 0.0e+00 7.2e+03  2  5  0  0 13   7  7  0  0 46  1036
VecDotNorm2         3601 1.0 3.2319e+00 1.0 2.91e+09 1.0 0.0e+00 0.0e+00 3.6e+03  1  5  0  0  6   4  7  0  0 23  1801
VecNorm             4801 1.0 2.2887e+00 1.1 1.94e+09 1.0 0.0e+00 0.0e+00 4.8e+03  1  4  0  0  9   3  5  0  0 31  1695
VecCopy             2400 1.0 1.6516e+00 1.0 0.00e+00 0.0 0.0e+00 0.0e+00 0.0e+00  0  0  0  0  0   2  0  0  0  0     0
VecSet              3601 1.0 1.3523e+00 1.0 0.00e+00 0.0 0.0e+00 0.0e+00 0.0e+00  0  0  0  0  0   2  0  0  0  0     0
VecAXPBYCZ          7202 1.0 7.9702e+00 1.1 5.83e+09 1.0 0.0e+00 0.0e+00 0.0e+00  2 11  0  0  0   9 14  0  0  0  1461
VecWAXPY            7202 1.0 7.5336e+00 1.0 2.91e+09 1.0 0.0e+00 0.0e+00 0.0e+00  2  5  0  0  0   9  7  0  0  0   773
VecPointwiseMult    8402 1.0 8.6048e+00 1.0 1.70e+09 1.0 0.0e+00 0.0e+00 0.0e+00  2  3  0  0  0  10  4  0  0  0   395
VecScatterBegin     7202 1.0 1.6287e-01 1.4 0.00e+00 0.0 1.4e+04 7.2e+03 0.0e+00  0  0 37  3  0   0  0100100  0     0
VecScatterEnd       7202 1.0 5.3784e-01 1.6 0.00e+00 0.0 0.0e+00 0.0e+00 0.0e+00  0  0  0  0  0   1  0  0  0  0     0
KSPSetUp               1 1.0 3.8228e-03 1.5 0.00e+00 0.0 0.0e+00 0.0e+00 0.0e+00  0  0  0  0  0   0  0  0  0  0     0
KSPSolve            1200 1.0 8.2215e+01 1.0 4.29e+10 1.0 1.4e+04 7.2e+03 1.6e+04 22 79 37  3 28 100100100100100  1042
PCSetUp                1 1.0 1.7490e-06 1.4 0.00e+00 0.0 0.0e+00 0.0e+00 0.0e+00  0  0  0  0  0   0  0  0  0  0     0
PCApply             8402 1.0 8.6340e+00 1.0 1.70e+09 1.0 0.0e+00 0.0e+00 2.0e+00  2  3  0  0  0  10  4  0  0  0   393

--- Event Stage 4: rhsPoisson

BuildTwoSidedF      2400 1.0 4.5057e-01 6.1 0.00e+00 0.0 6.0e+03 7.2e+00 0.0e+00  0  0 16  0  0   6  0 71  0  0     0
MatMult             2400 1.0 3.5723e+00 1.0 8.55e+08 1.0 5.4e+03 4.7e+03 0.0e+00  1  2 14  1  0  83 78 64100  0   479
MatMultAdd          1200 1.0 1.6822e+00 1.0 2.43e+08 1.0 3.0e+03 7.2e+00 0.0e+00  0  0  8  0  0  39 22 36  0  0   289
VecScale            1200 1.0 3.0909e-04 1.0 0.00e+00 0.0 0.0e+00 0.0e+00 0.0e+00  0  0  0  0  0   0  0  0  0  0     0
VecSet              1200 1.0 1.7220e-01 1.0 0.00e+00 0.0 0.0e+00 0.0e+00 0.0e+00  0  0  0  0  0   4  0  0  0  0     0
VecAXPY             1200 1.0 4.2754e-01 1.0 2.43e+08 1.0 0.0e+00 0.0e+00 0.0e+00  0  0  0  0  0  10 22  0  0  0  1137
VecAssemblyBegin    2400 1.0 4.8185e-01 1.0 0.00e+00 0.0 6.0e+03 7.2e+00 0.0e+00  0  0 16  0  0  11  0 71  0  0     0
VecAssemblyEnd      2400 1.0 1.0674e-02 1.0 0.00e+00 0.0 0.0e+00 0.0e+00 0.0e+00  0  0  0  0  0   0  0  0  0  0     0
VecScatterBegin     1200 1.0 2.7249e-02 1.0 0.00e+00 0.0 2.4e+03 1.1e+04 0.0e+00  0  0  6  1  0   1  0 29100  0     0
VecScatterEnd       1200 1.0 7.7684e-02 1.3 0.00e+00 0.0 0.0e+00 0.0e+00 0.0e+00  0  0  0  0  0   2  0  0  0  0     0

--- Event Stage 5: solvePoisson

VecScatterBegin     3600 1.0 1.2760e+00 1.8 0.00e+00 0.0 3.6e+03 8.1e+05 0.0e+00  0  0  9 94  0   0  0100100  0     0
VecScatterEnd       3600 1.0 1.3965e+00 1.2 0.00e+00 0.0 0.0e+00 0.0e+00 0.0e+00  0  0  0  0  0   1  0  0  0  0     0

--- Event Stage 6: update

MatMult             1200 1.0 2.8567e+00 1.0 7.35e+08 1.0 2.4e+03 4.3e+03 0.0e+00  1  1  6  0  0  67 50100100  0   514
VecAXPY             2400 1.0 1.3628e+00 1.0 7.29e+08 1.0 0.0e+00 0.0e+00 0.0e+00  0  1  0  0  0  32 50  0  0  0  1069
VecScatterBegin     1200 1.0 1.1615e-02 1.2 0.00e+00 0.0 2.4e+03 4.3e+03 0.0e+00  0  0  6  0  0   0  0100100  0     0
VecScatterEnd       1200 1.0 8.1203e-02 1.2 0.00e+00 0.0 0.0e+00 0.0e+00 0.0e+00  0  0  0  0  0   2  0  0  0  0     0

--- Event Stage 7: write

VecView                9 1.0 4.3315e-01 1.0 0.00e+00 0.0 0.0e+00 0.0e+00 0.0e+00  0  0  0  0  0  78  0  0  0  0     0

--- Event Stage 8: monitor


--- Event Stage 9: integrateForces

------------------------------------------------------------------------------------------------------------------------

Memory usage is given in bytes:

Object Type          Creations   Destructions     Memory  Descendants' Mem.
Reports information only for process 0.

--- Event Stage 0: Main Stage

    Distributed Mesh     2              6        31892     0.
              Matrix     0             25    104993496     0.
           Index Set     2             10      1222100     0.
   IS L to G Mapping     1              5      2054292     0.
   Star Forest Graph     4             12        10080     0.
     Discrete System     2              6         5520     0.
              Vector     5             38     34977336     0.
         Vec Scatter     1             12      4071472     0.
   Application Order     0              3      4854816     0.
              Viewer     3              4         3376     0.
       Krylov Solver     0              1         1488     0.
      Preconditioner     0              1          864     0.

--- Event Stage 1: initialize

    Distributed Mesh     4              0            0     0.
              Matrix    66             41    194314960     0.
           Index Set    66             58      7783212     0.
   IS L to G Mapping     6              2       821284     0.
   Star Forest Graph    14              6         5424     0.
     Discrete System     4              0            0     0.
              Vector    84             60      9880952     0.
         Vec Scatter    25             14        19184     0.
   Application Order     3              0            0     0.
              Viewer     7              5         4160     0.
       Krylov Solver     1              0            0     0.
      Preconditioner     1              0            0     0.

--- Event Stage 2: rhsVelocity

              Vector     1              0            0     0.

--- Event Stage 3: solveVelocity

              Vector     7              0            0     0.

--- Event Stage 4: rhsPoisson

              Vector  1201           1200    974025600     0.

--- Event Stage 5: solvePoisson


--- Event Stage 6: update


--- Event Stage 7: write

              Viewer     5              5         4160     0.

--- Event Stage 8: monitor


--- Event Stage 9: integrateForces

              Vector  1200           1200      5040000     0.
========================================================================================================================
Average time to get PetscTime(): 3.63973e-08
Average time for MPI_Barrier(): 6.32205e-07
Average time for zero size MPI_Send(): 2.74801e-06
#PETSc Option Table entries:
-log_view ascii:view.log
-options_left
-velocity_ksp_atol 1e-6
-velocity_ksp_max_it 1000
-velocity_ksp_rtol 0.0
-velocity_ksp_type bcgs
-velocity_pc_jacobi_type diagonal
-velocity_pc_type jacobi
#End of PETSc Option Table entries
Compiled without FORTRAN kernels
Compiled with full precision matrices (default)
sizeof(short) 2 sizeof(int) 4 sizeof(long) 8 sizeof(void*) 8 sizeof(PetscScalar) 8 sizeof(PetscInt) 4
Configure options: --PETSC_DIR=/home/mesnardo/software/petsc/3.11.2 --PETSC_ARCH=linux-gnu-openmpi-opt --with-debugging=0 COPTFLAGS=-O3 CXXOPTFLAGS=-O3 FOPTFLAGS=-O3 --with-cxx-dialect=C++11 --with-shared-libraries=1 --with-pic=1 --with-mpi-dir=/home/mesnardo/software/openmpi/3.0.4/linux-gnu-opt --with-cuda-dir=/usr/local/cuda-10.1 --download-hdf5 --download-fblaslapack --download-hypre --download-ptscotch --download-metis --download-parmetis --download-superlu_dist
-----------------------------------------
Libraries compiled on 2019-06-18 19:59:51 on phantom 
Machine characteristics: Linux-4.4.0-127-generic-x86_64-with-debian-stretch-sid
Using PETSc directory: /home/mesnardo/software/petsc/3.11.2
Using PETSc arch: linux-gnu-openmpi-opt
-----------------------------------------

Using C compiler: /home/mesnardo/software/openmpi/3.0.4/linux-gnu-opt/bin/mpicc  -fPIC -Wall -Wwrite-strings -Wno-strict-aliasing -Wno-unknown-pragmas -fstack-protector -fvisibility=hidden -O3  
Using Fortran compiler: /home/mesnardo/software/openmpi/3.0.4/linux-gnu-opt/bin/mpif90  -fPIC -Wall -ffree-line-length-0 -Wno-unused-dummy-argument -O3    
-----------------------------------------

Using include paths: -I/home/mesnardo/software/petsc/3.11.2/include -I/home/mesnardo/software/petsc/3.11.2/linux-gnu-openmpi-opt/include -I/usr/local/cuda-10.1/include -I/home/mesnardo/software/openmpi/3.0.4/linux-gnu-opt/include
-----------------------------------------

Using C linker: /home/mesnardo/software/openmpi/3.0.4/linux-gnu-opt/bin/mpicc
Using Fortran linker: /home/mesnardo/software/openmpi/3.0.4/linux-gnu-opt/bin/mpif90
Using libraries: -Wl,-rpath,/home/mesnardo/software/petsc/3.11.2/linux-gnu-openmpi-opt/lib -L/home/mesnardo/software/petsc/3.11.2/linux-gnu-openmpi-opt/lib -lpetsc -Wl,-rpath,/home/mesnardo/software/petsc/3.11.2/linux-gnu-openmpi-opt/lib -L/home/mesnardo/software/petsc/3.11.2/linux-gnu-openmpi-opt/lib -Wl,-rpath,/usr/local/cuda-10.1/lib64 -L/usr/local/cuda-10.1/lib64 -Wl,-rpath,/home/mesnardo/software/openmpi/3.0.4/linux-gnu-opt/lib -L/home/mesnardo/software/openmpi/3.0.4/linux-gnu-opt/lib -Wl,-rpath,/usr/lib/gcc/x86_64-linux-gnu/5 -L/usr/lib/gcc/x86_64-linux-gnu/5 -Wl,-rpath,/usr/lib/x86_64-linux-gnu -L/usr/lib/x86_64-linux-gnu -Wl,-rpath,/lib/x86_64-linux-gnu -L/lib/x86_64-linux-gnu -lHYPRE -lsuperlu_dist -lflapack -lfblas -lhdf5hl_fortran -lhdf5_fortran -lhdf5_hl -lhdf5 -lparmetis -lmetis -lptesmumps -lptscotchparmetis -lptscotch -lptscotcherr -lesmumps -lscotch -lscotcherr -lm -lX11 -lcufft -lcublas -lcudart -lcusparse -lstdc++ -ldl -lmpi_usempif08 -lmpi_usempi_ignore_tkr -lmpi_mpifh -lmpi -lgfortran -lm -lgfortran -lm -lgcc_s -lquadmath -lpthread -lrt -lm -lpthread -lz -lstdc++ -ldl
-----------------------------------------

