************************************************************************************************************************
***             WIDEN YOUR WINDOW TO 120 CHARACTERS.  Use 'enscript -r -fCourier9' to print this document            ***
************************************************************************************************************************

---------------------------------------------- PETSc Performance Summary: ----------------------------------------------

petibm-decoupledibpm on a linux-gnu-openmpi-opt named phantom with 4 processors, by mesnardo Tue Oct 22 17:50:53 2019
Using Petsc Release Version 3.11.2, May, 18, 2019 

                         Max       Max/Min     Avg       Total 
Time (sec):           7.462e+02     1.000   7.462e+02
Objects:              3.660e+02     1.083   3.450e+02
Flop:                 7.540e+10     1.023   7.456e+10  2.983e+11
Flop/sec:             1.011e+08     1.023   9.993e+07  3.997e+08
MPI Messages:         7.516e+04     1.630   5.714e+04  2.285e+05
MPI Message Lengths:  4.524e+10     2.918   4.027e+05  9.203e+10
MPI Reductions:       4.340e+04     1.000

Flop counting convention: 1 flop = 1 real number operation of type (multiply/divide/add/subtract)
                            e.g., VecAXPY() for real vectors of length N --> 2N flop
                            and VecAXPY() for complex vectors of length N --> 8N flop

Summary of Stages:   ----- Time ------  ----- Flop ------  --- Messages ---  -- Message Lengths --  -- Reductions --
                        Avg     %Total     Avg     %Total    Count   %Total     Avg         %Total    Count   %Total 
 0:      Main Stage: 9.6902e+00   1.3%  3.9031e+08   0.1%  1.400e+04   6.1%  2.599e+03        0.0%  4.000e+00   0.0% 
 1:      initialize: 9.5627e+00   1.3%  7.2420e+07   0.0%  5.455e+02   0.2%  1.002e+06        0.6%  4.300e+02   1.0% 
 2:     rhsVelocity: 1.9222e+02  25.8%  2.6053e+11  87.3%  1.180e+05  51.6%  2.154e+04        2.8%  0.000e+00   0.0% 
 3:   solveVelocity: 1.4059e+02  18.8%  0.0000e+00   0.0%  1.800e+04   7.9%  3.670e+06       71.8%  0.000e+00   0.0% 
 4:      rhsPoisson: 3.2681e+02  43.8%  1.5968e+10   5.4%  3.800e+04  16.6%  5.075e+03        0.2%  2.000e+00   0.0% 
 5:    solvePoisson: 4.3786e+01   5.9%  0.0000e+00   0.0%  1.800e+04   7.9%  1.239e+06       24.2%  0.000e+00   0.0% 
 6:          update: 1.7374e+01   2.3%  2.0908e+10   7.0%  8.000e+03   3.5%  2.408e+04        0.2%  0.000e+00   0.0% 
 7:           write: 1.0625e+00   0.1%  0.0000e+00   0.0%  0.000e+00   0.0%  0.000e+00        0.0%  1.200e+01   0.0% 
 8:         monitor: 2.9077e-04   0.0%  0.0000e+00   0.0%  0.000e+00   0.0%  0.000e+00        0.0%  0.000e+00   0.0% 
 9:       rhsForces: 1.6503e+00   0.2%  3.9392e+08   0.1%  1.400e+04   6.1%  1.044e+04        0.2%  0.000e+00   0.0% 
10:     solveForces: 3.1697e+00   0.4%  0.0000e+00   0.0%  0.000e+00   0.0%  0.000e+00        0.0%  6.000e+00   0.0% 
11: integrateForces: 1.8541e-01   0.0%  0.0000e+00   0.0%  0.000e+00   0.0%  0.000e+00        0.0%  2.000e+03   4.6% 

------------------------------------------------------------------------------------------------------------------------
See the 'Profiling' chapter of the users' manual for details on interpreting output.
Phase summary info:
   Count: number of times phase was executed
   Time and Flop: Max - maximum over all processors
                  Ratio - ratio of maximum to minimum over all processors
   Mess: number of messages sent
   AvgLen: average message length (bytes)
   Reduct: number of global reductions
   Global: entire computation
   Stage: stages of a computation. Set stages with PetscLogStagePush() and PetscLogStagePop().
      %T - percent time in this phase         %F - percent flop in this phase
      %M - percent messages in this phase     %L - percent message lengths in this phase
      %R - percent reductions in this phase
   Total Mflop/s: 10e-6 * (sum of flop over all processors)/(max time over all processors)
------------------------------------------------------------------------------------------------------------------------
Event                Count      Time (sec)     Flop                              --- Global ---  --- Stage ----  Total
                   Max Ratio  Max     Ratio   Max  Ratio  Mess   AvgLen  Reduct  %T %F %M %L %R  %T %F %M %L %R Mflop/s
------------------------------------------------------------------------------------------------------------------------

--- Event Stage 0: Main Stage

MatMultAdd          2000 1.0 4.6341e+00 1.1 1.79e+0810.8 1.4e+04 2.6e+03 0.0e+00  1  0  6  0  0  46100100100  0    84
VecScatterBegin     2000 1.0 1.3492e-02 1.4 0.00e+00 0.0 1.4e+04 2.6e+03 0.0e+00  0  0  6  0  0   0  0100100  0     0
VecScatterEnd       2000 1.0 3.8251e-01 5.1 0.00e+00 0.0 0.0e+00 0.0e+00 0.0e+00  0  0  0  0  0   2  0  0  0  0     0

--- Event Stage 1: initialize

BuildTwoSided          2 1.0 1.5449e-03 5.4 0.00e+00 0.0 5.0e+00 4.0e+00 0.0e+00  0  0  0  0  0   0  0  1  0  0     0
BuildTwoSidedF        26 1.0 1.6048e+0010.9 0.00e+00 0.0 1.0e+01 7.3e+04 0.0e+00  0  0  0  0  0  12  0  2  0  0     0
MatConvert             3 1.0 2.3820e-01 1.3 0.00e+00 0.0 0.0e+00 0.0e+00 0.0e+00  0  0  0  0  0   2  0  0  0  0     0
MatScale               3 1.0 3.7675e-02 1.6 1.23e+07 1.0 1.4e+01 1.0e+04 0.0e+00  0  0  0  0  0   0 67  3  0  0  1292
MatAssemblyBegin      43 1.0 1.6076e+0010.9 0.00e+00 0.0 1.0e+01 7.3e+04 0.0e+00  0  0  0  0  0  12  0  2  0  0     0
MatAssemblyEnd        43 1.0 8.1738e-01 1.4 0.00e+00 0.0 2.6e+02 4.5e+03 1.7e+02  0  0  0  0  0   7  0 48  0 39     0
MatGetRowIJ            2 1.0 1.3010e-06 2.3 0.00e+00 0.0 0.0e+00 0.0e+00 0.0e+00  0  0  0  0  0   0  0  0  0  0     0
MatCreateSubMat        2 1.0 2.4788e+00 1.0 0.00e+00 0.0 3.0e+01 1.6e+07 3.2e+01  0  0  0  1  0  26  0  5 89  7     0
MatTranspose           1 1.0 3.8532e-02 1.0 0.00e+00 0.0 4.2e+01 2.0e+04 1.0e+01  0  0  0  0  0   0  0  8  0  2     0
MatMatMult             4 1.0 3.9331e-01 1.1 6.07e+06 1.0 9.4e+01 1.9e+04 5.0e+01  0  0  0  0  0   4 33 17  0 12    60
MatMatMultSym          4 1.0 2.8321e-01 1.1 0.00e+00 0.0 8.3e+01 1.4e+04 4.8e+01  0  0  0  0  0   3  0 15  0 11     0
MatMatMultNum          4 1.0 9.6085e-02 1.1 6.07e+06 1.0 1.1e+01 5.6e+04 0.0e+00  0  0  0  0  0   1 33  2  0  0   247
MatGetLocalMat        10 1.0 3.8730e-01 5.4 0.00e+00 0.0 0.0e+00 0.0e+00 0.0e+00  0  0  0  0  0   2  0  0  0  0     0
MatGetBrAoCol          8 1.0 7.4195e-03 1.6 0.00e+00 0.0 4.4e+01 3.7e+04 0.0e+00  0  0  0  0  0   0  0  8  0  0     0
MatTranspose_SeqAIJ_FAST       1 1.0 6.1166e-04 2.2 0.00e+00 0.0 0.0e+00 0.0e+00 0.0e+00  0  0  0  0  0   0  0  0  0  0     0
SFSetGraph             2 1.0 1.4370e-06 3.5 0.00e+00 0.0 0.0e+00 0.0e+00 0.0e+00  0  0  0  0  0   0  0  0  0  0     0
SFSetUp                2 1.0 1.6941e-03 3.8 0.00e+00 0.0 1.5e+01 2.4e+03 0.0e+00  0  0  0  0  0   0  0  3  0  0     0
SFReduceBegin          2 1.0 3.2857e-05 1.6 0.00e+00 0.0 1.0e+01 3.7e+03 0.0e+00  0  0  0  0  0   0  0  2  0  0     0
SFReduceEnd            2 1.0 4.6101e-05 5.3 0.00e+00 0.0 0.0e+00 0.0e+00 0.0e+00  0  0  0  0  0   0  0  0  0  0     0
VecView               15 0.0 2.8805e-01 0.0 0.00e+00 0.0 0.0e+00 0.0e+00 0.0e+00  0  0  0  0  0   1  0  0  0  0     0
VecSet                40 1.1 1.0915e-02 1.3 0.00e+00 0.0 0.0e+00 0.0e+00 0.0e+00  0  0  0  0  0   0  0  0  0  0     0
VecScatterBegin        5 1.7 3.7679e-0347.0 0.00e+00 0.0 2.2e+01 1.5e+04 0.0e+00  0  0  0  0  0   0  0  4  0  0     0
VecScatterEnd          3 1.0 3.0058e-04 6.4 0.00e+00 0.0 0.0e+00 0.0e+00 0.0e+00  0  0  0  0  0   0  0  0  0  0     0

--- Event Stage 2: rhsVelocity

BuildTwoSidedF      4000 1.0 1.3358e+00 1.3 0.00e+00 0.0 0.0e+00 0.0e+00 0.0e+00  0  0  0  0  0   1  0  0  0  0     0
MatMult            10000 1.0 1.3872e+02 1.0 5.08e+10 1.0 1.0e+05 2.4e+04 0.0e+00 18 67 46  3  0  72 77 88 99  0  1451
MatMultAdd          4000 1.0 2.4863e+01 1.0 2.04e+09 1.1 1.4e+04 2.6e+03 0.0e+00  3  3  6  0  0  13  3 12  1  0   312
VecScale           14000 1.0 1.0746e+01 1.1 3.71e+09 1.0 0.0e+00 0.0e+00 0.0e+00  1  5  0  0  0   5  6  0  0  0  1370
VecSet              4000 1.0 4.8473e+00 1.0 0.00e+00 0.0 0.0e+00 0.0e+00 0.0e+00  1  0  0  0  0   2  0  0  0  0     0
VecAXPY            12000 1.0 3.0130e+01 1.0 1.11e+10 1.0 0.0e+00 0.0e+00 0.0e+00  4 15  0  0  0  16 17  0  0  0  1466
VecSwap             2000 1.0 5.4754e+00 1.4 0.00e+00 0.0 0.0e+00 0.0e+00 0.0e+00  1  0  0  0  0   3  0  0  0  0     0
VecAssemblyBegin    4000 1.0 1.4026e+00 1.3 0.00e+00 0.0 0.0e+00 0.0e+00 0.0e+00  0  0  0  0  0   1  0  0  0  0     0
VecAssemblyEnd      4000 1.0 9.9405e-03 1.1 0.00e+00 0.0 0.0e+00 0.0e+00 0.0e+00  0  0  0  0  0   0  0  0  0  0     0
VecScatterBegin    12000 1.0 6.6792e+00 1.1 0.00e+00 0.0 1.2e+05 2.2e+04 0.0e+00  1  0 52  3  0   3  0100100  0     0
VecScatterEnd      12000 1.0 8.7792e+00 2.1 0.00e+00 0.0 0.0e+00 0.0e+00 0.0e+00  1  0  0  0  0   3  0  0  0  0     0

--- Event Stage 3: solveVelocity

VecScatterBegin     6000 1.0 1.9286e+01 2.0 0.00e+00 0.0 1.8e+04 3.7e+06 0.0e+00  2  0  8 72  0   9  0100100  0     0
VecScatterEnd       6000 1.0 1.8425e+01 2.0 0.00e+00 0.0 0.0e+00 0.0e+00 0.0e+00  2  0  0  0  0  10  0  0  0  0     0

--- Event Stage 4: rhsPoisson

BuildTwoSidedF      4000 1.0 3.0266e+0235.4 0.00e+00 0.0 3.0e+04 7.2e+00 0.0e+00 11  0 13  0  0  26  0 79  0  0     0
MatMult             4000 1.0 3.2521e+02 1.0 3.40e+09 1.0 2.3e+04 8.4e+03 0.0e+00 44  5 10  0  0  99 84 61100  0    41
MatMultAdd          2000 1.0 3.1733e+02 1.0 6.26e+08 1.0 1.5e+04 7.2e+00 2.0e+00 43  1  7  0  0  97 16 39  0100     8
VecScale            2000 1.0 2.9682e-04 1.3 0.00e+00 0.0 0.0e+00 0.0e+00 0.0e+00  0  0  0  0  0   0  0  0  0  0     0
VecSet              2000 1.0 6.7522e-01 1.1 0.00e+00 0.0 0.0e+00 0.0e+00 0.0e+00  0  0  0  0  0   0  0  0  0  0     0
VecAXPY             2000 1.0 1.6388e+00 1.0 6.26e+08 1.0 0.0e+00 0.0e+00 0.0e+00  0  1  0  0  0   0 16  0  0  0  1516
VecAssemblyBegin    4000 1.0 3.0304e+02 1.0 0.00e+00 0.0 3.0e+04 7.2e+00 0.0e+00 41  0 13  0  0  93  0 79  0  0     0
VecAssemblyEnd      4000 1.0 1.6914e-02 1.2 0.00e+00 0.0 0.0e+00 0.0e+00 0.0e+00  0  0  0  0  0   0  0  0  0  0     0
VecScatterBegin     2000 1.0 1.9524e-0112.0 0.00e+00 0.0 8.0e+03 2.4e+04 0.0e+00  0  0  4  0  0   0  0 21100  0     0
VecScatterEnd       2000 1.0 3.0366e-01 2.3 0.00e+00 0.0 0.0e+00 0.0e+00 0.0e+00  0  0  0  0  0   0  0  0  0  0     0

--- Event Stage 5: solvePoisson

VecScatterBegin     6000 1.0 6.2347e+00 2.0 0.00e+00 0.0 1.8e+04 1.2e+06 0.0e+00  1  0  8 24  0   9  0100100  0     0
VecScatterEnd       6000 1.0 6.2247e+00 2.9 0.00e+00 0.0 0.0e+00 0.0e+00 0.0e+00  1  0  0  0  0  10  0  0  0  0     0

--- Event Stage 6: update

MatMult             2000 1.0 1.2780e+01 1.1 2.79e+09 1.0 8.0e+03 2.4e+04 0.0e+00  2  4  4  0  0  69 53100100  0   864
VecAXPY             6000 1.0 5.4793e+00 1.0 2.49e+09 1.0 0.0e+00 0.0e+00 0.0e+00  1  3  0  0  0  31 47  0  0  0  1800
VecScatterBegin     2000 1.0 2.8754e-0115.6 0.00e+00 0.0 8.0e+03 2.4e+04 0.0e+00  0  0  4  0  0   1  0100100  0     0
VecScatterEnd       2000 1.0 8.9569e-01 7.0 0.00e+00 0.0 0.0e+00 0.0e+00 0.0e+00  0  0  0  0  0   2  0  0  0  0     0

--- Event Stage 7: write

VecView               12 1.0 9.8399e-01 1.0 0.00e+00 0.0 0.0e+00 0.0e+00 0.0e+00  0  0  0  0  0  93  0  0  0  0     0

--- Event Stage 8: monitor


--- Event Stage 9: rhsForces

MatMult             2000 1.0 4.0753e+0024.1 1.02e+08 1.1 1.4e+04 1.0e+04 0.0e+00  0  0  6  0  0  99 98100100  0    95
VecScale            2000 1.0 1.0784e-02 3.8 1.99e+06 1.0 0.0e+00 0.0e+00 0.0e+00  0  0  0  0  0   0  2  0  0  0   738
VecScatterBegin     2000 1.0 1.4174e-01 8.1 0.00e+00 0.0 1.4e+04 1.0e+04 0.0e+00  0  0  6  0  0   5  0100100  0     0
VecScatterEnd       2000 1.0 3.7420e+0063.3 0.00e+00 0.0 0.0e+00 0.0e+00 0.0e+00  0  0  0  0  0  78  0  0  0  0     0

--- Event Stage 10: solveForces

MatSolve            2000 1.0 3.5649e+00 1.4 0.00e+00 0.0 0.0e+00 0.0e+00 0.0e+00  0  0  0  0  0  97  0  0  0  0     0
MatLUFactorSym         1 1.0 2.2390e-04 1.0 0.00e+00 0.0 0.0e+00 0.0e+00 0.0e+00  0  0  0  0  0   0  0  0  0  0     0
MatLUFactorNum         1 1.0 5.1647e-02 1.0 0.00e+00 0.0 0.0e+00 0.0e+00 0.0e+00  0  0  0  0  0   2  0  0  0  0     0
MatGetRowIJ            1 1.0 6.1397e-07 2.4 0.00e+00 0.0 0.0e+00 0.0e+00 0.0e+00  0  0  0  0  0   0  0  0  0  0     0
MatGetOrdering         1 1.0 5.9546e-05 2.3 0.00e+00 0.0 0.0e+00 0.0e+00 0.0e+00  0  0  0  0  0   0  0  0  0  0     0
VecCopy             2000 1.0 5.6748e-03 4.0 0.00e+00 0.0 0.0e+00 0.0e+00 0.0e+00  0  0  0  0  0   0  0  0  0  0     0
VecSet              2000 1.0 6.5327e-03 3.0 0.00e+00 0.0 0.0e+00 0.0e+00 0.0e+00  0  0  0  0  0   0  0  0  0  0     0
KSPSetUp               1 1.0 2.2100e-06 2.2 0.00e+00 0.0 0.0e+00 0.0e+00 0.0e+00  0  0  0  0  0   0  0  0  0  0     0
KSPSolve            2000 1.0 3.6608e+00 1.4 0.00e+00 0.0 0.0e+00 0.0e+00 6.0e+00  0  0  0  0  0 100  0  0  0100     0
PCSetUp                1 1.0 5.2177e-02 1.0 0.00e+00 0.0 0.0e+00 0.0e+00 6.0e+00  0  0  0  0  0   2  0  0  0100     0
PCApply             2000 1.0 3.5708e+00 1.4 0.00e+00 0.0 0.0e+00 0.0e+00 0.0e+00  0  0  0  0  0  97  0  0  0  0     0

--- Event Stage 11: integrateForces

------------------------------------------------------------------------------------------------------------------------

Memory usage is given in bytes:

Object Type          Creations   Destructions     Memory  Descendants' Mem.
Reports information only for process 0.

--- Event Stage 0: Main Stage

    Distributed Mesh     0              7        37976     0.
              Matrix     0             42    480894008     0.
           Index Set     0             10      2499476     0.
   IS L to G Mapping     0              6      4856768     0.
   Star Forest Graph     0             14        11760     0.
     Discrete System     0              7         6440     0.
              Vector     0             39     82962712     0.
         Vec Scatter     0             19     14930608     0.
   Application Order     0              4     19698064     0.
              Viewer     2              3         2544     0.
       Krylov Solver     0              1         1480     0.
      Preconditioner     0              1         1008     0.

--- Event Stage 1: initialize

    Distributed Mesh     7              0            0     0.
              Matrix    83             42   2178597320     0.
           Index Set    72             64     22618284     0.
   IS L to G Mapping     9              3      2077980     0.
   Star Forest Graph    16              2         1808     0.
     Discrete System     7              0            0     0.
              Vector   109             72     58754464     0.
         Vec Scatter    35             16        21376     0.
   Application Order     4              0            0     0.
              Viewer     7              5         4160     0.
       Krylov Solver     1              0            0     0.
      Preconditioner     1              0            0     0.

--- Event Stage 2: rhsVelocity

              Vector     1              0            0     0.

--- Event Stage 3: solveVelocity


--- Event Stage 4: rhsPoisson

              Vector     1              0            0     0.

--- Event Stage 5: solvePoisson


--- Event Stage 6: update


--- Event Stage 7: write

              Viewer     6              6         4992     0.

--- Event Stage 8: monitor


--- Event Stage 9: rhsForces


--- Event Stage 10: solveForces

              Matrix     1              0            0     0.
           Index Set     4              2         9568     0.

--- Event Stage 11: integrateForces

========================================================================================================================
Average time to get PetscTime(): 4.22006e-08
Average time for MPI_Barrier(): 1.62759e-06
Average time for zero size MPI_Send(): 1.73275e-06
#PETSc Option Table entries:
-forces_ksp_type preonly
-forces_pc_factor_mat_solver_type superlu_dist
-forces_pc_type lu
-log_view ascii:view.log
-options_left
#End of PETSc Option Table entries
Compiled without FORTRAN kernels
Compiled with full precision matrices (default)
sizeof(short) 2 sizeof(int) 4 sizeof(long) 8 sizeof(void*) 8 sizeof(PetscScalar) 8 sizeof(PetscInt) 4
Configure options: --PETSC_DIR=/home/mesnardo/software/petsc/3.11.2 --PETSC_ARCH=linux-gnu-openmpi-opt --with-debugging=0 COPTFLAGS=-O3 CXXOPTFLAGS=-O3 FOPTFLAGS=-O3 --with-cxx-dialect=C++11 --with-shared-libraries=1 --with-pic=1 --with-mpi-dir=/home/mesnardo/software/openmpi/3.0.4/linux-gnu-opt --with-cuda-dir=/usr/local/cuda-10.1 --download-hdf5 --download-fblaslapack --download-hypre --download-ptscotch --download-metis --download-parmetis --download-superlu_dist
-----------------------------------------
Libraries compiled on 2019-06-18 19:59:51 on phantom 
Machine characteristics: Linux-4.4.0-127-generic-x86_64-with-debian-stretch-sid
Using PETSc directory: /home/mesnardo/software/petsc/3.11.2
Using PETSc arch: linux-gnu-openmpi-opt
-----------------------------------------

Using C compiler: /home/mesnardo/software/openmpi/3.0.4/linux-gnu-opt/bin/mpicc  -fPIC -Wall -Wwrite-strings -Wno-strict-aliasing -Wno-unknown-pragmas -fstack-protector -fvisibility=hidden -O3  
Using Fortran compiler: /home/mesnardo/software/openmpi/3.0.4/linux-gnu-opt/bin/mpif90  -fPIC -Wall -ffree-line-length-0 -Wno-unused-dummy-argument -O3    
-----------------------------------------

Using include paths: -I/home/mesnardo/software/petsc/3.11.2/include -I/home/mesnardo/software/petsc/3.11.2/linux-gnu-openmpi-opt/include -I/usr/local/cuda-10.1/include -I/home/mesnardo/software/openmpi/3.0.4/linux-gnu-opt/include
-----------------------------------------

Using C linker: /home/mesnardo/software/openmpi/3.0.4/linux-gnu-opt/bin/mpicc
Using Fortran linker: /home/mesnardo/software/openmpi/3.0.4/linux-gnu-opt/bin/mpif90
Using libraries: -Wl,-rpath,/home/mesnardo/software/petsc/3.11.2/linux-gnu-openmpi-opt/lib -L/home/mesnardo/software/petsc/3.11.2/linux-gnu-openmpi-opt/lib -lpetsc -Wl,-rpath,/home/mesnardo/software/petsc/3.11.2/linux-gnu-openmpi-opt/lib -L/home/mesnardo/software/petsc/3.11.2/linux-gnu-openmpi-opt/lib -Wl,-rpath,/usr/local/cuda-10.1/lib64 -L/usr/local/cuda-10.1/lib64 -Wl,-rpath,/home/mesnardo/software/openmpi/3.0.4/linux-gnu-opt/lib -L/home/mesnardo/software/openmpi/3.0.4/linux-gnu-opt/lib -Wl,-rpath,/usr/lib/gcc/x86_64-linux-gnu/5 -L/usr/lib/gcc/x86_64-linux-gnu/5 -Wl,-rpath,/usr/lib/x86_64-linux-gnu -L/usr/lib/x86_64-linux-gnu -Wl,-rpath,/lib/x86_64-linux-gnu -L/lib/x86_64-linux-gnu -lHYPRE -lsuperlu_dist -lflapack -lfblas -lhdf5hl_fortran -lhdf5_fortran -lhdf5_hl -lhdf5 -lparmetis -lmetis -lptesmumps -lptscotchparmetis -lptscotch -lptscotcherr -lesmumps -lscotch -lscotcherr -lm -lX11 -lcufft -lcublas -lcudart -lcusparse -lstdc++ -ldl -lmpi_usempif08 -lmpi_usempi_ignore_tkr -lmpi_mpifh -lmpi -lgfortran -lm -lgfortran -lm -lgcc_s -lquadmath -lpthread -lrt -lm -lpthread -lz -lstdc++ -ldl
-----------------------------------------

