************************************************************************************************************************
***             WIDEN YOUR WINDOW TO 120 CHARACTERS.  Use 'enscript -r -fCourier9' to print this document            ***
************************************************************************************************************************

---------------------------------------------- PETSc Performance Summary: ----------------------------------------------

petibm-decoupledibpm on a  named phantom with 4 processors, by mesnardo Fri Nov  1 19:01:21 2019
Using Petsc Release Version 3.11.4, Sep, 28, 2019 

                         Max       Max/Min     Avg       Total 
Time (sec):           7.365e+02     1.000   7.365e+02
Objects:              3.660e+02     1.083   3.450e+02
Flop:                 7.544e+10     1.024   7.456e+10  2.983e+11
Flop/sec:             1.024e+08     1.024   1.012e+08  4.050e+08
MPI Messages:         7.215e+04     1.674   5.263e+04  2.105e+05
MPI Message Lengths:  4.524e+10     2.919   4.371e+05  9.201e+10
MPI Reductions:       4.288e+04     1.000

Flop counting convention: 1 flop = 1 real number operation of type (multiply/divide/add/subtract)
                            e.g., VecAXPY() for real vectors of length N --> 2N flop
                            and VecAXPY() for complex vectors of length N --> 8N flop

Summary of Stages:   ----- Time ------  ----- Flop ------  --- Messages ---  -- Message Lengths --  -- Reductions --
                        Avg     %Total     Avg     %Total    Count   %Total     Avg         %Total    Count   %Total 
 0:      Main Stage: 9.4799e+00   1.3%  3.9031e+08   0.1%  8.000e+03   3.8%  4.186e+03        0.0%  4.000e+00   0.0% 
 1:      initialize: 1.0331e+01   1.4%  7.2469e+07   0.0%  4.975e+02   0.2%  1.099e+06        0.6%  4.300e+02   1.0% 
 2:     rhsVelocity: 1.9076e+02  25.9%  2.6053e+11  87.3%  1.120e+05  53.2%  2.266e+04        2.8%  0.000e+00   0.0% 
 3:   solveVelocity: 1.4046e+02  19.1%  0.0000e+00   0.0%  1.800e+04   8.6%  3.670e+06       71.8%  0.000e+00   0.0% 
 4:      rhsPoisson: 3.1751e+02  43.1%  1.5968e+10   5.4%  3.800e+04  18.1%  5.075e+03        0.2%  2.000e+00   0.0% 
 5:    solvePoisson: 4.4477e+01   6.0%  0.0000e+00   0.0%  1.800e+04   8.6%  1.239e+06       24.2%  0.000e+00   0.0% 
 6:          update: 1.7437e+01   2.4%  2.0908e+10   7.0%  8.000e+03   3.8%  2.408e+04        0.2%  0.000e+00   0.0% 
 7:           write: 1.1766e+00   0.2%  0.0000e+00   0.0%  0.000e+00   0.0%  0.000e+00        0.0%  1.200e+01   0.0% 
 8:         monitor: 2.9902e-04   0.0%  0.0000e+00   0.0%  0.000e+00   0.0%  0.000e+00        0.0%  0.000e+00   0.0% 
 9:       rhsForces: 1.6824e+00   0.2%  3.9429e+08   0.1%  8.000e+03   3.8%  1.667e+04        0.1%  0.000e+00   0.0% 
10:     solveForces: 2.8459e+00   0.4%  0.0000e+00   0.0%  0.000e+00   0.0%  0.000e+00        0.0%  6.000e+00   0.0% 
11: integrateForces: 1.8787e-01   0.0%  0.0000e+00   0.0%  0.000e+00   0.0%  0.000e+00        0.0%  2.000e+03   4.7% 

------------------------------------------------------------------------------------------------------------------------
See the 'Profiling' chapter of the users' manual for details on interpreting output.
Phase summary info:
   Count: number of times phase was executed
   Time and Flop: Max - maximum over all processors
                  Ratio - ratio of maximum to minimum over all processors
   Mess: number of messages sent
   AvgLen: average message length (bytes)
   Reduct: number of global reductions
   Global: entire computation
   Stage: stages of a computation. Set stages with PetscLogStagePush() and PetscLogStagePop().
      %T - percent time in this phase         %F - percent flop in this phase
      %M - percent messages in this phase     %L - percent message lengths in this phase
      %R - percent reductions in this phase
   Total Mflop/s: 10e-6 * (sum of flop over all processors)/(max time over all processors)
------------------------------------------------------------------------------------------------------------------------
Event                Count      Time (sec)     Flop                              --- Global ---  --- Stage ----  Total
                   Max Ratio  Max     Ratio   Max  Ratio  Mess   AvgLen  Reduct  %T %F %M %L %R  %T %F %M %L %R Mflop/s
------------------------------------------------------------------------------------------------------------------------

--- Event Stage 0: Main Stage

MatMultAdd          2000 1.0 4.5391e+00 1.1 1.96e+08 0.0 8.0e+03 4.2e+03 0.0e+00  1  0  4  0  0  45100100100  0    86
VecScatterBegin     2000 1.0 1.4969e-02 2.4 0.00e+00 0.0 8.0e+03 4.2e+03 0.0e+00  0  0  4  0  0   0  0100100  0     0
VecScatterEnd       2000 1.0 3.0546e-01 3.9 0.00e+00 0.0 0.0e+00 0.0e+00 0.0e+00  0  0  0  0  0   2  0  0  0  0     0

--- Event Stage 1: initialize

BuildTwoSided          2 1.0 1.0037e-03 6.6 0.00e+00 0.0 3.5e+00 4.0e+00 0.0e+00  0  0  0  0  0   0  0  1  0  0     0
BuildTwoSidedF        26 1.0 9.9748e-01 6.8 0.00e+00 0.0 6.0e+00 1.3e+05 0.0e+00  0  0  0  0  0   7  0  1  0  0     0
MatConvert             3 1.0 1.9745e-01 1.0 0.00e+00 0.0 0.0e+00 0.0e+00 0.0e+00  0  0  0  0  0   2  0  0  0  0     0
MatScale               3 1.0 4.4676e-02 1.0 1.23e+07 1.0 8.0e+00 1.7e+04 0.0e+00  0  0  0  0  0   0 67  2  0  0  1089
MatAssemblyBegin      43 1.0 9.9974e-01 6.8 0.00e+00 0.0 6.0e+00 1.3e+05 0.0e+00  0  0  0  0  0   7  0  1  0  0     0
MatAssemblyEnd        43 1.0 6.6275e-01 1.3 0.00e+00 0.0 2.4e+02 4.8e+03 1.7e+02  0  0  0  0  0   5  0 49  0 39     0
MatGetRowIJ            2 1.0 1.1030e-06 1.5 0.00e+00 0.0 0.0e+00 0.0e+00 0.0e+00  0  0  0  0  0   0  0  0  0  0     0
MatCreateSubMat        2 1.0 1.9222e+00 1.0 0.00e+00 0.0 3.0e+01 1.6e+07 3.2e+01  0  0  0  1  0  19  0  6 89  7     0
MatTranspose           1 1.0 3.3995e-02 1.0 0.00e+00 0.0 2.4e+01 3.5e+04 1.0e+01  0  0  0  0  0   0  0  5  0  2     0
MatMatMult             4 1.0 2.6289e-01 1.0 6.09e+06 1.0 7.6e+01 2.3e+04 5.0e+01  0  0  0  0  0   3 33 15  0 12    91
MatMatMultSym          4 1.0 1.9381e-01 1.0 0.00e+00 0.0 6.8e+01 1.7e+04 4.8e+01  0  0  0  0  0   2  0 14  0 11     0
MatMatMultNum          4 1.0 6.9077e-02 1.0 6.09e+06 1.0 8.0e+00 7.7e+04 0.0e+00  0  0  0  0  0   1 33  2  0  0   345
MatGetLocalMat        10 1.0 3.4370e-01 4.2 0.00e+00 0.0 0.0e+00 0.0e+00 0.0e+00  0  0  0  0  0   1  0  0  0  0     0
MatGetBrAoCol          8 1.0 3.7873e-03 1.2 0.00e+00 0.0 3.2e+01 5.1e+04 0.0e+00  0  0  0  0  0   0  0  6  0  0     0
MatTranspose_SeqAIJ_FAST       1 1.0 8.4394e-04 3.2 0.00e+00 0.0 0.0e+00 0.0e+00 0.0e+00  0  0  0  0  0   0  0  0  0  0     0
SFSetGraph             2 1.0 1.4350e-06 2.0 0.00e+00 0.0 0.0e+00 0.0e+00 0.0e+00  0  0  0  0  0   0  0  0  0  0     0
SFSetUp                2 1.0 1.0543e-03 4.8 0.00e+00 0.0 1.0e+01 3.2e+03 0.0e+00  0  0  0  0  0   0  0  2  0  0     0
SFReduceBegin          2 1.0 2.8406e-05 1.4 0.00e+00 0.0 7.0e+00 4.8e+03 0.0e+00  0  0  0  0  0   0  0  1  0  0     0
SFReduceEnd            2 1.0 6.4559e-05 4.5 0.00e+00 0.0 0.0e+00 0.0e+00 0.0e+00  0  0  0  0  0   0  0  0  0  0     0
VecView               15 0.0 2.8878e-01 0.0 0.00e+00 0.0 0.0e+00 0.0e+00 0.0e+00  0  0  0  0  0   1  0  0  0  0     0
VecSet                40 1.1 9.5713e-03 1.2 0.00e+00 0.0 0.0e+00 0.0e+00 0.0e+00  0  0  0  0  0   0  0  0  0  0     0
VecScatterBegin        5 1.7 4.2069e-0395.3 0.00e+00 0.0 1.6e+01 2.0e+04 0.0e+00  0  0  0  0  0   0  0  3  0  0     0
VecScatterEnd          3 1.0 2.9316e-04 5.9 0.00e+00 0.0 0.0e+00 0.0e+00 0.0e+00  0  0  0  0  0   0  0  0  0  0     0

--- Event Stage 2: rhsVelocity

BuildTwoSidedF      4000 1.0 1.1778e+00 1.6 0.00e+00 0.0 0.0e+00 0.0e+00 0.0e+00  0  0  0  0  0   0  0  0  0  0     0
MatMult            10000 1.0 1.3756e+02 1.0 5.08e+10 1.0 1.0e+05 2.4e+04 0.0e+00 19 67 49  3  0  72 77 93 99  0  1463
MatMultAdd          4000 1.0 2.4689e+01 1.0 2.05e+09 1.1 8.0e+03 4.2e+03 0.0e+00  3  3  4  0  0  13  3  7  1  0   314
VecScale           14000 1.0 1.0927e+01 1.1 3.71e+09 1.0 0.0e+00 0.0e+00 0.0e+00  1  5  0  0  0   5  6  0  0  0  1348
VecSet              4000 1.0 5.0899e+00 1.0 0.00e+00 0.0 0.0e+00 0.0e+00 0.0e+00  1  0  0  0  0   3  0  0  0  0     0
VecAXPY            12000 1.0 3.0717e+01 1.0 1.11e+10 1.0 0.0e+00 0.0e+00 0.0e+00  4 15  0  0  0  16 17  0  0  0  1438
VecSwap             2000 1.0 5.3087e+00 1.5 0.00e+00 0.0 0.0e+00 0.0e+00 0.0e+00  1  0  0  0  0   2  0  0  0  0     0
VecAssemblyBegin    4000 1.0 1.2515e+00 1.5 0.00e+00 0.0 0.0e+00 0.0e+00 0.0e+00  0  0  0  0  0   1  0  0  0  0     0
VecAssemblyEnd      4000 1.0 1.2215e-02 1.1 0.00e+00 0.0 0.0e+00 0.0e+00 0.0e+00  0  0  0  0  0   0  0  0  0  0     0
VecScatterBegin    12000 1.0 6.5464e+00 1.1 0.00e+00 0.0 1.1e+05 2.3e+04 0.0e+00  1  0 53  3  0   3  0100100  0     0
VecScatterEnd      12000 1.0 9.0501e+00 2.8 0.00e+00 0.0 0.0e+00 0.0e+00 0.0e+00  1  0  0  0  0   3  0  0  0  0     0

--- Event Stage 3: solveVelocity

VecScatterBegin     6000 1.0 1.9061e+01 2.1 0.00e+00 0.0 1.8e+04 3.7e+06 0.0e+00  2  0  9 72  0   8  0100100  0     0
VecScatterEnd       6000 1.0 1.8816e+01 2.2 0.00e+00 0.0 0.0e+00 0.0e+00 0.0e+00  2  0  0  0  0  10  0  0  0  0     0

--- Event Stage 4: rhsPoisson

BuildTwoSidedF      4000 1.0 2.9437e+0251.9 0.00e+00 0.0 3.0e+04 7.2e+00 0.0e+00 11  0 14  0  0  25  0 79  0  0     0
MatMult             4000 1.0 3.1584e+02 1.0 3.40e+09 1.0 2.3e+04 8.4e+03 0.0e+00 43  5 11  0  0  99 84 61100  0    43
MatMultAdd          2000 1.0 3.0869e+02 1.0 6.26e+08 1.0 1.5e+04 7.2e+00 2.0e+00 42  1  7  0  0  97 16 39  0100     8
VecScale            2000 1.0 4.9734e-04 1.8 0.00e+00 0.0 0.0e+00 0.0e+00 0.0e+00  0  0  0  0  0   0  0  0  0  0     0
VecSet              2000 1.0 4.9069e-01 1.1 0.00e+00 0.0 0.0e+00 0.0e+00 0.0e+00  0  0  0  0  0   0  0  0  0  0     0
VecAXPY             2000 1.0 1.6903e+00 1.0 6.26e+08 1.0 0.0e+00 0.0e+00 0.0e+00  0  1  0  0  0   1 16  0  0  0  1470
VecAssemblyBegin    4000 1.0 2.9479e+02 1.0 0.00e+00 0.0 3.0e+04 7.2e+00 0.0e+00 40  0 14  0  0  93  0 79  0  0     0
VecAssemblyEnd      4000 1.0 2.1932e-02 1.1 0.00e+00 0.0 0.0e+00 0.0e+00 0.0e+00  0  0  0  0  0   0  0  0  0  0     0
VecScatterBegin     2000 1.0 2.2425e-0113.0 0.00e+00 0.0 8.0e+03 2.4e+04 0.0e+00  0  0  4  0  0   0  0 21100  0     0
VecScatterEnd       2000 1.0 1.9200e-01 1.7 0.00e+00 0.0 0.0e+00 0.0e+00 0.0e+00  0  0  0  0  0   0  0  0  0  0     0

--- Event Stage 5: solvePoisson

VecScatterBegin     6000 1.0 6.2072e+00 2.0 0.00e+00 0.0 1.8e+04 1.2e+06 0.0e+00  1  0  9 24  0   9  0100100  0     0
VecScatterEnd       6000 1.0 6.2767e+00 3.2 0.00e+00 0.0 0.0e+00 0.0e+00 0.0e+00  1  0  0  0  0  10  0  0  0  0     0

--- Event Stage 6: update

MatMult             2000 1.0 1.2279e+01 1.1 2.79e+09 1.0 8.0e+03 2.4e+04 0.0e+00  2  4  4  0  0  67 53100100  0   899
VecAXPY             6000 1.0 5.9322e+00 1.1 2.49e+09 1.0 0.0e+00 0.0e+00 0.0e+00  1  3  0  0  0  33 47  0  0  0  1663
VecScatterBegin     2000 1.0 2.9618e-0125.8 0.00e+00 0.0 8.0e+03 2.4e+04 0.0e+00  0  0  4  0  0   1  0100100  0     0
VecScatterEnd       2000 1.0 8.1401e-01 7.1 0.00e+00 0.0 0.0e+00 0.0e+00 0.0e+00  0  0  0  0  0   2  0  0  0  0     0

--- Event Stage 7: write

VecView               12 1.0 1.0672e+00 1.0 0.00e+00 0.0 0.0e+00 0.0e+00 0.0e+00  0  0  0  0  0  91  0  0  0  0     0

--- Event Stage 8: monitor


--- Event Stage 9: rhsForces

MatMult             2000 1.0 4.2422e+0030.2 1.02e+08 1.1 8.0e+03 1.7e+04 0.0e+00  0  0  4  0  0  99 98100100  0    91
VecScale            2000 1.0 1.1034e-02 2.7 1.99e+06 1.0 0.0e+00 0.0e+00 0.0e+00  0  0  0  0  0   0  2  0  0  0   721
VecScatterBegin     2000 1.0 1.3595e-0120.7 0.00e+00 0.0 8.0e+03 1.7e+04 0.0e+00  0  0  4  0  0   4  0100100  0     0
VecScatterEnd       2000 1.0 3.9515e+0068.8 0.00e+00 0.0 0.0e+00 0.0e+00 0.0e+00  0  0  0  0  0  77  0  0  0  0     0

--- Event Stage 10: solveForces

MatSolve            2000 1.0 3.2819e+00 1.5 0.00e+00 0.0 0.0e+00 0.0e+00 0.0e+00  0  0  0  0  0  96  0  0  0  0     0
MatLUFactorSym         1 1.0 1.7028e-04 1.0 0.00e+00 0.0 0.0e+00 0.0e+00 0.0e+00  0  0  0  0  0   0  0  0  0  0     0
MatLUFactorNum         1 1.0 5.1539e-02 1.0 0.00e+00 0.0 0.0e+00 0.0e+00 0.0e+00  0  0  0  0  0   2  0  0  0  0     0
MatGetRowIJ            1 1.0 5.3200e-07 1.5 0.00e+00 0.0 0.0e+00 0.0e+00 0.0e+00  0  0  0  0  0   0  0  0  0  0     0
MatGetOrdering         1 1.0 5.7304e-05 1.5 0.00e+00 0.0 0.0e+00 0.0e+00 0.0e+00  0  0  0  0  0   0  0  0  0  0     0
VecCopy             2000 1.0 3.7618e-03 2.2 0.00e+00 0.0 0.0e+00 0.0e+00 0.0e+00  0  0  0  0  0   0  0  0  0  0     0
VecSet              2000 1.0 7.4140e-03 2.1 0.00e+00 0.0 0.0e+00 0.0e+00 0.0e+00  0  0  0  0  0   0  0  0  0  0     0
KSPSetUp               1 1.0 2.7400e-06 1.8 0.00e+00 0.0 0.0e+00 0.0e+00 0.0e+00  0  0  0  0  0   0  0  0  0  0     0
KSPSolve            2000 1.0 3.3853e+00 1.5 0.00e+00 0.0 0.0e+00 0.0e+00 6.0e+00  0  0  0  0  0 100  0  0  0100     0
PCSetUp                1 1.0 5.3939e-02 1.0 0.00e+00 0.0 0.0e+00 0.0e+00 6.0e+00  0  0  0  0  0   2  0  0  0100     0
PCApply             2000 1.0 3.2886e+00 1.5 0.00e+00 0.0 0.0e+00 0.0e+00 0.0e+00  0  0  0  0  0  97  0  0  0  0     0

--- Event Stage 11: integrateForces

------------------------------------------------------------------------------------------------------------------------

Memory usage is given in bytes:

Object Type          Creations   Destructions     Memory  Descendants' Mem.
Reports information only for process 0.

--- Event Stage 0: Main Stage

    Distributed Mesh     0              7        37976     0.
              Matrix     0             42    480944716     0.
           Index Set     0             10      2499476     0.
   IS L to G Mapping     0              6      4856768     0.
   Star Forest Graph     0             14        11760     0.
     Discrete System     0              7         6440     0.
              Vector     0             39     82958936     0.
         Vec Scatter     0             19     14930608     0.
   Application Order     0              4     19698064     0.
              Viewer     2              3         2544     0.
       Krylov Solver     0              1         1480     0.
      Preconditioner     0              1         1008     0.

--- Event Stage 1: initialize

    Distributed Mesh     7              0            0     0.
              Matrix    83             42   2178596984     0.
           Index Set    72             64     22616708     0.
   IS L to G Mapping     9              3      2077980     0.
   Star Forest Graph    16              2         1808     0.
     Discrete System     7              0            0     0.
              Vector   109             72     58753312     0.
         Vec Scatter    35             16        21376     0.
   Application Order     4              0            0     0.
              Viewer     7              5         4160     0.
       Krylov Solver     1              0            0     0.
      Preconditioner     1              0            0     0.

--- Event Stage 2: rhsVelocity

              Vector     1              0            0     0.

--- Event Stage 3: solveVelocity


--- Event Stage 4: rhsPoisson

              Vector     1              0            0     0.

--- Event Stage 5: solvePoisson


--- Event Stage 6: update


--- Event Stage 7: write

              Viewer     6              6         4992     0.

--- Event Stage 8: monitor


--- Event Stage 9: rhsForces


--- Event Stage 10: solveForces

              Matrix     1              0            0     0.
           Index Set     4              2         9568     0.

--- Event Stage 11: integrateForces

========================================================================================================================
Average time to get PetscTime(): 2.65994e-08
Average time for MPI_Barrier(): 1.745e-06
Average time for zero size MPI_Send(): 2.46125e-06
#PETSc Option Table entries:
-directory /mnt
-forces_ksp_type preonly
-forces_pc_factor_mat_solver_type superlu_dist
-forces_pc_type lu
-log_view ascii:view.log
-options_left
#End of PETSc Option Table entries
Compiled without FORTRAN kernels
Compiled with full precision matrices (default)
sizeof(short) 2 sizeof(int) 4 sizeof(long) 8 sizeof(void*) 8 sizeof(PetscScalar) 8 sizeof(PetscInt) 4
Configure options: --prefix=/usr/local/petsc-3.11.4 PETSC_DIR=/opt/petsc/3.11.4 PETSC_ARCH=linux-gnu-openmpi-opt COPTFLAGS=-O3 CXXFLAGS=-O3 --with-fc=0 --with-shared-libraries=1 --with-pic=1 --with-cxx-dialect=C++11 --with-debugging=0 --download-openmpi=https://download.open-mpi.org/release/open-mpi/v3.1/openmpi-3.1.4.tar.gz --download-hdf5 --download-f2cblaslapack --download-hypre --download-ptscotch --download-metis --download-parmetis --download-superlu_dist
-----------------------------------------
Libraries compiled on 2019-10-18 00:04:50 on abc8e2ed9974 
Machine characteristics: Linux-4.4.0-127-generic-x86_64-with-Ubuntu-16.04-xenial
Using PETSc directory: /usr/local/petsc-3.11.4
Using PETSc arch: 
-----------------------------------------

Using C compiler: /usr/local/petsc-3.11.4/bin/mpicc  -fPIC -Wall -Wwrite-strings -Wno-strict-aliasing -Wno-unknown-pragmas -fstack-protector -fvisibility=hidden -O3  
-----------------------------------------

Using include paths: -I/usr/local/petsc-3.11.4/include
-----------------------------------------

Using C linker: /usr/local/petsc-3.11.4/bin/mpicc
Using libraries: -Wl,-rpath,/usr/local/petsc-3.11.4/lib -L/usr/local/petsc-3.11.4/lib -lpetsc -Wl,-rpath,/usr/local/petsc-3.11.4/lib -L/usr/local/petsc-3.11.4/lib -lHYPRE -lsuperlu_dist -lf2clapack -lf2cblas -lhdf5_hl -lhdf5 -lparmetis -lmetis -lptesmumps -lptscotchparmetis -lptscotch -lptscotcherr -lesmumps -lscotch -lscotcherr -lm -lrt -lm -lpthread -lstdc++ -ldl
-----------------------------------------

