************************************************************************************************************************
***             WIDEN YOUR WINDOW TO 120 CHARACTERS.  Use 'enscript -r -fCourier9' to print this document            ***
************************************************************************************************************************

---------------------------------------------- PETSc Performance Summary: ----------------------------------------------

petibm-navierstokes on a  named phantom with 1 processor, by mesnardo Thu Jan  2 14:29:35 2020
Using Petsc Release Version 3.12.2, Nov, 22, 2019 

                         Max       Max/Min     Avg       Total 
Time (sec):           1.341e+00     1.000   1.341e+00
Objects:              2.480e+02     1.000   2.480e+02
Flop:                 8.570e+08     1.000   8.570e+08  8.570e+08
Flop/sec:             6.389e+08     1.000   6.389e+08  6.389e+08
MPI Messages:         0.000e+00     0.000   0.000e+00  0.000e+00
MPI Message Lengths:  0.000e+00     0.000   0.000e+00  0.000e+00
MPI Reductions:       0.000e+00     0.000

Flop counting convention: 1 flop = 1 real number operation of type (multiply/divide/add/subtract)
                            e.g., VecAXPY() for real vectors of length N --> 2N flop
                            and VecAXPY() for complex vectors of length N --> 8N flop

Summary of Stages:   ----- Time ------  ----- Flop ------  --- Messages ---  -- Message Lengths --  -- Reductions --
                        Avg     %Total     Avg     %Total    Count   %Total     Avg         %Total    Count   %Total 
 0:      Main Stage: 2.3111e-02   1.7%  0.0000e+00   0.0%  0.000e+00   0.0%  0.000e+00        0.0%  0.000e+00   0.0% 
 1:      initialize: 4.0564e-01  30.2%  4.5678e+04   0.0%  0.000e+00   0.0%  0.000e+00        0.0%  0.000e+00   0.0% 
 2:     rhsVelocity: 4.3064e-02   3.2%  1.0440e+07   1.2%  0.000e+00   0.0%  0.000e+00        0.0%  0.000e+00   0.0% 
 3:   solveVelocity: 6.9047e-02   5.1%  1.4979e+08  17.5%  0.000e+00   0.0%  0.000e+00        0.0%  0.000e+00   0.0% 
 4:      rhsPoisson: 2.2631e-02   1.7%  3.9300e+06   0.5%  0.000e+00   0.0%  0.000e+00        0.0%  0.000e+00   0.0% 
 5:    solvePoisson: 6.2500e-01  46.6%  6.8754e+08  80.2%  0.000e+00   0.0%  0.000e+00        0.0%  0.000e+00   0.0% 
 6:          update: 3.4835e-03   0.3%  5.2500e+06   0.6%  0.000e+00   0.0%  0.000e+00        0.0%  0.000e+00   0.0% 
 7:           write: 1.4648e-01  10.9%  0.0000e+00   0.0%  0.000e+00   0.0%  0.000e+00        0.0%  0.000e+00   0.0% 
 8:         monitor: 3.2590e-05   0.0%  0.0000e+00   0.0%  0.000e+00   0.0%  0.000e+00        0.0%  0.000e+00   0.0% 

------------------------------------------------------------------------------------------------------------------------
See the 'Profiling' chapter of the users' manual for details on interpreting output.
Phase summary info:
   Count: number of times phase was executed
   Time and Flop: Max - maximum over all processors
                  Ratio - ratio of maximum to minimum over all processors
   Mess: number of messages sent
   AvgLen: average message length (bytes)
   Reduct: number of global reductions
   Global: entire computation
   Stage: stages of a computation. Set stages with PetscLogStagePush() and PetscLogStagePop().
      %T - percent time in this phase         %F - percent flop in this phase
      %M - percent messages in this phase     %L - percent message lengths in this phase
      %R - percent reductions in this phase
   Total Mflop/s: 10e-6 * (sum of flop over all processors)/(max time over all processors)
------------------------------------------------------------------------------------------------------------------------
Event                Count      Time (sec)     Flop                              --- Global ---  --- Stage ----  Total
                   Max Ratio  Max     Ratio   Max  Ratio  Mess   AvgLen  Reduct  %T %F %M %L %R  %T %F %M %L %R Mflop/s
------------------------------------------------------------------------------------------------------------------------

--- Event Stage 0: Main Stage


--- Event Stage 1: initialize

MatConvert             2 1.0 1.9873e-04 1.0 0.00e+00 0.0 0.0e+00 0.0e+00 0.0e+00  0  0  0  0  0   0  0  0  0  0     0
MatScale               1 1.0 2.1975e-05 1.0 1.50e+04 1.0 0.0e+00 0.0e+00 0.0e+00  0  0  0  0  0   0 33  0  0  0   681
MatAssemblyBegin      17 1.0 4.0032e-06 1.0 0.00e+00 0.0 0.0e+00 0.0e+00 0.0e+00  0  0  0  0  0   0  0  0  0  0     0
MatAssemblyEnd        17 1.0 5.6864e-04 1.0 0.00e+00 0.0 0.0e+00 0.0e+00 0.0e+00  0  0  0  0  0   0  0  0  0  0     0
MatMatMult             2 1.0 4.4193e-04 1.0 2.87e+04 1.0 0.0e+00 0.0e+00 0.0e+00  0  0  0  0  0   0 63  0  0  0    65
MatMatMultSym          2 1.0 3.6186e-04 1.0 0.00e+00 0.0 0.0e+00 0.0e+00 0.0e+00  0  0  0  0  0   0  0  0  0  0     0
MatMatMultNum          2 1.0 7.1507e-05 1.0 2.87e+04 1.0 0.0e+00 0.0e+00 0.0e+00  0  0  0  0  0   0 63  0  0  0   402
DMCreateMat            1 1.0 3.5003e-03 1.0 0.00e+00 0.0 0.0e+00 0.0e+00 0.0e+00  0  0  0  0  0   1  0  0  0  0     0
VecView               15 1.0 3.0449e-01 1.0 0.00e+00 0.0 0.0e+00 0.0e+00 0.0e+00 23  0  0  0  0  75  0  0  0  0     0
VecSet                12 1.0 1.0958e-05 1.0 0.00e+00 0.0 0.0e+00 0.0e+00 0.0e+00  0  0  0  0  0   0  0  0  0  0     0

--- Event Stage 2: rhsVelocity

BuildTwoSidedF       500 1.0 6.2443e-03 1.0 0.00e+00 0.0 0.0e+00 0.0e+00 0.0e+00  0  0  0  0  0  14  0  0  0  0     0
MatMult             1500 1.0 3.6818e-02 1.0 2.61e+06 1.0 0.0e+00 0.0e+00 0.0e+00  3  0  0  0  0  85 25  0  0  0    71
VecScale            2500 1.0 1.5651e-03 1.0 2.61e+06 1.0 0.0e+00 0.0e+00 0.0e+00  0  0  0  0  0   4 25  0  0  0  1668
VecSet               500 1.0 2.7041e-04 1.0 0.00e+00 0.0 0.0e+00 0.0e+00 0.0e+00  0  0  0  0  0   1  0  0  0  0     0
VecAXPY             1500 1.0 1.7418e-03 1.0 5.22e+06 1.0 0.0e+00 0.0e+00 0.0e+00  0  1  0  0  0   4 50  0  0  0  2997
VecAssemblyBegin     500 1.0 7.5565e-03 1.0 0.00e+00 0.0 0.0e+00 0.0e+00 0.0e+00  1  0  0  0  0  18  0  0  0  0     0
VecAssemblyEnd       500 1.0 6.9859e-04 1.0 0.00e+00 0.0 0.0e+00 0.0e+00 0.0e+00  0  0  0  0  0   2  0  0  0  0     0
VecScatterBegin     1000 1.0 7.5978e-04 1.0 0.00e+00 0.0 0.0e+00 0.0e+00 0.0e+00  0  0  0  0  0   2  0  0  0  0     0

--- Event Stage 3: solveVelocity

MatMult             3000 1.0 4.1706e-02 1.0 8.45e+07 1.0 0.0e+00 0.0e+00 0.0e+00  3 10  0  0  0  60 56  0  0  0  2027
VecDot              3000 1.0 5.0299e-03 1.0 1.04e+07 1.0 0.0e+00 0.0e+00 0.0e+00  0  1  0  0  0   7  7  0  0  0  2075
VecDotNorm2         1500 1.0 2.6652e-03 1.0 1.04e+07 1.0 0.0e+00 0.0e+00 0.0e+00  0  1  0  0  0   4  7  0  0  0  3917
VecNorm             2000 1.0 3.5078e-03 1.0 6.96e+06 1.0 0.0e+00 0.0e+00 0.0e+00  0  1  0  0  0   5  5  0  0  0  1984
VecCopy             1000 1.0 7.3651e-04 1.0 0.00e+00 0.0 0.0e+00 0.0e+00 0.0e+00  0  0  0  0  0   1  0  0  0  0     0
VecSet              1501 1.0 7.8302e-04 1.0 0.00e+00 0.0 0.0e+00 0.0e+00 0.0e+00  0  0  0  0  0   1  0  0  0  0     0
VecAXPBYCZ          3000 1.0 3.4400e-03 1.0 2.09e+07 1.0 0.0e+00 0.0e+00 0.0e+00  0  2  0  0  0   5 14  0  0  0  6070
VecWAXPY            3000 1.0 2.9245e-03 1.0 1.04e+07 1.0 0.0e+00 0.0e+00 0.0e+00  0  1  0  0  0   4  7  0  0  0  3570
VecPointwiseMult    3500 1.0 3.7645e-03 1.0 6.09e+06 1.0 0.0e+00 0.0e+00 0.0e+00  0  1  0  0  0   5  4  0  0  0  1618
KSPSetUp               1 1.0 6.9484e-05 1.0 0.00e+00 0.0 0.0e+00 0.0e+00 0.0e+00  0  0  0  0  0   0  0  0  0  0     0
KSPSolve             500 1.0 6.8709e-02 1.0 1.50e+08 1.0 0.0e+00 0.0e+00 0.0e+00  5 17  0  0  0 100100  0  0  0  2180
PCSetUp                1 1.0 6.0897e-07 1.0 0.00e+00 0.0 0.0e+00 0.0e+00 0.0e+00  0  0  0  0  0   0  0  0  0  0     0
PCApply             3500 1.0 4.3755e-03 1.0 6.09e+06 1.0 0.0e+00 0.0e+00 0.0e+00  0  1  0  0  0   6  4  0  0  0  1392

--- Event Stage 4: rhsPoisson

MatMult             1000 1.0 2.1821e-02 1.0 3.03e+06 1.0 0.0e+00 0.0e+00 0.0e+00  2  0  0  0  0  96 77  0  0  0   139
MatMultAdd           500 1.0 2.0041e-02 1.0 9.00e+05 1.0 0.0e+00 0.0e+00 0.0e+00  1  0  0  0  0  89 23  0  0  0    45
VecScale             500 1.0 3.8434e-05 1.0 0.00e+00 0.0 0.0e+00 0.0e+00 0.0e+00  0  0  0  0  0   0  0  0  0  0     0
VecSet               501 1.0 1.9102e-04 1.0 0.00e+00 0.0 0.0e+00 0.0e+00 0.0e+00  0  0  0  0  0   1  0  0  0  0     0
VecAXPY              500 1.0 4.0704e-04 1.0 9.00e+05 1.0 0.0e+00 0.0e+00 0.0e+00  0  0  0  0  0   2 23  0  0  0  2211
VecAssemblyBegin     500 1.0 3.4555e-05 1.0 0.00e+00 0.0 0.0e+00 0.0e+00 0.0e+00  0  0  0  0  0   0  0  0  0  0     0
VecAssemblyEnd       500 1.0 3.2966e-05 1.0 0.00e+00 0.0 0.0e+00 0.0e+00 0.0e+00  0  0  0  0  0   0  0  0  0  0     0

--- Event Stage 5: solvePoisson

MatMult            46187 1.0 1.5336e-01 1.0 2.50e+08 1.0 0.0e+00 0.0e+00 0.0e+00 11 29  0  0  0  25 36  0  0  0  1629
MatMultAdd         10366 1.0 2.2339e-02 1.0 2.60e+07 1.0 0.0e+00 0.0e+00 0.0e+00  2  3  0  0  0   4  4  0  0  0  1166
MatMultTranspose   10366 1.0 2.9751e-02 1.0 2.60e+07 1.0 0.0e+00 0.0e+00 0.0e+00  2  3  0  0  0   5  4  0  0  0   875
MatSolve            5183 1.0 5.0386e-03 1.0 4.08e+06 1.0 0.0e+00 0.0e+00 0.0e+00  0  0  0  0  0   1  1  0  0  0   811
MatSOR             41486 1.0 2.6094e-01 1.0 2.34e+08 1.0 0.0e+00 0.0e+00 0.0e+00 19 27  0  0  0  42 34  0  0  0   898
MatLUFactorSym         1 1.0 3.3073e-05 1.0 0.00e+00 0.0 0.0e+00 0.0e+00 0.0e+00  0  0  0  0  0   0  0  0  0  0     0
MatLUFactorNum         1 1.0 1.0190e-05 1.0 3.89e+03 1.0 0.0e+00 0.0e+00 0.0e+00  0  0  0  0  0   0  0  0  0  0   382
MatConvert             2 1.0 1.0388e-04 1.0 0.00e+00 0.0 0.0e+00 0.0e+00 0.0e+00  0  0  0  0  0   0  0  0  0  0     0
MatScale               6 1.0 3.6167e-05 1.0 1.63e+04 1.0 0.0e+00 0.0e+00 0.0e+00  0  0  0  0  0   0  0  0  0  0   451
MatResidual        10366 1.0 3.7081e-02 1.0 5.85e+07 1.0 0.0e+00 0.0e+00 0.0e+00  3  7  0  0  0   6  9  0  0  0  1578
MatAssemblyBegin      23 1.0 3.7709e-06 1.0 0.00e+00 0.0 0.0e+00 0.0e+00 0.0e+00  0  0  0  0  0   0  0  0  0  0     0
MatAssemblyEnd        23 1.0 2.6615e-04 1.0 0.00e+00 0.0 0.0e+00 0.0e+00 0.0e+00  0  0  0  0  0   0  0  0  0  0     0
MatGetRowIJ            1 1.0 4.6090e-06 1.0 0.00e+00 0.0 0.0e+00 0.0e+00 0.0e+00  0  0  0  0  0   0  0  0  0  0     0
MatGetOrdering         1 1.0 3.4581e-05 1.0 0.00e+00 0.0 0.0e+00 0.0e+00 0.0e+00  0  0  0  0  0   0  0  0  0  0     0
MatCoarsen             2 1.0 6.4720e-05 1.0 0.00e+00 0.0 0.0e+00 0.0e+00 0.0e+00  0  0  0  0  0   0  0  0  0  0     0
MatAXPY                2 1.0 9.2686e-05 1.0 1.03e+03 1.0 0.0e+00 0.0e+00 0.0e+00  0  0  0  0  0   0  0  0  0  0    11
MatMatMult             2 1.0 2.6976e-04 1.0 1.38e+04 1.0 0.0e+00 0.0e+00 0.0e+00  0  0  0  0  0   0  0  0  0  0    51
MatMatMultSym          3 1.0 5.5993e-04 1.0 0.00e+00 0.0 0.0e+00 0.0e+00 0.0e+00  0  0  0  0  0   0  0  0  0  0     0
MatMatMultNum          3 1.0 1.3008e-04 1.0 6.78e+04 1.0 0.0e+00 0.0e+00 0.0e+00  0  0  0  0  0   0  0  0  0  0   521
MatMatMatMult          2 1.0 6.5207e-04 1.0 5.85e+04 1.0 0.0e+00 0.0e+00 0.0e+00  0  0  0  0  0   0  0  0  0  0    90
MatMatMatMultSym       2 1.0 4.9004e-04 1.0 0.00e+00 0.0 0.0e+00 0.0e+00 0.0e+00  0  0  0  0  0   0  0  0  0  0     0
MatMatMatMultNum       2 1.0 1.6088e-04 1.0 5.85e+04 1.0 0.0e+00 0.0e+00 0.0e+00  0  0  0  0  0   0  0  0  0  0   364
MatPtAP                2 1.0 7.4058e-04 1.0 5.85e+04 1.0 0.0e+00 0.0e+00 0.0e+00  0  0  0  0  0   0  0  0  0  0    79
MatTrnMatMult          1 1.0 5.1509e-04 1.0 5.40e+04 1.0 0.0e+00 0.0e+00 0.0e+00  0  0  0  0  0   0  0  0  0  0   105
VecMDot               40 1.0 7.2680e-05 1.0 2.26e+05 1.0 0.0e+00 0.0e+00 0.0e+00  0  0  0  0  0   0  0  0  0  0  3115
VecTDot             9366 1.0 8.0488e-03 1.0 1.68e+07 1.0 0.0e+00 0.0e+00 0.0e+00  1  2  0  0  0   1  2  0  0  0  2093
VecNorm             5227 1.0 4.6872e-03 1.0 9.37e+06 1.0 0.0e+00 0.0e+00 0.0e+00  0  1  0  0  0   1  1  0  0  0  1999
VecScale              44 1.0 2.4663e-05 1.0 2.27e+04 1.0 0.0e+00 0.0e+00 0.0e+00  0  0  0  0  0   0  0  0  0  0   919
VecCopy            32102 1.0 6.1957e-03 1.0 0.00e+00 0.0 0.0e+00 0.0e+00 0.0e+00  0  0  0  0  0   1  0  0  0  0     0
VecSet             36879 1.0 4.2463e-03 1.0 0.00e+00 0.0 0.0e+00 0.0e+00 0.0e+00  0  0  0  0  0   1  0  0  0  0     0
VecAXPY             9370 1.0 5.9045e-03 1.0 1.69e+07 1.0 0.0e+00 0.0e+00 0.0e+00  0  2  0  0  0   1  2  0  0  0  2856
VecAYPX            66379 1.0 1.9328e-02 1.0 5.02e+07 1.0 0.0e+00 0.0e+00 0.0e+00  1  6  0  0  0   3  7  0  0  0  2599
VecAXPBYCZ         20732 1.0 8.6874e-03 1.0 5.34e+07 1.0 0.0e+00 0.0e+00 0.0e+00  1  6  0  0  0   1  8  0  0  0  6145
VecMAXPY              44 1.0 6.3020e-05 1.0 2.68e+05 1.0 0.0e+00 0.0e+00 0.0e+00  0  0  0  0  0   0  0  0  0  0  4249
VecPointwiseMult      22 1.0 1.2249e-05 1.0 1.13e+04 1.0 0.0e+00 0.0e+00 0.0e+00  0  0  0  0  0   0  0  0  0  0   925
VecSetRandom           2 1.0 4.4847e-05 1.0 0.00e+00 0.0 0.0e+00 0.0e+00 0.0e+00  0  0  0  0  0   0  0  0  0  0     0
VecNormalize          44 1.0 7.7566e-05 1.0 6.79e+04 1.0 0.0e+00 0.0e+00 0.0e+00  0  0  0  0  0   0  0  0  0  0   876
KSPSetUp               9 1.0 1.2155e-04 1.0 0.00e+00 0.0 0.0e+00 0.0e+00 0.0e+00  0  0  0  0  0   0  0  0  0  0     0
KSPSolve             500 1.0 6.2473e-01 1.0 6.88e+08 1.0 0.0e+00 0.0e+00 0.0e+00 47 80  0  0  0 100100  0  0  0  1101
KSPGMRESOrthog        40 1.0 1.4965e-04 1.0 4.53e+05 1.0 0.0e+00 0.0e+00 0.0e+00  0  0  0  0  0   0  0  0  0  0  3027
PCGAMGGraph_AGG        2 1.0 8.2524e-04 1.0 1.13e+04 1.0 0.0e+00 0.0e+00 0.0e+00  0  0  0  0  0   0  0  0  0  0    14
PCGAMGCoarse_AGG       2 1.0 7.7879e-04 1.0 5.40e+04 1.0 0.0e+00 0.0e+00 0.0e+00  0  0  0  0  0   0  0  0  0  0    69
PCGAMGProl_AGG         2 1.0 6.6990e-04 1.0 0.00e+00 0.0 0.0e+00 0.0e+00 0.0e+00  0  0  0  0  0   0  0  0  0  0     0
PCGAMGPOpt_AGG         2 1.0 7.8007e-03 1.0 4.17e+05 1.0 0.0e+00 0.0e+00 0.0e+00  1  0  0  0  0   1  0  0  0  0    53
GAMG: createProl       2 1.0 1.0115e-02 1.0 4.82e+05 1.0 0.0e+00 0.0e+00 0.0e+00  1  0  0  0  0   2  0  0  0  0    48
  Graph                4 1.0 8.0081e-04 1.0 1.13e+04 1.0 0.0e+00 0.0e+00 0.0e+00  0  0  0  0  0   0  0  0  0  0    14
  MIS/Agg              2 1.0 8.7521e-05 1.0 0.00e+00 0.0 0.0e+00 0.0e+00 0.0e+00  0  0  0  0  0   0  0  0  0  0     0
  SA: col data         2 1.0 4.6560e-06 1.0 0.00e+00 0.0 0.0e+00 0.0e+00 0.0e+00  0  0  0  0  0   0  0  0  0  0     0
  SA: frmProl0         2 1.0 6.0567e-04 1.0 0.00e+00 0.0 0.0e+00 0.0e+00 0.0e+00  0  0  0  0  0   0  0  0  0  0     0
  SA: smooth           2 1.0 4.4244e-04 1.0 1.99e+04 1.0 0.0e+00 0.0e+00 0.0e+00  0  0  0  0  0   0  0  0  0  0    45
GAMG: partLevel        2 1.0 7.4462e-04 1.0 5.85e+04 1.0 0.0e+00 0.0e+00 0.0e+00  0  0  0  0  0   0  0  0  0  0    79
PCSetUp                2 1.0 1.4471e-02 1.0 5.45e+05 1.0 0.0e+00 0.0e+00 0.0e+00  1  0  0  0  0   2  0  0  0  0    38
PCSetUpOnBlocks     5183 1.0 2.0230e-03 1.0 3.89e+03 1.0 0.0e+00 0.0e+00 0.0e+00  0  0  0  0  0   0  0  0  0  0     2
PCApply             5183 1.0 5.5431e-01 1.0 6.00e+08 1.0 0.0e+00 0.0e+00 0.0e+00 41 70  0  0  0  89 87  0  0  0  1082

--- Event Stage 6: update

MatMult              500 1.0 2.3481e-03 1.0 2.61e+06 1.0 0.0e+00 0.0e+00 0.0e+00  0  0  0  0  0  67 50  0  0  0  1112
VecAXPY             1000 1.0 9.4837e-04 1.0 2.64e+06 1.0 0.0e+00 0.0e+00 0.0e+00  0  0  0  0  0  27 50  0  0  0  2784

--- Event Stage 7: write

VecView                7 1.0 1.3397e-01 1.0 0.00e+00 0.0 0.0e+00 0.0e+00 0.0e+00 10  0  0  0  0  91  0  0  0  0     0

--- Event Stage 8: monitor

------------------------------------------------------------------------------------------------------------------------

Memory usage is given in bytes:

Object Type          Creations   Destructions     Memory  Descendants' Mem.
Reports information only for process 0.

--- Event Stage 0: Main Stage

    Distributed Mesh     0              4        21176     0.
              Matrix     0             18       666756     0.
   Matrix Null Space     0              1          608     0.
           Index Set     0              9        17880     0.
   IS L to G Mapping     0              4        22688     0.
   Star Forest Graph     0              8         7296     0.
     Discrete System     0              4         3808     0.
              Vector     0             68       516112     0.
         Vec Scatter     0              3         2328     0.
   Application Order     0              3        23136     0.
              Viewer     2              2         1696     0.
       Krylov Solver     0              8        69784     0.
      Preconditioner     0              6         6464     0.

--- Event Stage 1: initialize

    Distributed Mesh     4              0            0     0.
              Matrix    14              5       714872     0.
   Matrix Null Space     1              0            0     0.
           Index Set    12              6        15264     0.
   IS L to G Mapping     6              2         9296     0.
   Star Forest Graph     8              0            0     0.
     Discrete System     4              0            0     0.
              Vector    34             21        35232     0.
         Vec Scatter     3              0            0     0.
   Application Order     3              0            0     0.
              Viewer     6              5         4040     0.
       Krylov Solver     2              0            0     0.
      Preconditioner     2              0            0     0.

--- Event Stage 2: rhsVelocity


--- Event Stage 3: solveVelocity

              Vector     7              0            0     0.

--- Event Stage 4: rhsPoisson

              Vector     1              0            0     0.

--- Event Stage 5: solvePoisson

              Matrix    17              8       238696     0.
      Matrix Coarsen     2              2         1288     0.
           Index Set     5              2         1568     0.
              Vector    92             45       252032     0.
       Krylov Solver     8              2        60960     0.
      Preconditioner     6              2         1728     0.
         PetscRandom     4              4         2616     0.

--- Event Stage 6: update


--- Event Stage 7: write

              Viewer     5              5         4040     0.

--- Event Stage 8: monitor

========================================================================================================================
Average time to get PetscTime(): 2.72994e-08
#PETSc Option Table entries:
-directory /mnt
-log_view ascii:view.log
-options_left
-poisson_ksp_atol 1e-12
-poisson_ksp_max_it 20000
-poisson_ksp_rtol 0.0
-poisson_ksp_type cg
-poisson_pc_gamg_agg_nsmooths 1
-poisson_pc_gamg_type agg
-poisson_pc_type gamg
-velocity_ksp_atol 1e-12
-velocity_ksp_max_it 10000
-velocity_ksp_rtol 0.0
-velocity_ksp_type bcgs
-velocity_pc_jacobi_type diagonal
-velocity_pc_type jacobi
#End of PETSc Option Table entries
Compiled without FORTRAN kernels
Compiled with full precision matrices (default)
sizeof(short) 2 sizeof(int) 4 sizeof(long) 8 sizeof(void*) 8 sizeof(PetscScalar) 8 sizeof(PetscInt) 4
Configure options: --prefix=/usr/local/petsc-3.12.2 PETSC_DIR=/opt/petsc/3.12.2 PETSC_ARCH=linux-gnu-openmpi-opt COPTFLAGS=-O3 CXXOPTFLAGS=-O3 --with-fc=0 --with-shared-libraries=1 --with-pic=1 --with-cxx-dialect=C++11 --with-debugging=0 --with-mpi-dir=/usr/local/openmpi-3.1.4 --download-hdf5 --download-f2cblaslapack --download-hypre --download-ptscotch --download-metis --download-parmetis --download-superlu_dist
-----------------------------------------
Libraries compiled on 2019-12-11 22:11:45 on 584a588926bb 
Machine characteristics: Linux-4.4.0-127-generic-x86_64-with-Ubuntu-16.04-xenial
Using PETSc directory: /usr/local/petsc-3.12.2
Using PETSc arch: 
-----------------------------------------

Using C compiler: /usr/local/openmpi-3.1.4/bin/mpicc  -fPIC -Wall -Wwrite-strings -Wno-strict-aliasing -Wno-unknown-pragmas -fstack-protector -fvisibility=hidden -O3  
-----------------------------------------

Using include paths: -I/usr/local/petsc-3.12.2/include -I/usr/local/openmpi-3.1.4/include
-----------------------------------------

Using C linker: /usr/local/openmpi-3.1.4/bin/mpicc
Using libraries: -Wl,-rpath,/usr/local/petsc-3.12.2/lib -L/usr/local/petsc-3.12.2/lib -lpetsc -Wl,-rpath,/usr/local/petsc-3.12.2/lib -L/usr/local/petsc-3.12.2/lib -lHYPRE -lsuperlu_dist -lf2clapack -lf2cblas -lptesmumps -lptscotchparmetis -lptscotch -lptscotcherr -lesmumps -lscotch -lscotcherr -lhdf5_hl -lhdf5 -lparmetis -lmetis -lm -lrt -lquadmath -lstdc++ -ldl
-----------------------------------------

